[1.101s] DEBUG:colcon:Command line arguments: ['/usr/bin/colcon', 'build']
[1.101s] DEBUG:colcon:Parsed command line arguments: Namespace(log_base=None, log_level=None, verb_name='build', build_base='build', install_base='install', merge_install=False, symlink_install=False, test_result_base=None, continue_on_error=False, executor='parallel', parallel_workers=12, event_handlers=None, ignore_user_meta=False, metas=['./colcon.meta'], base_paths=['.'], packages_ignore=None, packages_ignore_regex=None, paths=None, packages_up_to=None, packages_up_to_regex=None, packages_above=None, packages_above_and_dependencies=None, packages_above_depth=None, packages_select_by_dep=None, packages_skip_by_dep=None, packages_skip_up_to=None, packages_select_build_failed=False, packages_skip_build_finished=False, packages_select_test_failures=False, packages_skip_test_passed=False, packages_select=None, packages_skip=None, packages_select_regex=None, packages_skip_regex=None, packages_start=None, packages_end=None, allow_overriding=[], cmake_args=None, cmake_target=None, cmake_target_skip_unavailable=False, cmake_clean_cache=False, cmake_clean_first=False, cmake_force_configure=False, ament_cmake_args=None, catkin_cmake_args=None, catkin_skip_building_tests=False, verb_parser=<colcon_defaults.argument_parser.defaults.DefaultArgumentsDecorator object at 0x7fe3a8e11b10>, verb_extension=<colcon_core.verb.build.BuildVerb object at 0x7fe3a8e112d0>, main=<bound method BuildVerb.main of <colcon_core.verb.build.BuildVerb object at 0x7fe3a8e112d0>>)
[1.149s] Level 1:colcon.colcon_core.package_discovery:discover_packages(colcon_meta) check parameters
[1.150s] Level 1:colcon.colcon_core.package_discovery:discover_packages(recursive) check parameters
[1.150s] Level 1:colcon.colcon_core.package_discovery:discover_packages(ignore) check parameters
[1.150s] Level 1:colcon.colcon_core.package_discovery:discover_packages(path) check parameters
[1.150s] Level 1:colcon.colcon_core.package_discovery:discover_packages(colcon_meta) discover
[1.150s] Level 1:colcon.colcon_core.package_discovery:discover_packages(recursive) discover
[1.150s] INFO:colcon.colcon_core.package_discovery:Crawling recursively for packages in '/home/nghiaphanbk/WeldingRobot_ws'
[1.150s] Level 1:colcon.colcon_core.package_identification:_identify(.) by extensions ['ignore', 'ignore_ament_install']
[1.150s] Level 1:colcon.colcon_core.package_identification:_identify(.) by extension 'ignore'
[1.150s] Level 1:colcon.colcon_core.package_identification:_identify(.) by extension 'ignore_ament_install'
[1.150s] Level 1:colcon.colcon_core.package_identification:_identify(.) by extensions ['colcon_pkg']
[1.150s] Level 1:colcon.colcon_core.package_identification:_identify(.) by extension 'colcon_pkg'
[1.150s] Level 1:colcon.colcon_core.package_identification:_identify(.) by extensions ['colcon_meta']
[1.150s] Level 1:colcon.colcon_core.package_identification:_identify(.) by extension 'colcon_meta'
[1.150s] Level 1:colcon.colcon_core.package_identification:_identify(.) by extensions ['ros']
[1.150s] Level 1:colcon.colcon_core.package_identification:_identify(.) by extension 'ros'
[1.160s] Level 1:colcon.colcon_core.package_identification:_identify(.) by extensions ['cmake', 'python']
[1.160s] Level 1:colcon.colcon_core.package_identification:_identify(.) by extension 'cmake'
[1.160s] Level 1:colcon.colcon_core.package_identification:_identify(.) by extension 'python'
[1.160s] Level 1:colcon.colcon_core.package_identification:_identify(.) by extensions ['python_setup_py']
[1.160s] Level 1:colcon.colcon_core.package_identification:_identify(.) by extension 'python_setup_py'
[1.160s] Level 1:colcon.colcon_core.package_identification:_identify(build) by extensions ['ignore', 'ignore_ament_install']
[1.160s] Level 1:colcon.colcon_core.package_identification:_identify(build) by extension 'ignore'
[1.160s] Level 1:colcon.colcon_core.package_identification:_identify(build) ignored
[1.160s] Level 1:colcon.colcon_core.package_identification:_identify(install) by extensions ['ignore', 'ignore_ament_install']
[1.161s] Level 1:colcon.colcon_core.package_identification:_identify(install) by extension 'ignore'
[1.161s] Level 1:colcon.colcon_core.package_identification:_identify(install) ignored
[1.161s] Level 1:colcon.colcon_core.package_identification:_identify(log) by extensions ['ignore', 'ignore_ament_install']
[1.161s] Level 1:colcon.colcon_core.package_identification:_identify(log) by extension 'ignore'
[1.161s] Level 1:colcon.colcon_core.package_identification:_identify(log) ignored
[1.161s] Level 1:colcon.colcon_core.package_identification:_identify(src) by extensions ['ignore', 'ignore_ament_install']
[1.161s] Level 1:colcon.colcon_core.package_identification:_identify(src) by extension 'ignore'
[1.161s] Level 1:colcon.colcon_core.package_identification:_identify(src) by extension 'ignore_ament_install'
[1.161s] Level 1:colcon.colcon_core.package_identification:_identify(src) by extensions ['colcon_pkg']
[1.161s] Level 1:colcon.colcon_core.package_identification:_identify(src) by extension 'colcon_pkg'
[1.161s] Level 1:colcon.colcon_core.package_identification:_identify(src) by extensions ['colcon_meta']
[1.161s] Level 1:colcon.colcon_core.package_identification:_identify(src) by extension 'colcon_meta'
[1.161s] Level 1:colcon.colcon_core.package_identification:_identify(src) by extensions ['ros']
[1.161s] Level 1:colcon.colcon_core.package_identification:_identify(src) by extension 'ros'
[1.161s] Level 1:colcon.colcon_core.package_identification:_identify(src) by extensions ['cmake', 'python']
[1.161s] Level 1:colcon.colcon_core.package_identification:_identify(src) by extension 'cmake'
[1.161s] Level 1:colcon.colcon_core.package_identification:_identify(src) by extension 'python'
[1.162s] Level 1:colcon.colcon_core.package_identification:_identify(src) by extensions ['python_setup_py']
[1.162s] Level 1:colcon.colcon_core.package_identification:_identify(src) by extension 'python_setup_py'
[1.162s] Level 1:colcon.colcon_core.package_identification:_identify(src/Model_Robot) by extensions ['ignore', 'ignore_ament_install']
[1.162s] Level 1:colcon.colcon_core.package_identification:_identify(src/Model_Robot) by extension 'ignore'
[1.162s] Level 1:colcon.colcon_core.package_identification:_identify(src/Model_Robot) by extension 'ignore_ament_install'
[1.162s] Level 1:colcon.colcon_core.package_identification:_identify(src/Model_Robot) by extensions ['colcon_pkg']
[1.162s] Level 1:colcon.colcon_core.package_identification:_identify(src/Model_Robot) by extension 'colcon_pkg'
[1.162s] Level 1:colcon.colcon_core.package_identification:_identify(src/Model_Robot) by extensions ['colcon_meta']
[1.162s] Level 1:colcon.colcon_core.package_identification:_identify(src/Model_Robot) by extension 'colcon_meta'
[1.162s] Level 1:colcon.colcon_core.package_identification:_identify(src/Model_Robot) by extensions ['ros']
[1.162s] Level 1:colcon.colcon_core.package_identification:_identify(src/Model_Robot) by extension 'ros'
[1.164s] DEBUG:colcon.colcon_core.package_identification:Package 'src/Model_Robot' with type 'ros.ament_python' and name 'Model_Robot'
[1.164s] Level 1:colcon.colcon_core.package_identification:_identify(src/Robot_ver2) by extensions ['ignore', 'ignore_ament_install']
[1.164s] Level 1:colcon.colcon_core.package_identification:_identify(src/Robot_ver2) by extension 'ignore'
[1.164s] Level 1:colcon.colcon_core.package_identification:_identify(src/Robot_ver2) by extension 'ignore_ament_install'
[1.165s] Level 1:colcon.colcon_core.package_identification:_identify(src/Robot_ver2) by extensions ['colcon_pkg']
[1.165s] Level 1:colcon.colcon_core.package_identification:_identify(src/Robot_ver2) by extension 'colcon_pkg'
[1.165s] Level 1:colcon.colcon_core.package_identification:_identify(src/Robot_ver2) by extensions ['colcon_meta']
[1.165s] Level 1:colcon.colcon_core.package_identification:_identify(src/Robot_ver2) by extension 'colcon_meta'
[1.165s] Level 1:colcon.colcon_core.package_identification:_identify(src/Robot_ver2) by extensions ['ros']
[1.165s] Level 1:colcon.colcon_core.package_identification:_identify(src/Robot_ver2) by extension 'ros'
[1.166s] DEBUG:colcon.colcon_core.package_identification:Package 'src/Robot_ver2' with type 'ros.ament_cmake' and name 'Robot_ver2'
[1.166s] Level 1:colcon.colcon_core.package_identification:_identify(src/movelt_sim) by extensions ['ignore', 'ignore_ament_install']
[1.166s] Level 1:colcon.colcon_core.package_identification:_identify(src/movelt_sim) by extension 'ignore'
[1.166s] Level 1:colcon.colcon_core.package_identification:_identify(src/movelt_sim) by extension 'ignore_ament_install'
[1.166s] Level 1:colcon.colcon_core.package_identification:_identify(src/movelt_sim) by extensions ['colcon_pkg']
[1.166s] Level 1:colcon.colcon_core.package_identification:_identify(src/movelt_sim) by extension 'colcon_pkg'
[1.166s] Level 1:colcon.colcon_core.package_identification:_identify(src/movelt_sim) by extensions ['colcon_meta']
[1.166s] Level 1:colcon.colcon_core.package_identification:_identify(src/movelt_sim) by extension 'colcon_meta'
[1.166s] Level 1:colcon.colcon_core.package_identification:_identify(src/movelt_sim) by extensions ['ros']
[1.166s] Level 1:colcon.colcon_core.package_identification:_identify(src/movelt_sim) by extension 'ros'
[1.167s] DEBUG:colcon.colcon_core.package_identification:Package 'src/movelt_sim' with type 'ros.ament_cmake' and name 'movelt_sim'
[1.167s] Level 1:colcon.colcon_core.package_discovery:discover_packages(recursive) using defaults
[1.167s] Level 1:colcon.colcon_core.package_discovery:discover_packages(ignore) discover
[1.167s] Level 1:colcon.colcon_core.package_discovery:discover_packages(ignore) using defaults
[1.167s] Level 1:colcon.colcon_core.package_discovery:discover_packages(path) discover
[1.167s] Level 1:colcon.colcon_core.package_discovery:discover_packages(path) using defaults
[1.273s] Level 1:colcon.colcon_core.package_discovery:discover_packages(prefix_path) check parameters
[1.273s] Level 1:colcon.colcon_core.package_discovery:discover_packages(prefix_path) discover
[1.316s] DEBUG:colcon.colcon_installed_package_information.package_discovery:Found 35 installed packages in /home/nghiaphanbk/WeldingRobot_ws/install
[1.341s] DEBUG:colcon.colcon_installed_package_information.package_discovery:Found 1 installed packages in /home/nghiaphanbk/ros2_ws/install
[1.358s] DEBUG:colcon.colcon_installed_package_information.package_discovery:Found 343 installed packages in /opt/ros/humble
[1.360s] Level 1:colcon.colcon_core.package_discovery:discover_packages(prefix_path) using defaults
[1.456s] WARNING:colcon.colcon_core.package_selection:Some selected packages are already built in one or more underlay workspaces:
	'Model_Robot' is in: /home/nghiaphanbk/WeldingRobot_ws/install/Model_Robot
If a package in a merged underlay workspace is overridden and it installs headers, then all packages in the overlay must sort their include directories by workspace order. Failure to do so may result in build failures or undefined behavior at run time.
If the overridden package is used by another package in any underlay, then the overriding package in the overlay must be API and ABI compatible or undefined behavior at run time may occur.

If you understand the risks and want to override a package anyways, add the following to the command line:
	--allow-overriding Model_Robot

This may be promoted to an error in a future release of colcon-override-check.
[1.472s] Level 5:colcon.colcon_core.verb:set package 'Model_Robot' build argument 'cmake_args' from command line to 'None'
[1.472s] Level 5:colcon.colcon_core.verb:set package 'Model_Robot' build argument 'cmake_target' from command line to 'None'
[1.472s] Level 5:colcon.colcon_core.verb:set package 'Model_Robot' build argument 'cmake_target_skip_unavailable' from command line to 'False'
[1.472s] Level 5:colcon.colcon_core.verb:set package 'Model_Robot' build argument 'cmake_clean_cache' from command line to 'False'
[1.472s] Level 5:colcon.colcon_core.verb:set package 'Model_Robot' build argument 'cmake_clean_first' from command line to 'False'
[1.472s] Level 5:colcon.colcon_core.verb:set package 'Model_Robot' build argument 'cmake_force_configure' from command line to 'False'
[1.472s] Level 5:colcon.colcon_core.verb:set package 'Model_Robot' build argument 'ament_cmake_args' from command line to 'None'
[1.472s] Level 5:colcon.colcon_core.verb:set package 'Model_Robot' build argument 'catkin_cmake_args' from command line to 'None'
[1.472s] Level 5:colcon.colcon_core.verb:set package 'Model_Robot' build argument 'catkin_skip_building_tests' from command line to 'False'
[1.472s] DEBUG:colcon.colcon_core.verb:Building package 'Model_Robot' with the following arguments: {'ament_cmake_args': None, 'build_base': '/home/nghiaphanbk/WeldingRobot_ws/build/Model_Robot', 'catkin_cmake_args': None, 'catkin_skip_building_tests': False, 'cmake_args': None, 'cmake_clean_cache': False, 'cmake_clean_first': False, 'cmake_force_configure': False, 'cmake_target': None, 'cmake_target_skip_unavailable': False, 'install_base': '/home/nghiaphanbk/WeldingRobot_ws/install/Model_Robot', 'merge_install': False, 'path': '/home/nghiaphanbk/WeldingRobot_ws/src/Model_Robot', 'symlink_install': False, 'test_result_base': None}
[1.489s] Level 5:colcon.colcon_core.verb:set package 'Robot_ver2' build argument 'cmake_args' from command line to 'None'
[1.489s] Level 5:colcon.colcon_core.verb:set package 'Robot_ver2' build argument 'cmake_target' from command line to 'None'
[1.489s] Level 5:colcon.colcon_core.verb:set package 'Robot_ver2' build argument 'cmake_target_skip_unavailable' from command line to 'False'
[1.489s] Level 5:colcon.colcon_core.verb:set package 'Robot_ver2' build argument 'cmake_clean_cache' from command line to 'False'
[1.489s] Level 5:colcon.colcon_core.verb:set package 'Robot_ver2' build argument 'cmake_clean_first' from command line to 'False'
[1.489s] Level 5:colcon.colcon_core.verb:set package 'Robot_ver2' build argument 'cmake_force_configure' from command line to 'False'
[1.489s] Level 5:colcon.colcon_core.verb:set package 'Robot_ver2' build argument 'ament_cmake_args' from command line to 'None'
[1.489s] Level 5:colcon.colcon_core.verb:set package 'Robot_ver2' build argument 'catkin_cmake_args' from command line to 'None'
[1.489s] Level 5:colcon.colcon_core.verb:set package 'Robot_ver2' build argument 'catkin_skip_building_tests' from command line to 'False'
[1.489s] DEBUG:colcon.colcon_core.verb:Building package 'Robot_ver2' with the following arguments: {'ament_cmake_args': None, 'build_base': '/home/nghiaphanbk/WeldingRobot_ws/build/Robot_ver2', 'catkin_cmake_args': None, 'catkin_skip_building_tests': False, 'cmake_args': None, 'cmake_clean_cache': False, 'cmake_clean_first': False, 'cmake_force_configure': False, 'cmake_target': None, 'cmake_target_skip_unavailable': False, 'install_base': '/home/nghiaphanbk/WeldingRobot_ws/install/Robot_ver2', 'merge_install': False, 'path': '/home/nghiaphanbk/WeldingRobot_ws/src/Robot_ver2', 'symlink_install': False, 'test_result_base': None}
[1.514s] Level 5:colcon.colcon_core.verb:set package 'movelt_sim' build argument 'cmake_args' from command line to 'None'
[1.514s] Level 5:colcon.colcon_core.verb:set package 'movelt_sim' build argument 'cmake_target' from command line to 'None'
[1.514s] Level 5:colcon.colcon_core.verb:set package 'movelt_sim' build argument 'cmake_target_skip_unavailable' from command line to 'False'
[1.514s] Level 5:colcon.colcon_core.verb:set package 'movelt_sim' build argument 'cmake_clean_cache' from command line to 'False'
[1.514s] Level 5:colcon.colcon_core.verb:set package 'movelt_sim' build argument 'cmake_clean_first' from command line to 'False'
[1.514s] Level 5:colcon.colcon_core.verb:set package 'movelt_sim' build argument 'cmake_force_configure' from command line to 'False'
[1.514s] Level 5:colcon.colcon_core.verb:set package 'movelt_sim' build argument 'ament_cmake_args' from command line to 'None'
[1.514s] Level 5:colcon.colcon_core.verb:set package 'movelt_sim' build argument 'catkin_cmake_args' from command line to 'None'
[1.514s] Level 5:colcon.colcon_core.verb:set package 'movelt_sim' build argument 'catkin_skip_building_tests' from command line to 'False'
[1.515s] DEBUG:colcon.colcon_core.verb:Building package 'movelt_sim' with the following arguments: {'ament_cmake_args': None, 'build_base': '/home/nghiaphanbk/WeldingRobot_ws/build/movelt_sim', 'catkin_cmake_args': None, 'catkin_skip_building_tests': False, 'cmake_args': None, 'cmake_clean_cache': False, 'cmake_clean_first': False, 'cmake_force_configure': False, 'cmake_target': None, 'cmake_target_skip_unavailable': False, 'install_base': '/home/nghiaphanbk/WeldingRobot_ws/install/movelt_sim', 'merge_install': False, 'path': '/home/nghiaphanbk/WeldingRobot_ws/src/movelt_sim', 'symlink_install': False, 'test_result_base': None}
[1.531s] INFO:colcon.colcon_core.executor:Executing jobs using 'parallel' executor
[1.551s] DEBUG:colcon.colcon_parallel_executor.executor.parallel:run_until_complete
[1.551s] INFO:colcon.colcon_ros.task.ament_python.build:Building ROS package in '/home/nghiaphanbk/WeldingRobot_ws/src/Model_Robot' with build type 'ament_python'
[1.551s] Level 1:colcon.colcon_core.shell:create_environment_hook('Model_Robot', 'ament_prefix_path')
[1.572s] INFO:colcon.colcon_core.plugin_system:Skipping extension 'colcon_core.shell.bat': Not used on non-Windows systems
[1.572s] INFO:colcon.colcon_core.shell:Creating environment hook '/home/nghiaphanbk/WeldingRobot_ws/install/Model_Robot/share/Model_Robot/hook/ament_prefix_path.ps1'
[1.573s] INFO:colcon.colcon_core.shell:Creating environment descriptor '/home/nghiaphanbk/WeldingRobot_ws/install/Model_Robot/share/Model_Robot/hook/ament_prefix_path.dsv'
[1.573s] INFO:colcon.colcon_core.shell:Creating environment hook '/home/nghiaphanbk/WeldingRobot_ws/install/Model_Robot/share/Model_Robot/hook/ament_prefix_path.sh'
[1.591s] INFO:colcon.colcon_core.shell:Skip shell extension 'powershell' for command environment: Not usable outside of PowerShell
[1.591s] DEBUG:colcon.colcon_core.shell:Skip shell extension 'dsv' for command environment
[1.967s] INFO:colcon.colcon_core.task.python.build:Building Python package in '/home/nghiaphanbk/WeldingRobot_ws/src/Model_Robot'
[1.983s] INFO:colcon.colcon_core.shell:Skip shell extension 'powershell' for command environment: Not usable outside of PowerShell
[1.983s] DEBUG:colcon.colcon_core.shell:Skip shell extension 'dsv' for command environment
[2.420s] DEBUG:colcon.colcon_core.event_handler.log_command:Invoking command in '/home/nghiaphanbk/WeldingRobot_ws/src/Model_Robot': PYTHONPATH=/home/nghiaphanbk/WeldingRobot_ws/build/Model_Robot/prefix_override:/home/nghiaphanbk/WeldingRobot_ws/install/Model_Robot/lib/python3.10/site-packages:${PYTHONPATH} /usr/bin/python3 setup.py egg_info --egg-base ../../build/Model_Robot build --build-base /home/nghiaphanbk/WeldingRobot_ws/build/Model_Robot/build install --record /home/nghiaphanbk/WeldingRobot_ws/build/Model_Robot/install.log --single-version-externally-managed
[2.751s] DEBUG:colcon.colcon_core.event_handler.log_command:Invoked command in '/home/nghiaphanbk/WeldingRobot_ws/src/Model_Robot' returned '0': PYTHONPATH=/home/nghiaphanbk/WeldingRobot_ws/build/Model_Robot/prefix_override:/home/nghiaphanbk/WeldingRobot_ws/install/Model_Robot/lib/python3.10/site-packages:${PYTHONPATH} /usr/bin/python3 setup.py egg_info --egg-base ../../build/Model_Robot build --build-base /home/nghiaphanbk/WeldingRobot_ws/build/Model_Robot/build install --record /home/nghiaphanbk/WeldingRobot_ws/build/Model_Robot/install.log --single-version-externally-managed
[2.771s] Level 1:colcon.colcon_core.environment:checking '/home/nghiaphanbk/WeldingRobot_ws/install/Model_Robot' for CMake module files
[2.771s] Level 1:colcon.colcon_core.environment:checking '/home/nghiaphanbk/WeldingRobot_ws/install/Model_Robot' for CMake config files
[2.771s] Level 1:colcon.colcon_core.environment:checking '/home/nghiaphanbk/WeldingRobot_ws/install/Model_Robot/lib'
[2.771s] Level 1:colcon.colcon_core.environment:checking '/home/nghiaphanbk/WeldingRobot_ws/install/Model_Robot/bin'
[2.771s] Level 1:colcon.colcon_core.environment:checking '/home/nghiaphanbk/WeldingRobot_ws/install/Model_Robot/lib/pkgconfig/Model_Robot.pc'
[2.772s] Level 1:colcon.colcon_core.environment:checking '/home/nghiaphanbk/WeldingRobot_ws/install/Model_Robot/lib/python3.10/site-packages'
[2.772s] Level 1:colcon.colcon_core.shell:create_environment_hook('Model_Robot', 'pythonpath')
[2.788s] INFO:colcon.colcon_core.shell:Creating environment hook '/home/nghiaphanbk/WeldingRobot_ws/install/Model_Robot/share/Model_Robot/hook/pythonpath.ps1'
[2.788s] INFO:colcon.colcon_core.shell:Creating environment descriptor '/home/nghiaphanbk/WeldingRobot_ws/install/Model_Robot/share/Model_Robot/hook/pythonpath.dsv'
[2.788s] INFO:colcon.colcon_core.shell:Creating environment hook '/home/nghiaphanbk/WeldingRobot_ws/install/Model_Robot/share/Model_Robot/hook/pythonpath.sh'
[2.789s] Level 1:colcon.colcon_core.environment:checking '/home/nghiaphanbk/WeldingRobot_ws/install/Model_Robot/bin'
[2.789s] Level 1:colcon.colcon_core.environment:create_environment_scripts_only(Model_Robot)
[2.807s] INFO:colcon.colcon_core.shell:Creating package script '/home/nghiaphanbk/WeldingRobot_ws/install/Model_Robot/share/Model_Robot/package.ps1'
[2.808s] INFO:colcon.colcon_core.shell:Creating package descriptor '/home/nghiaphanbk/WeldingRobot_ws/install/Model_Robot/share/Model_Robot/package.dsv'
[2.808s] INFO:colcon.colcon_core.shell:Creating package script '/home/nghiaphanbk/WeldingRobot_ws/install/Model_Robot/share/Model_Robot/package.sh'
[2.809s] INFO:colcon.colcon_core.shell:Creating package script '/home/nghiaphanbk/WeldingRobot_ws/install/Model_Robot/share/Model_Robot/package.bash'
[2.810s] INFO:colcon.colcon_core.shell:Creating package script '/home/nghiaphanbk/WeldingRobot_ws/install/Model_Robot/share/Model_Robot/package.zsh'
[2.810s] Level 1:colcon.colcon_core.environment:create_file_with_runtime_dependencies(/home/nghiaphanbk/WeldingRobot_ws/install/Model_Robot/share/colcon-core/packages/Model_Robot)
[2.810s] INFO:colcon.colcon_ros.task.ament_cmake.build:Building ROS package in '/home/nghiaphanbk/WeldingRobot_ws/src/Robot_ver2' with build type 'ament_cmake'
[2.811s] INFO:colcon.colcon_cmake.task.cmake.build:Building CMake package in '/home/nghiaphanbk/WeldingRobot_ws/src/Robot_ver2'
[2.828s] INFO:colcon.colcon_core.shell:Skip shell extension 'powershell' for command environment: Not usable outside of PowerShell
[2.828s] DEBUG:colcon.colcon_core.shell:Skip shell extension 'dsv' for command environment
[2.908s] INFO:colcon.colcon_ros.task.ament_cmake.build:Building ROS package in '/home/nghiaphanbk/WeldingRobot_ws/src/movelt_sim' with build type 'ament_cmake'
[2.908s] INFO:colcon.colcon_cmake.task.cmake.build:Building CMake package in '/home/nghiaphanbk/WeldingRobot_ws/src/movelt_sim'
[2.925s] INFO:colcon.colcon_core.shell:Skip shell extension 'powershell' for command environment: Not usable outside of PowerShell
[2.925s] DEBUG:colcon.colcon_core.shell:Skip shell extension 'dsv' for command environment
[3.009s] DEBUG:colcon.colcon_core.event_handler.log_command:Invoking command in '/home/nghiaphanbk/WeldingRobot_ws/build/Robot_ver2': AMENT_PREFIX_PATH=/home/nghiaphanbk/WeldingRobot_ws/install/Model_Robot:/home/nghiaphanbk/WeldingRobot_ws/install/pilz_industrial_motion_planner_testutils:/home/nghiaphanbk/WeldingRobot_ws/install/movelt_sim:/home/nghiaphanbk/WeldingRobot_ws/install/moveit_visual_tools:/home/nghiaphanbk/WeldingRobot_ws/install/moveit_ros_control_interface:/home/nghiaphanbk/WeldingRobot_ws/install/moveit_plugins:/home/nghiaphanbk/WeldingRobot_ws/install/Robot_ver2:/home/nghiaphanbk/WeldingRobot_ws/install/Moveit_sim:/home/nghiaphanbk/WeldingRobot_ws/install/moveit_simple_controller_manager:/home/nghiaphanbk/WeldingRobot_ws/install/moveit_ros_warehouse:/home/nghiaphanbk/WeldingRobot_ws/install/moveit_ros_robot_interaction:/home/nghiaphanbk/WeldingRobot_ws/install/moveit_ros_perception:/home/nghiaphanbk/WeldingRobot_ws/install/moveit_ros_planning:/home/nghiaphanbk/WeldingRobot_ws/install/moveit_ros_occupancy_map_monitor:/home/nghiaphanbk/WeldingRobot_ws/install/moveit_resources_prbt_ikfast_manipulator_plugin:/home/nghiaphanbk/WeldingRobot_ws/install/moveit_planners_chomp:/home/nghiaphanbk/WeldingRobot_ws/install/moveit_kinematics:/home/nghiaphanbk/WeldingRobot_ws/install/moveit_chomp_optimizer_adapter:/home/nghiaphanbk/WeldingRobot_ws/install/chomp_motion_planner:/home/nghiaphanbk/WeldingRobot_ws/install/moveit_core:/home/nghiaphanbk/WeldingRobot_ws/install/moveit_configs_utils:/home/nghiaphanbk/WeldingRobot_ws/install/srdfdom:/home/nghiaphanbk/WeldingRobot_ws/install/rviz_marker_tools:/home/nghiaphanbk/WeldingRobot_ws/install/rosparam_shortcuts:/home/nghiaphanbk/WeldingRobot_ws/install/moveit_task_constructor_msgs:/home/nghiaphanbk/WeldingRobot_ws/install/moveit_resources_prbt_support:/home/nghiaphanbk/WeldingRobot_ws/install/moveit_resources:/home/nghiaphanbk/WeldingRobot_ws/install/moveit_resources_pr2_description:/home/nghiaphanbk/WeldingRobot_ws/install/moveit_resources_panda_moveit_config:/home/nghiaphanbk/WeldingRobot_ws/install/moveit_resources_panda_description:/home/nghiaphanbk/WeldingRobot_ws/install/moveit_resources_fanuc_moveit_config:/home/nghiaphanbk/WeldingRobot_ws/install/moveit_resources_fanuc_description:/home/nghiaphanbk/WeldingRobot_ws/install/moveit_common:/home/nghiaphanbk/WeldingRobot_ws/install/launch_param_builder:/home/nghiaphanbk/ros2_ws/install/my_robot_controller:/opt/ros/humble CMAKE_PREFIX_PATH=${CMAKE_PREFIX_PATH}:/home/nghiaphanbk/WeldingRobot_ws/install/moveit_configs_utils:/home/nghiaphanbk/WeldingRobot_ws/install/launch_param_builder:/home/nghiaphanbk/WeldingRobot_ws/install/Model_Robot:/home/nghiaphanbk/ros2_ws/install/my_robot_controller:/opt/ros/humble PYTHONPATH=/home/nghiaphanbk/WeldingRobot_ws/install/Model_Robot/lib/python3.10/site-packages:/home/nghiaphanbk/WeldingRobot_ws/install/moveit_configs_utils/lib/python3.10/site-packages:/home/nghiaphanbk/WeldingRobot_ws/install/srdfdom/local/lib/python3.10/dist-packages:/home/nghiaphanbk/WeldingRobot_ws/install/moveit_task_constructor_msgs/local/lib/python3.10/dist-packages:/home/nghiaphanbk/WeldingRobot_ws/install/launch_param_builder/lib/python3.10/site-packages:/home/nghiaphanbk/ros2_ws/build/my_robot_controller:/home/nghiaphanbk/ros2_ws/install/my_robot_controller/lib/python3.10/site-packages:/opt/ros/humble/lib/python3.10/site-packages:/opt/ros/humble/local/lib/python3.10/dist-packages /usr/bin/cmake --build /home/nghiaphanbk/WeldingRobot_ws/build/Robot_ver2 -- -j12 -l12
[3.011s] DEBUG:colcon.colcon_core.event_handler.log_command:Invoking command in '/home/nghiaphanbk/WeldingRobot_ws/build/movelt_sim': AMENT_PREFIX_PATH=/home/nghiaphanbk/WeldingRobot_ws/install/Model_Robot:/home/nghiaphanbk/WeldingRobot_ws/install/pilz_industrial_motion_planner_testutils:/home/nghiaphanbk/WeldingRobot_ws/install/movelt_sim:/home/nghiaphanbk/WeldingRobot_ws/install/moveit_visual_tools:/home/nghiaphanbk/WeldingRobot_ws/install/moveit_ros_control_interface:/home/nghiaphanbk/WeldingRobot_ws/install/moveit_plugins:/home/nghiaphanbk/WeldingRobot_ws/install/Robot_ver2:/home/nghiaphanbk/WeldingRobot_ws/install/Moveit_sim:/home/nghiaphanbk/WeldingRobot_ws/install/moveit_simple_controller_manager:/home/nghiaphanbk/WeldingRobot_ws/install/moveit_ros_warehouse:/home/nghiaphanbk/WeldingRobot_ws/install/moveit_ros_robot_interaction:/home/nghiaphanbk/WeldingRobot_ws/install/moveit_ros_perception:/home/nghiaphanbk/WeldingRobot_ws/install/moveit_ros_planning:/home/nghiaphanbk/WeldingRobot_ws/install/moveit_ros_occupancy_map_monitor:/home/nghiaphanbk/WeldingRobot_ws/install/moveit_resources_prbt_ikfast_manipulator_plugin:/home/nghiaphanbk/WeldingRobot_ws/install/moveit_planners_chomp:/home/nghiaphanbk/WeldingRobot_ws/install/moveit_kinematics:/home/nghiaphanbk/WeldingRobot_ws/install/moveit_chomp_optimizer_adapter:/home/nghiaphanbk/WeldingRobot_ws/install/chomp_motion_planner:/home/nghiaphanbk/WeldingRobot_ws/install/moveit_core:/home/nghiaphanbk/WeldingRobot_ws/install/moveit_configs_utils:/home/nghiaphanbk/WeldingRobot_ws/install/srdfdom:/home/nghiaphanbk/WeldingRobot_ws/install/rviz_marker_tools:/home/nghiaphanbk/WeldingRobot_ws/install/rosparam_shortcuts:/home/nghiaphanbk/WeldingRobot_ws/install/moveit_task_constructor_msgs:/home/nghiaphanbk/WeldingRobot_ws/install/moveit_resources_prbt_support:/home/nghiaphanbk/WeldingRobot_ws/install/moveit_resources:/home/nghiaphanbk/WeldingRobot_ws/install/moveit_resources_pr2_description:/home/nghiaphanbk/WeldingRobot_ws/install/moveit_resources_panda_moveit_config:/home/nghiaphanbk/WeldingRobot_ws/install/moveit_resources_panda_description:/home/nghiaphanbk/WeldingRobot_ws/install/moveit_resources_fanuc_moveit_config:/home/nghiaphanbk/WeldingRobot_ws/install/moveit_resources_fanuc_description:/home/nghiaphanbk/WeldingRobot_ws/install/moveit_common:/home/nghiaphanbk/WeldingRobot_ws/install/launch_param_builder:/home/nghiaphanbk/ros2_ws/install/my_robot_controller:/opt/ros/humble CMAKE_PREFIX_PATH=${CMAKE_PREFIX_PATH}:/home/nghiaphanbk/WeldingRobot_ws/install/moveit_configs_utils:/home/nghiaphanbk/WeldingRobot_ws/install/launch_param_builder:/home/nghiaphanbk/WeldingRobot_ws/install/Model_Robot:/home/nghiaphanbk/ros2_ws/install/my_robot_controller:/opt/ros/humble PYTHONPATH=/home/nghiaphanbk/WeldingRobot_ws/install/Model_Robot/lib/python3.10/site-packages:/home/nghiaphanbk/WeldingRobot_ws/install/moveit_configs_utils/lib/python3.10/site-packages:/home/nghiaphanbk/WeldingRobot_ws/install/srdfdom/local/lib/python3.10/dist-packages:/home/nghiaphanbk/WeldingRobot_ws/install/moveit_task_constructor_msgs/local/lib/python3.10/dist-packages:/home/nghiaphanbk/WeldingRobot_ws/install/launch_param_builder/lib/python3.10/site-packages:/home/nghiaphanbk/ros2_ws/build/my_robot_controller:/home/nghiaphanbk/ros2_ws/install/my_robot_controller/lib/python3.10/site-packages:/opt/ros/humble/lib/python3.10/site-packages:/opt/ros/humble/local/lib/python3.10/dist-packages /usr/bin/cmake --build /home/nghiaphanbk/WeldingRobot_ws/build/movelt_sim -- -j12 -l12
[3.040s] DEBUG:colcon.colcon_core.event_handler.log_command:Invoked command in '/home/nghiaphanbk/WeldingRobot_ws/build/Robot_ver2' returned '0': AMENT_PREFIX_PATH=/home/nghiaphanbk/WeldingRobot_ws/install/Model_Robot:/home/nghiaphanbk/WeldingRobot_ws/install/pilz_industrial_motion_planner_testutils:/home/nghiaphanbk/WeldingRobot_ws/install/movelt_sim:/home/nghiaphanbk/WeldingRobot_ws/install/moveit_visual_tools:/home/nghiaphanbk/WeldingRobot_ws/install/moveit_ros_control_interface:/home/nghiaphanbk/WeldingRobot_ws/install/moveit_plugins:/home/nghiaphanbk/WeldingRobot_ws/install/Robot_ver2:/home/nghiaphanbk/WeldingRobot_ws/install/Moveit_sim:/home/nghiaphanbk/WeldingRobot_ws/install/moveit_simple_controller_manager:/home/nghiaphanbk/WeldingRobot_ws/install/moveit_ros_warehouse:/home/nghiaphanbk/WeldingRobot_ws/install/moveit_ros_robot_interaction:/home/nghiaphanbk/WeldingRobot_ws/install/moveit_ros_perception:/home/nghiaphanbk/WeldingRobot_ws/install/moveit_ros_planning:/home/nghiaphanbk/WeldingRobot_ws/install/moveit_ros_occupancy_map_monitor:/home/nghiaphanbk/WeldingRobot_ws/install/moveit_resources_prbt_ikfast_manipulator_plugin:/home/nghiaphanbk/WeldingRobot_ws/install/moveit_planners_chomp:/home/nghiaphanbk/WeldingRobot_ws/install/moveit_kinematics:/home/nghiaphanbk/WeldingRobot_ws/install/moveit_chomp_optimizer_adapter:/home/nghiaphanbk/WeldingRobot_ws/install/chomp_motion_planner:/home/nghiaphanbk/WeldingRobot_ws/install/moveit_core:/home/nghiaphanbk/WeldingRobot_ws/install/moveit_configs_utils:/home/nghiaphanbk/WeldingRobot_ws/install/srdfdom:/home/nghiaphanbk/WeldingRobot_ws/install/rviz_marker_tools:/home/nghiaphanbk/WeldingRobot_ws/install/rosparam_shortcuts:/home/nghiaphanbk/WeldingRobot_ws/install/moveit_task_constructor_msgs:/home/nghiaphanbk/WeldingRobot_ws/install/moveit_resources_prbt_support:/home/nghiaphanbk/WeldingRobot_ws/install/moveit_resources:/home/nghiaphanbk/WeldingRobot_ws/install/moveit_resources_pr2_description:/home/nghiaphanbk/WeldingRobot_ws/install/moveit_resources_panda_moveit_config:/home/nghiaphanbk/WeldingRobot_ws/install/moveit_resources_panda_description:/home/nghiaphanbk/WeldingRobot_ws/install/moveit_resources_fanuc_moveit_config:/home/nghiaphanbk/WeldingRobot_ws/install/moveit_resources_fanuc_description:/home/nghiaphanbk/WeldingRobot_ws/install/moveit_common:/home/nghiaphanbk/WeldingRobot_ws/install/launch_param_builder:/home/nghiaphanbk/ros2_ws/install/my_robot_controller:/opt/ros/humble CMAKE_PREFIX_PATH=${CMAKE_PREFIX_PATH}:/home/nghiaphanbk/WeldingRobot_ws/install/moveit_configs_utils:/home/nghiaphanbk/WeldingRobot_ws/install/launch_param_builder:/home/nghiaphanbk/WeldingRobot_ws/install/Model_Robot:/home/nghiaphanbk/ros2_ws/install/my_robot_controller:/opt/ros/humble PYTHONPATH=/home/nghiaphanbk/WeldingRobot_ws/install/Model_Robot/lib/python3.10/site-packages:/home/nghiaphanbk/WeldingRobot_ws/install/moveit_configs_utils/lib/python3.10/site-packages:/home/nghiaphanbk/WeldingRobot_ws/install/srdfdom/local/lib/python3.10/dist-packages:/home/nghiaphanbk/WeldingRobot_ws/install/moveit_task_constructor_msgs/local/lib/python3.10/dist-packages:/home/nghiaphanbk/WeldingRobot_ws/install/launch_param_builder/lib/python3.10/site-packages:/home/nghiaphanbk/ros2_ws/build/my_robot_controller:/home/nghiaphanbk/ros2_ws/install/my_robot_controller/lib/python3.10/site-packages:/opt/ros/humble/lib/python3.10/site-packages:/opt/ros/humble/local/lib/python3.10/dist-packages /usr/bin/cmake --build /home/nghiaphanbk/WeldingRobot_ws/build/Robot_ver2 -- -j12 -l12
[3.042s] DEBUG:colcon.colcon_core.event_handler.log_command:Invoked command in '/home/nghiaphanbk/WeldingRobot_ws/build/movelt_sim' returned '0': AMENT_PREFIX_PATH=/home/nghiaphanbk/WeldingRobot_ws/install/Model_Robot:/home/nghiaphanbk/WeldingRobot_ws/install/pilz_industrial_motion_planner_testutils:/home/nghiaphanbk/WeldingRobot_ws/install/movelt_sim:/home/nghiaphanbk/WeldingRobot_ws/install/moveit_visual_tools:/home/nghiaphanbk/WeldingRobot_ws/install/moveit_ros_control_interface:/home/nghiaphanbk/WeldingRobot_ws/install/moveit_plugins:/home/nghiaphanbk/WeldingRobot_ws/install/Robot_ver2:/home/nghiaphanbk/WeldingRobot_ws/install/Moveit_sim:/home/nghiaphanbk/WeldingRobot_ws/install/moveit_simple_controller_manager:/home/nghiaphanbk/WeldingRobot_ws/install/moveit_ros_warehouse:/home/nghiaphanbk/WeldingRobot_ws/install/moveit_ros_robot_interaction:/home/nghiaphanbk/WeldingRobot_ws/install/moveit_ros_perception:/home/nghiaphanbk/WeldingRobot_ws/install/moveit_ros_planning:/home/nghiaphanbk/WeldingRobot_ws/install/moveit_ros_occupancy_map_monitor:/home/nghiaphanbk/WeldingRobot_ws/install/moveit_resources_prbt_ikfast_manipulator_plugin:/home/nghiaphanbk/WeldingRobot_ws/install/moveit_planners_chomp:/home/nghiaphanbk/WeldingRobot_ws/install/moveit_kinematics:/home/nghiaphanbk/WeldingRobot_ws/install/moveit_chomp_optimizer_adapter:/home/nghiaphanbk/WeldingRobot_ws/install/chomp_motion_planner:/home/nghiaphanbk/WeldingRobot_ws/install/moveit_core:/home/nghiaphanbk/WeldingRobot_ws/install/moveit_configs_utils:/home/nghiaphanbk/WeldingRobot_ws/install/srdfdom:/home/nghiaphanbk/WeldingRobot_ws/install/rviz_marker_tools:/home/nghiaphanbk/WeldingRobot_ws/install/rosparam_shortcuts:/home/nghiaphanbk/WeldingRobot_ws/install/moveit_task_constructor_msgs:/home/nghiaphanbk/WeldingRobot_ws/install/moveit_resources_prbt_support:/home/nghiaphanbk/WeldingRobot_ws/install/moveit_resources:/home/nghiaphanbk/WeldingRobot_ws/install/moveit_resources_pr2_description:/home/nghiaphanbk/WeldingRobot_ws/install/moveit_resources_panda_moveit_config:/home/nghiaphanbk/WeldingRobot_ws/install/moveit_resources_panda_description:/home/nghiaphanbk/WeldingRobot_ws/install/moveit_resources_fanuc_moveit_config:/home/nghiaphanbk/WeldingRobot_ws/install/moveit_resources_fanuc_description:/home/nghiaphanbk/WeldingRobot_ws/install/moveit_common:/home/nghiaphanbk/WeldingRobot_ws/install/launch_param_builder:/home/nghiaphanbk/ros2_ws/install/my_robot_controller:/opt/ros/humble CMAKE_PREFIX_PATH=${CMAKE_PREFIX_PATH}:/home/nghiaphanbk/WeldingRobot_ws/install/moveit_configs_utils:/home/nghiaphanbk/WeldingRobot_ws/install/launch_param_builder:/home/nghiaphanbk/WeldingRobot_ws/install/Model_Robot:/home/nghiaphanbk/ros2_ws/install/my_robot_controller:/opt/ros/humble PYTHONPATH=/home/nghiaphanbk/WeldingRobot_ws/install/Model_Robot/lib/python3.10/site-packages:/home/nghiaphanbk/WeldingRobot_ws/install/moveit_configs_utils/lib/python3.10/site-packages:/home/nghiaphanbk/WeldingRobot_ws/install/srdfdom/local/lib/python3.10/dist-packages:/home/nghiaphanbk/WeldingRobot_ws/install/moveit_task_constructor_msgs/local/lib/python3.10/dist-packages:/home/nghiaphanbk/WeldingRobot_ws/install/launch_param_builder/lib/python3.10/site-packages:/home/nghiaphanbk/ros2_ws/build/my_robot_controller:/home/nghiaphanbk/ros2_ws/install/my_robot_controller/lib/python3.10/site-packages:/opt/ros/humble/lib/python3.10/site-packages:/opt/ros/humble/local/lib/python3.10/dist-packages /usr/bin/cmake --build /home/nghiaphanbk/WeldingRobot_ws/build/movelt_sim -- -j12 -l12
[3.068s] DEBUG:colcon.colcon_core.event_handler.log_command:Invoking command in '/home/nghiaphanbk/WeldingRobot_ws/build/Robot_ver2': AMENT_PREFIX_PATH=/home/nghiaphanbk/WeldingRobot_ws/install/Model_Robot:/home/nghiaphanbk/WeldingRobot_ws/install/pilz_industrial_motion_planner_testutils:/home/nghiaphanbk/WeldingRobot_ws/install/movelt_sim:/home/nghiaphanbk/WeldingRobot_ws/install/moveit_visual_tools:/home/nghiaphanbk/WeldingRobot_ws/install/moveit_ros_control_interface:/home/nghiaphanbk/WeldingRobot_ws/install/moveit_plugins:/home/nghiaphanbk/WeldingRobot_ws/install/Robot_ver2:/home/nghiaphanbk/WeldingRobot_ws/install/Moveit_sim:/home/nghiaphanbk/WeldingRobot_ws/install/moveit_simple_controller_manager:/home/nghiaphanbk/WeldingRobot_ws/install/moveit_ros_warehouse:/home/nghiaphanbk/WeldingRobot_ws/install/moveit_ros_robot_interaction:/home/nghiaphanbk/WeldingRobot_ws/install/moveit_ros_perception:/home/nghiaphanbk/WeldingRobot_ws/install/moveit_ros_planning:/home/nghiaphanbk/WeldingRobot_ws/install/moveit_ros_occupancy_map_monitor:/home/nghiaphanbk/WeldingRobot_ws/install/moveit_resources_prbt_ikfast_manipulator_plugin:/home/nghiaphanbk/WeldingRobot_ws/install/moveit_planners_chomp:/home/nghiaphanbk/WeldingRobot_ws/install/moveit_kinematics:/home/nghiaphanbk/WeldingRobot_ws/install/moveit_chomp_optimizer_adapter:/home/nghiaphanbk/WeldingRobot_ws/install/chomp_motion_planner:/home/nghiaphanbk/WeldingRobot_ws/install/moveit_core:/home/nghiaphanbk/WeldingRobot_ws/install/moveit_configs_utils:/home/nghiaphanbk/WeldingRobot_ws/install/srdfdom:/home/nghiaphanbk/WeldingRobot_ws/install/rviz_marker_tools:/home/nghiaphanbk/WeldingRobot_ws/install/rosparam_shortcuts:/home/nghiaphanbk/WeldingRobot_ws/install/moveit_task_constructor_msgs:/home/nghiaphanbk/WeldingRobot_ws/install/moveit_resources_prbt_support:/home/nghiaphanbk/WeldingRobot_ws/install/moveit_resources:/home/nghiaphanbk/WeldingRobot_ws/install/moveit_resources_pr2_description:/home/nghiaphanbk/WeldingRobot_ws/install/moveit_resources_panda_moveit_config:/home/nghiaphanbk/WeldingRobot_ws/install/moveit_resources_panda_description:/home/nghiaphanbk/WeldingRobot_ws/install/moveit_resources_fanuc_moveit_config:/home/nghiaphanbk/WeldingRobot_ws/install/moveit_resources_fanuc_description:/home/nghiaphanbk/WeldingRobot_ws/install/moveit_common:/home/nghiaphanbk/WeldingRobot_ws/install/launch_param_builder:/home/nghiaphanbk/ros2_ws/install/my_robot_controller:/opt/ros/humble CMAKE_PREFIX_PATH=${CMAKE_PREFIX_PATH}:/home/nghiaphanbk/WeldingRobot_ws/install/moveit_configs_utils:/home/nghiaphanbk/WeldingRobot_ws/install/launch_param_builder:/home/nghiaphanbk/WeldingRobot_ws/install/Model_Robot:/home/nghiaphanbk/ros2_ws/install/my_robot_controller:/opt/ros/humble PYTHONPATH=/home/nghiaphanbk/WeldingRobot_ws/install/Model_Robot/lib/python3.10/site-packages:/home/nghiaphanbk/WeldingRobot_ws/install/moveit_configs_utils/lib/python3.10/site-packages:/home/nghiaphanbk/WeldingRobot_ws/install/srdfdom/local/lib/python3.10/dist-packages:/home/nghiaphanbk/WeldingRobot_ws/install/moveit_task_constructor_msgs/local/lib/python3.10/dist-packages:/home/nghiaphanbk/WeldingRobot_ws/install/launch_param_builder/lib/python3.10/site-packages:/home/nghiaphanbk/ros2_ws/build/my_robot_controller:/home/nghiaphanbk/ros2_ws/install/my_robot_controller/lib/python3.10/site-packages:/opt/ros/humble/lib/python3.10/site-packages:/opt/ros/humble/local/lib/python3.10/dist-packages /usr/bin/cmake --install /home/nghiaphanbk/WeldingRobot_ws/build/Robot_ver2
[3.069s] DEBUG:colcon.colcon_core.event_handler.log_command:Invoking command in '/home/nghiaphanbk/WeldingRobot_ws/build/movelt_sim': AMENT_PREFIX_PATH=/home/nghiaphanbk/WeldingRobot_ws/install/Model_Robot:/home/nghiaphanbk/WeldingRobot_ws/install/pilz_industrial_motion_planner_testutils:/home/nghiaphanbk/WeldingRobot_ws/install/movelt_sim:/home/nghiaphanbk/WeldingRobot_ws/install/moveit_visual_tools:/home/nghiaphanbk/WeldingRobot_ws/install/moveit_ros_control_interface:/home/nghiaphanbk/WeldingRobot_ws/install/moveit_plugins:/home/nghiaphanbk/WeldingRobot_ws/install/Robot_ver2:/home/nghiaphanbk/WeldingRobot_ws/install/Moveit_sim:/home/nghiaphanbk/WeldingRobot_ws/install/moveit_simple_controller_manager:/home/nghiaphanbk/WeldingRobot_ws/install/moveit_ros_warehouse:/home/nghiaphanbk/WeldingRobot_ws/install/moveit_ros_robot_interaction:/home/nghiaphanbk/WeldingRobot_ws/install/moveit_ros_perception:/home/nghiaphanbk/WeldingRobot_ws/install/moveit_ros_planning:/home/nghiaphanbk/WeldingRobot_ws/install/moveit_ros_occupancy_map_monitor:/home/nghiaphanbk/WeldingRobot_ws/install/moveit_resources_prbt_ikfast_manipulator_plugin:/home/nghiaphanbk/WeldingRobot_ws/install/moveit_planners_chomp:/home/nghiaphanbk/WeldingRobot_ws/install/moveit_kinematics:/home/nghiaphanbk/WeldingRobot_ws/install/moveit_chomp_optimizer_adapter:/home/nghiaphanbk/WeldingRobot_ws/install/chomp_motion_planner:/home/nghiaphanbk/WeldingRobot_ws/install/moveit_core:/home/nghiaphanbk/WeldingRobot_ws/install/moveit_configs_utils:/home/nghiaphanbk/WeldingRobot_ws/install/srdfdom:/home/nghiaphanbk/WeldingRobot_ws/install/rviz_marker_tools:/home/nghiaphanbk/WeldingRobot_ws/install/rosparam_shortcuts:/home/nghiaphanbk/WeldingRobot_ws/install/moveit_task_constructor_msgs:/home/nghiaphanbk/WeldingRobot_ws/install/moveit_resources_prbt_support:/home/nghiaphanbk/WeldingRobot_ws/install/moveit_resources:/home/nghiaphanbk/WeldingRobot_ws/install/moveit_resources_pr2_description:/home/nghiaphanbk/WeldingRobot_ws/install/moveit_resources_panda_moveit_config:/home/nghiaphanbk/WeldingRobot_ws/install/moveit_resources_panda_description:/home/nghiaphanbk/WeldingRobot_ws/install/moveit_resources_fanuc_moveit_config:/home/nghiaphanbk/WeldingRobot_ws/install/moveit_resources_fanuc_description:/home/nghiaphanbk/WeldingRobot_ws/install/moveit_common:/home/nghiaphanbk/WeldingRobot_ws/install/launch_param_builder:/home/nghiaphanbk/ros2_ws/install/my_robot_controller:/opt/ros/humble CMAKE_PREFIX_PATH=${CMAKE_PREFIX_PATH}:/home/nghiaphanbk/WeldingRobot_ws/install/moveit_configs_utils:/home/nghiaphanbk/WeldingRobot_ws/install/launch_param_builder:/home/nghiaphanbk/WeldingRobot_ws/install/Model_Robot:/home/nghiaphanbk/ros2_ws/install/my_robot_controller:/opt/ros/humble PYTHONPATH=/home/nghiaphanbk/WeldingRobot_ws/install/Model_Robot/lib/python3.10/site-packages:/home/nghiaphanbk/WeldingRobot_ws/install/moveit_configs_utils/lib/python3.10/site-packages:/home/nghiaphanbk/WeldingRobot_ws/install/srdfdom/local/lib/python3.10/dist-packages:/home/nghiaphanbk/WeldingRobot_ws/install/moveit_task_constructor_msgs/local/lib/python3.10/dist-packages:/home/nghiaphanbk/WeldingRobot_ws/install/launch_param_builder/lib/python3.10/site-packages:/home/nghiaphanbk/ros2_ws/build/my_robot_controller:/home/nghiaphanbk/ros2_ws/install/my_robot_controller/lib/python3.10/site-packages:/opt/ros/humble/lib/python3.10/site-packages:/opt/ros/humble/local/lib/python3.10/dist-packages /usr/bin/cmake --install /home/nghiaphanbk/WeldingRobot_ws/build/movelt_sim
[3.076s] Level 1:colcon.colcon_core.environment:create_environment_scripts_only(Robot_ver2)
[3.083s] DEBUG:colcon.colcon_core.event_handler.log_command:Invoked command in '/home/nghiaphanbk/WeldingRobot_ws/build/Robot_ver2' returned '0': AMENT_PREFIX_PATH=/home/nghiaphanbk/WeldingRobot_ws/install/Model_Robot:/home/nghiaphanbk/WeldingRobot_ws/install/pilz_industrial_motion_planner_testutils:/home/nghiaphanbk/WeldingRobot_ws/install/movelt_sim:/home/nghiaphanbk/WeldingRobot_ws/install/moveit_visual_tools:/home/nghiaphanbk/WeldingRobot_ws/install/moveit_ros_control_interface:/home/nghiaphanbk/WeldingRobot_ws/install/moveit_plugins:/home/nghiaphanbk/WeldingRobot_ws/install/Robot_ver2:/home/nghiaphanbk/WeldingRobot_ws/install/Moveit_sim:/home/nghiaphanbk/WeldingRobot_ws/install/moveit_simple_controller_manager:/home/nghiaphanbk/WeldingRobot_ws/install/moveit_ros_warehouse:/home/nghiaphanbk/WeldingRobot_ws/install/moveit_ros_robot_interaction:/home/nghiaphanbk/WeldingRobot_ws/install/moveit_ros_perception:/home/nghiaphanbk/WeldingRobot_ws/install/moveit_ros_planning:/home/nghiaphanbk/WeldingRobot_ws/install/moveit_ros_occupancy_map_monitor:/home/nghiaphanbk/WeldingRobot_ws/install/moveit_resources_prbt_ikfast_manipulator_plugin:/home/nghiaphanbk/WeldingRobot_ws/install/moveit_planners_chomp:/home/nghiaphanbk/WeldingRobot_ws/install/moveit_kinematics:/home/nghiaphanbk/WeldingRobot_ws/install/moveit_chomp_optimizer_adapter:/home/nghiaphanbk/WeldingRobot_ws/install/chomp_motion_planner:/home/nghiaphanbk/WeldingRobot_ws/install/moveit_core:/home/nghiaphanbk/WeldingRobot_ws/install/moveit_configs_utils:/home/nghiaphanbk/WeldingRobot_ws/install/srdfdom:/home/nghiaphanbk/WeldingRobot_ws/install/rviz_marker_tools:/home/nghiaphanbk/WeldingRobot_ws/install/rosparam_shortcuts:/home/nghiaphanbk/WeldingRobot_ws/install/moveit_task_constructor_msgs:/home/nghiaphanbk/WeldingRobot_ws/install/moveit_resources_prbt_support:/home/nghiaphanbk/WeldingRobot_ws/install/moveit_resources:/home/nghiaphanbk/WeldingRobot_ws/install/moveit_resources_pr2_description:/home/nghiaphanbk/WeldingRobot_ws/install/moveit_resources_panda_moveit_config:/home/nghiaphanbk/WeldingRobot_ws/install/moveit_resources_panda_description:/home/nghiaphanbk/WeldingRobot_ws/install/moveit_resources_fanuc_moveit_config:/home/nghiaphanbk/WeldingRobot_ws/install/moveit_resources_fanuc_description:/home/nghiaphanbk/WeldingRobot_ws/install/moveit_common:/home/nghiaphanbk/WeldingRobot_ws/install/launch_param_builder:/home/nghiaphanbk/ros2_ws/install/my_robot_controller:/opt/ros/humble CMAKE_PREFIX_PATH=${CMAKE_PREFIX_PATH}:/home/nghiaphanbk/WeldingRobot_ws/install/moveit_configs_utils:/home/nghiaphanbk/WeldingRobot_ws/install/launch_param_builder:/home/nghiaphanbk/WeldingRobot_ws/install/Model_Robot:/home/nghiaphanbk/ros2_ws/install/my_robot_controller:/opt/ros/humble PYTHONPATH=/home/nghiaphanbk/WeldingRobot_ws/install/Model_Robot/lib/python3.10/site-packages:/home/nghiaphanbk/WeldingRobot_ws/install/moveit_configs_utils/lib/python3.10/site-packages:/home/nghiaphanbk/WeldingRobot_ws/install/srdfdom/local/lib/python3.10/dist-packages:/home/nghiaphanbk/WeldingRobot_ws/install/moveit_task_constructor_msgs/local/lib/python3.10/dist-packages:/home/nghiaphanbk/WeldingRobot_ws/install/launch_param_builder/lib/python3.10/site-packages:/home/nghiaphanbk/ros2_ws/build/my_robot_controller:/home/nghiaphanbk/ros2_ws/install/my_robot_controller/lib/python3.10/site-packages:/opt/ros/humble/lib/python3.10/site-packages:/opt/ros/humble/local/lib/python3.10/dist-packages /usr/bin/cmake --install /home/nghiaphanbk/WeldingRobot_ws/build/Robot_ver2
[3.102s] Level 1:colcon.colcon_core.environment:checking '/home/nghiaphanbk/WeldingRobot_ws/install/Robot_ver2' for CMake module files
[3.102s] Level 1:colcon.colcon_core.environment:checking '/home/nghiaphanbk/WeldingRobot_ws/install/Robot_ver2' for CMake config files
[3.103s] Level 1:colcon.colcon_core.shell:create_environment_hook('Robot_ver2', 'cmake_prefix_path')
[3.120s] INFO:colcon.colcon_core.shell:Creating environment hook '/home/nghiaphanbk/WeldingRobot_ws/install/Robot_ver2/share/Robot_ver2/hook/cmake_prefix_path.ps1'
[3.121s] INFO:colcon.colcon_core.shell:Creating environment descriptor '/home/nghiaphanbk/WeldingRobot_ws/install/Robot_ver2/share/Robot_ver2/hook/cmake_prefix_path.dsv'
[3.121s] INFO:colcon.colcon_core.shell:Creating environment hook '/home/nghiaphanbk/WeldingRobot_ws/install/Robot_ver2/share/Robot_ver2/hook/cmake_prefix_path.sh'
[3.121s] Level 1:colcon.colcon_core.environment:checking '/home/nghiaphanbk/WeldingRobot_ws/install/Robot_ver2/bin'
[3.121s] Level 1:colcon.colcon_core.environment:checking '/home/nghiaphanbk/WeldingRobot_ws/install/Robot_ver2/lib/pkgconfig/Robot_ver2.pc'
[3.122s] Level 1:colcon.colcon_core.environment:checking '/home/nghiaphanbk/WeldingRobot_ws/install/Robot_ver2/lib/python3.10/site-packages'
[3.122s] Level 1:colcon.colcon_core.environment:checking '/home/nghiaphanbk/WeldingRobot_ws/install/Robot_ver2/bin'
[3.137s] INFO:colcon.colcon_core.shell:Creating package script '/home/nghiaphanbk/WeldingRobot_ws/install/Robot_ver2/share/Robot_ver2/package.ps1'
[3.138s] INFO:colcon.colcon_core.shell:Creating package descriptor '/home/nghiaphanbk/WeldingRobot_ws/install/Robot_ver2/share/Robot_ver2/package.dsv'
[3.138s] INFO:colcon.colcon_core.shell:Creating package script '/home/nghiaphanbk/WeldingRobot_ws/install/Robot_ver2/share/Robot_ver2/package.sh'
[3.138s] INFO:colcon.colcon_core.shell:Creating package script '/home/nghiaphanbk/WeldingRobot_ws/install/Robot_ver2/share/Robot_ver2/package.bash'
[3.139s] INFO:colcon.colcon_core.shell:Creating package script '/home/nghiaphanbk/WeldingRobot_ws/install/Robot_ver2/share/Robot_ver2/package.zsh'
[3.139s] Level 1:colcon.colcon_core.environment:create_file_with_runtime_dependencies(/home/nghiaphanbk/WeldingRobot_ws/install/Robot_ver2/share/colcon-core/packages/Robot_ver2)
[3.140s] Level 1:colcon.colcon_core.environment:create_environment_scripts_only(movelt_sim)
[3.141s] DEBUG:colcon.colcon_core.event_handler.log_command:Invoked command in '/home/nghiaphanbk/WeldingRobot_ws/build/movelt_sim' returned '0': AMENT_PREFIX_PATH=/home/nghiaphanbk/WeldingRobot_ws/install/Model_Robot:/home/nghiaphanbk/WeldingRobot_ws/install/pilz_industrial_motion_planner_testutils:/home/nghiaphanbk/WeldingRobot_ws/install/movelt_sim:/home/nghiaphanbk/WeldingRobot_ws/install/moveit_visual_tools:/home/nghiaphanbk/WeldingRobot_ws/install/moveit_ros_control_interface:/home/nghiaphanbk/WeldingRobot_ws/install/moveit_plugins:/home/nghiaphanbk/WeldingRobot_ws/install/Robot_ver2:/home/nghiaphanbk/WeldingRobot_ws/install/Moveit_sim:/home/nghiaphanbk/WeldingRobot_ws/install/moveit_simple_controller_manager:/home/nghiaphanbk/WeldingRobot_ws/install/moveit_ros_warehouse:/home/nghiaphanbk/WeldingRobot_ws/install/moveit_ros_robot_interaction:/home/nghiaphanbk/WeldingRobot_ws/install/moveit_ros_perception:/home/nghiaphanbk/WeldingRobot_ws/install/moveit_ros_planning:/home/nghiaphanbk/WeldingRobot_ws/install/moveit_ros_occupancy_map_monitor:/home/nghiaphanbk/WeldingRobot_ws/install/moveit_resources_prbt_ikfast_manipulator_plugin:/home/nghiaphanbk/WeldingRobot_ws/install/moveit_planners_chomp:/home/nghiaphanbk/WeldingRobot_ws/install/moveit_kinematics:/home/nghiaphanbk/WeldingRobot_ws/install/moveit_chomp_optimizer_adapter:/home/nghiaphanbk/WeldingRobot_ws/install/chomp_motion_planner:/home/nghiaphanbk/WeldingRobot_ws/install/moveit_core:/home/nghiaphanbk/WeldingRobot_ws/install/moveit_configs_utils:/home/nghiaphanbk/WeldingRobot_ws/install/srdfdom:/home/nghiaphanbk/WeldingRobot_ws/install/rviz_marker_tools:/home/nghiaphanbk/WeldingRobot_ws/install/rosparam_shortcuts:/home/nghiaphanbk/WeldingRobot_ws/install/moveit_task_constructor_msgs:/home/nghiaphanbk/WeldingRobot_ws/install/moveit_resources_prbt_support:/home/nghiaphanbk/WeldingRobot_ws/install/moveit_resources:/home/nghiaphanbk/WeldingRobot_ws/install/moveit_resources_pr2_description:/home/nghiaphanbk/WeldingRobot_ws/install/moveit_resources_panda_moveit_config:/home/nghiaphanbk/WeldingRobot_ws/install/moveit_resources_panda_description:/home/nghiaphanbk/WeldingRobot_ws/install/moveit_resources_fanuc_moveit_config:/home/nghiaphanbk/WeldingRobot_ws/install/moveit_resources_fanuc_description:/home/nghiaphanbk/WeldingRobot_ws/install/moveit_common:/home/nghiaphanbk/WeldingRobot_ws/install/launch_param_builder:/home/nghiaphanbk/ros2_ws/install/my_robot_controller:/opt/ros/humble CMAKE_PREFIX_PATH=${CMAKE_PREFIX_PATH}:/home/nghiaphanbk/WeldingRobot_ws/install/moveit_configs_utils:/home/nghiaphanbk/WeldingRobot_ws/install/launch_param_builder:/home/nghiaphanbk/WeldingRobot_ws/install/Model_Robot:/home/nghiaphanbk/ros2_ws/install/my_robot_controller:/opt/ros/humble PYTHONPATH=/home/nghiaphanbk/WeldingRobot_ws/install/Model_Robot/lib/python3.10/site-packages:/home/nghiaphanbk/WeldingRobot_ws/install/moveit_configs_utils/lib/python3.10/site-packages:/home/nghiaphanbk/WeldingRobot_ws/install/srdfdom/local/lib/python3.10/dist-packages:/home/nghiaphanbk/WeldingRobot_ws/install/moveit_task_constructor_msgs/local/lib/python3.10/dist-packages:/home/nghiaphanbk/WeldingRobot_ws/install/launch_param_builder/lib/python3.10/site-packages:/home/nghiaphanbk/ros2_ws/build/my_robot_controller:/home/nghiaphanbk/ros2_ws/install/my_robot_controller/lib/python3.10/site-packages:/opt/ros/humble/lib/python3.10/site-packages:/opt/ros/humble/local/lib/python3.10/dist-packages /usr/bin/cmake --install /home/nghiaphanbk/WeldingRobot_ws/build/movelt_sim
[3.156s] Level 1:colcon.colcon_core.environment:checking '/home/nghiaphanbk/WeldingRobot_ws/install/movelt_sim' for CMake module files
[3.156s] Level 1:colcon.colcon_core.environment:checking '/home/nghiaphanbk/WeldingRobot_ws/install/movelt_sim' for CMake config files
[3.156s] Level 1:colcon.colcon_core.shell:create_environment_hook('movelt_sim', 'cmake_prefix_path')
[3.171s] INFO:colcon.colcon_core.shell:Creating environment hook '/home/nghiaphanbk/WeldingRobot_ws/install/movelt_sim/share/movelt_sim/hook/cmake_prefix_path.ps1'
[3.172s] INFO:colcon.colcon_core.shell:Creating environment descriptor '/home/nghiaphanbk/WeldingRobot_ws/install/movelt_sim/share/movelt_sim/hook/cmake_prefix_path.dsv'
[3.172s] INFO:colcon.colcon_core.shell:Creating environment hook '/home/nghiaphanbk/WeldingRobot_ws/install/movelt_sim/share/movelt_sim/hook/cmake_prefix_path.sh'
[3.172s] Level 1:colcon.colcon_core.environment:checking '/home/nghiaphanbk/WeldingRobot_ws/install/movelt_sim/bin'
[3.172s] Level 1:colcon.colcon_core.environment:checking '/home/nghiaphanbk/WeldingRobot_ws/install/movelt_sim/lib/pkgconfig/movelt_sim.pc'
[3.173s] Level 1:colcon.colcon_core.environment:checking '/home/nghiaphanbk/WeldingRobot_ws/install/movelt_sim/lib/python3.10/site-packages'
[3.173s] Level 1:colcon.colcon_core.environment:checking '/home/nghiaphanbk/WeldingRobot_ws/install/movelt_sim/bin'
[3.189s] INFO:colcon.colcon_core.shell:Creating package script '/home/nghiaphanbk/WeldingRobot_ws/install/movelt_sim/share/movelt_sim/package.ps1'
[3.190s] INFO:colcon.colcon_core.shell:Creating package descriptor '/home/nghiaphanbk/WeldingRobot_ws/install/movelt_sim/share/movelt_sim/package.dsv'
[3.190s] INFO:colcon.colcon_core.shell:Creating package script '/home/nghiaphanbk/WeldingRobot_ws/install/movelt_sim/share/movelt_sim/package.sh'
[3.190s] INFO:colcon.colcon_core.shell:Creating package script '/home/nghiaphanbk/WeldingRobot_ws/install/movelt_sim/share/movelt_sim/package.bash'
[3.191s] INFO:colcon.colcon_core.shell:Creating package script '/home/nghiaphanbk/WeldingRobot_ws/install/movelt_sim/share/movelt_sim/package.zsh'
[3.191s] Level 1:colcon.colcon_core.environment:create_file_with_runtime_dependencies(/home/nghiaphanbk/WeldingRobot_ws/install/movelt_sim/share/colcon-core/packages/movelt_sim)
[3.208s] Level 1:colcon.colcon_core.environment:create_environment_scripts_only(Robot_ver2)
[3.226s] Level 1:colcon.colcon_core.environment:checking '/home/nghiaphanbk/WeldingRobot_ws/install/Robot_ver2' for CMake module files
[3.227s] Level 1:colcon.colcon_core.environment:checking '/home/nghiaphanbk/WeldingRobot_ws/install/Robot_ver2' for CMake config files
[3.227s] Level 1:colcon.colcon_core.shell:create_environment_hook('Robot_ver2', 'cmake_prefix_path')
[3.243s] INFO:colcon.colcon_core.shell:Creating environment hook '/home/nghiaphanbk/WeldingRobot_ws/install/Robot_ver2/share/Robot_ver2/hook/cmake_prefix_path.ps1'
[3.243s] INFO:colcon.colcon_core.shell:Creating environment descriptor '/home/nghiaphanbk/WeldingRobot_ws/install/Robot_ver2/share/Robot_ver2/hook/cmake_prefix_path.dsv'
[3.244s] INFO:colcon.colcon_core.shell:Creating environment hook '/home/nghiaphanbk/WeldingRobot_ws/install/Robot_ver2/share/Robot_ver2/hook/cmake_prefix_path.sh'
[3.244s] Level 1:colcon.colcon_core.environment:checking '/home/nghiaphanbk/WeldingRobot_ws/install/Robot_ver2/bin'
[3.244s] Level 1:colcon.colcon_core.environment:checking '/home/nghiaphanbk/WeldingRobot_ws/install/Robot_ver2/lib/pkgconfig/Robot_ver2.pc'
[3.244s] Level 1:colcon.colcon_core.environment:checking '/home/nghiaphanbk/WeldingRobot_ws/install/Robot_ver2/lib/python3.10/site-packages'
[3.245s] Level 1:colcon.colcon_core.environment:checking '/home/nghiaphanbk/WeldingRobot_ws/install/Robot_ver2/bin'
[3.260s] INFO:colcon.colcon_core.shell:Creating package script '/home/nghiaphanbk/WeldingRobot_ws/install/Robot_ver2/share/Robot_ver2/package.ps1'
[3.261s] INFO:colcon.colcon_core.shell:Creating package descriptor '/home/nghiaphanbk/WeldingRobot_ws/install/Robot_ver2/share/Robot_ver2/package.dsv'
[3.261s] INFO:colcon.colcon_core.shell:Creating package script '/home/nghiaphanbk/WeldingRobot_ws/install/Robot_ver2/share/Robot_ver2/package.sh'
[3.261s] INFO:colcon.colcon_core.shell:Creating package script '/home/nghiaphanbk/WeldingRobot_ws/install/Robot_ver2/share/Robot_ver2/package.bash'
[3.262s] INFO:colcon.colcon_core.shell:Creating package script '/home/nghiaphanbk/WeldingRobot_ws/install/Robot_ver2/share/Robot_ver2/package.zsh'
[3.262s] Level 1:colcon.colcon_core.environment:create_file_with_runtime_dependencies(/home/nghiaphanbk/WeldingRobot_ws/install/Robot_ver2/share/colcon-core/packages/Robot_ver2)
[3.278s] Level 1:colcon.colcon_core.environment:create_environment_scripts_only(movelt_sim)
[3.296s] Level 1:colcon.colcon_core.environment:checking '/home/nghiaphanbk/WeldingRobot_ws/install/movelt_sim' for CMake module files
[3.297s] Level 1:colcon.colcon_core.environment:checking '/home/nghiaphanbk/WeldingRobot_ws/install/movelt_sim' for CMake config files
[3.297s] Level 1:colcon.colcon_core.shell:create_environment_hook('movelt_sim', 'cmake_prefix_path')
[3.314s] INFO:colcon.colcon_core.shell:Creating environment hook '/home/nghiaphanbk/WeldingRobot_ws/install/movelt_sim/share/movelt_sim/hook/cmake_prefix_path.ps1'
[3.315s] INFO:colcon.colcon_core.shell:Creating environment descriptor '/home/nghiaphanbk/WeldingRobot_ws/install/movelt_sim/share/movelt_sim/hook/cmake_prefix_path.dsv'
[3.315s] INFO:colcon.colcon_core.shell:Creating environment hook '/home/nghiaphanbk/WeldingRobot_ws/install/movelt_sim/share/movelt_sim/hook/cmake_prefix_path.sh'
[3.315s] Level 1:colcon.colcon_core.environment:checking '/home/nghiaphanbk/WeldingRobot_ws/install/movelt_sim/bin'
[3.315s] Level 1:colcon.colcon_core.environment:checking '/home/nghiaphanbk/WeldingRobot_ws/install/movelt_sim/lib/pkgconfig/movelt_sim.pc'
[3.316s] Level 1:colcon.colcon_core.environment:checking '/home/nghiaphanbk/WeldingRobot_ws/install/movelt_sim/lib/python3.10/site-packages'
[3.316s] Level 1:colcon.colcon_core.environment:checking '/home/nghiaphanbk/WeldingRobot_ws/install/movelt_sim/bin'
[3.331s] INFO:colcon.colcon_core.shell:Creating package script '/home/nghiaphanbk/WeldingRobot_ws/install/movelt_sim/share/movelt_sim/package.ps1'
[3.332s] INFO:colcon.colcon_core.shell:Creating package descriptor '/home/nghiaphanbk/WeldingRobot_ws/install/movelt_sim/share/movelt_sim/package.dsv'
[3.332s] INFO:colcon.colcon_core.shell:Creating package script '/home/nghiaphanbk/WeldingRobot_ws/install/movelt_sim/share/movelt_sim/package.sh'
[3.332s] INFO:colcon.colcon_core.shell:Creating package script '/home/nghiaphanbk/WeldingRobot_ws/install/movelt_sim/share/movelt_sim/package.bash'
[3.333s] INFO:colcon.colcon_core.shell:Creating package script '/home/nghiaphanbk/WeldingRobot_ws/install/movelt_sim/share/movelt_sim/package.zsh'
[3.333s] Level 1:colcon.colcon_core.environment:create_file_with_runtime_dependencies(/home/nghiaphanbk/WeldingRobot_ws/install/movelt_sim/share/colcon-core/packages/movelt_sim)
[3.333s] DEBUG:colcon.colcon_parallel_executor.executor.parallel:closing loop
[3.333s] DEBUG:colcon.colcon_parallel_executor.executor.parallel:loop closed
[3.334s] DEBUG:colcon.colcon_parallel_executor.executor.parallel:run_until_complete finished with '0'
[3.334s] DEBUG:colcon.colcon_core.event_reactor:joining thread
[3.353s] INFO:colcon.colcon_core.plugin_system:Skipping extension 'colcon_notification.desktop_notification.terminal_notifier': Not used on non-Darwin systems
[3.353s] INFO:colcon.colcon_core.plugin_system:Skipping extension 'colcon_notification.desktop_notification.win32': Not used on non-Windows systems
[3.353s] INFO:colcon.colcon_notification.desktop_notification:Sending desktop notification using 'notify2'
[3.364s] DEBUG:colcon.colcon_core.event_reactor:joined thread
[3.384s] INFO:colcon.colcon_core.shell:Creating prefix script '/home/nghiaphanbk/WeldingRobot_ws/install/local_setup.ps1'
[3.385s] INFO:colcon.colcon_core.shell:Creating prefix util module '/home/nghiaphanbk/WeldingRobot_ws/install/_local_setup_util_ps1.py'
[3.386s] INFO:colcon.colcon_core.shell:Creating prefix chain script '/home/nghiaphanbk/WeldingRobot_ws/install/setup.ps1'
[3.404s] INFO:colcon.colcon_core.shell:Creating prefix script '/home/nghiaphanbk/WeldingRobot_ws/install/local_setup.sh'
[3.405s] INFO:colcon.colcon_core.shell:Creating prefix util module '/home/nghiaphanbk/WeldingRobot_ws/install/_local_setup_util_sh.py'
[3.405s] INFO:colcon.colcon_core.shell:Creating prefix chain script '/home/nghiaphanbk/WeldingRobot_ws/install/setup.sh'
[3.438s] INFO:colcon.colcon_core.shell:Creating prefix script '/home/nghiaphanbk/WeldingRobot_ws/install/local_setup.bash'
[3.439s] INFO:colcon.colcon_core.shell:Creating prefix chain script '/home/nghiaphanbk/WeldingRobot_ws/install/setup.bash'
[3.459s] INFO:colcon.colcon_core.shell:Creating prefix script '/home/nghiaphanbk/WeldingRobot_ws/install/local_setup.zsh'
[3.460s] INFO:colcon.colcon_core.shell:Creating prefix chain script '/home/nghiaphanbk/WeldingRobot_ws/install/setup.zsh'
