[0.800s] Invoking command in '/home/nghiaphanbk/WeldingRobot_ws/build/moveit_resources_panda_description': CMAKE_PREFIX_PATH=/home/nghiaphanbk/WeldingRobot_ws/install/Model_Robot:/home/nghiaphanbk/ros2_ws/install/my_robot_controller:/opt/ros/humble /usr/bin/cmake --build /home/nghiaphanbk/WeldingRobot_ws/build/moveit_resources_panda_description -- -j12 -l12
[1.164s] -- Found ament_cmake: 1.3.5 (/opt/ros/humble/share/ament_cmake/cmake)
[1.165s] -- Configuring done
[1.165s] -- Generating done
[1.166s] -- Build files have been written to: /home/nghiaphanbk/WeldingRobot_ws/build/moveit_resources_panda_description
[1.171s] Invoked command in '/home/nghiaphanbk/WeldingRobot_ws/build/moveit_resources_panda_description' returned '0': CMAKE_PREFIX_PATH=/home/nghiaphanbk/WeldingRobot_ws/install/Model_Robot:/home/nghiaphanbk/ros2_ws/install/my_robot_controller:/opt/ros/humble /usr/bin/cmake --build /home/nghiaphanbk/WeldingRobot_ws/build/moveit_resources_panda_description -- -j12 -l12
[1.193s] Invoking command in '/home/nghiaphanbk/WeldingRobot_ws/build/moveit_resources_panda_description': CMAKE_PREFIX_PATH=/home/nghiaphanbk/WeldingRobot_ws/install/Model_Robot:/home/nghiaphanbk/ros2_ws/install/my_robot_controller:/opt/ros/humble /usr/bin/cmake --install /home/nghiaphanbk/WeldingRobot_ws/build/moveit_resources_panda_description
[1.217s] -- Install configuration: "Release"
[1.217s] -- Up-to-date: /home/nghiaphanbk/WeldingRobot_ws/install/moveit_resources_panda_description/share/ament_index/resource_index/package_run_dependencies/moveit_resources_panda_description
[1.217s] -- Up-to-date: /home/nghiaphanbk/WeldingRobot_ws/install/moveit_resources_panda_description/share/ament_index/resource_index/parent_prefix_path/moveit_resources_panda_description
[1.218s] -- Up-to-date: /home/nghiaphanbk/WeldingRobot_ws/install/moveit_resources_panda_description/share/moveit_resources_panda_description/environment/ament_prefix_path.sh
[1.219s] -- Installing: /home/nghiaphanbk/WeldingRobot_ws/install/moveit_resources_panda_description/share/moveit_resources_panda_description/environment/ament_prefix_path.dsv
[1.219s] -- Up-to-date: /home/nghiaphanbk/WeldingRobot_ws/install/moveit_resources_panda_description/share/moveit_resources_panda_description/environment/path.sh
[1.219s] -- Installing: /home/nghiaphanbk/WeldingRobot_ws/install/moveit_resources_panda_description/share/moveit_resources_panda_description/environment/path.dsv
[1.220s] -- Up-to-date: /home/nghiaphanbk/WeldingRobot_ws/install/moveit_resources_panda_description/share/moveit_resources_panda_description/local_setup.bash
[1.220s] -- Up-to-date: /home/nghiaphanbk/WeldingRobot_ws/install/moveit_resources_panda_description/share/moveit_resources_panda_description/local_setup.sh
[1.220s] -- Up-to-date: /home/nghiaphanbk/WeldingRobot_ws/install/moveit_resources_panda_description/share/moveit_resources_panda_description/local_setup.zsh
[1.220s] -- Installing: /home/nghiaphanbk/WeldingRobot_ws/install/moveit_resources_panda_description/share/moveit_resources_panda_description/local_setup.dsv
[1.221s] -- Installing: /home/nghiaphanbk/WeldingRobot_ws/install/moveit_resources_panda_description/share/moveit_resources_panda_description/package.dsv
[1.221s] -- Up-to-date: /home/nghiaphanbk/WeldingRobot_ws/install/moveit_resources_panda_description/share/ament_index/resource_index/packages/moveit_resources_panda_description
[1.221s] -- Installing: /home/nghiaphanbk/WeldingRobot_ws/install/moveit_resources_panda_description/share/moveit_resources_panda_description/cmake/moveit_resources_panda_descriptionConfig.cmake
[1.221s] -- Installing: /home/nghiaphanbk/WeldingRobot_ws/install/moveit_resources_panda_description/share/moveit_resources_panda_description/cmake/moveit_resources_panda_descriptionConfig-version.cmake
[1.221s] -- Installing: /home/nghiaphanbk/WeldingRobot_ws/install/moveit_resources_panda_description/share/moveit_resources_panda_description/package.xml
[1.221s] -- Up-to-date: /home/nghiaphanbk/WeldingRobot_ws/install/moveit_resources_panda_description/share/moveit_resources_panda_description/meshes
[1.222s] -- Up-to-date: /home/nghiaphanbk/WeldingRobot_ws/install/moveit_resources_panda_description/share/moveit_resources_panda_description/meshes/collision
[1.222s] -- Installing: /home/nghiaphanbk/WeldingRobot_ws/install/moveit_resources_panda_description/share/moveit_resources_panda_description/meshes/collision/link1.stl
[1.222s] -- Installing: /home/nghiaphanbk/WeldingRobot_ws/install/moveit_resources_panda_description/share/moveit_resources_panda_description/meshes/collision/hand.stl
[1.222s] -- Installing: /home/nghiaphanbk/WeldingRobot_ws/install/moveit_resources_panda_description/share/moveit_resources_panda_description/meshes/collision/finger.stl
[1.222s] -- Installing: /home/nghiaphanbk/WeldingRobot_ws/install/moveit_resources_panda_description/share/moveit_resources_panda_description/meshes/collision/link0.stl
[1.223s] -- Installing: /home/nghiaphanbk/WeldingRobot_ws/install/moveit_resources_panda_description/share/moveit_resources_panda_description/meshes/collision/link7.stl
[1.223s] -- Installing: /home/nghiaphanbk/WeldingRobot_ws/install/moveit_resources_panda_description/share/moveit_resources_panda_description/meshes/collision/link5.stl
[1.224s] -- Installing: /home/nghiaphanbk/WeldingRobot_ws/install/moveit_resources_panda_description/share/moveit_resources_panda_description/meshes/collision/link3.stl
[1.225s] -- Installing: /home/nghiaphanbk/WeldingRobot_ws/install/moveit_resources_panda_description/share/moveit_resources_panda_description/meshes/collision/link4.stl
[1.226s] -- Installing: /home/nghiaphanbk/WeldingRobot_ws/install/moveit_resources_panda_description/share/moveit_resources_panda_description/meshes/collision/link6.stl
[1.226s] -- Installing: /home/nghiaphanbk/WeldingRobot_ws/install/moveit_resources_panda_description/share/moveit_resources_panda_description/meshes/collision/link2.stl
[1.226s] -- Up-to-date: /home/nghiaphanbk/WeldingRobot_ws/install/moveit_resources_panda_description/share/moveit_resources_panda_description/meshes/visual
[1.226s] -- Installing: /home/nghiaphanbk/WeldingRobot_ws/install/moveit_resources_panda_description/share/moveit_resources_panda_description/meshes/visual/link4.dae
[1.232s] -- Installing: /home/nghiaphanbk/WeldingRobot_ws/install/moveit_resources_panda_description/share/moveit_resources_panda_description/meshes/visual/link5.dae
[1.240s] -- Installing: /home/nghiaphanbk/WeldingRobot_ws/install/moveit_resources_panda_description/share/moveit_resources_panda_description/meshes/visual/link0.dae
[1.243s] -- Installing: /home/nghiaphanbk/WeldingRobot_ws/install/moveit_resources_panda_description/share/moveit_resources_panda_description/meshes/visual/link1.dae
[1.247s] -- Installing: /home/nghiaphanbk/WeldingRobot_ws/install/moveit_resources_panda_description/share/moveit_resources_panda_description/meshes/visual/hand.dae
[1.250s] -- Installing: /home/nghiaphanbk/WeldingRobot_ws/install/moveit_resources_panda_description/share/moveit_resources_panda_description/meshes/visual/link2.dae
[1.251s] -- Installing: /home/nghiaphanbk/WeldingRobot_ws/install/moveit_resources_panda_description/share/moveit_resources_panda_description/meshes/visual/link6.dae
[1.258s] -- Installing: /home/nghiaphanbk/WeldingRobot_ws/install/moveit_resources_panda_description/share/moveit_resources_panda_description/meshes/visual/link7.dae
[1.262s] -- Installing: /home/nghiaphanbk/WeldingRobot_ws/install/moveit_resources_panda_description/share/moveit_resources_panda_description/meshes/visual/finger.dae
[1.262s] -- Installing: /home/nghiaphanbk/WeldingRobot_ws/install/moveit_resources_panda_description/share/moveit_resources_panda_description/meshes/visual/link3.dae
[1.263s] -- Up-to-date: /home/nghiaphanbk/WeldingRobot_ws/install/moveit_resources_panda_description/share/moveit_resources_panda_description/urdf
[1.263s] -- Installing: /home/nghiaphanbk/WeldingRobot_ws/install/moveit_resources_panda_description/share/moveit_resources_panda_description/urdf/panda.urdf
[1.462s] Invoked command in '/home/nghiaphanbk/WeldingRobot_ws/build/moveit_resources_panda_description' returned '0': CMAKE_PREFIX_PATH=/home/nghiaphanbk/WeldingRobot_ws/install/Model_Robot:/home/nghiaphanbk/ros2_ws/install/my_robot_controller:/opt/ros/humble /usr/bin/cmake --install /home/nghiaphanbk/WeldingRobot_ws/build/moveit_resources_panda_description
