[0.630s] Invoking command in '/home/nghiaphanbk/WeldingRobot_ws/build/moveit_resources_prbt_support': CMAKE_PREFIX_PATH=/home/nghiaphanbk/WeldingRobot_ws/install/Model_Robot:/home/nghiaphanbk/ros2_ws/install/my_robot_controller:/opt/ros/humble /usr/bin/cmake /home/nghiaphanbk/WeldingRobot_ws/src/moveit2/moveit_planners/test_configs/prbt_support -DCMAKE_BUILD_TYPE=Release -DCMAKE_INSTALL_PREFIX=/home/nghiaphanbk/WeldingRobot_ws/install/moveit_resources_prbt_support
[1.069s] -- The C compiler identification is GNU 11.4.0
[1.070s] -- The CXX compiler identification is GNU 11.4.0
[1.070s] -- Detecting C compiler ABI info
[1.070s] -- Detecting C compiler ABI info - done
[1.070s] -- Check for working C compiler: /usr/bin/cc - skipped
[1.070s] -- Detecting C compile features
[1.070s] -- Detecting C compile features - done
[1.070s] -- Detecting CXX compiler ABI info
[1.070s] -- Detecting CXX compiler ABI info - done
[1.070s] -- Check for working CXX compiler: /usr/bin/c++ - skipped
[1.070s] -- Detecting CXX compile features
[1.071s] -- Detecting CXX compile features - done
[1.071s] -- Found ament_cmake: 1.3.5 (/opt/ros/humble/share/ament_cmake/cmake)
[1.091s] -- Found Python3: /usr/bin/python3.10 (found version "3.10.12") found components: Interpreter 
[1.286s] -- Configuring done
[1.289s] -- Generating done
[1.290s] -- Build files have been written to: /home/nghiaphanbk/WeldingRobot_ws/build/moveit_resources_prbt_support
[1.384s] Invoked command in '/home/nghiaphanbk/WeldingRobot_ws/build/moveit_resources_prbt_support' returned '0': CMAKE_PREFIX_PATH=/home/nghiaphanbk/WeldingRobot_ws/install/Model_Robot:/home/nghiaphanbk/ros2_ws/install/my_robot_controller:/opt/ros/humble /usr/bin/cmake /home/nghiaphanbk/WeldingRobot_ws/src/moveit2/moveit_planners/test_configs/prbt_support -DCMAKE_BUILD_TYPE=Release -DCMAKE_INSTALL_PREFIX=/home/nghiaphanbk/WeldingRobot_ws/install/moveit_resources_prbt_support
[1.385s] Invoking command in '/home/nghiaphanbk/WeldingRobot_ws/build/moveit_resources_prbt_support': CMAKE_PREFIX_PATH=/home/nghiaphanbk/WeldingRobot_ws/install/Model_Robot:/home/nghiaphanbk/ros2_ws/install/my_robot_controller:/opt/ros/humble /usr/bin/cmake --build /home/nghiaphanbk/WeldingRobot_ws/build/moveit_resources_prbt_support -- -j12 -l12
[1.541s] Invoked command in '/home/nghiaphanbk/WeldingRobot_ws/build/moveit_resources_prbt_support' returned '0': CMAKE_PREFIX_PATH=/home/nghiaphanbk/WeldingRobot_ws/install/Model_Robot:/home/nghiaphanbk/ros2_ws/install/my_robot_controller:/opt/ros/humble /usr/bin/cmake --build /home/nghiaphanbk/WeldingRobot_ws/build/moveit_resources_prbt_support -- -j12 -l12
