[0.948s] Invoking command in '/home/nghiaphanbk/WeldingRobot_ws/src/Model_Robot': PYTHONPATH=/home/nghiaphanbk/WeldingRobot_ws/build/Model_Robot/prefix_override:/home/nghiaphanbk/WeldingRobot_ws/install/Model_Robot/lib/python3.10/site-packages:${PYTHONPATH} /usr/bin/python3 setup.py egg_info --egg-base ../../build/Model_Robot build --build-base /home/nghiaphanbk/WeldingRobot_ws/build/Model_Robot/build install --record /home/nghiaphanbk/WeldingRobot_ws/build/Model_Robot/install.log --single-version-externally-managed
[1.215s] running egg_info
[1.216s] writing ../../build/Model_Robot/Model_Robot.egg-info/PKG-INFO
[1.216s] writing dependency_links to ../../build/Model_Robot/Model_Robot.egg-info/dependency_links.txt
[1.216s] writing entry points to ../../build/Model_Robot/Model_Robot.egg-info/entry_points.txt
[1.217s] writing requirements to ../../build/Model_Robot/Model_Robot.egg-info/requires.txt
[1.217s] writing top-level names to ../../build/Model_Robot/Model_Robot.egg-info/top_level.txt
[1.219s] reading manifest file '../../build/Model_Robot/Model_Robot.egg-info/SOURCES.txt'
[1.220s] writing manifest file '../../build/Model_Robot/Model_Robot.egg-info/SOURCES.txt'
[1.220s] running build
[1.220s] running build_py
[1.220s] running install
[1.221s] running install_lib
[1.222s] running install_data
[1.222s] running install_egg_info
[1.224s] removing '/home/nghiaphanbk/WeldingRobot_ws/install/Model_Robot/lib/python3.10/site-packages/Model_Robot-0.0.0-py3.10.egg-info' (and everything under it)
[1.224s] Copying ../../build/Model_Robot/Model_Robot.egg-info to /home/nghiaphanbk/WeldingRobot_ws/install/Model_Robot/lib/python3.10/site-packages/Model_Robot-0.0.0-py3.10.egg-info
[1.225s] running install_scripts
[1.244s] writing list of installed files to '/home/nghiaphanbk/WeldingRobot_ws/build/Model_Robot/install.log'
[1.280s] Invoked command in '/home/nghiaphanbk/WeldingRobot_ws/src/Model_Robot' returned '0': PYTHONPATH=/home/nghiaphanbk/WeldingRobot_ws/build/Model_Robot/prefix_override:/home/nghiaphanbk/WeldingRobot_ws/install/Model_Robot/lib/python3.10/site-packages:${PYTHONPATH} /usr/bin/python3 setup.py egg_info --egg-base ../../build/Model_Robot build --build-base /home/nghiaphanbk/WeldingRobot_ws/build/Model_Robot/build install --record /home/nghiaphanbk/WeldingRobot_ws/build/Model_Robot/install.log --single-version-externally-managed
