[0.824s] Invoking command in '/home/nghiaphanbk/WeldingRobot_ws/build/rosparam_shortcuts': CMAKE_PREFIX_PATH=${CMAKE_PREFIX_PATH}:/home/nghiaphanbk/WeldingRobot_ws/install/moveit_configs_utils:/home/nghiaphanbk/WeldingRobot_ws/install/launch_param_builder:/home/nghiaphanbk/WeldingRobot_ws/install/Model_Robot:/home/nghiaphanbk/ros2_ws/install/my_robot_controller:/opt/ros/humble /usr/bin/cmake /home/nghiaphanbk/WeldingRobot_ws/src/rosparam_shortcuts -DCMAKE_INSTALL_PREFIX=/home/nghiaphanbk/WeldingRobot_ws/install/rosparam_shortcuts
[0.836s] -- Found ament_cmake: 1.3.5 (/opt/ros/humble/share/ament_cmake/cmake)
[1.008s] -- Found eigen3_cmake_module: 0.1.1 (/opt/ros/humble/share/eigen3_cmake_module/cmake)
[1.011s] -- Found geometry_msgs: 4.2.3 (/opt/ros/humble/share/geometry_msgs/cmake)
[1.033s] -- Found rosidl_generator_c: 3.1.5 (/opt/ros/humble/share/rosidl_generator_c/cmake)
[1.035s] -- Found rosidl_adapter: 3.1.5 (/opt/ros/humble/share/rosidl_adapter/cmake)
[1.040s] -- Found rosidl_generator_cpp: 3.1.5 (/opt/ros/humble/share/rosidl_generator_cpp/cmake)
[1.051s] -- Using all available rosidl_typesupport_c: rosidl_typesupport_fastrtps_c;rosidl_typesupport_introspection_c
[1.067s] -- Using all available rosidl_typesupport_cpp: rosidl_typesupport_fastrtps_cpp;rosidl_typesupport_introspection_cpp
[1.181s] -- Found rclcpp: 16.0.6 (/opt/ros/humble/share/rclcpp/cmake)
[1.245s] -- Found rmw_implementation_cmake: 6.1.1 (/opt/ros/humble/share/rmw_implementation_cmake/cmake)
[1.248s] -- Found rmw_fastrtps_cpp: 6.2.4 (/opt/ros/humble/share/rmw_fastrtps_cpp/cmake)
[1.366s] -- Using RMW implementation 'rmw_fastrtps_cpp' as default
[1.495s] -- Found tf2_eigen: 0.25.4 (/opt/ros/humble/share/tf2_eigen/cmake)
[1.837s] -- Found ament_lint_auto: 0.12.8 (/opt/ros/humble/share/ament_lint_auto/cmake)
[1.837s] -- Found ament_cmake_gtest: 1.3.5 (/opt/ros/humble/share/ament_cmake_gtest/cmake)
[1.838s] -- Found ros_testing: 0.4.0 (/opt/ros/humble/share/ros_testing/cmake)
[1.839s] -- Found launch_testing_ament_cmake: 1.0.4 (/opt/ros/humble/share/launch_testing_ament_cmake/cmake)
[1.839s] -- Found python_cmake_module: 0.10.0 (/opt/ros/humble/share/python_cmake_module/cmake)
[1.860s] -- Using PYTHON_EXECUTABLE: /usr/bin/python3
[1.860s] -- Using PYTHON_INCLUDE_DIRS: /usr/include/python3.10
[1.860s] -- Using PYTHON_LIBRARIES: /usr/lib/x86_64-linux-gnu/libpython3.10.so
[1.917s] -- Found gtest sources under '/opt/ros/humble/src/gtest_vendor': C++ tests using 'Google Test' will be built
[1.929s] -- Added test 'copyright' to check source files copyright and LICENSE
[1.930s] -- Added test 'lint_cmake' to check CMake code style
[1.930s] -- Added test 'pep257' to check Python code against some of the docstring style conventions in PEP 257
[1.931s] -- Added test 'xmllint' to check XML markup files
[1.932s] -- Configuring done
[1.961s] -- Generating done
[1.962s] -- Build files have been written to: /home/nghiaphanbk/WeldingRobot_ws/build/rosparam_shortcuts
[2.038s] Invoked command in '/home/nghiaphanbk/WeldingRobot_ws/build/rosparam_shortcuts' returned '0': CMAKE_PREFIX_PATH=${CMAKE_PREFIX_PATH}:/home/nghiaphanbk/WeldingRobot_ws/install/moveit_configs_utils:/home/nghiaphanbk/WeldingRobot_ws/install/launch_param_builder:/home/nghiaphanbk/WeldingRobot_ws/install/Model_Robot:/home/nghiaphanbk/ros2_ws/install/my_robot_controller:/opt/ros/humble /usr/bin/cmake /home/nghiaphanbk/WeldingRobot_ws/src/rosparam_shortcuts -DCMAKE_INSTALL_PREFIX=/home/nghiaphanbk/WeldingRobot_ws/install/rosparam_shortcuts
[2.040s] Invoking command in '/home/nghiaphanbk/WeldingRobot_ws/build/rosparam_shortcuts': CMAKE_PREFIX_PATH=${CMAKE_PREFIX_PATH}:/home/nghiaphanbk/WeldingRobot_ws/install/moveit_configs_utils:/home/nghiaphanbk/WeldingRobot_ws/install/launch_param_builder:/home/nghiaphanbk/WeldingRobot_ws/install/Model_Robot:/home/nghiaphanbk/ros2_ws/install/my_robot_controller:/opt/ros/humble /usr/bin/cmake --build /home/nghiaphanbk/WeldingRobot_ws/build/rosparam_shortcuts -- -j12 -l12
[2.102s] [35m[1mConsolidate compiler generated dependencies of target gtest[0m
[2.103s] [35m[1mConsolidate compiler generated dependencies of target gtest_main[0m
[2.103s] [35m[1mConsolidate compiler generated dependencies of target rosparam_shortcuts[0m
[2.103s] [ 15%] Built target gtest
[2.103s] [ 30%] Built target gtest_main
[2.126s] [ 53%] Built target rosparam_shortcuts
[2.136s] [35m[1mConsolidate compiler generated dependencies of target rosparam_shortcuts_example[0m
[2.141s] [35m[1mConsolidate compiler generated dependencies of target test_node_parameters[0m
[2.141s] [35m[1mConsolidate compiler generated dependencies of target rosparam_shortcuts_node_parameters_example[0m
[2.161s] [ 69%] Built target rosparam_shortcuts_example
[2.164s] [ 84%] Built target rosparam_shortcuts_node_parameters_example
[2.168s] [100%] Built target test_node_parameters
[2.315s] Invoked command in '/home/nghiaphanbk/WeldingRobot_ws/build/rosparam_shortcuts' returned '0': CMAKE_PREFIX_PATH=${CMAKE_PREFIX_PATH}:/home/nghiaphanbk/WeldingRobot_ws/install/moveit_configs_utils:/home/nghiaphanbk/WeldingRobot_ws/install/launch_param_builder:/home/nghiaphanbk/WeldingRobot_ws/install/Model_Robot:/home/nghiaphanbk/ros2_ws/install/my_robot_controller:/opt/ros/humble /usr/bin/cmake --build /home/nghiaphanbk/WeldingRobot_ws/build/rosparam_shortcuts -- -j12 -l12
[2.691s] Invoking command in '/home/nghiaphanbk/WeldingRobot_ws/build/rosparam_shortcuts': CMAKE_PREFIX_PATH=${CMAKE_PREFIX_PATH}:/home/nghiaphanbk/WeldingRobot_ws/install/moveit_configs_utils:/home/nghiaphanbk/WeldingRobot_ws/install/launch_param_builder:/home/nghiaphanbk/WeldingRobot_ws/install/Model_Robot:/home/nghiaphanbk/ros2_ws/install/my_robot_controller:/opt/ros/humble /usr/bin/cmake --install /home/nghiaphanbk/WeldingRobot_ws/build/rosparam_shortcuts
[2.697s] -- Install configuration: "Release"
[2.697s] -- Up-to-date: /home/nghiaphanbk/WeldingRobot_ws/install/rosparam_shortcuts/lib/librosparam_shortcuts.so
[2.698s] -- Up-to-date: /home/nghiaphanbk/WeldingRobot_ws/install/rosparam_shortcuts/lib/rosparam_shortcuts/example
[2.698s] -- Up-to-date: /home/nghiaphanbk/WeldingRobot_ws/install/rosparam_shortcuts/lib/rosparam_shortcuts/node_parameters_example
[2.699s] -- Up-to-date: /home/nghiaphanbk/WeldingRobot_ws/install/rosparam_shortcuts/include
[2.699s] -- Up-to-date: /home/nghiaphanbk/WeldingRobot_ws/install/rosparam_shortcuts/include/rosparam_shortcuts
[2.699s] -- Up-to-date: /home/nghiaphanbk/WeldingRobot_ws/install/rosparam_shortcuts/include/rosparam_shortcuts/node_parameters.h
[2.699s] -- Up-to-date: /home/nghiaphanbk/WeldingRobot_ws/install/rosparam_shortcuts/include/rosparam_shortcuts/rosparam_shortcuts.h
[2.699s] -- Up-to-date: /home/nghiaphanbk/WeldingRobot_ws/install/rosparam_shortcuts/share/rosparam_shortcuts/launch
[2.699s] -- Up-to-date: /home/nghiaphanbk/WeldingRobot_ws/install/rosparam_shortcuts/share/rosparam_shortcuts/launch/example.launch.py
[2.699s] -- Up-to-date: /home/nghiaphanbk/WeldingRobot_ws/install/rosparam_shortcuts/share/rosparam_shortcuts/config
[2.699s] -- Up-to-date: /home/nghiaphanbk/WeldingRobot_ws/install/rosparam_shortcuts/share/rosparam_shortcuts/config/example.yaml
[2.699s] -- Up-to-date: /home/nghiaphanbk/WeldingRobot_ws/install/rosparam_shortcuts/share/rosparam_shortcuts/environment/library_path.sh
[2.700s] -- Installing: /home/nghiaphanbk/WeldingRobot_ws/install/rosparam_shortcuts/share/rosparam_shortcuts/environment/library_path.dsv
[2.700s] -- Up-to-date: /home/nghiaphanbk/WeldingRobot_ws/install/rosparam_shortcuts/share/ament_index/resource_index/package_run_dependencies/rosparam_shortcuts
[2.700s] -- Installing: /home/nghiaphanbk/WeldingRobot_ws/install/rosparam_shortcuts/share/ament_index/resource_index/parent_prefix_path/rosparam_shortcuts
[2.700s] -- Up-to-date: /home/nghiaphanbk/WeldingRobot_ws/install/rosparam_shortcuts/share/rosparam_shortcuts/environment/ament_prefix_path.sh
[2.700s] -- Installing: /home/nghiaphanbk/WeldingRobot_ws/install/rosparam_shortcuts/share/rosparam_shortcuts/environment/ament_prefix_path.dsv
[2.700s] -- Up-to-date: /home/nghiaphanbk/WeldingRobot_ws/install/rosparam_shortcuts/share/rosparam_shortcuts/environment/path.sh
[2.700s] -- Installing: /home/nghiaphanbk/WeldingRobot_ws/install/rosparam_shortcuts/share/rosparam_shortcuts/environment/path.dsv
[2.700s] -- Up-to-date: /home/nghiaphanbk/WeldingRobot_ws/install/rosparam_shortcuts/share/rosparam_shortcuts/local_setup.bash
[2.701s] -- Up-to-date: /home/nghiaphanbk/WeldingRobot_ws/install/rosparam_shortcuts/share/rosparam_shortcuts/local_setup.sh
[2.701s] -- Up-to-date: /home/nghiaphanbk/WeldingRobot_ws/install/rosparam_shortcuts/share/rosparam_shortcuts/local_setup.zsh
[2.701s] -- Installing: /home/nghiaphanbk/WeldingRobot_ws/install/rosparam_shortcuts/share/rosparam_shortcuts/local_setup.dsv
[2.701s] -- Installing: /home/nghiaphanbk/WeldingRobot_ws/install/rosparam_shortcuts/share/rosparam_shortcuts/package.dsv
[2.701s] -- Up-to-date: /home/nghiaphanbk/WeldingRobot_ws/install/rosparam_shortcuts/share/ament_index/resource_index/packages/rosparam_shortcuts
[2.701s] -- Up-to-date: /home/nghiaphanbk/WeldingRobot_ws/install/rosparam_shortcuts/share/rosparam_shortcuts/cmake/export_rosparam_shortcutsExport.cmake
[2.701s] -- Up-to-date: /home/nghiaphanbk/WeldingRobot_ws/install/rosparam_shortcuts/share/rosparam_shortcuts/cmake/export_rosparam_shortcutsExport-release.cmake
[2.701s] -- Up-to-date: /home/nghiaphanbk/WeldingRobot_ws/install/rosparam_shortcuts/share/rosparam_shortcuts/cmake/ament_cmake_export_targets-extras.cmake
[2.701s] -- Up-to-date: /home/nghiaphanbk/WeldingRobot_ws/install/rosparam_shortcuts/share/rosparam_shortcuts/cmake/ament_cmake_export_dependencies-extras.cmake
[2.701s] -- Up-to-date: /home/nghiaphanbk/WeldingRobot_ws/install/rosparam_shortcuts/share/rosparam_shortcuts/cmake/rosparam_shortcutsConfig.cmake
[2.702s] -- Up-to-date: /home/nghiaphanbk/WeldingRobot_ws/install/rosparam_shortcuts/share/rosparam_shortcuts/cmake/rosparam_shortcutsConfig-version.cmake
[2.702s] -- Up-to-date: /home/nghiaphanbk/WeldingRobot_ws/install/rosparam_shortcuts/share/rosparam_shortcuts/package.xml
[2.703s] Invoked command in '/home/nghiaphanbk/WeldingRobot_ws/build/rosparam_shortcuts' returned '0': CMAKE_PREFIX_PATH=${CMAKE_PREFIX_PATH}:/home/nghiaphanbk/WeldingRobot_ws/install/moveit_configs_utils:/home/nghiaphanbk/WeldingRobot_ws/install/launch_param_builder:/home/nghiaphanbk/WeldingRobot_ws/install/Model_Robot:/home/nghiaphanbk/ros2_ws/install/my_robot_controller:/opt/ros/humble /usr/bin/cmake --install /home/nghiaphanbk/WeldingRobot_ws/build/rosparam_shortcuts
