[1.134s] Invoking command in '/home/nghiaphanbk/WeldingRobot_ws/src/moveit2/moveit_configs_utils': AMENT_PREFIX_PATH=/home/nghiaphanbk/WeldingRobot_ws/install/srdfdom:/home/nghiaphanbk/WeldingRobot_ws/install/launch_param_builder:${AMENT_PREFIX_PATH} CMAKE_PREFIX_PATH=/home/nghiaphanbk/WeldingRobot_ws/install/srdfdom LD_LIBRARY_PATH=/home/nghiaphanbk/WeldingRobot_ws/install/srdfdom/lib:${LD_LIBRARY_PATH} PYTHONPATH=/home/nghiaphanbk/WeldingRobot_ws/build/moveit_configs_utils/prefix_override:/home/nghiaphanbk/WeldingRobot_ws/install/moveit_configs_utils/lib/python3.10/site-packages:/home/nghiaphanbk/WeldingRobot_ws/install/srdfdom/local/lib/python3.10/dist-packages:/home/nghiaphanbk/WeldingRobot_ws/install/launch_param_builder/lib/python3.10/site-packages:${PYTHONPATH} /usr/bin/python3 setup.py egg_info --egg-base ../../../build/moveit_configs_utils build --build-base /home/nghiaphanbk/WeldingRobot_ws/build/moveit_configs_utils/build install --record /home/nghiaphanbk/WeldingRobot_ws/build/moveit_configs_utils/install.log --single-version-externally-managed
[1.385s] running egg_info
[1.386s] writing ../../../build/moveit_configs_utils/moveit_configs_utils.egg-info/PKG-INFO
[1.386s] writing dependency_links to ../../../build/moveit_configs_utils/moveit_configs_utils.egg-info/dependency_links.txt
[1.386s] writing entry points to ../../../build/moveit_configs_utils/moveit_configs_utils.egg-info/entry_points.txt
[1.386s] writing requirements to ../../../build/moveit_configs_utils/moveit_configs_utils.egg-info/requires.txt
[1.386s] writing top-level names to ../../../build/moveit_configs_utils/moveit_configs_utils.egg-info/top_level.txt
[1.388s] reading manifest file '../../../build/moveit_configs_utils/moveit_configs_utils.egg-info/SOURCES.txt'
[1.389s] writing manifest file '../../../build/moveit_configs_utils/moveit_configs_utils.egg-info/SOURCES.txt'
[1.389s] running build
[1.389s] running build_py
[1.389s] copying moveit_configs_utils/launches.py -> /home/nghiaphanbk/WeldingRobot_ws/build/moveit_configs_utils/build/lib/moveit_configs_utils
[1.389s] copying moveit_configs_utils/launch_utils.py -> /home/nghiaphanbk/WeldingRobot_ws/build/moveit_configs_utils/build/lib/moveit_configs_utils
[1.390s] copying moveit_configs_utils/moveit_configs_builder.py -> /home/nghiaphanbk/WeldingRobot_ws/build/moveit_configs_utils/build/lib/moveit_configs_utils
[1.390s] copying moveit_configs_utils/__init__.py -> /home/nghiaphanbk/WeldingRobot_ws/build/moveit_configs_utils/build/lib/moveit_configs_utils
[1.390s] copying moveit_configs_utils/substitutions/__init__.py -> /home/nghiaphanbk/WeldingRobot_ws/build/moveit_configs_utils/build/lib/moveit_configs_utils/substitutions
[1.390s] copying moveit_configs_utils/substitutions/xacro.py -> /home/nghiaphanbk/WeldingRobot_ws/build/moveit_configs_utils/build/lib/moveit_configs_utils/substitutions
[1.390s] running install
[1.390s] running install_lib
[1.391s] copying /home/nghiaphanbk/WeldingRobot_ws/build/moveit_configs_utils/build/lib/moveit_configs_utils/launches.py -> /home/nghiaphanbk/WeldingRobot_ws/install/moveit_configs_utils/lib/python3.10/site-packages/moveit_configs_utils
[1.391s] copying /home/nghiaphanbk/WeldingRobot_ws/build/moveit_configs_utils/build/lib/moveit_configs_utils/launch_utils.py -> /home/nghiaphanbk/WeldingRobot_ws/install/moveit_configs_utils/lib/python3.10/site-packages/moveit_configs_utils
[1.391s] copying /home/nghiaphanbk/WeldingRobot_ws/build/moveit_configs_utils/build/lib/moveit_configs_utils/moveit_configs_builder.py -> /home/nghiaphanbk/WeldingRobot_ws/install/moveit_configs_utils/lib/python3.10/site-packages/moveit_configs_utils
[1.391s] copying /home/nghiaphanbk/WeldingRobot_ws/build/moveit_configs_utils/build/lib/moveit_configs_utils/substitutions/__init__.py -> /home/nghiaphanbk/WeldingRobot_ws/install/moveit_configs_utils/lib/python3.10/site-packages/moveit_configs_utils/substitutions
[1.391s] copying /home/nghiaphanbk/WeldingRobot_ws/build/moveit_configs_utils/build/lib/moveit_configs_utils/substitutions/xacro.py -> /home/nghiaphanbk/WeldingRobot_ws/install/moveit_configs_utils/lib/python3.10/site-packages/moveit_configs_utils/substitutions
[1.391s] copying /home/nghiaphanbk/WeldingRobot_ws/build/moveit_configs_utils/build/lib/moveit_configs_utils/__init__.py -> /home/nghiaphanbk/WeldingRobot_ws/install/moveit_configs_utils/lib/python3.10/site-packages/moveit_configs_utils
[1.392s] byte-compiling /home/nghiaphanbk/WeldingRobot_ws/install/moveit_configs_utils/lib/python3.10/site-packages/moveit_configs_utils/launches.py to launches.cpython-310.pyc
[1.393s] byte-compiling /home/nghiaphanbk/WeldingRobot_ws/install/moveit_configs_utils/lib/python3.10/site-packages/moveit_configs_utils/launch_utils.py to launch_utils.cpython-310.pyc
[1.394s] byte-compiling /home/nghiaphanbk/WeldingRobot_ws/install/moveit_configs_utils/lib/python3.10/site-packages/moveit_configs_utils/moveit_configs_builder.py to moveit_configs_builder.cpython-310.pyc
[1.396s] byte-compiling /home/nghiaphanbk/WeldingRobot_ws/install/moveit_configs_utils/lib/python3.10/site-packages/moveit_configs_utils/substitutions/__init__.py to __init__.cpython-310.pyc
[1.396s] byte-compiling /home/nghiaphanbk/WeldingRobot_ws/install/moveit_configs_utils/lib/python3.10/site-packages/moveit_configs_utils/substitutions/xacro.py to xacro.cpython-310.pyc
[1.396s] byte-compiling /home/nghiaphanbk/WeldingRobot_ws/install/moveit_configs_utils/lib/python3.10/site-packages/moveit_configs_utils/__init__.py to __init__.cpython-310.pyc
[1.397s] running install_data
[1.397s] copying resource/moveit_configs_utils -> /home/nghiaphanbk/WeldingRobot_ws/install/moveit_configs_utils/share/ament_index/resource_index/packages
[1.397s] copying package.xml -> /home/nghiaphanbk/WeldingRobot_ws/install/moveit_configs_utils/share/moveit_configs_utils
[1.397s] copying default_configs/chomp_planning.yaml -> /home/nghiaphanbk/WeldingRobot_ws/install/moveit_configs_utils/share/moveit_configs_utils/default_configs
[1.397s] copying default_configs/pilz_industrial_motion_planner_planning.yaml -> /home/nghiaphanbk/WeldingRobot_ws/install/moveit_configs_utils/share/moveit_configs_utils/default_configs
[1.398s] copying default_configs/ompl_planning.yaml -> /home/nghiaphanbk/WeldingRobot_ws/install/moveit_configs_utils/share/moveit_configs_utils/default_configs
[1.398s] copying default_configs/ompl_defaults.yaml -> /home/nghiaphanbk/WeldingRobot_ws/install/moveit_configs_utils/share/moveit_configs_utils/default_configs
[1.398s] running install_egg_info
[1.399s] Copying ../../../build/moveit_configs_utils/moveit_configs_utils.egg-info to /home/nghiaphanbk/WeldingRobot_ws/install/moveit_configs_utils/lib/python3.10/site-packages/moveit_configs_utils-2.5.5-py3.10.egg-info
[1.400s] running install_scripts
[1.418s] writing list of installed files to '/home/nghiaphanbk/WeldingRobot_ws/build/moveit_configs_utils/install.log'
[1.456s] Invoked command in '/home/nghiaphanbk/WeldingRobot_ws/src/moveit2/moveit_configs_utils' returned '0': AMENT_PREFIX_PATH=/home/nghiaphanbk/WeldingRobot_ws/install/srdfdom:/home/nghiaphanbk/WeldingRobot_ws/install/launch_param_builder:${AMENT_PREFIX_PATH} CMAKE_PREFIX_PATH=/home/nghiaphanbk/WeldingRobot_ws/install/srdfdom LD_LIBRARY_PATH=/home/nghiaphanbk/WeldingRobot_ws/install/srdfdom/lib:${LD_LIBRARY_PATH} PYTHONPATH=/home/nghiaphanbk/WeldingRobot_ws/build/moveit_configs_utils/prefix_override:/home/nghiaphanbk/WeldingRobot_ws/install/moveit_configs_utils/lib/python3.10/site-packages:/home/nghiaphanbk/WeldingRobot_ws/install/srdfdom/local/lib/python3.10/dist-packages:/home/nghiaphanbk/WeldingRobot_ws/install/launch_param_builder/lib/python3.10/site-packages:${PYTHONPATH} /usr/bin/python3 setup.py egg_info --egg-base ../../../build/moveit_configs_utils build --build-base /home/nghiaphanbk/WeldingRobot_ws/build/moveit_configs_utils/build install --record /home/nghiaphanbk/WeldingRobot_ws/build/moveit_configs_utils/install.log --single-version-externally-managed
