[1.274s] Invoking command in '/home/nghiaphanbk/WeldingRobot_ws/src/moveit2/moveit_configs_utils': AMENT_PREFIX_PATH=/home/nghiaphanbk/WeldingRobot_ws/install/srdfdom:/home/nghiaphanbk/WeldingRobot_ws/install/launch_param_builder:${AMENT_PREFIX_PATH} CMAKE_PREFIX_PATH=/home/nghiaphanbk/WeldingRobot_ws/install/srdfdom LD_LIBRARY_PATH=/home/nghiaphanbk/WeldingRobot_ws/install/srdfdom/lib:${LD_LIBRARY_PATH} PYTHONPATH=/home/nghiaphanbk/WeldingRobot_ws/build/moveit_configs_utils/prefix_override:/home/nghiaphanbk/WeldingRobot_ws/install/moveit_configs_utils/lib/python3.10/site-packages:/home/nghiaphanbk/WeldingRobot_ws/install/srdfdom/local/lib/python3.10/dist-packages:/home/nghiaphanbk/WeldingRobot_ws/install/launch_param_builder/lib/python3.10/site-packages:${PYTHONPATH} /usr/bin/python3 setup.py egg_info --egg-base ../../../build/moveit_configs_utils build --build-base /home/nghiaphanbk/WeldingRobot_ws/build/moveit_configs_utils/build install --record /home/nghiaphanbk/WeldingRobot_ws/build/moveit_configs_utils/install.log --single-version-externally-managed
[1.492s] running egg_info
[1.492s] writing ../../../build/moveit_configs_utils/moveit_configs_utils.egg-info/PKG-INFO
[1.492s] writing dependency_links to ../../../build/moveit_configs_utils/moveit_configs_utils.egg-info/dependency_links.txt
[1.492s] writing entry points to ../../../build/moveit_configs_utils/moveit_configs_utils.egg-info/entry_points.txt
[1.493s] writing requirements to ../../../build/moveit_configs_utils/moveit_configs_utils.egg-info/requires.txt
[1.493s] writing top-level names to ../../../build/moveit_configs_utils/moveit_configs_utils.egg-info/top_level.txt
[1.494s] reading manifest file '../../../build/moveit_configs_utils/moveit_configs_utils.egg-info/SOURCES.txt'
[1.495s] writing manifest file '../../../build/moveit_configs_utils/moveit_configs_utils.egg-info/SOURCES.txt'
[1.495s] running build
[1.495s] running build_py
[1.496s] running install
[1.496s] running install_lib
[1.497s] running install_data
[1.498s] running install_egg_info
[1.499s] removing '/home/nghiaphanbk/WeldingRobot_ws/install/moveit_configs_utils/lib/python3.10/site-packages/moveit_configs_utils-2.5.5-py3.10.egg-info' (and everything under it)
[1.499s] Copying ../../../build/moveit_configs_utils/moveit_configs_utils.egg-info to /home/nghiaphanbk/WeldingRobot_ws/install/moveit_configs_utils/lib/python3.10/site-packages/moveit_configs_utils-2.5.5-py3.10.egg-info
[1.500s] running install_scripts
[1.515s] writing list of installed files to '/home/nghiaphanbk/WeldingRobot_ws/build/moveit_configs_utils/install.log'
[1.533s] Invoked command in '/home/nghiaphanbk/WeldingRobot_ws/src/moveit2/moveit_configs_utils' returned '0': AMENT_PREFIX_PATH=/home/nghiaphanbk/WeldingRobot_ws/install/srdfdom:/home/nghiaphanbk/WeldingRobot_ws/install/launch_param_builder:${AMENT_PREFIX_PATH} CMAKE_PREFIX_PATH=/home/nghiaphanbk/WeldingRobot_ws/install/srdfdom LD_LIBRARY_PATH=/home/nghiaphanbk/WeldingRobot_ws/install/srdfdom/lib:${LD_LIBRARY_PATH} PYTHONPATH=/home/nghiaphanbk/WeldingRobot_ws/build/moveit_configs_utils/prefix_override:/home/nghiaphanbk/WeldingRobot_ws/install/moveit_configs_utils/lib/python3.10/site-packages:/home/nghiaphanbk/WeldingRobot_ws/install/srdfdom/local/lib/python3.10/dist-packages:/home/nghiaphanbk/WeldingRobot_ws/install/launch_param_builder/lib/python3.10/site-packages:${PYTHONPATH} /usr/bin/python3 setup.py egg_info --egg-base ../../../build/moveit_configs_utils build --build-base /home/nghiaphanbk/WeldingRobot_ws/build/moveit_configs_utils/build install --record /home/nghiaphanbk/WeldingRobot_ws/build/moveit_configs_utils/install.log --single-version-externally-managed
