[0.174s] Invoking command in '/home/nghiaphanbk/WeldingRobot_ws/build/chomp_motion_planner': AMENT_PREFIX_PATH=/home/nghiaphanbk/WeldingRobot_ws/install/moveit_core:/home/nghiaphanbk/WeldingRobot_ws/install/srdfdom:/home/nghiaphanbk/WeldingRobot_ws/install/moveit_common:${AMENT_PREFIX_PATH} CMAKE_PREFIX_PATH=/home/nghiaphanbk/WeldingRobot_ws/install/moveit_core:/home/nghiaphanbk/WeldingRobot_ws/install/srdfdom:/home/nghiaphanbk/WeldingRobot_ws/install/moveit_common:/home/nghiaphanbk/WeldingRobot_ws/install/Model_Robot:/home/nghiaphanbk/ros2_ws/install/my_robot_controller:/opt/ros/humble LD_LIBRARY_PATH=/home/nghiaphanbk/WeldingRobot_ws/install/moveit_core/lib:/home/nghiaphanbk/WeldingRobot_ws/install/srdfdom/lib:${LD_LIBRARY_PATH} PATH=/home/nghiaphanbk/WeldingRobot_ws/install/moveit_core/bin:${PATH} PYTHONPATH=/home/nghiaphanbk/WeldingRobot_ws/install/srdfdom/local/lib/python3.10/dist-packages:${PYTHONPATH} /usr/bin/cmake /home/nghiaphanbk/WeldingRobot_ws/src/moveit2/moveit_planners/chomp/chomp_motion_planner -DCMAKE_BUILD_TYPE=Release -DCMAKE_INSTALL_PREFIX=/home/nghiaphanbk/WeldingRobot_ws/install/chomp_motion_planner
[0.235s] -- The C compiler identification is GNU 11.4.0
[0.287s] -- The CXX compiler identification is GNU 11.4.0
[0.295s] -- Detecting C compiler ABI info
[0.356s] -- Detecting C compiler ABI info - done
[0.368s] -- Check for working C compiler: /usr/bin/cc - skipped
[0.368s] -- Detecting C compile features
[0.369s] -- Detecting C compile features - done
[0.372s] -- Detecting CXX compiler ABI info
[0.436s] -- Detecting CXX compiler ABI info - done
[0.443s] -- Check for working CXX compiler: /usr/bin/c++ - skipped
[0.443s] -- Detecting CXX compile features
[0.444s] -- Detecting CXX compile features - done
[0.445s] -- Found moveit_common: 2.5.5 (/home/nghiaphanbk/WeldingRobot_ws/install/moveit_common/share/moveit_common/cmake)
[0.450s] -- Found ament_cmake: 1.3.5 (/opt/ros/humble/share/ament_cmake/cmake)
[0.642s] -- Found Python3: /usr/bin/python3.10 (found version "3.10.12") found components: Interpreter 
[0.822s] -- Found libdw: /usr/lib/x86_64-linux-gnu/libdw.so  
[0.828s] -- Could NOT find libbfd (missing: LIBBFD_LIBRARY LIBBFD_INCLUDE_DIR) 
[0.828s] -- BACKWARD_HAS_UNWIND=1
[0.828s] -- BACKWARD_HAS_BACKTRACE=0
[0.829s] -- BACKWARD_HAS_BACKTRACE_SYMBOL=0
[0.829s] -- BACKWARD_HAS_DW=1
[0.829s] -- BACKWARD_HAS_BFD=0
[0.829s] -- Found Backward: /opt/ros/humble/share/backward_ros/cmake  
[0.830s] -- Found moveit_core: 2.5.5 (/home/nghiaphanbk/WeldingRobot_ws/install/moveit_core/share/moveit_core/cmake)
[1.046s] -- Found Boost: /usr/lib/x86_64-linux-gnu/cmake/Boost-1.74.0/BoostConfig.cmake (found version "1.74.0") found components: chrono date_time filesystem iostreams program_options regex serialization system thread 
[1.089s] -- Found parameter_traits: 0.3.6 (/opt/ros/humble/share/parameter_traits/cmake)
[1.125s] -- Found rosidl_generator_c: 3.1.5 (/opt/ros/humble/share/rosidl_generator_c/cmake)
[1.130s] -- Found rosidl_adapter: 3.1.5 (/opt/ros/humble/share/rosidl_adapter/cmake)
[1.138s] -- Found rosidl_generator_cpp: 3.1.5 (/opt/ros/humble/share/rosidl_generator_cpp/cmake)
[1.151s] -- Using all available rosidl_typesupport_c: rosidl_typesupport_fastrtps_c;rosidl_typesupport_introspection_c
[1.171s] -- Using all available rosidl_typesupport_cpp: rosidl_typesupport_fastrtps_cpp;rosidl_typesupport_introspection_cpp
[1.256s] -- Found rmw_implementation_cmake: 6.1.1 (/opt/ros/humble/share/rmw_implementation_cmake/cmake)
[1.260s] -- Found rmw_fastrtps_cpp: 6.2.4 (/opt/ros/humble/share/rmw_fastrtps_cpp/cmake)
[1.356s] -- Found OpenSSL: /usr/lib/x86_64-linux-gnu/libcrypto.so (found version "3.0.2")  
[1.383s] -- Found FastRTPS: /opt/ros/humble/include  
[1.442s] -- Using RMW implementation 'rmw_fastrtps_cpp' as default
[1.451s] -- Found Threads: TRUE  
[1.634s] -- Found rclcpp_lifecycle: 16.0.6 (/opt/ros/humble/share/rclcpp_lifecycle/cmake)
[1.683s] -- Found Boost: /usr/lib/x86_64-linux-gnu/cmake/Boost-1.74.0/BoostConfig.cmake (found version "1.74.0") found components: filesystem 
[1.814s] -- library: /usr/lib/x86_64-linux-gnu/libcurl.so
[2.170s] -- Found Eigen3: TRUE (found version "3.4.0") 
[2.170s] -- Ensuring Eigen3 include directory is part of orocos-kdl CMake target
[3.428s] -- Found ament_lint_auto: 0.12.8 (/opt/ros/humble/share/ament_lint_auto/cmake)
[3.443s] -- Added test 'cppcheck' to perform static code analysis on C / C++ code
[3.443s] -- Configured cppcheck include dirs: /home/nghiaphanbk/WeldingRobot_ws/src/moveit2/moveit_planners/chomp/chomp_motion_planner/include
[3.443s] -- Configured cppcheck exclude dirs and/or files: 
[3.444s] -- Added test 'xmllint' to check XML markup files
[3.446s] -- Configuring done
[3.472s] -- Generating done
[3.474s] -- Build files have been written to: /home/nghiaphanbk/WeldingRobot_ws/build/chomp_motion_planner
[3.486s] Invoked command in '/home/nghiaphanbk/WeldingRobot_ws/build/chomp_motion_planner' returned '0': AMENT_PREFIX_PATH=/home/nghiaphanbk/WeldingRobot_ws/install/moveit_core:/home/nghiaphanbk/WeldingRobot_ws/install/srdfdom:/home/nghiaphanbk/WeldingRobot_ws/install/moveit_common:${AMENT_PREFIX_PATH} CMAKE_PREFIX_PATH=/home/nghiaphanbk/WeldingRobot_ws/install/moveit_core:/home/nghiaphanbk/WeldingRobot_ws/install/srdfdom:/home/nghiaphanbk/WeldingRobot_ws/install/moveit_common:/home/nghiaphanbk/WeldingRobot_ws/install/Model_Robot:/home/nghiaphanbk/ros2_ws/install/my_robot_controller:/opt/ros/humble LD_LIBRARY_PATH=/home/nghiaphanbk/WeldingRobot_ws/install/moveit_core/lib:/home/nghiaphanbk/WeldingRobot_ws/install/srdfdom/lib:${LD_LIBRARY_PATH} PATH=/home/nghiaphanbk/WeldingRobot_ws/install/moveit_core/bin:${PATH} PYTHONPATH=/home/nghiaphanbk/WeldingRobot_ws/install/srdfdom/local/lib/python3.10/dist-packages:${PYTHONPATH} /usr/bin/cmake /home/nghiaphanbk/WeldingRobot_ws/src/moveit2/moveit_planners/chomp/chomp_motion_planner -DCMAKE_BUILD_TYPE=Release -DCMAKE_INSTALL_PREFIX=/home/nghiaphanbk/WeldingRobot_ws/install/chomp_motion_planner
[3.487s] Invoking command in '/home/nghiaphanbk/WeldingRobot_ws/build/chomp_motion_planner': AMENT_PREFIX_PATH=/home/nghiaphanbk/WeldingRobot_ws/install/moveit_core:/home/nghiaphanbk/WeldingRobot_ws/install/srdfdom:/home/nghiaphanbk/WeldingRobot_ws/install/moveit_common:${AMENT_PREFIX_PATH} CMAKE_PREFIX_PATH=/home/nghiaphanbk/WeldingRobot_ws/install/moveit_core:/home/nghiaphanbk/WeldingRobot_ws/install/srdfdom:/home/nghiaphanbk/WeldingRobot_ws/install/moveit_common:/home/nghiaphanbk/WeldingRobot_ws/install/Model_Robot:/home/nghiaphanbk/ros2_ws/install/my_robot_controller:/opt/ros/humble LD_LIBRARY_PATH=/home/nghiaphanbk/WeldingRobot_ws/install/moveit_core/lib:/home/nghiaphanbk/WeldingRobot_ws/install/srdfdom/lib:${LD_LIBRARY_PATH} PATH=/home/nghiaphanbk/WeldingRobot_ws/install/moveit_core/bin:${PATH} PYTHONPATH=/home/nghiaphanbk/WeldingRobot_ws/install/srdfdom/local/lib/python3.10/dist-packages:${PYTHONPATH} /usr/bin/cmake --build /home/nghiaphanbk/WeldingRobot_ws/build/chomp_motion_planner -- -j12 -l12
[3.539s] [ 16%] [32mBuilding CXX object CMakeFiles/chomp_motion_planner.dir/src/chomp_planner.cpp.o[0m
[3.540s] [ 33%] [32mBuilding CXX object CMakeFiles/chomp_motion_planner.dir/src/chomp_cost.cpp.o[0m
[3.540s] [ 50%] [32mBuilding CXX object CMakeFiles/chomp_motion_planner.dir/src/chomp_parameters.cpp.o[0m
[3.540s] [ 66%] [32mBuilding CXX object CMakeFiles/chomp_motion_planner.dir/src/chomp_trajectory.cpp.o[0m
[3.540s] [ 83%] [32mBuilding CXX object CMakeFiles/chomp_motion_planner.dir/src/chomp_optimizer.cpp.o[0m
[34.054s] [100%] [32m[1mLinking CXX shared library libchomp_motion_planner.so[0m
[34.271s] [100%] Built target chomp_motion_planner
[34.283s] Invoked command in '/home/nghiaphanbk/WeldingRobot_ws/build/chomp_motion_planner' returned '0': AMENT_PREFIX_PATH=/home/nghiaphanbk/WeldingRobot_ws/install/moveit_core:/home/nghiaphanbk/WeldingRobot_ws/install/srdfdom:/home/nghiaphanbk/WeldingRobot_ws/install/moveit_common:${AMENT_PREFIX_PATH} CMAKE_PREFIX_PATH=/home/nghiaphanbk/WeldingRobot_ws/install/moveit_core:/home/nghiaphanbk/WeldingRobot_ws/install/srdfdom:/home/nghiaphanbk/WeldingRobot_ws/install/moveit_common:/home/nghiaphanbk/WeldingRobot_ws/install/Model_Robot:/home/nghiaphanbk/ros2_ws/install/my_robot_controller:/opt/ros/humble LD_LIBRARY_PATH=/home/nghiaphanbk/WeldingRobot_ws/install/moveit_core/lib:/home/nghiaphanbk/WeldingRobot_ws/install/srdfdom/lib:${LD_LIBRARY_PATH} PATH=/home/nghiaphanbk/WeldingRobot_ws/install/moveit_core/bin:${PATH} PYTHONPATH=/home/nghiaphanbk/WeldingRobot_ws/install/srdfdom/local/lib/python3.10/dist-packages:${PYTHONPATH} /usr/bin/cmake --build /home/nghiaphanbk/WeldingRobot_ws/build/chomp_motion_planner -- -j12 -l12
[34.311s] Invoking command in '/home/nghiaphanbk/WeldingRobot_ws/build/chomp_motion_planner': AMENT_PREFIX_PATH=/home/nghiaphanbk/WeldingRobot_ws/install/moveit_core:/home/nghiaphanbk/WeldingRobot_ws/install/srdfdom:/home/nghiaphanbk/WeldingRobot_ws/install/moveit_common:${AMENT_PREFIX_PATH} CMAKE_PREFIX_PATH=/home/nghiaphanbk/WeldingRobot_ws/install/moveit_core:/home/nghiaphanbk/WeldingRobot_ws/install/srdfdom:/home/nghiaphanbk/WeldingRobot_ws/install/moveit_common:/home/nghiaphanbk/WeldingRobot_ws/install/Model_Robot:/home/nghiaphanbk/ros2_ws/install/my_robot_controller:/opt/ros/humble LD_LIBRARY_PATH=/home/nghiaphanbk/WeldingRobot_ws/install/moveit_core/lib:/home/nghiaphanbk/WeldingRobot_ws/install/srdfdom/lib:${LD_LIBRARY_PATH} PATH=/home/nghiaphanbk/WeldingRobot_ws/install/moveit_core/bin:${PATH} PYTHONPATH=/home/nghiaphanbk/WeldingRobot_ws/install/srdfdom/local/lib/python3.10/dist-packages:${PYTHONPATH} /usr/bin/cmake --install /home/nghiaphanbk/WeldingRobot_ws/build/chomp_motion_planner
[34.318s] -- Install configuration: "Release"
[34.318s] -- Installing: /home/nghiaphanbk/WeldingRobot_ws/install/chomp_motion_planner/lib/libchomp_motion_planner.so.2.5.5
[34.318s] -- Set runtime path of "/home/nghiaphanbk/WeldingRobot_ws/install/chomp_motion_planner/lib/libchomp_motion_planner.so.2.5.5" to ""
[34.318s] -- Installing: /home/nghiaphanbk/WeldingRobot_ws/install/chomp_motion_planner/lib/libchomp_motion_planner.so
[34.319s] -- Installing: /home/nghiaphanbk/WeldingRobot_ws/install/chomp_motion_planner/include
[34.319s] -- Installing: /home/nghiaphanbk/WeldingRobot_ws/install/chomp_motion_planner/include/chomp_motion_planner
[34.319s] -- Installing: /home/nghiaphanbk/WeldingRobot_ws/install/chomp_motion_planner/include/chomp_motion_planner/chomp_parameters.h
[34.319s] -- Installing: /home/nghiaphanbk/WeldingRobot_ws/install/chomp_motion_planner/include/chomp_motion_planner/chomp_planner.h
[34.319s] -- Installing: /home/nghiaphanbk/WeldingRobot_ws/install/chomp_motion_planner/include/chomp_motion_planner/chomp_trajectory.h
[34.319s] -- Installing: /home/nghiaphanbk/WeldingRobot_ws/install/chomp_motion_planner/include/chomp_motion_planner/chomp_cost.h
[34.319s] -- Installing: /home/nghiaphanbk/WeldingRobot_ws/install/chomp_motion_planner/include/chomp_motion_planner/multivariate_gaussian.h
[34.319s] -- Installing: /home/nghiaphanbk/WeldingRobot_ws/install/chomp_motion_planner/include/chomp_motion_planner/chomp_utils.h
[34.320s] -- Installing: /home/nghiaphanbk/WeldingRobot_ws/install/chomp_motion_planner/include/chomp_motion_planner/chomp_optimizer.h
[34.320s] -- Installing: /home/nghiaphanbk/WeldingRobot_ws/install/chomp_motion_planner/share/chomp_motion_planner/environment/library_path.sh
[34.320s] -- Installing: /home/nghiaphanbk/WeldingRobot_ws/install/chomp_motion_planner/share/chomp_motion_planner/environment/library_path.dsv
[34.320s] -- Installing: /home/nghiaphanbk/WeldingRobot_ws/install/chomp_motion_planner/share/ament_index/resource_index/package_run_dependencies/chomp_motion_planner
[34.320s] -- Installing: /home/nghiaphanbk/WeldingRobot_ws/install/chomp_motion_planner/share/ament_index/resource_index/parent_prefix_path/chomp_motion_planner
[34.320s] -- Installing: /home/nghiaphanbk/WeldingRobot_ws/install/chomp_motion_planner/share/chomp_motion_planner/environment/ament_prefix_path.sh
[34.320s] -- Installing: /home/nghiaphanbk/WeldingRobot_ws/install/chomp_motion_planner/share/chomp_motion_planner/environment/ament_prefix_path.dsv
[34.320s] -- Installing: /home/nghiaphanbk/WeldingRobot_ws/install/chomp_motion_planner/share/chomp_motion_planner/environment/path.sh
[34.320s] -- Installing: /home/nghiaphanbk/WeldingRobot_ws/install/chomp_motion_planner/share/chomp_motion_planner/environment/path.dsv
[34.321s] -- Installing: /home/nghiaphanbk/WeldingRobot_ws/install/chomp_motion_planner/share/chomp_motion_planner/local_setup.bash
[34.321s] -- Installing: /home/nghiaphanbk/WeldingRobot_ws/install/chomp_motion_planner/share/chomp_motion_planner/local_setup.sh
[34.321s] -- Installing: /home/nghiaphanbk/WeldingRobot_ws/install/chomp_motion_planner/share/chomp_motion_planner/local_setup.zsh
[34.321s] -- Installing: /home/nghiaphanbk/WeldingRobot_ws/install/chomp_motion_planner/share/chomp_motion_planner/local_setup.dsv
[34.321s] -- Installing: /home/nghiaphanbk/WeldingRobot_ws/install/chomp_motion_planner/share/chomp_motion_planner/package.dsv
[34.321s] -- Installing: /home/nghiaphanbk/WeldingRobot_ws/install/chomp_motion_planner/share/ament_index/resource_index/packages/chomp_motion_planner
[34.321s] -- Installing: /home/nghiaphanbk/WeldingRobot_ws/install/chomp_motion_planner/share/chomp_motion_planner/cmake/chomp_motion_plannerTargetsExport.cmake
[34.321s] -- Installing: /home/nghiaphanbk/WeldingRobot_ws/install/chomp_motion_planner/share/chomp_motion_planner/cmake/chomp_motion_plannerTargetsExport-release.cmake
[34.322s] -- Installing: /home/nghiaphanbk/WeldingRobot_ws/install/chomp_motion_planner/share/chomp_motion_planner/cmake/ament_cmake_export_targets-extras.cmake
[34.322s] -- Installing: /home/nghiaphanbk/WeldingRobot_ws/install/chomp_motion_planner/share/chomp_motion_planner/cmake/chomp_motion_plannerConfig.cmake
[34.322s] -- Installing: /home/nghiaphanbk/WeldingRobot_ws/install/chomp_motion_planner/share/chomp_motion_planner/cmake/chomp_motion_plannerConfig-version.cmake
[34.322s] -- Installing: /home/nghiaphanbk/WeldingRobot_ws/install/chomp_motion_planner/share/chomp_motion_planner/package.xml
[34.324s] Invoked command in '/home/nghiaphanbk/WeldingRobot_ws/build/chomp_motion_planner' returned '0': AMENT_PREFIX_PATH=/home/nghiaphanbk/WeldingRobot_ws/install/moveit_core:/home/nghiaphanbk/WeldingRobot_ws/install/srdfdom:/home/nghiaphanbk/WeldingRobot_ws/install/moveit_common:${AMENT_PREFIX_PATH} CMAKE_PREFIX_PATH=/home/nghiaphanbk/WeldingRobot_ws/install/moveit_core:/home/nghiaphanbk/WeldingRobot_ws/install/srdfdom:/home/nghiaphanbk/WeldingRobot_ws/install/moveit_common:/home/nghiaphanbk/WeldingRobot_ws/install/Model_Robot:/home/nghiaphanbk/ros2_ws/install/my_robot_controller:/opt/ros/humble LD_LIBRARY_PATH=/home/nghiaphanbk/WeldingRobot_ws/install/moveit_core/lib:/home/nghiaphanbk/WeldingRobot_ws/install/srdfdom/lib:${LD_LIBRARY_PATH} PATH=/home/nghiaphanbk/WeldingRobot_ws/install/moveit_core/bin:${PATH} PYTHONPATH=/home/nghiaphanbk/WeldingRobot_ws/install/srdfdom/local/lib/python3.10/dist-packages:${PYTHONPATH} /usr/bin/cmake --install /home/nghiaphanbk/WeldingRobot_ws/build/chomp_motion_planner
