[0.771s] Invoking command in '/home/nghiaphanbk/WeldingRobot_ws/build/moveit_resources_fanuc_description': CMAKE_PREFIX_PATH=${CMAKE_PREFIX_PATH}:/home/nghiaphanbk/WeldingRobot_ws/install/moveit_configs_utils:/home/nghiaphanbk/WeldingRobot_ws/install/launch_param_builder:/home/nghiaphanbk/WeldingRobot_ws/install/Model_Robot:/home/nghiaphanbk/ros2_ws/install/my_robot_controller:/opt/ros/humble /usr/bin/cmake /home/nghiaphanbk/WeldingRobot_ws/src/moveit_resources/fanuc_description -DCMAKE_INSTALL_PREFIX=/home/nghiaphanbk/WeldingRobot_ws/install/moveit_resources_fanuc_description
[1.199s] -- Found ament_cmake: 1.3.5 (/opt/ros/humble/share/ament_cmake/cmake)
[1.200s] -- Configuring done
[1.200s] -- Generating done
[1.200s] -- Build files have been written to: /home/nghiaphanbk/WeldingRobot_ws/build/moveit_resources_fanuc_description
[1.205s] Invoked command in '/home/nghiaphanbk/WeldingRobot_ws/build/moveit_resources_fanuc_description' returned '0': CMAKE_PREFIX_PATH=${CMAKE_PREFIX_PATH}:/home/nghiaphanbk/WeldingRobot_ws/install/moveit_configs_utils:/home/nghiaphanbk/WeldingRobot_ws/install/launch_param_builder:/home/nghiaphanbk/WeldingRobot_ws/install/Model_Robot:/home/nghiaphanbk/ros2_ws/install/my_robot_controller:/opt/ros/humble /usr/bin/cmake /home/nghiaphanbk/WeldingRobot_ws/src/moveit_resources/fanuc_description -DCMAKE_INSTALL_PREFIX=/home/nghiaphanbk/WeldingRobot_ws/install/moveit_resources_fanuc_description
[1.206s] Invoking command in '/home/nghiaphanbk/WeldingRobot_ws/build/moveit_resources_fanuc_description': CMAKE_PREFIX_PATH=${CMAKE_PREFIX_PATH}:/home/nghiaphanbk/WeldingRobot_ws/install/moveit_configs_utils:/home/nghiaphanbk/WeldingRobot_ws/install/launch_param_builder:/home/nghiaphanbk/WeldingRobot_ws/install/Model_Robot:/home/nghiaphanbk/ros2_ws/install/my_robot_controller:/opt/ros/humble /usr/bin/cmake --build /home/nghiaphanbk/WeldingRobot_ws/build/moveit_resources_fanuc_description -- -j12 -l12
[1.246s] Invoked command in '/home/nghiaphanbk/WeldingRobot_ws/build/moveit_resources_fanuc_description' returned '0': CMAKE_PREFIX_PATH=${CMAKE_PREFIX_PATH}:/home/nghiaphanbk/WeldingRobot_ws/install/moveit_configs_utils:/home/nghiaphanbk/WeldingRobot_ws/install/launch_param_builder:/home/nghiaphanbk/WeldingRobot_ws/install/Model_Robot:/home/nghiaphanbk/ros2_ws/install/my_robot_controller:/opt/ros/humble /usr/bin/cmake --build /home/nghiaphanbk/WeldingRobot_ws/build/moveit_resources_fanuc_description -- -j12 -l12
[1.295s] Invoking command in '/home/nghiaphanbk/WeldingRobot_ws/build/moveit_resources_fanuc_description': CMAKE_PREFIX_PATH=${CMAKE_PREFIX_PATH}:/home/nghiaphanbk/WeldingRobot_ws/install/moveit_configs_utils:/home/nghiaphanbk/WeldingRobot_ws/install/launch_param_builder:/home/nghiaphanbk/WeldingRobot_ws/install/Model_Robot:/home/nghiaphanbk/ros2_ws/install/my_robot_controller:/opt/ros/humble /usr/bin/cmake --install /home/nghiaphanbk/WeldingRobot_ws/build/moveit_resources_fanuc_description
[1.306s] -- Install configuration: "Release"
[1.307s] -- Up-to-date: /home/nghiaphanbk/WeldingRobot_ws/install/moveit_resources_fanuc_description/share/ament_index/resource_index/package_run_dependencies/moveit_resources_fanuc_description
[1.307s] -- Installing: /home/nghiaphanbk/WeldingRobot_ws/install/moveit_resources_fanuc_description/share/ament_index/resource_index/parent_prefix_path/moveit_resources_fanuc_description
[1.307s] -- Up-to-date: /home/nghiaphanbk/WeldingRobot_ws/install/moveit_resources_fanuc_description/share/moveit_resources_fanuc_description/environment/ament_prefix_path.sh
[1.307s] -- Installing: /home/nghiaphanbk/WeldingRobot_ws/install/moveit_resources_fanuc_description/share/moveit_resources_fanuc_description/environment/ament_prefix_path.dsv
[1.308s] -- Up-to-date: /home/nghiaphanbk/WeldingRobot_ws/install/moveit_resources_fanuc_description/share/moveit_resources_fanuc_description/environment/path.sh
[1.309s] -- Installing: /home/nghiaphanbk/WeldingRobot_ws/install/moveit_resources_fanuc_description/share/moveit_resources_fanuc_description/environment/path.dsv
[1.309s] -- Up-to-date: /home/nghiaphanbk/WeldingRobot_ws/install/moveit_resources_fanuc_description/share/moveit_resources_fanuc_description/local_setup.bash
[1.310s] -- Up-to-date: /home/nghiaphanbk/WeldingRobot_ws/install/moveit_resources_fanuc_description/share/moveit_resources_fanuc_description/local_setup.sh
[1.310s] -- Up-to-date: /home/nghiaphanbk/WeldingRobot_ws/install/moveit_resources_fanuc_description/share/moveit_resources_fanuc_description/local_setup.zsh
[1.311s] -- Installing: /home/nghiaphanbk/WeldingRobot_ws/install/moveit_resources_fanuc_description/share/moveit_resources_fanuc_description/local_setup.dsv
[1.321s] -- Installing: /home/nghiaphanbk/WeldingRobot_ws/install/moveit_resources_fanuc_description/share/moveit_resources_fanuc_description/package.dsv
[1.322s] -- Up-to-date: /home/nghiaphanbk/WeldingRobot_ws/install/moveit_resources_fanuc_description/share/ament_index/resource_index/packages/moveit_resources_fanuc_description
[1.322s] -- Up-to-date: /home/nghiaphanbk/WeldingRobot_ws/install/moveit_resources_fanuc_description/share/moveit_resources_fanuc_description/cmake/moveit_resources_fanuc_descriptionConfig.cmake
[1.322s] -- Up-to-date: /home/nghiaphanbk/WeldingRobot_ws/install/moveit_resources_fanuc_description/share/moveit_resources_fanuc_description/cmake/moveit_resources_fanuc_descriptionConfig-version.cmake
[1.322s] -- Up-to-date: /home/nghiaphanbk/WeldingRobot_ws/install/moveit_resources_fanuc_description/share/moveit_resources_fanuc_description/package.xml
[1.326s] -- Up-to-date: /home/nghiaphanbk/WeldingRobot_ws/install/moveit_resources_fanuc_description/share/moveit_resources_fanuc_description/meshes
[1.326s] -- Up-to-date: /home/nghiaphanbk/WeldingRobot_ws/install/moveit_resources_fanuc_description/share/moveit_resources_fanuc_description/meshes/collision
[1.330s] -- Up-to-date: /home/nghiaphanbk/WeldingRobot_ws/install/moveit_resources_fanuc_description/share/moveit_resources_fanuc_description/meshes/collision/link_1.stl
[1.330s] -- Up-to-date: /home/nghiaphanbk/WeldingRobot_ws/install/moveit_resources_fanuc_description/share/moveit_resources_fanuc_description/meshes/collision/link_6.stl
[1.330s] -- Up-to-date: /home/nghiaphanbk/WeldingRobot_ws/install/moveit_resources_fanuc_description/share/moveit_resources_fanuc_description/meshes/collision/base_link.stl
[1.330s] -- Up-to-date: /home/nghiaphanbk/WeldingRobot_ws/install/moveit_resources_fanuc_description/share/moveit_resources_fanuc_description/meshes/collision/link_2.stl
[1.330s] -- Up-to-date: /home/nghiaphanbk/WeldingRobot_ws/install/moveit_resources_fanuc_description/share/moveit_resources_fanuc_description/meshes/collision/link_3.stl
[1.331s] -- Up-to-date: /home/nghiaphanbk/WeldingRobot_ws/install/moveit_resources_fanuc_description/share/moveit_resources_fanuc_description/meshes/collision/link_5.stl
[1.331s] -- Up-to-date: /home/nghiaphanbk/WeldingRobot_ws/install/moveit_resources_fanuc_description/share/moveit_resources_fanuc_description/meshes/collision/link_4.stl
[1.331s] -- Up-to-date: /home/nghiaphanbk/WeldingRobot_ws/install/moveit_resources_fanuc_description/share/moveit_resources_fanuc_description/meshes/visual
[1.331s] -- Up-to-date: /home/nghiaphanbk/WeldingRobot_ws/install/moveit_resources_fanuc_description/share/moveit_resources_fanuc_description/meshes/visual/link_1.stl
[1.332s] -- Up-to-date: /home/nghiaphanbk/WeldingRobot_ws/install/moveit_resources_fanuc_description/share/moveit_resources_fanuc_description/meshes/visual/link_6.stl
[1.332s] -- Up-to-date: /home/nghiaphanbk/WeldingRobot_ws/install/moveit_resources_fanuc_description/share/moveit_resources_fanuc_description/meshes/visual/base_link.stl
[1.332s] -- Up-to-date: /home/nghiaphanbk/WeldingRobot_ws/install/moveit_resources_fanuc_description/share/moveit_resources_fanuc_description/meshes/visual/link_2.stl
[1.332s] -- Up-to-date: /home/nghiaphanbk/WeldingRobot_ws/install/moveit_resources_fanuc_description/share/moveit_resources_fanuc_description/meshes/visual/link_3.stl
[1.332s] -- Up-to-date: /home/nghiaphanbk/WeldingRobot_ws/install/moveit_resources_fanuc_description/share/moveit_resources_fanuc_description/meshes/visual/link_5.stl
[1.332s] -- Up-to-date: /home/nghiaphanbk/WeldingRobot_ws/install/moveit_resources_fanuc_description/share/moveit_resources_fanuc_description/meshes/visual/link_4.stl
[1.333s] -- Up-to-date: /home/nghiaphanbk/WeldingRobot_ws/install/moveit_resources_fanuc_description/share/moveit_resources_fanuc_description/urdf
[1.334s] -- Up-to-date: /home/nghiaphanbk/WeldingRobot_ws/install/moveit_resources_fanuc_description/share/moveit_resources_fanuc_description/urdf/fanuc.urdf
[1.616s] Invoked command in '/home/nghiaphanbk/WeldingRobot_ws/build/moveit_resources_fanuc_description' returned '0': CMAKE_PREFIX_PATH=${CMAKE_PREFIX_PATH}:/home/nghiaphanbk/WeldingRobot_ws/install/moveit_configs_utils:/home/nghiaphanbk/WeldingRobot_ws/install/launch_param_builder:/home/nghiaphanbk/WeldingRobot_ws/install/Model_Robot:/home/nghiaphanbk/ros2_ws/install/my_robot_controller:/opt/ros/humble /usr/bin/cmake --install /home/nghiaphanbk/WeldingRobot_ws/build/moveit_resources_fanuc_description
