[0.742s] Invoking command in '/home/nghiaphanbk/WeldingRobot_ws/build/moveit_resources_fanuc_description': CMAKE_PREFIX_PATH=/home/nghiaphanbk/WeldingRobot_ws/install/Model_Robot:/home/nghiaphanbk/ros2_ws/install/my_robot_controller:/opt/ros/humble /usr/bin/cmake --build /home/nghiaphanbk/WeldingRobot_ws/build/moveit_resources_fanuc_description -- -j12 -l12
[1.067s] Invoked command in '/home/nghiaphanbk/WeldingRobot_ws/build/moveit_resources_fanuc_description' returned '0': CMAKE_PREFIX_PATH=/home/nghiaphanbk/WeldingRobot_ws/install/Model_Robot:/home/nghiaphanbk/ros2_ws/install/my_robot_controller:/opt/ros/humble /usr/bin/cmake --build /home/nghiaphanbk/WeldingRobot_ws/build/moveit_resources_fanuc_description -- -j12 -l12
[1.093s] Invoking command in '/home/nghiaphanbk/WeldingRobot_ws/build/moveit_resources_fanuc_description': CMAKE_PREFIX_PATH=/home/nghiaphanbk/WeldingRobot_ws/install/Model_Robot:/home/nghiaphanbk/ros2_ws/install/my_robot_controller:/opt/ros/humble /usr/bin/cmake --install /home/nghiaphanbk/WeldingRobot_ws/build/moveit_resources_fanuc_description
[1.111s] -- Install configuration: "Release"
[1.112s] -- Up-to-date: /home/nghiaphanbk/WeldingRobot_ws/install/moveit_resources_fanuc_description/share/ament_index/resource_index/package_run_dependencies/moveit_resources_fanuc_description
[1.113s] -- Up-to-date: /home/nghiaphanbk/WeldingRobot_ws/install/moveit_resources_fanuc_description/share/ament_index/resource_index/parent_prefix_path/moveit_resources_fanuc_description
[1.113s] -- Up-to-date: /home/nghiaphanbk/WeldingRobot_ws/install/moveit_resources_fanuc_description/share/moveit_resources_fanuc_description/environment/ament_prefix_path.sh
[1.114s] -- Up-to-date: /home/nghiaphanbk/WeldingRobot_ws/install/moveit_resources_fanuc_description/share/moveit_resources_fanuc_description/environment/ament_prefix_path.dsv
[1.114s] -- Up-to-date: /home/nghiaphanbk/WeldingRobot_ws/install/moveit_resources_fanuc_description/share/moveit_resources_fanuc_description/environment/path.sh
[1.114s] -- Up-to-date: /home/nghiaphanbk/WeldingRobot_ws/install/moveit_resources_fanuc_description/share/moveit_resources_fanuc_description/environment/path.dsv
[1.114s] -- Up-to-date: /home/nghiaphanbk/WeldingRobot_ws/install/moveit_resources_fanuc_description/share/moveit_resources_fanuc_description/local_setup.bash
[1.115s] -- Up-to-date: /home/nghiaphanbk/WeldingRobot_ws/install/moveit_resources_fanuc_description/share/moveit_resources_fanuc_description/local_setup.sh
[1.115s] -- Up-to-date: /home/nghiaphanbk/WeldingRobot_ws/install/moveit_resources_fanuc_description/share/moveit_resources_fanuc_description/local_setup.zsh
[1.115s] -- Up-to-date: /home/nghiaphanbk/WeldingRobot_ws/install/moveit_resources_fanuc_description/share/moveit_resources_fanuc_description/local_setup.dsv
[1.115s] -- Up-to-date: /home/nghiaphanbk/WeldingRobot_ws/install/moveit_resources_fanuc_description/share/moveit_resources_fanuc_description/package.dsv
[1.115s] -- Up-to-date: /home/nghiaphanbk/WeldingRobot_ws/install/moveit_resources_fanuc_description/share/ament_index/resource_index/packages/moveit_resources_fanuc_description
[1.115s] -- Up-to-date: /home/nghiaphanbk/WeldingRobot_ws/install/moveit_resources_fanuc_description/share/moveit_resources_fanuc_description/cmake/moveit_resources_fanuc_descriptionConfig.cmake
[1.115s] -- Up-to-date: /home/nghiaphanbk/WeldingRobot_ws/install/moveit_resources_fanuc_description/share/moveit_resources_fanuc_description/cmake/moveit_resources_fanuc_descriptionConfig-version.cmake
[1.115s] -- Up-to-date: /home/nghiaphanbk/WeldingRobot_ws/install/moveit_resources_fanuc_description/share/moveit_resources_fanuc_description/package.xml
[1.116s] -- Up-to-date: /home/nghiaphanbk/WeldingRobot_ws/install/moveit_resources_fanuc_description/share/moveit_resources_fanuc_description/meshes
[1.116s] -- Up-to-date: /home/nghiaphanbk/WeldingRobot_ws/install/moveit_resources_fanuc_description/share/moveit_resources_fanuc_description/meshes/collision
[1.116s] -- Up-to-date: /home/nghiaphanbk/WeldingRobot_ws/install/moveit_resources_fanuc_description/share/moveit_resources_fanuc_description/meshes/collision/link_1.stl
[1.116s] -- Up-to-date: /home/nghiaphanbk/WeldingRobot_ws/install/moveit_resources_fanuc_description/share/moveit_resources_fanuc_description/meshes/collision/link_6.stl
[1.116s] -- Up-to-date: /home/nghiaphanbk/WeldingRobot_ws/install/moveit_resources_fanuc_description/share/moveit_resources_fanuc_description/meshes/collision/base_link.stl
[1.116s] -- Up-to-date: /home/nghiaphanbk/WeldingRobot_ws/install/moveit_resources_fanuc_description/share/moveit_resources_fanuc_description/meshes/collision/link_2.stl
[1.117s] -- Up-to-date: /home/nghiaphanbk/WeldingRobot_ws/install/moveit_resources_fanuc_description/share/moveit_resources_fanuc_description/meshes/collision/link_3.stl
[1.117s] -- Up-to-date: /home/nghiaphanbk/WeldingRobot_ws/install/moveit_resources_fanuc_description/share/moveit_resources_fanuc_description/meshes/collision/link_5.stl
[1.117s] -- Up-to-date: /home/nghiaphanbk/WeldingRobot_ws/install/moveit_resources_fanuc_description/share/moveit_resources_fanuc_description/meshes/collision/link_4.stl
[1.117s] -- Up-to-date: /home/nghiaphanbk/WeldingRobot_ws/install/moveit_resources_fanuc_description/share/moveit_resources_fanuc_description/meshes/visual
[1.118s] -- Up-to-date: /home/nghiaphanbk/WeldingRobot_ws/install/moveit_resources_fanuc_description/share/moveit_resources_fanuc_description/meshes/visual/link_1.stl
[1.118s] -- Up-to-date: /home/nghiaphanbk/WeldingRobot_ws/install/moveit_resources_fanuc_description/share/moveit_resources_fanuc_description/meshes/visual/link_6.stl
[1.118s] -- Up-to-date: /home/nghiaphanbk/WeldingRobot_ws/install/moveit_resources_fanuc_description/share/moveit_resources_fanuc_description/meshes/visual/base_link.stl
[1.118s] -- Up-to-date: /home/nghiaphanbk/WeldingRobot_ws/install/moveit_resources_fanuc_description/share/moveit_resources_fanuc_description/meshes/visual/link_2.stl
[1.118s] -- Up-to-date: /home/nghiaphanbk/WeldingRobot_ws/install/moveit_resources_fanuc_description/share/moveit_resources_fanuc_description/meshes/visual/link_3.stl
[1.118s] -- Up-to-date: /home/nghiaphanbk/WeldingRobot_ws/install/moveit_resources_fanuc_description/share/moveit_resources_fanuc_description/meshes/visual/link_5.stl
[1.118s] -- Up-to-date: /home/nghiaphanbk/WeldingRobot_ws/install/moveit_resources_fanuc_description/share/moveit_resources_fanuc_description/meshes/visual/link_4.stl
[1.118s] -- Up-to-date: /home/nghiaphanbk/WeldingRobot_ws/install/moveit_resources_fanuc_description/share/moveit_resources_fanuc_description/urdf
[1.119s] -- Up-to-date: /home/nghiaphanbk/WeldingRobot_ws/install/moveit_resources_fanuc_description/share/moveit_resources_fanuc_description/urdf/fanuc.urdf
[1.200s] Invoked command in '/home/nghiaphanbk/WeldingRobot_ws/build/moveit_resources_fanuc_description' returned '0': CMAKE_PREFIX_PATH=/home/nghiaphanbk/WeldingRobot_ws/install/Model_Robot:/home/nghiaphanbk/ros2_ws/install/my_robot_controller:/opt/ros/humble /usr/bin/cmake --install /home/nghiaphanbk/WeldingRobot_ws/build/moveit_resources_fanuc_description
