[35m[1mConsolidate compiler generated dependencies of target test_trajectory[0m
[ 50%] [32mBuilding CXX object CMakeFiles/test_trajectory.dir/src/test_trajectory.cpp.o[0m
[100%] [32m[1mLinking CXX executable test_trajectory[0m
[100%] Built target test_trajectory
-- Install configuration: ""
-- Installing: /home/nghiaphanbk/WeldingRobot_ws/install/moveit2_scripts/lib/moveit2_scripts/test_trajectory
-- Set runtime path of "/home/nghiaphanbk/WeldingRobot_ws/install/moveit2_scripts/lib/moveit2_scripts/test_trajectory" to ""
-- Up-to-date: /home/nghiaphanbk/WeldingRobot_ws/install/moveit2_scripts/share/moveit2_scripts/launch
-- Up-to-date: /home/nghiaphanbk/WeldingRobot_ws/install/moveit2_scripts/share/moveit2_scripts/launch/test_trajectory.launch.py
-- Up-to-date: /home/nghiaphanbk/WeldingRobot_ws/install/moveit2_scripts/share/ament_index/resource_index/package_run_dependencies/moveit2_scripts
-- Up-to-date: /home/nghiaphanbk/WeldingRobot_ws/install/moveit2_scripts/share/ament_index/resource_index/parent_prefix_path/moveit2_scripts
-- Up-to-date: /home/nghiaphanbk/WeldingRobot_ws/install/moveit2_scripts/share/moveit2_scripts/environment/ament_prefix_path.sh
-- Up-to-date: /home/nghiaphanbk/WeldingRobot_ws/install/moveit2_scripts/share/moveit2_scripts/environment/ament_prefix_path.dsv
-- Up-to-date: /home/nghiaphanbk/WeldingRobot_ws/install/moveit2_scripts/share/moveit2_scripts/environment/path.sh
-- Up-to-date: /home/nghiaphanbk/WeldingRobot_ws/install/moveit2_scripts/share/moveit2_scripts/environment/path.dsv
-- Up-to-date: /home/nghiaphanbk/WeldingRobot_ws/install/moveit2_scripts/share/moveit2_scripts/local_setup.bash
-- Up-to-date: /home/nghiaphanbk/WeldingRobot_ws/install/moveit2_scripts/share/moveit2_scripts/local_setup.sh
-- Up-to-date: /home/nghiaphanbk/WeldingRobot_ws/install/moveit2_scripts/share/moveit2_scripts/local_setup.zsh
-- Up-to-date: /home/nghiaphanbk/WeldingRobot_ws/install/moveit2_scripts/share/moveit2_scripts/local_setup.dsv
-- Installing: /home/nghiaphanbk/WeldingRobot_ws/install/moveit2_scripts/share/moveit2_scripts/package.dsv
-- Up-to-date: /home/nghiaphanbk/WeldingRobot_ws/install/moveit2_scripts/share/ament_index/resource_index/packages/moveit2_scripts
-- Up-to-date: /home/nghiaphanbk/WeldingRobot_ws/install/moveit2_scripts/share/moveit2_scripts/cmake/moveit2_scriptsConfig.cmake
-- Up-to-date: /home/nghiaphanbk/WeldingRobot_ws/install/moveit2_scripts/share/moveit2_scripts/cmake/moveit2_scriptsConfig-version.cmake
-- Up-to-date: /home/nghiaphanbk/WeldingRobot_ws/install/moveit2_scripts/share/moveit2_scripts/package.xml
