[0.781s] Invoking command in '/home/nghiaphanbk/WeldingRobot_ws/build/moveit_common': CMAKE_PREFIX_PATH=${CMAKE_PREFIX_PATH}:/home/nghiaphanbk/WeldingRobot_ws/install/moveit_configs_utils:/home/nghiaphanbk/WeldingRobot_ws/install/launch_param_builder:/home/nghiaphanbk/WeldingRobot_ws/install/Model_Robot:/home/nghiaphanbk/ros2_ws/install/my_robot_controller:/opt/ros/humble /usr/bin/cmake /home/nghiaphanbk/WeldingRobot_ws/src/moveit2/moveit_common -DCMAKE_INSTALL_PREFIX=/home/nghiaphanbk/WeldingRobot_ws/install/moveit_common
[1.522s] -- Found ament_cmake: 1.3.5 (/opt/ros/humble/share/ament_cmake/cmake)
[1.522s] -- Found ament_lint_auto: 0.12.8 (/opt/ros/humble/share/ament_lint_auto/cmake)
[1.522s] -- Added test 'copyright' to check source files copyright and LICENSE
[1.522s] -- Added test 'lint_cmake' to check CMake code style
[1.523s] -- Added test 'xmllint' to check XML markup files
[1.523s] -- Configuring done
[1.524s] -- Generating done
[1.524s] -- Build files have been written to: /home/nghiaphanbk/WeldingRobot_ws/build/moveit_common
[1.530s] Invoked command in '/home/nghiaphanbk/WeldingRobot_ws/build/moveit_common' returned '0': CMAKE_PREFIX_PATH=${CMAKE_PREFIX_PATH}:/home/nghiaphanbk/WeldingRobot_ws/install/moveit_configs_utils:/home/nghiaphanbk/WeldingRobot_ws/install/launch_param_builder:/home/nghiaphanbk/WeldingRobot_ws/install/Model_Robot:/home/nghiaphanbk/ros2_ws/install/my_robot_controller:/opt/ros/humble /usr/bin/cmake /home/nghiaphanbk/WeldingRobot_ws/src/moveit2/moveit_common -DCMAKE_INSTALL_PREFIX=/home/nghiaphanbk/WeldingRobot_ws/install/moveit_common
[1.531s] Invoking command in '/home/nghiaphanbk/WeldingRobot_ws/build/moveit_common': CMAKE_PREFIX_PATH=${CMAKE_PREFIX_PATH}:/home/nghiaphanbk/WeldingRobot_ws/install/moveit_configs_utils:/home/nghiaphanbk/WeldingRobot_ws/install/launch_param_builder:/home/nghiaphanbk/WeldingRobot_ws/install/Model_Robot:/home/nghiaphanbk/ros2_ws/install/my_robot_controller:/opt/ros/humble /usr/bin/cmake --build /home/nghiaphanbk/WeldingRobot_ws/build/moveit_common -- -j12 -l12
[1.571s] Invoked command in '/home/nghiaphanbk/WeldingRobot_ws/build/moveit_common' returned '0': CMAKE_PREFIX_PATH=${CMAKE_PREFIX_PATH}:/home/nghiaphanbk/WeldingRobot_ws/install/moveit_configs_utils:/home/nghiaphanbk/WeldingRobot_ws/install/launch_param_builder:/home/nghiaphanbk/WeldingRobot_ws/install/Model_Robot:/home/nghiaphanbk/ros2_ws/install/my_robot_controller:/opt/ros/humble /usr/bin/cmake --build /home/nghiaphanbk/WeldingRobot_ws/build/moveit_common -- -j12 -l12
[1.616s] Invoking command in '/home/nghiaphanbk/WeldingRobot_ws/build/moveit_common': CMAKE_PREFIX_PATH=${CMAKE_PREFIX_PATH}:/home/nghiaphanbk/WeldingRobot_ws/install/moveit_configs_utils:/home/nghiaphanbk/WeldingRobot_ws/install/launch_param_builder:/home/nghiaphanbk/WeldingRobot_ws/install/Model_Robot:/home/nghiaphanbk/ros2_ws/install/my_robot_controller:/opt/ros/humble /usr/bin/cmake --install /home/nghiaphanbk/WeldingRobot_ws/build/moveit_common
[1.625s] -- Install configuration: "Release"
[1.625s] -- Up-to-date: /home/nghiaphanbk/WeldingRobot_ws/install/moveit_common/share/ament_index/resource_index/package_run_dependencies/moveit_common
[1.629s] -- Installing: /home/nghiaphanbk/WeldingRobot_ws/install/moveit_common/share/ament_index/resource_index/parent_prefix_path/moveit_common
[1.630s] -- Up-to-date: /home/nghiaphanbk/WeldingRobot_ws/install/moveit_common/share/moveit_common/environment/ament_prefix_path.sh
[1.630s] -- Installing: /home/nghiaphanbk/WeldingRobot_ws/install/moveit_common/share/moveit_common/environment/ament_prefix_path.dsv
[1.630s] -- Up-to-date: /home/nghiaphanbk/WeldingRobot_ws/install/moveit_common/share/moveit_common/environment/path.sh
[1.630s] -- Installing: /home/nghiaphanbk/WeldingRobot_ws/install/moveit_common/share/moveit_common/environment/path.dsv
[1.630s] -- Up-to-date: /home/nghiaphanbk/WeldingRobot_ws/install/moveit_common/share/moveit_common/local_setup.bash
[1.630s] -- Up-to-date: /home/nghiaphanbk/WeldingRobot_ws/install/moveit_common/share/moveit_common/local_setup.sh
[1.630s] -- Up-to-date: /home/nghiaphanbk/WeldingRobot_ws/install/moveit_common/share/moveit_common/local_setup.zsh
[1.630s] -- Installing: /home/nghiaphanbk/WeldingRobot_ws/install/moveit_common/share/moveit_common/local_setup.dsv
[1.630s] -- Installing: /home/nghiaphanbk/WeldingRobot_ws/install/moveit_common/share/moveit_common/package.dsv
[1.630s] -- Up-to-date: /home/nghiaphanbk/WeldingRobot_ws/install/moveit_common/share/ament_index/resource_index/packages/moveit_common
[1.631s] -- Up-to-date: /home/nghiaphanbk/WeldingRobot_ws/install/moveit_common/share/moveit_common/cmake/moveit_common-extras.cmake
[1.631s] -- Up-to-date: /home/nghiaphanbk/WeldingRobot_ws/install/moveit_common/share/moveit_common/cmake/moveit_commonConfig.cmake
[1.631s] -- Up-to-date: /home/nghiaphanbk/WeldingRobot_ws/install/moveit_common/share/moveit_common/cmake/moveit_commonConfig-version.cmake
[1.631s] -- Up-to-date: /home/nghiaphanbk/WeldingRobot_ws/install/moveit_common/share/moveit_common/package.xml
[1.631s] -- Up-to-date: /home/nghiaphanbk/WeldingRobot_ws/install/moveit_common/share/moveit_common/cmake
[1.631s] -- Up-to-date: /home/nghiaphanbk/WeldingRobot_ws/install/moveit_common/share/moveit_common/cmake/moveit_package.cmake
[1.653s] Invoked command in '/home/nghiaphanbk/WeldingRobot_ws/build/moveit_common' returned '0': CMAKE_PREFIX_PATH=${CMAKE_PREFIX_PATH}:/home/nghiaphanbk/WeldingRobot_ws/install/moveit_configs_utils:/home/nghiaphanbk/WeldingRobot_ws/install/launch_param_builder:/home/nghiaphanbk/WeldingRobot_ws/install/Model_Robot:/home/nghiaphanbk/ros2_ws/install/my_robot_controller:/opt/ros/humble /usr/bin/cmake --install /home/nghiaphanbk/WeldingRobot_ws/build/moveit_common
