-- The C compiler identification is GNU 11.4.0
-- The CXX compiler identification is GNU 11.4.0
-- Detecting C compiler ABI info
-- Detecting C compiler ABI info - done
-- Check for working C compiler: /usr/bin/cc - skipped
-- Detecting C compile features
-- Detecting C compile features - done
-- Detecting CXX compiler ABI info
-- Detecting CXX compiler ABI info - done
-- Check for working CXX compiler: /usr/bin/c++ - skipped
-- Detecting CXX compile features
-- Detecting CXX compile features - done
-- Found ament_cmake: 1.3.6 (/opt/ros/humble/share/ament_cmake/cmake)
-- Found Python3: /usr/bin/python3.10 (found version "3.10.12") found components: Interpreter 
WARNING: Package name "Robot_ver2" does not follow the naming conventions. It should start with a lower case letter and only contain lower case letters, digits, underscores, and dashes.
-- Configuring done
-- Generating done
-- Build files have been written to: /home/nghiaphanbk/WeldingRobot_ws/src/build/Robot_ver2
-- Install configuration: ""
-- Installing: /home/nghiaphanbk/WeldingRobot_ws/src/install/Robot_ver2/share/ament_index/resource_index/package_run_dependencies/Robot_ver2
-- Installing: /home/nghiaphanbk/WeldingRobot_ws/src/install/Robot_ver2/share/ament_index/resource_index/parent_prefix_path/Robot_ver2
-- Installing: /home/nghiaphanbk/WeldingRobot_ws/src/install/Robot_ver2/share/Robot_ver2/environment/ament_prefix_path.sh
-- Installing: /home/nghiaphanbk/WeldingRobot_ws/src/install/Robot_ver2/share/Robot_ver2/environment/ament_prefix_path.dsv
-- Installing: /home/nghiaphanbk/WeldingRobot_ws/src/install/Robot_ver2/share/Robot_ver2/environment/path.sh
-- Installing: /home/nghiaphanbk/WeldingRobot_ws/src/install/Robot_ver2/share/Robot_ver2/environment/path.dsv
-- Installing: /home/nghiaphanbk/WeldingRobot_ws/src/install/Robot_ver2/share/Robot_ver2/local_setup.bash
-- Installing: /home/nghiaphanbk/WeldingRobot_ws/src/install/Robot_ver2/share/Robot_ver2/local_setup.sh
-- Installing: /home/nghiaphanbk/WeldingRobot_ws/src/install/Robot_ver2/share/Robot_ver2/local_setup.zsh
-- Installing: /home/nghiaphanbk/WeldingRobot_ws/src/install/Robot_ver2/share/Robot_ver2/local_setup.dsv
-- Installing: /home/nghiaphanbk/WeldingRobot_ws/src/install/Robot_ver2/share/Robot_ver2/package.dsv
-- Installing: /home/nghiaphanbk/WeldingRobot_ws/src/install/Robot_ver2/share/ament_index/resource_index/packages/Robot_ver2
-- Installing: /home/nghiaphanbk/WeldingRobot_ws/src/install/Robot_ver2/share/Robot_ver2/cmake/Robot_ver2Config.cmake
-- Installing: /home/nghiaphanbk/WeldingRobot_ws/src/install/Robot_ver2/share/Robot_ver2/cmake/Robot_ver2Config-version.cmake
-- Installing: /home/nghiaphanbk/WeldingRobot_ws/src/install/Robot_ver2/share/Robot_ver2/package.xml
-- Installing: /home/nghiaphanbk/WeldingRobot_ws/src/install/Robot_ver2/share/Robot_ver2/launch
-- Installing: /home/nghiaphanbk/WeldingRobot_ws/src/install/Robot_ver2/share/Robot_ver2/launch/move_group.launch.py
-- Installing: /home/nghiaphanbk/WeldingRobot_ws/src/install/Robot_ver2/share/Robot_ver2/launch/Move_Robot.launch.py
-- Installing: /home/nghiaphanbk/WeldingRobot_ws/src/install/Robot_ver2/share/Robot_ver2/launch/setup_assistant.launch.py
-- Installing: /home/nghiaphanbk/WeldingRobot_ws/src/install/Robot_ver2/share/Robot_ver2/launch/spawn_controllers.launch.py
-- Installing: /home/nghiaphanbk/WeldingRobot_ws/src/install/Robot_ver2/share/Robot_ver2/launch/demo.launch.py
-- Installing: /home/nghiaphanbk/WeldingRobot_ws/src/install/Robot_ver2/share/Robot_ver2/launch/rsp.launch.py
-- Installing: /home/nghiaphanbk/WeldingRobot_ws/src/install/Robot_ver2/share/Robot_ver2/launch/demo3.launch.py
-- Installing: /home/nghiaphanbk/WeldingRobot_ws/src/install/Robot_ver2/share/Robot_ver2/launch/demo2.launch.py
-- Installing: /home/nghiaphanbk/WeldingRobot_ws/src/install/Robot_ver2/share/Robot_ver2/launch/static_virtual_joint_tfs.launch.py
-- Installing: /home/nghiaphanbk/WeldingRobot_ws/src/install/Robot_ver2/share/Robot_ver2/launch/warehouse_db.launch.py
-- Installing: /home/nghiaphanbk/WeldingRobot_ws/src/install/Robot_ver2/share/Robot_ver2/launch/moveit_rviz.launch.py
-- Installing: /home/nghiaphanbk/WeldingRobot_ws/src/install/Robot_ver2/share/Robot_ver2/config
-- Installing: /home/nghiaphanbk/WeldingRobot_ws/src/install/Robot_ver2/share/Robot_ver2/config/pilz_cartesian_limits.yaml
-- Installing: /home/nghiaphanbk/WeldingRobot_ws/src/install/Robot_ver2/share/Robot_ver2/config/welding_robot.srdf.xacro
-- Installing: /home/nghiaphanbk/WeldingRobot_ws/src/install/Robot_ver2/share/Robot_ver2/config/welding_robot.ros2_control.xacro
-- Installing: /home/nghiaphanbk/WeldingRobot_ws/src/install/Robot_ver2/share/Robot_ver2/config/welding.yaml
-- Installing: /home/nghiaphanbk/WeldingRobot_ws/src/install/Robot_ver2/share/Robot_ver2/config/welding_robot.urdf.xacro
-- Installing: /home/nghiaphanbk/WeldingRobot_ws/src/install/Robot_ver2/share/Robot_ver2/config/welding_robot.urdf
-- Installing: /home/nghiaphanbk/WeldingRobot_ws/src/install/Robot_ver2/share/Robot_ver2/config/welding_robot.srdf 
-- Installing: /home/nghiaphanbk/WeldingRobot_ws/src/install/Robot_ver2/share/Robot_ver2/config/ros2_controllers.yaml
-- Installing: /home/nghiaphanbk/WeldingRobot_ws/src/install/Robot_ver2/share/Robot_ver2/config/initial_positions.yaml
-- Installing: /home/nghiaphanbk/WeldingRobot_ws/src/install/Robot_ver2/share/Robot_ver2/config/moveit.rviz
-- Installing: /home/nghiaphanbk/WeldingRobot_ws/src/install/Robot_ver2/share/Robot_ver2/config/joint_limits.yaml
-- Installing: /home/nghiaphanbk/WeldingRobot_ws/src/install/Robot_ver2/share/Robot_ver2/config/kinematics.yaml
-- Installing: /home/nghiaphanbk/WeldingRobot_ws/src/install/Robot_ver2/share/Robot_ver2/.setup_assistant
