[0.195s] Invoking command in '/home/nghiaphanbk/WeldingRobot_ws/src/build/Robot_ver2': AMENT_PREFIX_PATH=/home/nghiaphanbk/WeldingRobot_ws/src/install/Model_Robot:${AMENT_PREFIX_PATH} CMAKE_PREFIX_PATH=${CMAKE_PREFIX_PATH}:/home/nghiaphanbk/WeldingRobot_ws/install/moveit_configs_utils:/home/nghiaphanbk/WeldingRobot_ws/install/launch_param_builder:/home/nghiaphanbk/WeldingRobot_ws/install/Model_Robot:/home/nghiaphanbk/ros2_ws/install/my_robot_controller:/opt/ros/humble PYTHONPATH=/home/nghiaphanbk/WeldingRobot_ws/src/install/Model_Robot/lib/python3.10/site-packages:${PYTHONPATH} /usr/bin/cmake /home/nghiaphanbk/WeldingRobot_ws/src/Robot_ver2 -DCMAKE_INSTALL_PREFIX=/home/nghiaphanbk/WeldingRobot_ws/src/install/Robot_ver2
[0.240s] -- The C compiler identification is GNU 11.4.0
[0.284s] -- The CXX compiler identification is GNU 11.4.0
[0.290s] -- Detecting C compiler ABI info
[0.349s] -- Detecting C compiler ABI info - done
[0.360s] -- Check for working C compiler: /usr/bin/cc - skipped
[0.360s] -- Detecting C compile features
[0.361s] -- Detecting C compile features - done
[0.364s] -- Detecting CXX compiler ABI info
[0.433s] -- Detecting CXX compiler ABI info - done
[0.440s] -- Check for working CXX compiler: /usr/bin/c++ - skipped
[0.440s] -- Detecting CXX compile features
[0.440s] -- Detecting CXX compile features - done
[0.444s] -- Found ament_cmake: 1.3.6 (/opt/ros/humble/share/ament_cmake/cmake)
[0.628s] -- Found Python3: /usr/bin/python3.10 (found version "3.10.12") found components: Interpreter 
[0.772s] WARNING: Package name "Robot_ver2" does not follow the naming conventions. It should start with a lower case letter and only contain lower case letters, digits, underscores, and dashes.
[0.784s] -- Configuring done
[0.786s] -- Generating done
[0.787s] -- Build files have been written to: /home/nghiaphanbk/WeldingRobot_ws/src/build/Robot_ver2
[0.791s] Invoked command in '/home/nghiaphanbk/WeldingRobot_ws/src/build/Robot_ver2' returned '0': AMENT_PREFIX_PATH=/home/nghiaphanbk/WeldingRobot_ws/src/install/Model_Robot:${AMENT_PREFIX_PATH} CMAKE_PREFIX_PATH=${CMAKE_PREFIX_PATH}:/home/nghiaphanbk/WeldingRobot_ws/install/moveit_configs_utils:/home/nghiaphanbk/WeldingRobot_ws/install/launch_param_builder:/home/nghiaphanbk/WeldingRobot_ws/install/Model_Robot:/home/nghiaphanbk/ros2_ws/install/my_robot_controller:/opt/ros/humble PYTHONPATH=/home/nghiaphanbk/WeldingRobot_ws/src/install/Model_Robot/lib/python3.10/site-packages:${PYTHONPATH} /usr/bin/cmake /home/nghiaphanbk/WeldingRobot_ws/src/Robot_ver2 -DCMAKE_INSTALL_PREFIX=/home/nghiaphanbk/WeldingRobot_ws/src/install/Robot_ver2
[0.792s] Invoking command in '/home/nghiaphanbk/WeldingRobot_ws/src/build/Robot_ver2': AMENT_PREFIX_PATH=/home/nghiaphanbk/WeldingRobot_ws/src/install/Model_Robot:${AMENT_PREFIX_PATH} CMAKE_PREFIX_PATH=${CMAKE_PREFIX_PATH}:/home/nghiaphanbk/WeldingRobot_ws/install/moveit_configs_utils:/home/nghiaphanbk/WeldingRobot_ws/install/launch_param_builder:/home/nghiaphanbk/WeldingRobot_ws/install/Model_Robot:/home/nghiaphanbk/ros2_ws/install/my_robot_controller:/opt/ros/humble PYTHONPATH=/home/nghiaphanbk/WeldingRobot_ws/src/install/Model_Robot/lib/python3.10/site-packages:${PYTHONPATH} /usr/bin/cmake --build /home/nghiaphanbk/WeldingRobot_ws/src/build/Robot_ver2 -- -j12 -l12
[0.824s] Invoked command in '/home/nghiaphanbk/WeldingRobot_ws/src/build/Robot_ver2' returned '0': AMENT_PREFIX_PATH=/home/nghiaphanbk/WeldingRobot_ws/src/install/Model_Robot:${AMENT_PREFIX_PATH} CMAKE_PREFIX_PATH=${CMAKE_PREFIX_PATH}:/home/nghiaphanbk/WeldingRobot_ws/install/moveit_configs_utils:/home/nghiaphanbk/WeldingRobot_ws/install/launch_param_builder:/home/nghiaphanbk/WeldingRobot_ws/install/Model_Robot:/home/nghiaphanbk/ros2_ws/install/my_robot_controller:/opt/ros/humble PYTHONPATH=/home/nghiaphanbk/WeldingRobot_ws/src/install/Model_Robot/lib/python3.10/site-packages:${PYTHONPATH} /usr/bin/cmake --build /home/nghiaphanbk/WeldingRobot_ws/src/build/Robot_ver2 -- -j12 -l12
[0.853s] Invoking command in '/home/nghiaphanbk/WeldingRobot_ws/src/build/Robot_ver2': AMENT_PREFIX_PATH=/home/nghiaphanbk/WeldingRobot_ws/src/install/Model_Robot:${AMENT_PREFIX_PATH} CMAKE_PREFIX_PATH=${CMAKE_PREFIX_PATH}:/home/nghiaphanbk/WeldingRobot_ws/install/moveit_configs_utils:/home/nghiaphanbk/WeldingRobot_ws/install/launch_param_builder:/home/nghiaphanbk/WeldingRobot_ws/install/Model_Robot:/home/nghiaphanbk/ros2_ws/install/my_robot_controller:/opt/ros/humble PYTHONPATH=/home/nghiaphanbk/WeldingRobot_ws/src/install/Model_Robot/lib/python3.10/site-packages:${PYTHONPATH} /usr/bin/cmake --install /home/nghiaphanbk/WeldingRobot_ws/src/build/Robot_ver2
[0.859s] -- Install configuration: ""
[0.859s] -- Installing: /home/nghiaphanbk/WeldingRobot_ws/src/install/Robot_ver2/share/ament_index/resource_index/package_run_dependencies/Robot_ver2
[0.859s] -- Installing: /home/nghiaphanbk/WeldingRobot_ws/src/install/Robot_ver2/share/ament_index/resource_index/parent_prefix_path/Robot_ver2
[0.859s] -- Installing: /home/nghiaphanbk/WeldingRobot_ws/src/install/Robot_ver2/share/Robot_ver2/environment/ament_prefix_path.sh
[0.860s] -- Installing: /home/nghiaphanbk/WeldingRobot_ws/src/install/Robot_ver2/share/Robot_ver2/environment/ament_prefix_path.dsv
[0.860s] -- Installing: /home/nghiaphanbk/WeldingRobot_ws/src/install/Robot_ver2/share/Robot_ver2/environment/path.sh
[0.860s] -- Installing: /home/nghiaphanbk/WeldingRobot_ws/src/install/Robot_ver2/share/Robot_ver2/environment/path.dsv
[0.860s] -- Installing: /home/nghiaphanbk/WeldingRobot_ws/src/install/Robot_ver2/share/Robot_ver2/local_setup.bash
[0.860s] -- Installing: /home/nghiaphanbk/WeldingRobot_ws/src/install/Robot_ver2/share/Robot_ver2/local_setup.sh
[0.860s] -- Installing: /home/nghiaphanbk/WeldingRobot_ws/src/install/Robot_ver2/share/Robot_ver2/local_setup.zsh
[0.860s] -- Installing: /home/nghiaphanbk/WeldingRobot_ws/src/install/Robot_ver2/share/Robot_ver2/local_setup.dsv
[0.860s] -- Installing: /home/nghiaphanbk/WeldingRobot_ws/src/install/Robot_ver2/share/Robot_ver2/package.dsv
[0.860s] -- Installing: /home/nghiaphanbk/WeldingRobot_ws/src/install/Robot_ver2/share/ament_index/resource_index/packages/Robot_ver2
[0.860s] -- Installing: /home/nghiaphanbk/WeldingRobot_ws/src/install/Robot_ver2/share/Robot_ver2/cmake/Robot_ver2Config.cmake
[0.860s] -- Installing: /home/nghiaphanbk/WeldingRobot_ws/src/install/Robot_ver2/share/Robot_ver2/cmake/Robot_ver2Config-version.cmake
[0.860s] -- Installing: /home/nghiaphanbk/WeldingRobot_ws/src/install/Robot_ver2/share/Robot_ver2/package.xml
[0.860s] -- Installing: /home/nghiaphanbk/WeldingRobot_ws/src/install/Robot_ver2/share/Robot_ver2/launch
[0.861s] -- Installing: /home/nghiaphanbk/WeldingRobot_ws/src/install/Robot_ver2/share/Robot_ver2/launch/move_group.launch.py
[0.861s] -- Installing: /home/nghiaphanbk/WeldingRobot_ws/src/install/Robot_ver2/share/Robot_ver2/launch/Move_Robot.launch.py
[0.861s] -- Installing: /home/nghiaphanbk/WeldingRobot_ws/src/install/Robot_ver2/share/Robot_ver2/launch/setup_assistant.launch.py
[0.861s] -- Installing: /home/nghiaphanbk/WeldingRobot_ws/src/install/Robot_ver2/share/Robot_ver2/launch/spawn_controllers.launch.py
[0.861s] -- Installing: /home/nghiaphanbk/WeldingRobot_ws/src/install/Robot_ver2/share/Robot_ver2/launch/demo.launch.py
[0.861s] -- Installing: /home/nghiaphanbk/WeldingRobot_ws/src/install/Robot_ver2/share/Robot_ver2/launch/rsp.launch.py
[0.861s] -- Installing: /home/nghiaphanbk/WeldingRobot_ws/src/install/Robot_ver2/share/Robot_ver2/launch/demo3.launch.py
[0.862s] -- Installing: /home/nghiaphanbk/WeldingRobot_ws/src/install/Robot_ver2/share/Robot_ver2/launch/demo2.launch.py
[0.862s] -- Installing: /home/nghiaphanbk/WeldingRobot_ws/src/install/Robot_ver2/share/Robot_ver2/launch/static_virtual_joint_tfs.launch.py
[0.862s] -- Installing: /home/nghiaphanbk/WeldingRobot_ws/src/install/Robot_ver2/share/Robot_ver2/launch/warehouse_db.launch.py
[0.862s] -- Installing: /home/nghiaphanbk/WeldingRobot_ws/src/install/Robot_ver2/share/Robot_ver2/launch/moveit_rviz.launch.py
[0.862s] -- Installing: /home/nghiaphanbk/WeldingRobot_ws/src/install/Robot_ver2/share/Robot_ver2/config
[0.862s] -- Installing: /home/nghiaphanbk/WeldingRobot_ws/src/install/Robot_ver2/share/Robot_ver2/config/pilz_cartesian_limits.yaml
[0.862s] -- Installing: /home/nghiaphanbk/WeldingRobot_ws/src/install/Robot_ver2/share/Robot_ver2/config/welding_robot.srdf.xacro
[0.863s] -- Installing: /home/nghiaphanbk/WeldingRobot_ws/src/install/Robot_ver2/share/Robot_ver2/config/welding_robot.ros2_control.xacro
[0.863s] -- Installing: /home/nghiaphanbk/WeldingRobot_ws/src/install/Robot_ver2/share/Robot_ver2/config/welding.yaml
[0.863s] -- Installing: /home/nghiaphanbk/WeldingRobot_ws/src/install/Robot_ver2/share/Robot_ver2/config/welding_robot.urdf.xacro
[0.863s] -- Installing: /home/nghiaphanbk/WeldingRobot_ws/src/install/Robot_ver2/share/Robot_ver2/config/welding_robot.urdf
[0.864s] -- Installing: /home/nghiaphanbk/WeldingRobot_ws/src/install/Robot_ver2/share/Robot_ver2/config/welding_robot.srdf 
[0.864s] -- Installing: /home/nghiaphanbk/WeldingRobot_ws/src/install/Robot_ver2/share/Robot_ver2/config/ros2_controllers.yaml
[0.864s] -- Installing: /home/nghiaphanbk/WeldingRobot_ws/src/install/Robot_ver2/share/Robot_ver2/config/initial_positions.yaml
[0.864s] -- Installing: /home/nghiaphanbk/WeldingRobot_ws/src/install/Robot_ver2/share/Robot_ver2/config/moveit.rviz
[0.864s] -- Installing: /home/nghiaphanbk/WeldingRobot_ws/src/install/Robot_ver2/share/Robot_ver2/config/joint_limits.yaml
[0.864s] -- Installing: /home/nghiaphanbk/WeldingRobot_ws/src/install/Robot_ver2/share/Robot_ver2/config/kinematics.yaml
[0.864s] -- Installing: /home/nghiaphanbk/WeldingRobot_ws/src/install/Robot_ver2/share/Robot_ver2/.setup_assistant
[0.866s] Invoked command in '/home/nghiaphanbk/WeldingRobot_ws/src/build/Robot_ver2' returned '0': AMENT_PREFIX_PATH=/home/nghiaphanbk/WeldingRobot_ws/src/install/Model_Robot:${AMENT_PREFIX_PATH} CMAKE_PREFIX_PATH=${CMAKE_PREFIX_PATH}:/home/nghiaphanbk/WeldingRobot_ws/install/moveit_configs_utils:/home/nghiaphanbk/WeldingRobot_ws/install/launch_param_builder:/home/nghiaphanbk/WeldingRobot_ws/install/Model_Robot:/home/nghiaphanbk/ros2_ws/install/my_robot_controller:/opt/ros/humble PYTHONPATH=/home/nghiaphanbk/WeldingRobot_ws/src/install/Model_Robot/lib/python3.10/site-packages:${PYTHONPATH} /usr/bin/cmake --install /home/nghiaphanbk/WeldingRobot_ws/src/build/Robot_ver2
