[0.748s] Invoking command in '/home/nghiaphanbk/WeldingRobot_ws/build/moveit_common': CMAKE_PREFIX_PATH=/home/nghiaphanbk/WeldingRobot_ws/install/Model_Robot:/home/nghiaphanbk/ros2_ws/install/my_robot_controller:/opt/ros/humble /usr/bin/cmake --build /home/nghiaphanbk/WeldingRobot_ws/build/moveit_common -- -j12 -l12
[1.377s] Invoked command in '/home/nghiaphanbk/WeldingRobot_ws/build/moveit_common' returned '0': CMAKE_PREFIX_PATH=/home/nghiaphanbk/WeldingRobot_ws/install/Model_Robot:/home/nghiaphanbk/ros2_ws/install/my_robot_controller:/opt/ros/humble /usr/bin/cmake --build /home/nghiaphanbk/WeldingRobot_ws/build/moveit_common -- -j12 -l12
[1.400s] Invoking command in '/home/nghiaphanbk/WeldingRobot_ws/build/moveit_common': CMAKE_PREFIX_PATH=/home/nghiaphanbk/WeldingRobot_ws/install/Model_Robot:/home/nghiaphanbk/ros2_ws/install/my_robot_controller:/opt/ros/humble /usr/bin/cmake --install /home/nghiaphanbk/WeldingRobot_ws/build/moveit_common
[1.407s] -- Install configuration: "Release"
[1.408s] -- Up-to-date: /home/nghiaphanbk/WeldingRobot_ws/install/moveit_common/share/ament_index/resource_index/package_run_dependencies/moveit_common
[1.411s] -- Up-to-date: /home/nghiaphanbk/WeldingRobot_ws/install/moveit_common/share/ament_index/resource_index/parent_prefix_path/moveit_common
[1.412s] -- Up-to-date: /home/nghiaphanbk/WeldingRobot_ws/install/moveit_common/share/moveit_common/environment/ament_prefix_path.sh
[1.413s] -- Up-to-date: /home/nghiaphanbk/WeldingRobot_ws/install/moveit_common/share/moveit_common/environment/ament_prefix_path.dsv
[1.413s] -- Up-to-date: /home/nghiaphanbk/WeldingRobot_ws/install/moveit_common/share/moveit_common/environment/path.sh
[1.413s] -- Up-to-date: /home/nghiaphanbk/WeldingRobot_ws/install/moveit_common/share/moveit_common/environment/path.dsv
[1.413s] -- Up-to-date: /home/nghiaphanbk/WeldingRobot_ws/install/moveit_common/share/moveit_common/local_setup.bash
[1.413s] -- Up-to-date: /home/nghiaphanbk/WeldingRobot_ws/install/moveit_common/share/moveit_common/local_setup.sh
[1.414s] -- Up-to-date: /home/nghiaphanbk/WeldingRobot_ws/install/moveit_common/share/moveit_common/local_setup.zsh
[1.415s] -- Up-to-date: /home/nghiaphanbk/WeldingRobot_ws/install/moveit_common/share/moveit_common/local_setup.dsv
[1.416s] -- Up-to-date: /home/nghiaphanbk/WeldingRobot_ws/install/moveit_common/share/moveit_common/package.dsv
[1.416s] -- Up-to-date: /home/nghiaphanbk/WeldingRobot_ws/install/moveit_common/share/ament_index/resource_index/packages/moveit_common
[1.416s] -- Up-to-date: /home/nghiaphanbk/WeldingRobot_ws/install/moveit_common/share/moveit_common/cmake/moveit_common-extras.cmake
[1.417s] -- Up-to-date: /home/nghiaphanbk/WeldingRobot_ws/install/moveit_common/share/moveit_common/cmake/moveit_commonConfig.cmake
[1.417s] -- Up-to-date: /home/nghiaphanbk/WeldingRobot_ws/install/moveit_common/share/moveit_common/cmake/moveit_commonConfig-version.cmake
[1.417s] -- Up-to-date: /home/nghiaphanbk/WeldingRobot_ws/install/moveit_common/share/moveit_common/package.xml
[1.418s] -- Up-to-date: /home/nghiaphanbk/WeldingRobot_ws/install/moveit_common/share/moveit_common/cmake
[1.418s] -- Up-to-date: /home/nghiaphanbk/WeldingRobot_ws/install/moveit_common/share/moveit_common/cmake/moveit_package.cmake
[1.424s] Invoked command in '/home/nghiaphanbk/WeldingRobot_ws/build/moveit_common' returned '0': CMAKE_PREFIX_PATH=/home/nghiaphanbk/WeldingRobot_ws/install/Model_Robot:/home/nghiaphanbk/ros2_ws/install/my_robot_controller:/opt/ros/humble /usr/bin/cmake --install /home/nghiaphanbk/WeldingRobot_ws/build/moveit_common
