[0.144s] Invoking command in '/home/nghiaphanbk/WeldingRobot_ws/build/moveit_ros_planning': CMAKE_PREFIX_PATH=/home/nghiaphanbk/WeldingRobot_ws/install/moveit_ros_occupancy_map_monitor:/home/nghiaphanbk/WeldingRobot_ws/install/moveit_core:/home/nghiaphanbk/WeldingRobot_ws/install/moveit_resources_panda_moveit_config:/home/nghiaphanbk/WeldingRobot_ws/install/srdfdom:/home/nghiaphanbk/WeldingRobot_ws/install/moveit_resources_panda_description:/home/nghiaphanbk/WeldingRobot_ws/install/moveit_common:/home/nghiaphanbk/WeldingRobot_ws/install/pilz_industrial_motion_planner_testutils:/home/nghiaphanbk/WeldingRobot_ws/install/moveit_visual_tools:/home/nghiaphanbk/WeldingRobot_ws/install/moveit_ros_control_interface:/home/nghiaphanbk/WeldingRobot_ws/install/moveit_plugins:/home/nghiaphanbk/WeldingRobot_ws/install/moveit_simple_controller_manager:/home/nghiaphanbk/WeldingRobot_ws/install/moveit_ros_warehouse:/home/nghiaphanbk/WeldingRobot_ws/install/moveit_ros_robot_interaction:/home/nghiaphanbk/WeldingRobot_ws/install/moveit_ros_perception:/home/nghiaphanbk/WeldingRobot_ws/install/moveit_ros_planning:/home/nghiaphanbk/WeldingRobot_ws/install/moveit_resources_prbt_ikfast_manipulator_plugin:/home/nghiaphanbk/WeldingRobot_ws/install/moveit_planners_chomp:/home/nghiaphanbk/WeldingRobot_ws/install/moveit_kinematics:/home/nghiaphanbk/WeldingRobot_ws/install/moveit_chomp_optimizer_adapter:/home/nghiaphanbk/WeldingRobot_ws/install/chomp_motion_planner:/home/nghiaphanbk/WeldingRobot_ws/install/rviz_marker_tools:/home/nghiaphanbk/WeldingRobot_ws/install/rosparam_shortcuts:/home/nghiaphanbk/WeldingRobot_ws/install/moveit_task_constructor_msgs:/home/nghiaphanbk/WeldingRobot_ws/install/moveit_resources_prbt_support:/home/nghiaphanbk/WeldingRobot_ws/install/moveit_resources:/home/nghiaphanbk/WeldingRobot_ws/install/moveit_resources_pr2_description:/home/nghiaphanbk/WeldingRobot_ws/install/moveit_resources_fanuc_moveit_config:/home/nghiaphanbk/WeldingRobot_ws/install/moveit_resources_fanuc_description:/home/nghiaphanbk/WeldingRobot_ws/install/moveit_configs_utils:/home/nghiaphanbk/WeldingRobot_ws/install/launch_param_builder:/home/nghiaphanbk/WeldingRobot_ws/install/Model_Robot:/home/nghiaphanbk/ros2_ws/install/my_robot_controller:/opt/ros/humble LD_LIBRARY_PATH=/home/nghiaphanbk/WeldingRobot_ws/install/moveit_ros_occupancy_map_monitor/lib:/home/nghiaphanbk/WeldingRobot_ws/install/moveit_core/lib:/home/nghiaphanbk/WeldingRobot_ws/install/srdfdom/lib:/home/nghiaphanbk/WeldingRobot_ws/install/pilz_industrial_motion_planner_testutils/lib:/home/nghiaphanbk/WeldingRobot_ws/install/moveit_visual_tools/lib:/home/nghiaphanbk/WeldingRobot_ws/install/moveit_ros_control_interface/lib:/home/nghiaphanbk/WeldingRobot_ws/install/moveit_simple_controller_manager/lib:/home/nghiaphanbk/WeldingRobot_ws/install/moveit_ros_warehouse/lib:/home/nghiaphanbk/WeldingRobot_ws/install/moveit_ros_robot_interaction/lib:/home/nghiaphanbk/WeldingRobot_ws/install/moveit_ros_perception/lib:/home/nghiaphanbk/WeldingRobot_ws/install/moveit_ros_planning/lib:/home/nghiaphanbk/WeldingRobot_ws/install/moveit_resources_prbt_ikfast_manipulator_plugin/lib:/home/nghiaphanbk/WeldingRobot_ws/install/moveit_planners_chomp/lib:/home/nghiaphanbk/WeldingRobot_ws/install/moveit_kinematics/lib:/home/nghiaphanbk/WeldingRobot_ws/install/moveit_chomp_optimizer_adapter/lib:/home/nghiaphanbk/WeldingRobot_ws/install/chomp_motion_planner/lib:/home/nghiaphanbk/WeldingRobot_ws/install/rviz_marker_tools/lib:/home/nghiaphanbk/WeldingRobot_ws/install/rosparam_shortcuts/lib:/home/nghiaphanbk/WeldingRobot_ws/install/moveit_task_constructor_msgs/lib:/opt/ros/humble/opt/rviz_ogre_vendor/lib:/opt/ros/humble/lib/x86_64-linux-gnu:/opt/ros/humble/lib /usr/bin/cmake /home/nghiaphanbk/WeldingRobot_ws/src/moveit2/moveit_ros/planning -DCMAKE_INSTALL_PREFIX=/home/nghiaphanbk/WeldingRobot_ws/install/moveit_ros_planning
[0.156s] -- Found moveit_common: 2.5.5 (/home/nghiaphanbk/WeldingRobot_ws/install/moveit_common/share/moveit_common/cmake)
[0.156s] -- Found ament_cmake: 1.3.5 (/opt/ros/humble/share/ament_cmake/cmake)
[0.362s] -- Could NOT find libbfd (missing: LIBBFD_LIBRARY LIBBFD_INCLUDE_DIR) 
[0.362s] -- BACKWARD_HAS_UNWIND=1
[0.363s] -- BACKWARD_HAS_BACKTRACE=0
[0.363s] -- BACKWARD_HAS_BACKTRACE_SYMBOL=0
[0.363s] -- BACKWARD_HAS_DW=1
[0.363s] -- BACKWARD_HAS_BFD=0
[0.363s] -- Found Backward: /opt/ros/humble/share/backward_ros/cmake  
[0.364s] -- Found moveit_msgs: 2.2.1 (/opt/ros/humble/share/moveit_msgs/cmake)
[0.387s] -- Found rosidl_generator_c: 3.1.5 (/opt/ros/humble/share/rosidl_generator_c/cmake)
[0.389s] -- Found rosidl_adapter: 3.1.5 (/opt/ros/humble/share/rosidl_adapter/cmake)
[0.395s] -- Found rosidl_generator_cpp: 3.1.5 (/opt/ros/humble/share/rosidl_generator_cpp/cmake)
[0.406s] -- Using all available rosidl_typesupport_c: rosidl_typesupport_fastrtps_c;rosidl_typesupport_introspection_c
[0.421s] -- Using all available rosidl_typesupport_cpp: rosidl_typesupport_fastrtps_cpp;rosidl_typesupport_introspection_cpp
[1.278s] -- Found pluginlib: 5.1.0 (/opt/ros/humble/share/pluginlib/cmake)
[1.292s] -- Found rclcpp: 16.0.6 (/opt/ros/humble/share/rclcpp/cmake)
[1.336s] -- Found rmw_implementation_cmake: 6.1.1 (/opt/ros/humble/share/rmw_implementation_cmake/cmake)
[1.338s] -- Found rmw_fastrtps_cpp: 6.2.4 (/opt/ros/humble/share/rmw_fastrtps_cpp/cmake)
[1.445s] -- Using RMW implementation 'rmw_fastrtps_cpp' as default
[1.564s] -- Found message_filters: 4.3.3 (/opt/ros/humble/share/message_filters/cmake)
[1.569s] -- Found srdfdom: 2.0.4 (/home/nghiaphanbk/WeldingRobot_ws/install/srdfdom/share/srdfdom/cmake)
[1.577s] -- Found tf2: 0.25.4 (/opt/ros/humble/share/tf2/cmake)
[1.583s] -- Found tf2_geometry_msgs: 0.25.4 (/opt/ros/humble/share/tf2_geometry_msgs/cmake)
[1.587s] -- Found eigen3_cmake_module: 0.1.1 (/opt/ros/humble/share/eigen3_cmake_module/cmake)
[1.588s] -- Ensuring Eigen3 include directory is part of orocos-kdl CMake target
[1.852s] -- Found tf2_eigen: 0.25.4 (/opt/ros/humble/share/tf2_eigen/cmake)
[1.857s] -- Found moveit_core: 2.5.5 (/home/nghiaphanbk/WeldingRobot_ws/install/moveit_core/share/moveit_core/cmake)
[1.870s] -- Found Boost: /usr/lib/x86_64-linux-gnu/cmake/Boost-1.74.0/BoostConfig.cmake (found version "1.74.0") found components: chrono date_time filesystem iostreams program_options regex serialization system thread 
[1.888s] -- Found parameter_traits: 0.3.6 (/opt/ros/humble/share/parameter_traits/cmake)
[1.902s] -- Found rclcpp_lifecycle: 16.0.6 (/opt/ros/humble/share/rclcpp_lifecycle/cmake)
[1.942s] -- Found Boost: /usr/lib/x86_64-linux-gnu/cmake/Boost-1.74.0/BoostConfig.cmake (found version "1.74.0") found components: filesystem 
[1.973s] -- library: /usr/lib/x86_64-linux-gnu/libcurl.so
[2.341s] -- Found moveit_ros_occupancy_map_monitor: 2.5.5 (/home/nghiaphanbk/WeldingRobot_ws/install/moveit_ros_occupancy_map_monitor/share/moveit_ros_occupancy_map_monitor/cmake)
[2.555s] -- Found Boost: /usr/lib/x86_64-linux-gnu/cmake/Boost-1.74.0/BoostConfig.cmake (found version "1.74.0") found components: system filesystem date_time program_options thread chrono 
[2.650s] -- Found ament_cmake_gtest: 1.3.5 (/opt/ros/humble/share/ament_cmake_gtest/cmake)
[2.650s] -- Found ament_cmake_gmock: 1.3.5 (/opt/ros/humble/share/ament_cmake_gmock/cmake)
[2.651s] -- Found gmock sources under '/opt/ros/humble/src/gmock_vendor': C++ tests using 'Google Mock' will be built
[2.653s] -- Found gtest sources under '/opt/ros/humble/src/gtest_vendor': C++ tests using 'Google Test' will be built
[2.698s] -- Found ament_lint_auto: 0.12.8 (/opt/ros/humble/share/ament_lint_auto/cmake)
[2.701s] -- Found launch_testing_ament_cmake: 1.0.4 (/opt/ros/humble/share/launch_testing_ament_cmake/cmake)
[2.702s] -- Found python_cmake_module: 0.10.0 (/opt/ros/humble/share/python_cmake_module/cmake)
[2.721s] -- Using PYTHON_EXECUTABLE: /usr/bin/python3
[2.721s] -- Using PYTHON_INCLUDE_DIRS: /usr/include/python3.10
[2.721s] -- Using PYTHON_LIBRARIES: /usr/lib/x86_64-linux-gnu/libpython3.10.so
[2.734s] -- Added test 'cppcheck' to perform static code analysis on C / C++ code
[2.735s] -- Configured cppcheck include dirs: /home/nghiaphanbk/WeldingRobot_ws/src/moveit2/moveit_ros/planning/rdf_loader/include;/home/nghiaphanbk/WeldingRobot_ws/src/moveit2/moveit_ros/planning/kinematics_plugin_loader/include;/home/nghiaphanbk/WeldingRobot_ws/src/moveit2/moveit_ros/planning/robot_model_loader/include;/home/nghiaphanbk/WeldingRobot_ws/src/moveit2/moveit_ros/planning/constraint_sampler_manager_loader/include;/home/nghiaphanbk/WeldingRobot_ws/src/moveit2/moveit_ros/planning/planning_pipeline/include;/home/nghiaphanbk/WeldingRobot_ws/src/moveit2/moveit_ros/planning/planning_scene_monitor/include;/home/nghiaphanbk/WeldingRobot_ws/src/moveit2/moveit_ros/planning/trajectory_execution_manager/include;/home/nghiaphanbk/WeldingRobot_ws/src/moveit2/moveit_ros/planning/plan_execution/include;/home/nghiaphanbk/WeldingRobot_ws/src/moveit2/moveit_ros/planning/collision_plugin_loader/include;/home/nghiaphanbk/WeldingRobot_ws/src/moveit2/moveit_ros/planning/moveit_cpp/include
[2.735s] -- Configured cppcheck exclude dirs and/or files: 
[2.736s] -- Added test 'lint_cmake' to check CMake code style
[2.737s] -- Added test 'pep257' to check Python code against some of the docstring style conventions in PEP 257
[2.738s] -- Added test 'xmllint' to check XML markup files
[2.740s] -- Configuring done
[2.993s] -- Generating done
[2.998s] -- Build files have been written to: /home/nghiaphanbk/WeldingRobot_ws/build/moveit_ros_planning
[3.014s] Invoked command in '/home/nghiaphanbk/WeldingRobot_ws/build/moveit_ros_planning' returned '0': CMAKE_PREFIX_PATH=/home/nghiaphanbk/WeldingRobot_ws/install/moveit_ros_occupancy_map_monitor:/home/nghiaphanbk/WeldingRobot_ws/install/moveit_core:/home/nghiaphanbk/WeldingRobot_ws/install/moveit_resources_panda_moveit_config:/home/nghiaphanbk/WeldingRobot_ws/install/srdfdom:/home/nghiaphanbk/WeldingRobot_ws/install/moveit_resources_panda_description:/home/nghiaphanbk/WeldingRobot_ws/install/moveit_common:/home/nghiaphanbk/WeldingRobot_ws/install/pilz_industrial_motion_planner_testutils:/home/nghiaphanbk/WeldingRobot_ws/install/moveit_visual_tools:/home/nghiaphanbk/WeldingRobot_ws/install/moveit_ros_control_interface:/home/nghiaphanbk/WeldingRobot_ws/install/moveit_plugins:/home/nghiaphanbk/WeldingRobot_ws/install/moveit_simple_controller_manager:/home/nghiaphanbk/WeldingRobot_ws/install/moveit_ros_warehouse:/home/nghiaphanbk/WeldingRobot_ws/install/moveit_ros_robot_interaction:/home/nghiaphanbk/WeldingRobot_ws/install/moveit_ros_perception:/home/nghiaphanbk/WeldingRobot_ws/install/moveit_ros_planning:/home/nghiaphanbk/WeldingRobot_ws/install/moveit_resources_prbt_ikfast_manipulator_plugin:/home/nghiaphanbk/WeldingRobot_ws/install/moveit_planners_chomp:/home/nghiaphanbk/WeldingRobot_ws/install/moveit_kinematics:/home/nghiaphanbk/WeldingRobot_ws/install/moveit_chomp_optimizer_adapter:/home/nghiaphanbk/WeldingRobot_ws/install/chomp_motion_planner:/home/nghiaphanbk/WeldingRobot_ws/install/rviz_marker_tools:/home/nghiaphanbk/WeldingRobot_ws/install/rosparam_shortcuts:/home/nghiaphanbk/WeldingRobot_ws/install/moveit_task_constructor_msgs:/home/nghiaphanbk/WeldingRobot_ws/install/moveit_resources_prbt_support:/home/nghiaphanbk/WeldingRobot_ws/install/moveit_resources:/home/nghiaphanbk/WeldingRobot_ws/install/moveit_resources_pr2_description:/home/nghiaphanbk/WeldingRobot_ws/install/moveit_resources_fanuc_moveit_config:/home/nghiaphanbk/WeldingRobot_ws/install/moveit_resources_fanuc_description:/home/nghiaphanbk/WeldingRobot_ws/install/moveit_configs_utils:/home/nghiaphanbk/WeldingRobot_ws/install/launch_param_builder:/home/nghiaphanbk/WeldingRobot_ws/install/Model_Robot:/home/nghiaphanbk/ros2_ws/install/my_robot_controller:/opt/ros/humble LD_LIBRARY_PATH=/home/nghiaphanbk/WeldingRobot_ws/install/moveit_ros_occupancy_map_monitor/lib:/home/nghiaphanbk/WeldingRobot_ws/install/moveit_core/lib:/home/nghiaphanbk/WeldingRobot_ws/install/srdfdom/lib:/home/nghiaphanbk/WeldingRobot_ws/install/pilz_industrial_motion_planner_testutils/lib:/home/nghiaphanbk/WeldingRobot_ws/install/moveit_visual_tools/lib:/home/nghiaphanbk/WeldingRobot_ws/install/moveit_ros_control_interface/lib:/home/nghiaphanbk/WeldingRobot_ws/install/moveit_simple_controller_manager/lib:/home/nghiaphanbk/WeldingRobot_ws/install/moveit_ros_warehouse/lib:/home/nghiaphanbk/WeldingRobot_ws/install/moveit_ros_robot_interaction/lib:/home/nghiaphanbk/WeldingRobot_ws/install/moveit_ros_perception/lib:/home/nghiaphanbk/WeldingRobot_ws/install/moveit_ros_planning/lib:/home/nghiaphanbk/WeldingRobot_ws/install/moveit_resources_prbt_ikfast_manipulator_plugin/lib:/home/nghiaphanbk/WeldingRobot_ws/install/moveit_planners_chomp/lib:/home/nghiaphanbk/WeldingRobot_ws/install/moveit_kinematics/lib:/home/nghiaphanbk/WeldingRobot_ws/install/moveit_chomp_optimizer_adapter/lib:/home/nghiaphanbk/WeldingRobot_ws/install/chomp_motion_planner/lib:/home/nghiaphanbk/WeldingRobot_ws/install/rviz_marker_tools/lib:/home/nghiaphanbk/WeldingRobot_ws/install/rosparam_shortcuts/lib:/home/nghiaphanbk/WeldingRobot_ws/install/moveit_task_constructor_msgs/lib:/opt/ros/humble/opt/rviz_ogre_vendor/lib:/opt/ros/humble/lib/x86_64-linux-gnu:/opt/ros/humble/lib /usr/bin/cmake /home/nghiaphanbk/WeldingRobot_ws/src/moveit2/moveit_ros/planning -DCMAKE_INSTALL_PREFIX=/home/nghiaphanbk/WeldingRobot_ws/install/moveit_ros_planning
[3.015s] Invoking command in '/home/nghiaphanbk/WeldingRobot_ws/build/moveit_ros_planning': CMAKE_PREFIX_PATH=/home/nghiaphanbk/WeldingRobot_ws/install/moveit_ros_occupancy_map_monitor:/home/nghiaphanbk/WeldingRobot_ws/install/moveit_core:/home/nghiaphanbk/WeldingRobot_ws/install/moveit_resources_panda_moveit_config:/home/nghiaphanbk/WeldingRobot_ws/install/srdfdom:/home/nghiaphanbk/WeldingRobot_ws/install/moveit_resources_panda_description:/home/nghiaphanbk/WeldingRobot_ws/install/moveit_common:/home/nghiaphanbk/WeldingRobot_ws/install/pilz_industrial_motion_planner_testutils:/home/nghiaphanbk/WeldingRobot_ws/install/moveit_visual_tools:/home/nghiaphanbk/WeldingRobot_ws/install/moveit_ros_control_interface:/home/nghiaphanbk/WeldingRobot_ws/install/moveit_plugins:/home/nghiaphanbk/WeldingRobot_ws/install/moveit_simple_controller_manager:/home/nghiaphanbk/WeldingRobot_ws/install/moveit_ros_warehouse:/home/nghiaphanbk/WeldingRobot_ws/install/moveit_ros_robot_interaction:/home/nghiaphanbk/WeldingRobot_ws/install/moveit_ros_perception:/home/nghiaphanbk/WeldingRobot_ws/install/moveit_ros_planning:/home/nghiaphanbk/WeldingRobot_ws/install/moveit_resources_prbt_ikfast_manipulator_plugin:/home/nghiaphanbk/WeldingRobot_ws/install/moveit_planners_chomp:/home/nghiaphanbk/WeldingRobot_ws/install/moveit_kinematics:/home/nghiaphanbk/WeldingRobot_ws/install/moveit_chomp_optimizer_adapter:/home/nghiaphanbk/WeldingRobot_ws/install/chomp_motion_planner:/home/nghiaphanbk/WeldingRobot_ws/install/rviz_marker_tools:/home/nghiaphanbk/WeldingRobot_ws/install/rosparam_shortcuts:/home/nghiaphanbk/WeldingRobot_ws/install/moveit_task_constructor_msgs:/home/nghiaphanbk/WeldingRobot_ws/install/moveit_resources_prbt_support:/home/nghiaphanbk/WeldingRobot_ws/install/moveit_resources:/home/nghiaphanbk/WeldingRobot_ws/install/moveit_resources_pr2_description:/home/nghiaphanbk/WeldingRobot_ws/install/moveit_resources_fanuc_moveit_config:/home/nghiaphanbk/WeldingRobot_ws/install/moveit_resources_fanuc_description:/home/nghiaphanbk/WeldingRobot_ws/install/moveit_configs_utils:/home/nghiaphanbk/WeldingRobot_ws/install/launch_param_builder:/home/nghiaphanbk/WeldingRobot_ws/install/Model_Robot:/home/nghiaphanbk/ros2_ws/install/my_robot_controller:/opt/ros/humble LD_LIBRARY_PATH=/home/nghiaphanbk/WeldingRobot_ws/install/moveit_ros_occupancy_map_monitor/lib:/home/nghiaphanbk/WeldingRobot_ws/install/moveit_core/lib:/home/nghiaphanbk/WeldingRobot_ws/install/srdfdom/lib:/home/nghiaphanbk/WeldingRobot_ws/install/pilz_industrial_motion_planner_testutils/lib:/home/nghiaphanbk/WeldingRobot_ws/install/moveit_visual_tools/lib:/home/nghiaphanbk/WeldingRobot_ws/install/moveit_ros_control_interface/lib:/home/nghiaphanbk/WeldingRobot_ws/install/moveit_simple_controller_manager/lib:/home/nghiaphanbk/WeldingRobot_ws/install/moveit_ros_warehouse/lib:/home/nghiaphanbk/WeldingRobot_ws/install/moveit_ros_robot_interaction/lib:/home/nghiaphanbk/WeldingRobot_ws/install/moveit_ros_perception/lib:/home/nghiaphanbk/WeldingRobot_ws/install/moveit_ros_planning/lib:/home/nghiaphanbk/WeldingRobot_ws/install/moveit_resources_prbt_ikfast_manipulator_plugin/lib:/home/nghiaphanbk/WeldingRobot_ws/install/moveit_planners_chomp/lib:/home/nghiaphanbk/WeldingRobot_ws/install/moveit_kinematics/lib:/home/nghiaphanbk/WeldingRobot_ws/install/moveit_chomp_optimizer_adapter/lib:/home/nghiaphanbk/WeldingRobot_ws/install/chomp_motion_planner/lib:/home/nghiaphanbk/WeldingRobot_ws/install/rviz_marker_tools/lib:/home/nghiaphanbk/WeldingRobot_ws/install/rosparam_shortcuts/lib:/home/nghiaphanbk/WeldingRobot_ws/install/moveit_task_constructor_msgs/lib:/opt/ros/humble/opt/rviz_ogre_vendor/lib:/opt/ros/humble/lib/x86_64-linux-gnu:/opt/ros/humble/lib /usr/bin/cmake --build /home/nghiaphanbk/WeldingRobot_ws/build/moveit_ros_planning -- -j12 -l12
[3.052s] [35m[1mConsolidate compiler generated dependencies of target moveit_collision_plugin_loader[0m
[3.052s] [35m[1mConsolidate compiler generated dependencies of target moveit_planning_pipeline[0m
[3.052s] [35m[1mConsolidate compiler generated dependencies of target moveit_list_request_adapter_plugins[0m
[3.053s] [35m[1mConsolidate compiler generated dependencies of target moveit_rdf_loader[0m
[3.054s] [35m[1mConsolidate compiler generated dependencies of target gmock_main[0m
[3.056s] [35m[1mConsolidate compiler generated dependencies of target gmock[0m
[3.069s] [  3%] Built target gmock_main
[3.071s] [35m[1mConsolidate compiler generated dependencies of target moveit_default_planning_request_adapter_plugins[0m
[3.072s] [  8%] Built target gmock
[3.073s] [ 11%] Built target moveit_collision_plugin_loader
[3.074s] [ 14%] Built target moveit_planning_pipeline
[3.074s] [ 19%] Built target moveit_rdf_loader
[3.077s] [ 22%] Built target moveit_list_request_adapter_plugins
[3.085s] [35m[1mConsolidate compiler generated dependencies of target moveit_kinematics_plugin_loader[0m
[3.085s] [35m[1mConsolidate compiler generated dependencies of target moveit_constraint_sampler_manager_loader[0m
[3.103s] [ 25%] Built target moveit_kinematics_plugin_loader
[3.105s] [ 29%] Built target moveit_constraint_sampler_manager_loader
[3.113s] [35m[1mConsolidate compiler generated dependencies of target moveit_robot_model_loader[0m
[3.122s] [ 46%] Built target moveit_default_planning_request_adapter_plugins
[3.129s] [ 50%] Built target moveit_robot_model_loader
[3.138s] [35m[1mConsolidate compiler generated dependencies of target moveit_print_planning_model_info[0m
[3.144s] [35m[1mConsolidate compiler generated dependencies of target moveit_planning_scene_monitor[0m
[3.156s] [ 53%] Built target moveit_print_planning_model_info
[3.183s] [ 62%] Built target moveit_planning_scene_monitor
[3.197s] [35m[1mConsolidate compiler generated dependencies of target moveit_visualize_robot_collision_volume[0m
[3.197s] [35m[1mConsolidate compiler generated dependencies of target demo_scene[0m
[3.197s] [35m[1mConsolidate compiler generated dependencies of target moveit_display_random_state[0m
[3.198s] [35m[1mConsolidate compiler generated dependencies of target trajectory_monitor_tests[0m
[3.198s] [35m[1mConsolidate compiler generated dependencies of target current_state_monitor_tests[0m
[3.198s] [35m[1mConsolidate compiler generated dependencies of target moveit_print_planning_scene_info[0m
[3.199s] [35m[1mConsolidate compiler generated dependencies of target moveit_trajectory_execution_manager[0m
[3.199s] [35m[1mConsolidate compiler generated dependencies of target moveit_publish_scene_from_text[0m
[3.200s] [35m[1mConsolidate compiler generated dependencies of target moveit_evaluate_collision_checking_speed[0m
[3.227s] [ 66%] Built target moveit_visualize_robot_collision_volume
[3.234s] [ 72%] Built target moveit_display_random_state
[3.234s] [ 72%] Built target moveit_publish_scene_from_text
[3.234s] [ 75%] Built target demo_scene
[3.234s] [ 79%] Built target moveit_print_planning_scene_info
[3.235s] [ 82%] Built target current_state_monitor_tests
[3.236s] [ 85%] Built target trajectory_monitor_tests
[3.236s] [ 88%] Built target moveit_evaluate_collision_checking_speed
[3.238s] [ 91%] Built target moveit_trajectory_execution_manager
[3.251s] [35m[1mConsolidate compiler generated dependencies of target moveit_plan_execution[0m
[3.252s] [35m[1mConsolidate compiler generated dependencies of target moveit_cpp[0m
[3.276s] [ 95%] Built target moveit_plan_execution
[3.281s] [100%] Built target moveit_cpp
[3.294s] Invoked command in '/home/nghiaphanbk/WeldingRobot_ws/build/moveit_ros_planning' returned '0': CMAKE_PREFIX_PATH=/home/nghiaphanbk/WeldingRobot_ws/install/moveit_ros_occupancy_map_monitor:/home/nghiaphanbk/WeldingRobot_ws/install/moveit_core:/home/nghiaphanbk/WeldingRobot_ws/install/moveit_resources_panda_moveit_config:/home/nghiaphanbk/WeldingRobot_ws/install/srdfdom:/home/nghiaphanbk/WeldingRobot_ws/install/moveit_resources_panda_description:/home/nghiaphanbk/WeldingRobot_ws/install/moveit_common:/home/nghiaphanbk/WeldingRobot_ws/install/pilz_industrial_motion_planner_testutils:/home/nghiaphanbk/WeldingRobot_ws/install/moveit_visual_tools:/home/nghiaphanbk/WeldingRobot_ws/install/moveit_ros_control_interface:/home/nghiaphanbk/WeldingRobot_ws/install/moveit_plugins:/home/nghiaphanbk/WeldingRobot_ws/install/moveit_simple_controller_manager:/home/nghiaphanbk/WeldingRobot_ws/install/moveit_ros_warehouse:/home/nghiaphanbk/WeldingRobot_ws/install/moveit_ros_robot_interaction:/home/nghiaphanbk/WeldingRobot_ws/install/moveit_ros_perception:/home/nghiaphanbk/WeldingRobot_ws/install/moveit_ros_planning:/home/nghiaphanbk/WeldingRobot_ws/install/moveit_resources_prbt_ikfast_manipulator_plugin:/home/nghiaphanbk/WeldingRobot_ws/install/moveit_planners_chomp:/home/nghiaphanbk/WeldingRobot_ws/install/moveit_kinematics:/home/nghiaphanbk/WeldingRobot_ws/install/moveit_chomp_optimizer_adapter:/home/nghiaphanbk/WeldingRobot_ws/install/chomp_motion_planner:/home/nghiaphanbk/WeldingRobot_ws/install/rviz_marker_tools:/home/nghiaphanbk/WeldingRobot_ws/install/rosparam_shortcuts:/home/nghiaphanbk/WeldingRobot_ws/install/moveit_task_constructor_msgs:/home/nghiaphanbk/WeldingRobot_ws/install/moveit_resources_prbt_support:/home/nghiaphanbk/WeldingRobot_ws/install/moveit_resources:/home/nghiaphanbk/WeldingRobot_ws/install/moveit_resources_pr2_description:/home/nghiaphanbk/WeldingRobot_ws/install/moveit_resources_fanuc_moveit_config:/home/nghiaphanbk/WeldingRobot_ws/install/moveit_resources_fanuc_description:/home/nghiaphanbk/WeldingRobot_ws/install/moveit_configs_utils:/home/nghiaphanbk/WeldingRobot_ws/install/launch_param_builder:/home/nghiaphanbk/WeldingRobot_ws/install/Model_Robot:/home/nghiaphanbk/ros2_ws/install/my_robot_controller:/opt/ros/humble LD_LIBRARY_PATH=/home/nghiaphanbk/WeldingRobot_ws/install/moveit_ros_occupancy_map_monitor/lib:/home/nghiaphanbk/WeldingRobot_ws/install/moveit_core/lib:/home/nghiaphanbk/WeldingRobot_ws/install/srdfdom/lib:/home/nghiaphanbk/WeldingRobot_ws/install/pilz_industrial_motion_planner_testutils/lib:/home/nghiaphanbk/WeldingRobot_ws/install/moveit_visual_tools/lib:/home/nghiaphanbk/WeldingRobot_ws/install/moveit_ros_control_interface/lib:/home/nghiaphanbk/WeldingRobot_ws/install/moveit_simple_controller_manager/lib:/home/nghiaphanbk/WeldingRobot_ws/install/moveit_ros_warehouse/lib:/home/nghiaphanbk/WeldingRobot_ws/install/moveit_ros_robot_interaction/lib:/home/nghiaphanbk/WeldingRobot_ws/install/moveit_ros_perception/lib:/home/nghiaphanbk/WeldingRobot_ws/install/moveit_ros_planning/lib:/home/nghiaphanbk/WeldingRobot_ws/install/moveit_resources_prbt_ikfast_manipulator_plugin/lib:/home/nghiaphanbk/WeldingRobot_ws/install/moveit_planners_chomp/lib:/home/nghiaphanbk/WeldingRobot_ws/install/moveit_kinematics/lib:/home/nghiaphanbk/WeldingRobot_ws/install/moveit_chomp_optimizer_adapter/lib:/home/nghiaphanbk/WeldingRobot_ws/install/chomp_motion_planner/lib:/home/nghiaphanbk/WeldingRobot_ws/install/rviz_marker_tools/lib:/home/nghiaphanbk/WeldingRobot_ws/install/rosparam_shortcuts/lib:/home/nghiaphanbk/WeldingRobot_ws/install/moveit_task_constructor_msgs/lib:/opt/ros/humble/opt/rviz_ogre_vendor/lib:/opt/ros/humble/lib/x86_64-linux-gnu:/opt/ros/humble/lib /usr/bin/cmake --build /home/nghiaphanbk/WeldingRobot_ws/build/moveit_ros_planning -- -j12 -l12
[3.405s] Invoking command in '/home/nghiaphanbk/WeldingRobot_ws/build/moveit_ros_planning': CMAKE_PREFIX_PATH=/home/nghiaphanbk/WeldingRobot_ws/install/moveit_ros_occupancy_map_monitor:/home/nghiaphanbk/WeldingRobot_ws/install/moveit_core:/home/nghiaphanbk/WeldingRobot_ws/install/moveit_resources_panda_moveit_config:/home/nghiaphanbk/WeldingRobot_ws/install/srdfdom:/home/nghiaphanbk/WeldingRobot_ws/install/moveit_resources_panda_description:/home/nghiaphanbk/WeldingRobot_ws/install/moveit_common:/home/nghiaphanbk/WeldingRobot_ws/install/pilz_industrial_motion_planner_testutils:/home/nghiaphanbk/WeldingRobot_ws/install/moveit_visual_tools:/home/nghiaphanbk/WeldingRobot_ws/install/moveit_ros_control_interface:/home/nghiaphanbk/WeldingRobot_ws/install/moveit_plugins:/home/nghiaphanbk/WeldingRobot_ws/install/moveit_simple_controller_manager:/home/nghiaphanbk/WeldingRobot_ws/install/moveit_ros_warehouse:/home/nghiaphanbk/WeldingRobot_ws/install/moveit_ros_robot_interaction:/home/nghiaphanbk/WeldingRobot_ws/install/moveit_ros_perception:/home/nghiaphanbk/WeldingRobot_ws/install/moveit_ros_planning:/home/nghiaphanbk/WeldingRobot_ws/install/moveit_resources_prbt_ikfast_manipulator_plugin:/home/nghiaphanbk/WeldingRobot_ws/install/moveit_planners_chomp:/home/nghiaphanbk/WeldingRobot_ws/install/moveit_kinematics:/home/nghiaphanbk/WeldingRobot_ws/install/moveit_chomp_optimizer_adapter:/home/nghiaphanbk/WeldingRobot_ws/install/chomp_motion_planner:/home/nghiaphanbk/WeldingRobot_ws/install/rviz_marker_tools:/home/nghiaphanbk/WeldingRobot_ws/install/rosparam_shortcuts:/home/nghiaphanbk/WeldingRobot_ws/install/moveit_task_constructor_msgs:/home/nghiaphanbk/WeldingRobot_ws/install/moveit_resources_prbt_support:/home/nghiaphanbk/WeldingRobot_ws/install/moveit_resources:/home/nghiaphanbk/WeldingRobot_ws/install/moveit_resources_pr2_description:/home/nghiaphanbk/WeldingRobot_ws/install/moveit_resources_fanuc_moveit_config:/home/nghiaphanbk/WeldingRobot_ws/install/moveit_resources_fanuc_description:/home/nghiaphanbk/WeldingRobot_ws/install/moveit_configs_utils:/home/nghiaphanbk/WeldingRobot_ws/install/launch_param_builder:/home/nghiaphanbk/WeldingRobot_ws/install/Model_Robot:/home/nghiaphanbk/ros2_ws/install/my_robot_controller:/opt/ros/humble LD_LIBRARY_PATH=/home/nghiaphanbk/WeldingRobot_ws/install/moveit_ros_occupancy_map_monitor/lib:/home/nghiaphanbk/WeldingRobot_ws/install/moveit_core/lib:/home/nghiaphanbk/WeldingRobot_ws/install/srdfdom/lib:/home/nghiaphanbk/WeldingRobot_ws/install/pilz_industrial_motion_planner_testutils/lib:/home/nghiaphanbk/WeldingRobot_ws/install/moveit_visual_tools/lib:/home/nghiaphanbk/WeldingRobot_ws/install/moveit_ros_control_interface/lib:/home/nghiaphanbk/WeldingRobot_ws/install/moveit_simple_controller_manager/lib:/home/nghiaphanbk/WeldingRobot_ws/install/moveit_ros_warehouse/lib:/home/nghiaphanbk/WeldingRobot_ws/install/moveit_ros_robot_interaction/lib:/home/nghiaphanbk/WeldingRobot_ws/install/moveit_ros_perception/lib:/home/nghiaphanbk/WeldingRobot_ws/install/moveit_ros_planning/lib:/home/nghiaphanbk/WeldingRobot_ws/install/moveit_resources_prbt_ikfast_manipulator_plugin/lib:/home/nghiaphanbk/WeldingRobot_ws/install/moveit_planners_chomp/lib:/home/nghiaphanbk/WeldingRobot_ws/install/moveit_kinematics/lib:/home/nghiaphanbk/WeldingRobot_ws/install/moveit_chomp_optimizer_adapter/lib:/home/nghiaphanbk/WeldingRobot_ws/install/chomp_motion_planner/lib:/home/nghiaphanbk/WeldingRobot_ws/install/rviz_marker_tools/lib:/home/nghiaphanbk/WeldingRobot_ws/install/rosparam_shortcuts/lib:/home/nghiaphanbk/WeldingRobot_ws/install/moveit_task_constructor_msgs/lib:/opt/ros/humble/opt/rviz_ogre_vendor/lib:/opt/ros/humble/lib/x86_64-linux-gnu:/opt/ros/humble/lib /usr/bin/cmake --install /home/nghiaphanbk/WeldingRobot_ws/build/moveit_ros_planning
[3.411s] -- Install configuration: "Release"
[3.411s] -- Up-to-date: /home/nghiaphanbk/WeldingRobot_ws/install/moveit_ros_planning/include
[3.411s] -- Up-to-date: /home/nghiaphanbk/WeldingRobot_ws/install/moveit_ros_planning/include/moveit
[3.411s] -- Up-to-date: /home/nghiaphanbk/WeldingRobot_ws/install/moveit_ros_planning/include/moveit/rdf_loader
[3.411s] -- Up-to-date: /home/nghiaphanbk/WeldingRobot_ws/install/moveit_ros_planning/include/moveit/rdf_loader/synchronized_string_parameter.h
[3.412s] -- Up-to-date: /home/nghiaphanbk/WeldingRobot_ws/install/moveit_ros_planning/include/moveit/rdf_loader/rdf_loader.h
[3.412s] -- Up-to-date: /home/nghiaphanbk/WeldingRobot_ws/install/moveit_ros_planning/share/moveit_ros_planning/rdf_loader/test/data
[3.412s] -- Up-to-date: /home/nghiaphanbk/WeldingRobot_ws/install/moveit_ros_planning/share/moveit_ros_planning/rdf_loader/test/data/gonzo.urdf
[3.412s] -- Up-to-date: /home/nghiaphanbk/WeldingRobot_ws/install/moveit_ros_planning/share/moveit_ros_planning/rdf_loader/test/data/gonzo.srdf
[3.412s] -- Up-to-date: /home/nghiaphanbk/WeldingRobot_ws/install/moveit_ros_planning/share/moveit_ros_planning/rdf_loader/test/data/robin.srdf.xacro
[3.412s] -- Up-to-date: /home/nghiaphanbk/WeldingRobot_ws/install/moveit_ros_planning/share/moveit_ros_planning/rdf_loader/test/data/kermit.urdf
[3.412s] -- Up-to-date: /home/nghiaphanbk/WeldingRobot_ws/install/moveit_ros_planning/share/moveit_ros_planning/rdf_loader/test/data/kermit.srdf
[3.412s] -- Up-to-date: /home/nghiaphanbk/WeldingRobot_ws/install/moveit_ros_planning/share/moveit_ros_planning/rdf_loader/test/launch
[3.412s] -- Up-to-date: /home/nghiaphanbk/WeldingRobot_ws/install/moveit_ros_planning/share/moveit_ros_planning/rdf_loader/test/launch/test_rdf_integration.test.py
[3.412s] -- Up-to-date: /home/nghiaphanbk/WeldingRobot_ws/install/moveit_ros_planning/include
[3.412s] -- Up-to-date: /home/nghiaphanbk/WeldingRobot_ws/install/moveit_ros_planning/include/moveit
[3.412s] -- Up-to-date: /home/nghiaphanbk/WeldingRobot_ws/install/moveit_ros_planning/include/moveit/collision_plugin_loader
[3.412s] -- Up-to-date: /home/nghiaphanbk/WeldingRobot_ws/install/moveit_ros_planning/include/moveit/collision_plugin_loader/collision_plugin_loader.h
[3.412s] -- Up-to-date: /home/nghiaphanbk/WeldingRobot_ws/install/moveit_ros_planning/include
[3.413s] -- Up-to-date: /home/nghiaphanbk/WeldingRobot_ws/install/moveit_ros_planning/include/moveit
[3.413s] -- Up-to-date: /home/nghiaphanbk/WeldingRobot_ws/install/moveit_ros_planning/include/moveit/kinematics_plugin_loader
[3.413s] -- Up-to-date: /home/nghiaphanbk/WeldingRobot_ws/install/moveit_ros_planning/include/moveit/kinematics_plugin_loader/kinematics_plugin_loader.h
[3.413s] -- Up-to-date: /home/nghiaphanbk/WeldingRobot_ws/install/moveit_ros_planning/include
[3.413s] -- Up-to-date: /home/nghiaphanbk/WeldingRobot_ws/install/moveit_ros_planning/include/moveit
[3.413s] -- Up-to-date: /home/nghiaphanbk/WeldingRobot_ws/install/moveit_ros_planning/include/moveit/robot_model_loader
[3.413s] -- Up-to-date: /home/nghiaphanbk/WeldingRobot_ws/install/moveit_ros_planning/include/moveit/robot_model_loader/robot_model_loader.h
[3.413s] -- Up-to-date: /home/nghiaphanbk/WeldingRobot_ws/install/moveit_ros_planning/include
[3.413s] -- Up-to-date: /home/nghiaphanbk/WeldingRobot_ws/install/moveit_ros_planning/include/moveit
[3.413s] -- Up-to-date: /home/nghiaphanbk/WeldingRobot_ws/install/moveit_ros_planning/include/moveit/constraint_sampler_manager_loader
[3.413s] -- Up-to-date: /home/nghiaphanbk/WeldingRobot_ws/install/moveit_ros_planning/include/moveit/constraint_sampler_manager_loader/constraint_sampler_manager_loader.h
[3.413s] -- Up-to-date: /home/nghiaphanbk/WeldingRobot_ws/install/moveit_ros_planning/include
[3.413s] -- Up-to-date: /home/nghiaphanbk/WeldingRobot_ws/install/moveit_ros_planning/include/moveit
[3.413s] -- Up-to-date: /home/nghiaphanbk/WeldingRobot_ws/install/moveit_ros_planning/include/moveit/planning_pipeline
[3.413s] -- Up-to-date: /home/nghiaphanbk/WeldingRobot_ws/install/moveit_ros_planning/include/moveit/planning_pipeline/planning_pipeline.h
[3.413s] -- Up-to-date: /home/nghiaphanbk/WeldingRobot_ws/install/moveit_ros_planning/include/moveit_planning_pipeline_export.h
[3.414s] -- Up-to-date: /home/nghiaphanbk/WeldingRobot_ws/install/moveit_ros_planning/lib/moveit_ros_planning/moveit_list_request_adapter_plugins
[3.415s] -- Up-to-date: /home/nghiaphanbk/WeldingRobot_ws/install/moveit_ros_planning/lib/moveit_ros_planning/demo_scene
[3.415s] -- Up-to-date: /home/nghiaphanbk/WeldingRobot_ws/install/moveit_ros_planning/include
[3.415s] -- Up-to-date: /home/nghiaphanbk/WeldingRobot_ws/install/moveit_ros_planning/include/moveit
[3.415s] -- Up-to-date: /home/nghiaphanbk/WeldingRobot_ws/install/moveit_ros_planning/include/moveit/planning_scene_monitor
[3.415s] -- Up-to-date: /home/nghiaphanbk/WeldingRobot_ws/install/moveit_ros_planning/include/moveit/planning_scene_monitor/trajectory_monitor_middleware_handle.hpp
[3.415s] -- Up-to-date: /home/nghiaphanbk/WeldingRobot_ws/install/moveit_ros_planning/include/moveit/planning_scene_monitor/planning_scene_monitor.h
[3.415s] -- Up-to-date: /home/nghiaphanbk/WeldingRobot_ws/install/moveit_ros_planning/include/moveit/planning_scene_monitor/current_state_monitor.h
[3.415s] -- Up-to-date: /home/nghiaphanbk/WeldingRobot_ws/install/moveit_ros_planning/include/moveit/planning_scene_monitor/current_state_monitor_middleware_handle.hpp
[3.415s] -- Up-to-date: /home/nghiaphanbk/WeldingRobot_ws/install/moveit_ros_planning/include/moveit/planning_scene_monitor/trajectory_monitor.h
[3.415s] -- Up-to-date: /home/nghiaphanbk/WeldingRobot_ws/install/moveit_ros_planning/include/moveit_planning_scene_monitor_export.h
[3.416s] -- Up-to-date: /home/nghiaphanbk/WeldingRobot_ws/install/moveit_ros_planning/lib/moveit_ros_planning/moveit_print_planning_model_info
[3.416s] -- Up-to-date: /home/nghiaphanbk/WeldingRobot_ws/install/moveit_ros_planning/lib/moveit_ros_planning/moveit_print_planning_scene_info
[3.417s] -- Up-to-date: /home/nghiaphanbk/WeldingRobot_ws/install/moveit_ros_planning/lib/moveit_ros_planning/moveit_display_random_state
[3.417s] -- Up-to-date: /home/nghiaphanbk/WeldingRobot_ws/install/moveit_ros_planning/lib/moveit_ros_planning/moveit_visualize_robot_collision_volume
[3.418s] -- Up-to-date: /home/nghiaphanbk/WeldingRobot_ws/install/moveit_ros_planning/lib/moveit_ros_planning/moveit_evaluate_collision_checking_speed
[3.418s] -- Up-to-date: /home/nghiaphanbk/WeldingRobot_ws/install/moveit_ros_planning/lib/moveit_ros_planning/moveit_publish_scene_from_text
[3.418s] -- Up-to-date: /home/nghiaphanbk/WeldingRobot_ws/install/moveit_ros_planning/include
[3.418s] -- Up-to-date: /home/nghiaphanbk/WeldingRobot_ws/install/moveit_ros_planning/include/moveit
[3.418s] -- Up-to-date: /home/nghiaphanbk/WeldingRobot_ws/install/moveit_ros_planning/include/moveit/trajectory_execution_manager
[3.418s] -- Up-to-date: /home/nghiaphanbk/WeldingRobot_ws/install/moveit_ros_planning/include/moveit/trajectory_execution_manager/trajectory_execution_manager.h
[3.419s] -- Up-to-date: /home/nghiaphanbk/WeldingRobot_ws/install/moveit_ros_planning/include/moveit_trajectory_execution_manager_export.h
[3.419s] -- Up-to-date: /home/nghiaphanbk/WeldingRobot_ws/install/moveit_ros_planning/include
[3.419s] -- Up-to-date: /home/nghiaphanbk/WeldingRobot_ws/install/moveit_ros_planning/include/moveit
[3.419s] -- Up-to-date: /home/nghiaphanbk/WeldingRobot_ws/install/moveit_ros_planning/include/moveit/plan_execution
[3.419s] -- Up-to-date: /home/nghiaphanbk/WeldingRobot_ws/install/moveit_ros_planning/include/moveit/plan_execution/plan_representation.h
[3.419s] -- Up-to-date: /home/nghiaphanbk/WeldingRobot_ws/install/moveit_ros_planning/include/moveit/plan_execution/plan_execution.h
[3.419s] -- Up-to-date: /home/nghiaphanbk/WeldingRobot_ws/install/moveit_ros_planning/include
[3.419s] -- Up-to-date: /home/nghiaphanbk/WeldingRobot_ws/install/moveit_ros_planning/include/moveit
[3.419s] -- Up-to-date: /home/nghiaphanbk/WeldingRobot_ws/install/moveit_ros_planning/include/moveit/moveit_cpp
[3.419s] -- Up-to-date: /home/nghiaphanbk/WeldingRobot_ws/install/moveit_ros_planning/include/moveit/moveit_cpp/moveit_cpp.h
[3.419s] -- Up-to-date: /home/nghiaphanbk/WeldingRobot_ws/install/moveit_ros_planning/include/moveit/moveit_cpp/planning_component.h
[3.419s] -- Up-to-date: /home/nghiaphanbk/WeldingRobot_ws/install/moveit_ros_planning/lib/libmoveit_rdf_loader.so.2.5.5
[3.419s] -- Up-to-date: /home/nghiaphanbk/WeldingRobot_ws/install/moveit_ros_planning/lib/libmoveit_rdf_loader.so
[3.420s] -- Up-to-date: /home/nghiaphanbk/WeldingRobot_ws/install/moveit_ros_planning/lib/libmoveit_kinematics_plugin_loader.so.2.5.5
[3.420s] -- Up-to-date: /home/nghiaphanbk/WeldingRobot_ws/install/moveit_ros_planning/lib/libmoveit_kinematics_plugin_loader.so
[3.420s] -- Up-to-date: /home/nghiaphanbk/WeldingRobot_ws/install/moveit_ros_planning/lib/libmoveit_robot_model_loader.so.2.5.5
[3.421s] -- Up-to-date: /home/nghiaphanbk/WeldingRobot_ws/install/moveit_ros_planning/lib/libmoveit_robot_model_loader.so
[3.421s] -- Up-to-date: /home/nghiaphanbk/WeldingRobot_ws/install/moveit_ros_planning/lib/libmoveit_constraint_sampler_manager_loader.so.2.5.5
[3.421s] -- Up-to-date: /home/nghiaphanbk/WeldingRobot_ws/install/moveit_ros_planning/lib/libmoveit_constraint_sampler_manager_loader.so
[3.421s] -- Up-to-date: /home/nghiaphanbk/WeldingRobot_ws/install/moveit_ros_planning/lib/libmoveit_planning_pipeline.so.2.5.5
[3.422s] -- Up-to-date: /home/nghiaphanbk/WeldingRobot_ws/install/moveit_ros_planning/lib/libmoveit_planning_pipeline.so
[3.422s] -- Up-to-date: /home/nghiaphanbk/WeldingRobot_ws/install/moveit_ros_planning/lib/libmoveit_trajectory_execution_manager.so.2.5.5
[3.422s] -- Up-to-date: /home/nghiaphanbk/WeldingRobot_ws/install/moveit_ros_planning/lib/libmoveit_trajectory_execution_manager.so
[3.422s] -- Up-to-date: /home/nghiaphanbk/WeldingRobot_ws/install/moveit_ros_planning/lib/libmoveit_plan_execution.so.2.5.5
[3.423s] -- Up-to-date: /home/nghiaphanbk/WeldingRobot_ws/install/moveit_ros_planning/lib/libmoveit_plan_execution.so
[3.423s] -- Up-to-date: /home/nghiaphanbk/WeldingRobot_ws/install/moveit_ros_planning/lib/libmoveit_planning_scene_monitor.so.2.5.5
[3.423s] -- Up-to-date: /home/nghiaphanbk/WeldingRobot_ws/install/moveit_ros_planning/lib/libmoveit_planning_scene_monitor.so
[3.423s] -- Up-to-date: /home/nghiaphanbk/WeldingRobot_ws/install/moveit_ros_planning/lib/libmoveit_collision_plugin_loader.so.2.5.5
[3.423s] -- Up-to-date: /home/nghiaphanbk/WeldingRobot_ws/install/moveit_ros_planning/lib/libmoveit_collision_plugin_loader.so
[3.424s] -- Up-to-date: /home/nghiaphanbk/WeldingRobot_ws/install/moveit_ros_planning/lib/libmoveit_default_planning_request_adapter_plugins.so.2.5.5
[3.424s] -- Up-to-date: /home/nghiaphanbk/WeldingRobot_ws/install/moveit_ros_planning/lib/libmoveit_default_planning_request_adapter_plugins.so
[3.424s] -- Up-to-date: /home/nghiaphanbk/WeldingRobot_ws/install/moveit_ros_planning/lib/libmoveit_cpp.so.2.5.5
[3.424s] -- Up-to-date: /home/nghiaphanbk/WeldingRobot_ws/install/moveit_ros_planning/lib/libmoveit_cpp.so
[3.424s] -- Up-to-date: /home/nghiaphanbk/WeldingRobot_ws/install/moveit_ros_planning/share/moveit_ros_planning/environment/library_path.sh
[3.425s] -- Installing: /home/nghiaphanbk/WeldingRobot_ws/install/moveit_ros_planning/share/moveit_ros_planning/environment/library_path.dsv
[3.425s] -- Up-to-date: /home/nghiaphanbk/WeldingRobot_ws/install/moveit_ros_planning/share/moveit_ros_planning/planning_request_adapters_plugin_description.xml
[3.425s] -- Up-to-date: /home/nghiaphanbk/WeldingRobot_ws/install/moveit_ros_planning/share/ament_index/resource_index/package_run_dependencies/moveit_ros_planning
[3.425s] -- Installing: /home/nghiaphanbk/WeldingRobot_ws/install/moveit_ros_planning/share/ament_index/resource_index/parent_prefix_path/moveit_ros_planning
[3.425s] -- Up-to-date: /home/nghiaphanbk/WeldingRobot_ws/install/moveit_ros_planning/share/moveit_ros_planning/environment/ament_prefix_path.sh
[3.425s] -- Installing: /home/nghiaphanbk/WeldingRobot_ws/install/moveit_ros_planning/share/moveit_ros_planning/environment/ament_prefix_path.dsv
[3.425s] -- Up-to-date: /home/nghiaphanbk/WeldingRobot_ws/install/moveit_ros_planning/share/moveit_ros_planning/environment/path.sh
[3.425s] -- Installing: /home/nghiaphanbk/WeldingRobot_ws/install/moveit_ros_planning/share/moveit_ros_planning/environment/path.dsv
[3.425s] -- Up-to-date: /home/nghiaphanbk/WeldingRobot_ws/install/moveit_ros_planning/share/moveit_ros_planning/local_setup.bash
[3.425s] -- Up-to-date: /home/nghiaphanbk/WeldingRobot_ws/install/moveit_ros_planning/share/moveit_ros_planning/local_setup.sh
[3.425s] -- Up-to-date: /home/nghiaphanbk/WeldingRobot_ws/install/moveit_ros_planning/share/moveit_ros_planning/local_setup.zsh
[3.425s] -- Installing: /home/nghiaphanbk/WeldingRobot_ws/install/moveit_ros_planning/share/moveit_ros_planning/local_setup.dsv
[3.425s] -- Installing: /home/nghiaphanbk/WeldingRobot_ws/install/moveit_ros_planning/share/moveit_ros_planning/package.dsv
[3.425s] -- Up-to-date: /home/nghiaphanbk/WeldingRobot_ws/install/moveit_ros_planning/share/ament_index/resource_index/packages/moveit_ros_planning
[3.425s] -- Up-to-date: /home/nghiaphanbk/WeldingRobot_ws/install/moveit_ros_planning/share/ament_index/resource_index/moveit_core__pluginlib__plugin/moveit_ros_planning
[3.426s] -- Up-to-date: /home/nghiaphanbk/WeldingRobot_ws/install/moveit_ros_planning/share/moveit_ros_planning/cmake/export_moveit_ros_planningExport.cmake
[3.426s] -- Up-to-date: /home/nghiaphanbk/WeldingRobot_ws/install/moveit_ros_planning/share/moveit_ros_planning/cmake/export_moveit_ros_planningExport-release.cmake
[3.426s] -- Up-to-date: /home/nghiaphanbk/WeldingRobot_ws/install/moveit_ros_planning/share/moveit_ros_planning/cmake/ConfigExtras.cmake
[3.426s] -- Up-to-date: /home/nghiaphanbk/WeldingRobot_ws/install/moveit_ros_planning/share/moveit_ros_planning/cmake/ament_cmake_export_targets-extras.cmake
[3.426s] -- Up-to-date: /home/nghiaphanbk/WeldingRobot_ws/install/moveit_ros_planning/share/moveit_ros_planning/cmake/ament_cmake_export_dependencies-extras.cmake
[3.426s] -- Up-to-date: /home/nghiaphanbk/WeldingRobot_ws/install/moveit_ros_planning/share/moveit_ros_planning/cmake/moveit_ros_planningConfig.cmake
[3.426s] -- Up-to-date: /home/nghiaphanbk/WeldingRobot_ws/install/moveit_ros_planning/share/moveit_ros_planning/cmake/moveit_ros_planningConfig-version.cmake
[3.426s] -- Up-to-date: /home/nghiaphanbk/WeldingRobot_ws/install/moveit_ros_planning/share/moveit_ros_planning/package.xml
[3.427s] Invoked command in '/home/nghiaphanbk/WeldingRobot_ws/build/moveit_ros_planning' returned '0': CMAKE_PREFIX_PATH=/home/nghiaphanbk/WeldingRobot_ws/install/moveit_ros_occupancy_map_monitor:/home/nghiaphanbk/WeldingRobot_ws/install/moveit_core:/home/nghiaphanbk/WeldingRobot_ws/install/moveit_resources_panda_moveit_config:/home/nghiaphanbk/WeldingRobot_ws/install/srdfdom:/home/nghiaphanbk/WeldingRobot_ws/install/moveit_resources_panda_description:/home/nghiaphanbk/WeldingRobot_ws/install/moveit_common:/home/nghiaphanbk/WeldingRobot_ws/install/pilz_industrial_motion_planner_testutils:/home/nghiaphanbk/WeldingRobot_ws/install/moveit_visual_tools:/home/nghiaphanbk/WeldingRobot_ws/install/moveit_ros_control_interface:/home/nghiaphanbk/WeldingRobot_ws/install/moveit_plugins:/home/nghiaphanbk/WeldingRobot_ws/install/moveit_simple_controller_manager:/home/nghiaphanbk/WeldingRobot_ws/install/moveit_ros_warehouse:/home/nghiaphanbk/WeldingRobot_ws/install/moveit_ros_robot_interaction:/home/nghiaphanbk/WeldingRobot_ws/install/moveit_ros_perception:/home/nghiaphanbk/WeldingRobot_ws/install/moveit_ros_planning:/home/nghiaphanbk/WeldingRobot_ws/install/moveit_resources_prbt_ikfast_manipulator_plugin:/home/nghiaphanbk/WeldingRobot_ws/install/moveit_planners_chomp:/home/nghiaphanbk/WeldingRobot_ws/install/moveit_kinematics:/home/nghiaphanbk/WeldingRobot_ws/install/moveit_chomp_optimizer_adapter:/home/nghiaphanbk/WeldingRobot_ws/install/chomp_motion_planner:/home/nghiaphanbk/WeldingRobot_ws/install/rviz_marker_tools:/home/nghiaphanbk/WeldingRobot_ws/install/rosparam_shortcuts:/home/nghiaphanbk/WeldingRobot_ws/install/moveit_task_constructor_msgs:/home/nghiaphanbk/WeldingRobot_ws/install/moveit_resources_prbt_support:/home/nghiaphanbk/WeldingRobot_ws/install/moveit_resources:/home/nghiaphanbk/WeldingRobot_ws/install/moveit_resources_pr2_description:/home/nghiaphanbk/WeldingRobot_ws/install/moveit_resources_fanuc_moveit_config:/home/nghiaphanbk/WeldingRobot_ws/install/moveit_resources_fanuc_description:/home/nghiaphanbk/WeldingRobot_ws/install/moveit_configs_utils:/home/nghiaphanbk/WeldingRobot_ws/install/launch_param_builder:/home/nghiaphanbk/WeldingRobot_ws/install/Model_Robot:/home/nghiaphanbk/ros2_ws/install/my_robot_controller:/opt/ros/humble LD_LIBRARY_PATH=/home/nghiaphanbk/WeldingRobot_ws/install/moveit_ros_occupancy_map_monitor/lib:/home/nghiaphanbk/WeldingRobot_ws/install/moveit_core/lib:/home/nghiaphanbk/WeldingRobot_ws/install/srdfdom/lib:/home/nghiaphanbk/WeldingRobot_ws/install/pilz_industrial_motion_planner_testutils/lib:/home/nghiaphanbk/WeldingRobot_ws/install/moveit_visual_tools/lib:/home/nghiaphanbk/WeldingRobot_ws/install/moveit_ros_control_interface/lib:/home/nghiaphanbk/WeldingRobot_ws/install/moveit_simple_controller_manager/lib:/home/nghiaphanbk/WeldingRobot_ws/install/moveit_ros_warehouse/lib:/home/nghiaphanbk/WeldingRobot_ws/install/moveit_ros_robot_interaction/lib:/home/nghiaphanbk/WeldingRobot_ws/install/moveit_ros_perception/lib:/home/nghiaphanbk/WeldingRobot_ws/install/moveit_ros_planning/lib:/home/nghiaphanbk/WeldingRobot_ws/install/moveit_resources_prbt_ikfast_manipulator_plugin/lib:/home/nghiaphanbk/WeldingRobot_ws/install/moveit_planners_chomp/lib:/home/nghiaphanbk/WeldingRobot_ws/install/moveit_kinematics/lib:/home/nghiaphanbk/WeldingRobot_ws/install/moveit_chomp_optimizer_adapter/lib:/home/nghiaphanbk/WeldingRobot_ws/install/chomp_motion_planner/lib:/home/nghiaphanbk/WeldingRobot_ws/install/rviz_marker_tools/lib:/home/nghiaphanbk/WeldingRobot_ws/install/rosparam_shortcuts/lib:/home/nghiaphanbk/WeldingRobot_ws/install/moveit_task_constructor_msgs/lib:/opt/ros/humble/opt/rviz_ogre_vendor/lib:/opt/ros/humble/lib/x86_64-linux-gnu:/opt/ros/humble/lib /usr/bin/cmake --install /home/nghiaphanbk/WeldingRobot_ws/build/moveit_ros_planning
