[0.765s] Invoking command in '/home/nghiaphanbk/WeldingRobot_ws/build/moveit_common': CMAKE_PREFIX_PATH=/home/nghiaphanbk/WeldingRobot_ws/install/Model_Robot:/home/nghiaphanbk/ros2_ws/install/my_robot_controller:/opt/ros/humble /usr/bin/cmake /home/nghiaphanbk/WeldingRobot_ws/src/moveit2/moveit_common -DCMAKE_BUILD_TYPE=Release -DCMAKE_INSTALL_PREFIX=/home/nghiaphanbk/WeldingRobot_ws/install/moveit_common
[1.530s] -- Found ament_cmake: 1.3.5 (/opt/ros/humble/share/ament_cmake/cmake)
[1.531s] -- Found Python3: /usr/bin/python3.10 (found version "3.10.12") found components: Interpreter 
[1.531s] -- Found ament_lint_auto: 0.12.8 (/opt/ros/humble/share/ament_lint_auto/cmake)
[1.532s] -- Added test 'copyright' to check source files copyright and LICENSE
[1.532s] -- Added test 'lint_cmake' to check CMake code style
[1.534s] -- Added test 'xmllint' to check XML markup files
[1.534s] -- Configuring done
[1.534s] -- Generating done
[1.535s] -- Build files have been written to: /home/nghiaphanbk/WeldingRobot_ws/build/moveit_common
[1.552s] Invoked command in '/home/nghiaphanbk/WeldingRobot_ws/build/moveit_common' returned '0': CMAKE_PREFIX_PATH=/home/nghiaphanbk/WeldingRobot_ws/install/Model_Robot:/home/nghiaphanbk/ros2_ws/install/my_robot_controller:/opt/ros/humble /usr/bin/cmake /home/nghiaphanbk/WeldingRobot_ws/src/moveit2/moveit_common -DCMAKE_BUILD_TYPE=Release -DCMAKE_INSTALL_PREFIX=/home/nghiaphanbk/WeldingRobot_ws/install/moveit_common
[1.553s] Invoking command in '/home/nghiaphanbk/WeldingRobot_ws/build/moveit_common': CMAKE_PREFIX_PATH=/home/nghiaphanbk/WeldingRobot_ws/install/Model_Robot:/home/nghiaphanbk/ros2_ws/install/my_robot_controller:/opt/ros/humble /usr/bin/cmake --build /home/nghiaphanbk/WeldingRobot_ws/build/moveit_common -- -j12 -l12
[1.582s] Invoked command in '/home/nghiaphanbk/WeldingRobot_ws/build/moveit_common' returned '0': CMAKE_PREFIX_PATH=/home/nghiaphanbk/WeldingRobot_ws/install/Model_Robot:/home/nghiaphanbk/ros2_ws/install/my_robot_controller:/opt/ros/humble /usr/bin/cmake --build /home/nghiaphanbk/WeldingRobot_ws/build/moveit_common -- -j12 -l12
[1.611s] Invoking command in '/home/nghiaphanbk/WeldingRobot_ws/build/moveit_common': CMAKE_PREFIX_PATH=/home/nghiaphanbk/WeldingRobot_ws/install/Model_Robot:/home/nghiaphanbk/ros2_ws/install/my_robot_controller:/opt/ros/humble /usr/bin/cmake --install /home/nghiaphanbk/WeldingRobot_ws/build/moveit_common
[1.619s] -- Install configuration: "Release"
[1.619s] -- Installing: /home/nghiaphanbk/WeldingRobot_ws/install/moveit_common/share/ament_index/resource_index/package_run_dependencies/moveit_common
[1.620s] -- Installing: /home/nghiaphanbk/WeldingRobot_ws/install/moveit_common/share/ament_index/resource_index/parent_prefix_path/moveit_common
[1.620s] -- Installing: /home/nghiaphanbk/WeldingRobot_ws/install/moveit_common/share/moveit_common/environment/ament_prefix_path.sh
[1.620s] -- Installing: /home/nghiaphanbk/WeldingRobot_ws/install/moveit_common/share/moveit_common/environment/ament_prefix_path.dsv
[1.620s] -- Installing: /home/nghiaphanbk/WeldingRobot_ws/install/moveit_common/share/moveit_common/environment/path.sh
[1.620s] -- Installing: /home/nghiaphanbk/WeldingRobot_ws/install/moveit_common/share/moveit_common/environment/path.dsv
[1.621s] -- Installing: /home/nghiaphanbk/WeldingRobot_ws/install/moveit_common/share/moveit_common/local_setup.bash
[1.621s] -- Installing: /home/nghiaphanbk/WeldingRobot_ws/install/moveit_common/share/moveit_common/local_setup.sh
[1.621s] -- Installing: /home/nghiaphanbk/WeldingRobot_ws/install/moveit_common/share/moveit_common/local_setup.zsh
[1.621s] -- Installing: /home/nghiaphanbk/WeldingRobot_ws/install/moveit_common/share/moveit_common/local_setup.dsv
[1.621s] -- Installing: /home/nghiaphanbk/WeldingRobot_ws/install/moveit_common/share/moveit_common/package.dsv
[1.621s] -- Installing: /home/nghiaphanbk/WeldingRobot_ws/install/moveit_common/share/ament_index/resource_index/packages/moveit_common
[1.622s] -- Installing: /home/nghiaphanbk/WeldingRobot_ws/install/moveit_common/share/moveit_common/cmake/moveit_common-extras.cmake
[1.622s] -- Installing: /home/nghiaphanbk/WeldingRobot_ws/install/moveit_common/share/moveit_common/cmake/moveit_commonConfig.cmake
[1.622s] -- Installing: /home/nghiaphanbk/WeldingRobot_ws/install/moveit_common/share/moveit_common/cmake/moveit_commonConfig-version.cmake
[1.622s] -- Installing: /home/nghiaphanbk/WeldingRobot_ws/install/moveit_common/share/moveit_common/package.xml
[1.622s] -- Up-to-date: /home/nghiaphanbk/WeldingRobot_ws/install/moveit_common/share/moveit_common/cmake
[1.622s] -- Installing: /home/nghiaphanbk/WeldingRobot_ws/install/moveit_common/share/moveit_common/cmake/moveit_package.cmake
[1.633s] Invoked command in '/home/nghiaphanbk/WeldingRobot_ws/build/moveit_common' returned '0': CMAKE_PREFIX_PATH=/home/nghiaphanbk/WeldingRobot_ws/install/Model_Robot:/home/nghiaphanbk/ros2_ws/install/my_robot_controller:/opt/ros/humble /usr/bin/cmake --install /home/nghiaphanbk/WeldingRobot_ws/build/moveit_common
