[0.198s] Invoking command in '/home/nghiaphanbk/WeldingRobot_ws/build/moveit_chomp_optimizer_adapter': AMENT_PREFIX_PATH=/home/nghiaphanbk/WeldingRobot_ws/install/chomp_motion_planner:/home/nghiaphanbk/WeldingRobot_ws/install/moveit_core:/home/nghiaphanbk/WeldingRobot_ws/install/srdfdom:/home/nghiaphanbk/WeldingRobot_ws/install/moveit_common:${AMENT_PREFIX_PATH} CMAKE_PREFIX_PATH=/home/nghiaphanbk/WeldingRobot_ws/install/chomp_motion_planner:/home/nghiaphanbk/WeldingRobot_ws/install/moveit_core:/home/nghiaphanbk/WeldingRobot_ws/install/srdfdom:/home/nghiaphanbk/WeldingRobot_ws/install/moveit_common:/home/nghiaphanbk/WeldingRobot_ws/install/Model_Robot:/home/nghiaphanbk/ros2_ws/install/my_robot_controller:/opt/ros/humble LD_LIBRARY_PATH=/home/nghiaphanbk/WeldingRobot_ws/install/chomp_motion_planner/lib:/home/nghiaphanbk/WeldingRobot_ws/install/moveit_core/lib:/home/nghiaphanbk/WeldingRobot_ws/install/srdfdom/lib:${LD_LIBRARY_PATH} PATH=/home/nghiaphanbk/WeldingRobot_ws/install/moveit_core/bin:${PATH} PYTHONPATH=/home/nghiaphanbk/WeldingRobot_ws/install/srdfdom/local/lib/python3.10/dist-packages:${PYTHONPATH} /usr/bin/cmake /home/nghiaphanbk/WeldingRobot_ws/src/moveit2/moveit_planners/chomp/chomp_optimizer_adapter -DCMAKE_BUILD_TYPE=Release -DCMAKE_INSTALL_PREFIX=/home/nghiaphanbk/WeldingRobot_ws/install/moveit_chomp_optimizer_adapter
[0.249s] -- The C compiler identification is GNU 11.4.0
[0.301s] -- The CXX compiler identification is GNU 11.4.0
[0.307s] -- Detecting C compiler ABI info
[0.367s] -- Detecting C compiler ABI info - done
[0.379s] -- Check for working C compiler: /usr/bin/cc - skipped
[0.379s] -- Detecting C compile features
[0.380s] -- Detecting C compile features - done
[0.383s] -- Detecting CXX compiler ABI info
[0.454s] -- Detecting CXX compiler ABI info - done
[0.464s] -- Check for working CXX compiler: /usr/bin/c++ - skipped
[0.464s] -- Detecting CXX compile features
[0.465s] -- Detecting CXX compile features - done
[0.467s] -- Found moveit_common: 2.5.5 (/home/nghiaphanbk/WeldingRobot_ws/install/moveit_common/share/moveit_common/cmake)
[0.470s] -- Found ament_cmake: 1.3.5 (/opt/ros/humble/share/ament_cmake/cmake)
[0.654s] -- Found Python3: /usr/bin/python3.10 (found version "3.10.12") found components: Interpreter 
[0.833s] -- Found libdw: /usr/lib/x86_64-linux-gnu/libdw.so  
[0.838s] -- Could NOT find libbfd (missing: LIBBFD_LIBRARY LIBBFD_INCLUDE_DIR) 
[0.838s] -- BACKWARD_HAS_UNWIND=1
[0.838s] -- BACKWARD_HAS_BACKTRACE=0
[0.838s] -- BACKWARD_HAS_BACKTRACE_SYMBOL=0
[0.839s] -- BACKWARD_HAS_DW=1
[0.839s] -- BACKWARD_HAS_BFD=0
[0.839s] -- Found Backward: /opt/ros/humble/share/backward_ros/cmake  
[0.840s] -- Found chomp_motion_planner: 2.5.5 (/home/nghiaphanbk/WeldingRobot_ws/install/chomp_motion_planner/share/chomp_motion_planner/cmake)
[0.840s] -- Found moveit_core: 2.5.5 (/home/nghiaphanbk/WeldingRobot_ws/install/moveit_core/share/moveit_core/cmake)
[1.066s] -- Found Boost: /usr/lib/x86_64-linux-gnu/cmake/Boost-1.74.0/BoostConfig.cmake (found version "1.74.0") found components: chrono date_time filesystem iostreams program_options regex serialization system thread 
[1.107s] -- Found parameter_traits: 0.3.6 (/opt/ros/humble/share/parameter_traits/cmake)
[1.147s] -- Found rosidl_generator_c: 3.1.5 (/opt/ros/humble/share/rosidl_generator_c/cmake)
[1.152s] -- Found rosidl_adapter: 3.1.5 (/opt/ros/humble/share/rosidl_adapter/cmake)
[1.161s] -- Found rosidl_generator_cpp: 3.1.5 (/opt/ros/humble/share/rosidl_generator_cpp/cmake)
[1.176s] -- Using all available rosidl_typesupport_c: rosidl_typesupport_fastrtps_c;rosidl_typesupport_introspection_c
[1.197s] -- Using all available rosidl_typesupport_cpp: rosidl_typesupport_fastrtps_cpp;rosidl_typesupport_introspection_cpp
[1.275s] -- Found rmw_implementation_cmake: 6.1.1 (/opt/ros/humble/share/rmw_implementation_cmake/cmake)
[1.278s] -- Found rmw_fastrtps_cpp: 6.2.4 (/opt/ros/humble/share/rmw_fastrtps_cpp/cmake)
[1.376s] -- Found OpenSSL: /usr/lib/x86_64-linux-gnu/libcrypto.so (found version "3.0.2")  
[1.403s] -- Found FastRTPS: /opt/ros/humble/include  
[1.449s] -- Using RMW implementation 'rmw_fastrtps_cpp' as default
[1.458s] -- Found Threads: TRUE  
[1.649s] -- Found rclcpp_lifecycle: 16.0.6 (/opt/ros/humble/share/rclcpp_lifecycle/cmake)
[1.699s] -- Found Boost: /usr/lib/x86_64-linux-gnu/cmake/Boost-1.74.0/BoostConfig.cmake (found version "1.74.0") found components: filesystem 
[1.839s] -- library: /usr/lib/x86_64-linux-gnu/libcurl.so
[2.204s] -- Found Eigen3: TRUE (found version "3.4.0") 
[2.204s] -- Ensuring Eigen3 include directory is part of orocos-kdl CMake target
[3.439s] -- Found ament_lint_auto: 0.12.8 (/opt/ros/humble/share/ament_lint_auto/cmake)
[3.450s] -- Added test 'cppcheck' to perform static code analysis on C / C++ code
[3.450s] -- Configured cppcheck include dirs: 
[3.450s] -- Configured cppcheck exclude dirs and/or files: 
[3.451s] -- Added test 'xmllint' to check XML markup files
[3.452s] -- Configuring done
[3.476s] -- Generating done
[3.479s] -- Build files have been written to: /home/nghiaphanbk/WeldingRobot_ws/build/moveit_chomp_optimizer_adapter
[3.490s] Invoked command in '/home/nghiaphanbk/WeldingRobot_ws/build/moveit_chomp_optimizer_adapter' returned '0': AMENT_PREFIX_PATH=/home/nghiaphanbk/WeldingRobot_ws/install/chomp_motion_planner:/home/nghiaphanbk/WeldingRobot_ws/install/moveit_core:/home/nghiaphanbk/WeldingRobot_ws/install/srdfdom:/home/nghiaphanbk/WeldingRobot_ws/install/moveit_common:${AMENT_PREFIX_PATH} CMAKE_PREFIX_PATH=/home/nghiaphanbk/WeldingRobot_ws/install/chomp_motion_planner:/home/nghiaphanbk/WeldingRobot_ws/install/moveit_core:/home/nghiaphanbk/WeldingRobot_ws/install/srdfdom:/home/nghiaphanbk/WeldingRobot_ws/install/moveit_common:/home/nghiaphanbk/WeldingRobot_ws/install/Model_Robot:/home/nghiaphanbk/ros2_ws/install/my_robot_controller:/opt/ros/humble LD_LIBRARY_PATH=/home/nghiaphanbk/WeldingRobot_ws/install/chomp_motion_planner/lib:/home/nghiaphanbk/WeldingRobot_ws/install/moveit_core/lib:/home/nghiaphanbk/WeldingRobot_ws/install/srdfdom/lib:${LD_LIBRARY_PATH} PATH=/home/nghiaphanbk/WeldingRobot_ws/install/moveit_core/bin:${PATH} PYTHONPATH=/home/nghiaphanbk/WeldingRobot_ws/install/srdfdom/local/lib/python3.10/dist-packages:${PYTHONPATH} /usr/bin/cmake /home/nghiaphanbk/WeldingRobot_ws/src/moveit2/moveit_planners/chomp/chomp_optimizer_adapter -DCMAKE_BUILD_TYPE=Release -DCMAKE_INSTALL_PREFIX=/home/nghiaphanbk/WeldingRobot_ws/install/moveit_chomp_optimizer_adapter
[3.492s] Invoking command in '/home/nghiaphanbk/WeldingRobot_ws/build/moveit_chomp_optimizer_adapter': AMENT_PREFIX_PATH=/home/nghiaphanbk/WeldingRobot_ws/install/chomp_motion_planner:/home/nghiaphanbk/WeldingRobot_ws/install/moveit_core:/home/nghiaphanbk/WeldingRobot_ws/install/srdfdom:/home/nghiaphanbk/WeldingRobot_ws/install/moveit_common:${AMENT_PREFIX_PATH} CMAKE_PREFIX_PATH=/home/nghiaphanbk/WeldingRobot_ws/install/chomp_motion_planner:/home/nghiaphanbk/WeldingRobot_ws/install/moveit_core:/home/nghiaphanbk/WeldingRobot_ws/install/srdfdom:/home/nghiaphanbk/WeldingRobot_ws/install/moveit_common:/home/nghiaphanbk/WeldingRobot_ws/install/Model_Robot:/home/nghiaphanbk/ros2_ws/install/my_robot_controller:/opt/ros/humble LD_LIBRARY_PATH=/home/nghiaphanbk/WeldingRobot_ws/install/chomp_motion_planner/lib:/home/nghiaphanbk/WeldingRobot_ws/install/moveit_core/lib:/home/nghiaphanbk/WeldingRobot_ws/install/srdfdom/lib:${LD_LIBRARY_PATH} PATH=/home/nghiaphanbk/WeldingRobot_ws/install/moveit_core/bin:${PATH} PYTHONPATH=/home/nghiaphanbk/WeldingRobot_ws/install/srdfdom/local/lib/python3.10/dist-packages:${PYTHONPATH} /usr/bin/cmake --build /home/nghiaphanbk/WeldingRobot_ws/build/moveit_chomp_optimizer_adapter -- -j12 -l12
[3.537s] [ 50%] [32mBuilding CXX object CMakeFiles/moveit_chomp_optimizer_adapter.dir/src/chomp_optimizer_adapter.cpp.o[0m
[15.733s] [100%] [32m[1mLinking CXX shared library libmoveit_chomp_optimizer_adapter.so[0m
[16.275s] [100%] Built target moveit_chomp_optimizer_adapter
[16.313s] Invoked command in '/home/nghiaphanbk/WeldingRobot_ws/build/moveit_chomp_optimizer_adapter' returned '0': AMENT_PREFIX_PATH=/home/nghiaphanbk/WeldingRobot_ws/install/chomp_motion_planner:/home/nghiaphanbk/WeldingRobot_ws/install/moveit_core:/home/nghiaphanbk/WeldingRobot_ws/install/srdfdom:/home/nghiaphanbk/WeldingRobot_ws/install/moveit_common:${AMENT_PREFIX_PATH} CMAKE_PREFIX_PATH=/home/nghiaphanbk/WeldingRobot_ws/install/chomp_motion_planner:/home/nghiaphanbk/WeldingRobot_ws/install/moveit_core:/home/nghiaphanbk/WeldingRobot_ws/install/srdfdom:/home/nghiaphanbk/WeldingRobot_ws/install/moveit_common:/home/nghiaphanbk/WeldingRobot_ws/install/Model_Robot:/home/nghiaphanbk/ros2_ws/install/my_robot_controller:/opt/ros/humble LD_LIBRARY_PATH=/home/nghiaphanbk/WeldingRobot_ws/install/chomp_motion_planner/lib:/home/nghiaphanbk/WeldingRobot_ws/install/moveit_core/lib:/home/nghiaphanbk/WeldingRobot_ws/install/srdfdom/lib:${LD_LIBRARY_PATH} PATH=/home/nghiaphanbk/WeldingRobot_ws/install/moveit_core/bin:${PATH} PYTHONPATH=/home/nghiaphanbk/WeldingRobot_ws/install/srdfdom/local/lib/python3.10/dist-packages:${PYTHONPATH} /usr/bin/cmake --build /home/nghiaphanbk/WeldingRobot_ws/build/moveit_chomp_optimizer_adapter -- -j12 -l12
[16.596s] Invoking command in '/home/nghiaphanbk/WeldingRobot_ws/build/moveit_chomp_optimizer_adapter': AMENT_PREFIX_PATH=/home/nghiaphanbk/WeldingRobot_ws/install/chomp_motion_planner:/home/nghiaphanbk/WeldingRobot_ws/install/moveit_core:/home/nghiaphanbk/WeldingRobot_ws/install/srdfdom:/home/nghiaphanbk/WeldingRobot_ws/install/moveit_common:${AMENT_PREFIX_PATH} CMAKE_PREFIX_PATH=/home/nghiaphanbk/WeldingRobot_ws/install/chomp_motion_planner:/home/nghiaphanbk/WeldingRobot_ws/install/moveit_core:/home/nghiaphanbk/WeldingRobot_ws/install/srdfdom:/home/nghiaphanbk/WeldingRobot_ws/install/moveit_common:/home/nghiaphanbk/WeldingRobot_ws/install/Model_Robot:/home/nghiaphanbk/ros2_ws/install/my_robot_controller:/opt/ros/humble LD_LIBRARY_PATH=/home/nghiaphanbk/WeldingRobot_ws/install/chomp_motion_planner/lib:/home/nghiaphanbk/WeldingRobot_ws/install/moveit_core/lib:/home/nghiaphanbk/WeldingRobot_ws/install/srdfdom/lib:${LD_LIBRARY_PATH} PATH=/home/nghiaphanbk/WeldingRobot_ws/install/moveit_core/bin:${PATH} PYTHONPATH=/home/nghiaphanbk/WeldingRobot_ws/install/srdfdom/local/lib/python3.10/dist-packages:${PYTHONPATH} /usr/bin/cmake --install /home/nghiaphanbk/WeldingRobot_ws/build/moveit_chomp_optimizer_adapter
[16.620s] -- Install configuration: "Release"
[16.621s] -- Installing: /home/nghiaphanbk/WeldingRobot_ws/install/moveit_chomp_optimizer_adapter/lib/libmoveit_chomp_optimizer_adapter.so.2.5.5
[16.621s] -- Set runtime path of "/home/nghiaphanbk/WeldingRobot_ws/install/moveit_chomp_optimizer_adapter/lib/libmoveit_chomp_optimizer_adapter.so.2.5.5" to ""
[16.621s] -- Installing: /home/nghiaphanbk/WeldingRobot_ws/install/moveit_chomp_optimizer_adapter/lib/libmoveit_chomp_optimizer_adapter.so
[16.622s] -- Installing: /home/nghiaphanbk/WeldingRobot_ws/install/moveit_chomp_optimizer_adapter/share/moveit_chomp_optimizer_adapter/environment/library_path.sh
[16.622s] -- Installing: /home/nghiaphanbk/WeldingRobot_ws/install/moveit_chomp_optimizer_adapter/share/moveit_chomp_optimizer_adapter/environment/library_path.dsv
[16.622s] -- Installing: /home/nghiaphanbk/WeldingRobot_ws/install/moveit_chomp_optimizer_adapter/share/moveit_chomp_optimizer_adapter/chomp_optimizer_adapter_plugin_description.xml
[16.630s] -- Installing: /home/nghiaphanbk/WeldingRobot_ws/install/moveit_chomp_optimizer_adapter/share/ament_index/resource_index/package_run_dependencies/moveit_chomp_optimizer_adapter
[16.631s] -- Installing: /home/nghiaphanbk/WeldingRobot_ws/install/moveit_chomp_optimizer_adapter/share/ament_index/resource_index/parent_prefix_path/moveit_chomp_optimizer_adapter
[16.631s] -- Installing: /home/nghiaphanbk/WeldingRobot_ws/install/moveit_chomp_optimizer_adapter/share/moveit_chomp_optimizer_adapter/environment/ament_prefix_path.sh
[16.631s] -- Installing: /home/nghiaphanbk/WeldingRobot_ws/install/moveit_chomp_optimizer_adapter/share/moveit_chomp_optimizer_adapter/environment/ament_prefix_path.dsv
[16.631s] -- Installing: /home/nghiaphanbk/WeldingRobot_ws/install/moveit_chomp_optimizer_adapter/share/moveit_chomp_optimizer_adapter/environment/path.sh
[16.631s] -- Installing: /home/nghiaphanbk/WeldingRobot_ws/install/moveit_chomp_optimizer_adapter/share/moveit_chomp_optimizer_adapter/environment/path.dsv
[16.632s] -- Installing: /home/nghiaphanbk/WeldingRobot_ws/install/moveit_chomp_optimizer_adapter/share/moveit_chomp_optimizer_adapter/local_setup.bash
[16.632s] -- Installing: /home/nghiaphanbk/WeldingRobot_ws/install/moveit_chomp_optimizer_adapter/share/moveit_chomp_optimizer_adapter/local_setup.sh
[16.632s] -- Installing: /home/nghiaphanbk/WeldingRobot_ws/install/moveit_chomp_optimizer_adapter/share/moveit_chomp_optimizer_adapter/local_setup.zsh
[16.632s] -- Installing: /home/nghiaphanbk/WeldingRobot_ws/install/moveit_chomp_optimizer_adapter/share/moveit_chomp_optimizer_adapter/local_setup.dsv
[16.632s] -- Installing: /home/nghiaphanbk/WeldingRobot_ws/install/moveit_chomp_optimizer_adapter/share/moveit_chomp_optimizer_adapter/package.dsv
[16.633s] -- Installing: /home/nghiaphanbk/WeldingRobot_ws/install/moveit_chomp_optimizer_adapter/share/ament_index/resource_index/packages/moveit_chomp_optimizer_adapter
[16.633s] -- Installing: /home/nghiaphanbk/WeldingRobot_ws/install/moveit_chomp_optimizer_adapter/share/ament_index/resource_index/moveit_core__pluginlib__plugin/moveit_chomp_optimizer_adapter
[16.633s] -- Installing: /home/nghiaphanbk/WeldingRobot_ws/install/moveit_chomp_optimizer_adapter/share/moveit_chomp_optimizer_adapter/cmake/moveit_chomp_optimizer_adapterTargetsExport.cmake
[16.633s] -- Installing: /home/nghiaphanbk/WeldingRobot_ws/install/moveit_chomp_optimizer_adapter/share/moveit_chomp_optimizer_adapter/cmake/moveit_chomp_optimizer_adapterTargetsExport-release.cmake
[16.634s] -- Installing: /home/nghiaphanbk/WeldingRobot_ws/install/moveit_chomp_optimizer_adapter/share/moveit_chomp_optimizer_adapter/cmake/ament_cmake_export_targets-extras.cmake
[16.634s] -- Installing: /home/nghiaphanbk/WeldingRobot_ws/install/moveit_chomp_optimizer_adapter/share/moveit_chomp_optimizer_adapter/cmake/moveit_chomp_optimizer_adapterConfig.cmake
[16.634s] -- Installing: /home/nghiaphanbk/WeldingRobot_ws/install/moveit_chomp_optimizer_adapter/share/moveit_chomp_optimizer_adapter/cmake/moveit_chomp_optimizer_adapterConfig-version.cmake
[16.634s] -- Installing: /home/nghiaphanbk/WeldingRobot_ws/install/moveit_chomp_optimizer_adapter/share/moveit_chomp_optimizer_adapter/package.xml
[16.637s] Invoked command in '/home/nghiaphanbk/WeldingRobot_ws/build/moveit_chomp_optimizer_adapter' returned '0': AMENT_PREFIX_PATH=/home/nghiaphanbk/WeldingRobot_ws/install/chomp_motion_planner:/home/nghiaphanbk/WeldingRobot_ws/install/moveit_core:/home/nghiaphanbk/WeldingRobot_ws/install/srdfdom:/home/nghiaphanbk/WeldingRobot_ws/install/moveit_common:${AMENT_PREFIX_PATH} CMAKE_PREFIX_PATH=/home/nghiaphanbk/WeldingRobot_ws/install/chomp_motion_planner:/home/nghiaphanbk/WeldingRobot_ws/install/moveit_core:/home/nghiaphanbk/WeldingRobot_ws/install/srdfdom:/home/nghiaphanbk/WeldingRobot_ws/install/moveit_common:/home/nghiaphanbk/WeldingRobot_ws/install/Model_Robot:/home/nghiaphanbk/ros2_ws/install/my_robot_controller:/opt/ros/humble LD_LIBRARY_PATH=/home/nghiaphanbk/WeldingRobot_ws/install/chomp_motion_planner/lib:/home/nghiaphanbk/WeldingRobot_ws/install/moveit_core/lib:/home/nghiaphanbk/WeldingRobot_ws/install/srdfdom/lib:${LD_LIBRARY_PATH} PATH=/home/nghiaphanbk/WeldingRobot_ws/install/moveit_core/bin:${PATH} PYTHONPATH=/home/nghiaphanbk/WeldingRobot_ws/install/srdfdom/local/lib/python3.10/dist-packages:${PYTHONPATH} /usr/bin/cmake --install /home/nghiaphanbk/WeldingRobot_ws/build/moveit_chomp_optimizer_adapter
