/home/nghiaphanbk/WeldingRobot_ws/install/Model_Robot/lib/python3.10/site-packages/Model_Robot/__init__.py
/home/nghiaphanbk/WeldingRobot_ws/install/Model_Robot/lib/python3.10/site-packages/Model_Robot/__pycache__/__init__.cpython-310.pyc
/home/nghiaphanbk/WeldingRobot_ws/install/Model_Robot/share/ament_index/resource_index/packages/Model_Robot
/home/nghiaphanbk/WeldingRobot_ws/install/Model_Robot/share/Model_Robot/package.xml
/home/nghiaphanbk/WeldingRobot_ws/install/Model_Robot/share/Model_Robot/urdf/welding_robot.urdf
/home/nghiaphanbk/WeldingRobot_ws/install/Model_Robot/share/Model_Robot/urdf/welding_robot1.urdf
/home/nghiaphanbk/WeldingRobot_ws/install/Model_Robot/share/Model_Robot/launch/gazebo.launch.py
/home/nghiaphanbk/WeldingRobot_ws/install/Model_Robot/share/Model_Robot/launch/display.launch.py
/home/nghiaphanbk/WeldingRobot_ws/install/Model_Robot/share/Model_Robot/meshes/link_6.STL
/home/nghiaphanbk/WeldingRobot_ws/install/Model_Robot/share/Model_Robot/meshes/Gun_welding.STL
/home/nghiaphanbk/WeldingRobot_ws/install/Model_Robot/share/Model_Robot/meshes/link_5.STL
/home/nghiaphanbk/WeldingRobot_ws/install/Model_Robot/share/Model_Robot/meshes/link_4.STL
/home/nghiaphanbk/WeldingRobot_ws/install/Model_Robot/share/Model_Robot/meshes/link_3.STL
/home/nghiaphanbk/WeldingRobot_ws/install/Model_Robot/share/Model_Robot/meshes/link_1.STL
/home/nghiaphanbk/WeldingRobot_ws/install/Model_Robot/share/Model_Robot/meshes/base_link.STL
/home/nghiaphanbk/WeldingRobot_ws/install/Model_Robot/share/Model_Robot/meshes/link_2.STL
/home/nghiaphanbk/WeldingRobot_ws/install/Model_Robot/share/Model_Robot/worlds
/home/nghiaphanbk/WeldingRobot_ws/install/Model_Robot/lib/python3.10/site-packages/Model_Robot-0.0.0-py3.10.egg-info/requires.txt
/home/nghiaphanbk/WeldingRobot_ws/install/Model_Robot/lib/python3.10/site-packages/Model_Robot-0.0.0-py3.10.egg-info/entry_points.txt
/home/nghiaphanbk/WeldingRobot_ws/install/Model_Robot/lib/python3.10/site-packages/Model_Robot-0.0.0-py3.10.egg-info/zip-safe
/home/nghiaphanbk/WeldingRobot_ws/install/Model_Robot/lib/python3.10/site-packages/Model_Robot-0.0.0-py3.10.egg-info/PKG-INFO
/home/nghiaphanbk/WeldingRobot_ws/install/Model_Robot/lib/python3.10/site-packages/Model_Robot-0.0.0-py3.10.egg-info/top_level.txt
/home/nghiaphanbk/WeldingRobot_ws/install/Model_Robot/lib/python3.10/site-packages/Model_Robot-0.0.0-py3.10.egg-info/dependency_links.txt
/home/nghiaphanbk/WeldingRobot_ws/install/Model_Robot/lib/python3.10/site-packages/Model_Robot-0.0.0-py3.10.egg-info/SOURCES.txt
