[0.473s] Invoking command in '/home/nghiaphanbk/WeldingRobot_ws/build/ScriptController': CMAKE_PREFIX_PATH=${CMAKE_PREFIX_PATH}:/home/nghiaphanbk/WeldingRobot_ws/install/moveit_configs_utils:/home/nghiaphanbk/WeldingRobot_ws/install/launch_param_builder:/home/nghiaphanbk/WeldingRobot_ws/install/Model_Robot:/home/nghiaphanbk/ros2_ws/install/my_robot_controller:/opt/ros/humble /usr/bin/cmake /home/nghiaphanbk/WeldingRobot_ws/src/ScriptController -DCMAKE_INSTALL_PREFIX=/home/nghiaphanbk/WeldingRobot_ws/install/ScriptController
[0.560s] -- The C compiler identification is GNU 11.4.0
[0.625s] -- The CXX compiler identification is GNU 11.4.0
[0.635s] -- Detecting C compiler ABI info
[0.699s] -- Detecting C compiler ABI info - done
[0.705s] -- Check for working C compiler: /usr/bin/cc - skipped
[0.706s] -- Detecting C compile features
[0.706s] -- Detecting C compile features - done
[0.709s] -- Detecting CXX compiler ABI info
[0.780s] -- Detecting CXX compiler ABI info - done
[0.787s] -- Check for working CXX compiler: /usr/bin/c++ - skipped
[0.787s] -- Detecting CXX compile features
[0.787s] -- Detecting CXX compile features - done
[0.793s] -- Found ament_cmake: 1.3.6 (/opt/ros/humble/share/ament_cmake/cmake)
[0.967s] -- Found Python3: /usr/bin/python3.10 (found version "3.10.12") found components: Interpreter 
[1.096s] [31mCMake Error at CMakeLists.txt:10 (find_package):
[1.096s]   By not providing "Findrslcpp.cmake" in CMAKE_MODULE_PATH this project has
[1.096s]   asked CMake to find a package configuration file provided by "rslcpp", but
[1.096s]   CMake did not find one.
[1.096s] 
[1.096s]   Could not find a package configuration file provided by "rslcpp" with any
[1.097s]   of the following names:
[1.097s] 
[1.097s]     rslcppConfig.cmake
[1.097s]     rslcpp-config.cmake
[1.097s] 
[1.097s]   Add the installation prefix of "rslcpp" to CMAKE_PREFIX_PATH or set
[1.097s]   "rslcpp_DIR" to a directory containing one of the above files.  If "rslcpp"
[1.097s]   provides a separate development package or SDK, be sure it has been
[1.097s]   installed.
[1.097s] 
[1.097s] [0m
[1.097s] -- Configuring incomplete, errors occurred!
[1.097s] See also "/home/nghiaphanbk/WeldingRobot_ws/build/ScriptController/CMakeFiles/CMakeOutput.log".
[1.100s] Invoked command in '/home/nghiaphanbk/WeldingRobot_ws/build/ScriptController' returned '1': CMAKE_PREFIX_PATH=${CMAKE_PREFIX_PATH}:/home/nghiaphanbk/WeldingRobot_ws/install/moveit_configs_utils:/home/nghiaphanbk/WeldingRobot_ws/install/launch_param_builder:/home/nghiaphanbk/WeldingRobot_ws/install/Model_Robot:/home/nghiaphanbk/ros2_ws/install/my_robot_controller:/opt/ros/humble /usr/bin/cmake /home/nghiaphanbk/WeldingRobot_ws/src/ScriptController -DCMAKE_INSTALL_PREFIX=/home/nghiaphanbk/WeldingRobot_ws/install/ScriptController
