[0.106s] Invoking command in '/home/nghiaphanbk/WeldingRobot_ws/build/moveit_ros_planning': AMENT_PREFIX_PATH=/home/nghiaphanbk/WeldingRobot_ws/install/moveit_ros_occupancy_map_monitor:/home/nghiaphanbk/WeldingRobot_ws/install/moveit_core:/home/nghiaphanbk/WeldingRobot_ws/install/moveit_resources_panda_moveit_config:/home/nghiaphanbk/WeldingRobot_ws/install/srdfdom:/home/nghiaphanbk/WeldingRobot_ws/install/moveit_resources_panda_description:/home/nghiaphanbk/WeldingRobot_ws/install/moveit_common:${AMENT_PREFIX_PATH} CMAKE_PREFIX_PATH=/home/nghiaphanbk/WeldingRobot_ws/install/moveit_ros_occupancy_map_monitor:/home/nghiaphanbk/WeldingRobot_ws/install/moveit_core:/home/nghiaphanbk/WeldingRobot_ws/install/moveit_resources_panda_moveit_config:/home/nghiaphanbk/WeldingRobot_ws/install/srdfdom:/home/nghiaphanbk/WeldingRobot_ws/install/moveit_resources_panda_description:/home/nghiaphanbk/WeldingRobot_ws/install/moveit_common:/home/nghiaphanbk/WeldingRobot_ws/install/Model_Robot:/home/nghiaphanbk/ros2_ws/install/my_robot_controller:/opt/ros/humble LD_LIBRARY_PATH=/home/nghiaphanbk/WeldingRobot_ws/install/moveit_ros_occupancy_map_monitor/lib:/home/nghiaphanbk/WeldingRobot_ws/install/moveit_core/lib:/home/nghiaphanbk/WeldingRobot_ws/install/srdfdom/lib:${LD_LIBRARY_PATH} PATH=/home/nghiaphanbk/WeldingRobot_ws/install/moveit_core/bin:${PATH} PYTHONPATH=/home/nghiaphanbk/WeldingRobot_ws/install/srdfdom/local/lib/python3.10/dist-packages:${PYTHONPATH} /usr/bin/cmake /home/nghiaphanbk/WeldingRobot_ws/src/moveit2/moveit_ros/planning -DCMAKE_BUILD_TYPE=Release -DCMAKE_INSTALL_PREFIX=/home/nghiaphanbk/WeldingRobot_ws/install/moveit_ros_planning
[0.151s] -- The C compiler identification is GNU 11.4.0
[0.200s] -- The CXX compiler identification is GNU 11.4.0
[0.207s] -- Detecting C compiler ABI info
[0.266s] -- Detecting C compiler ABI info - done
[0.274s] -- Check for working C compiler: /usr/bin/cc - skipped
[0.274s] -- Detecting C compile features
[0.274s] -- Detecting C compile features - done
[0.277s] -- Detecting CXX compiler ABI info
[0.348s] -- Detecting CXX compiler ABI info - done
[0.361s] -- Check for working CXX compiler: /usr/bin/c++ - skipped
[0.361s] -- Detecting CXX compile features
[0.361s] -- Detecting CXX compile features - done
[0.363s] -- Found moveit_common: 2.5.5 (/home/nghiaphanbk/WeldingRobot_ws/install/moveit_common/share/moveit_common/cmake)
[0.367s] -- Found ament_cmake: 1.3.5 (/opt/ros/humble/share/ament_cmake/cmake)
[0.548s] -- Found Python3: /usr/bin/python3.10 (found version "3.10.12") found components: Interpreter 
[0.732s] -- Found libdw: /usr/lib/x86_64-linux-gnu/libdw.so  
[0.741s] -- Could NOT find libbfd (missing: LIBBFD_LIBRARY LIBBFD_INCLUDE_DIR) 
[0.741s] -- BACKWARD_HAS_UNWIND=1
[0.741s] -- BACKWARD_HAS_BACKTRACE=0
[0.741s] -- BACKWARD_HAS_BACKTRACE_SYMBOL=0
[0.741s] -- BACKWARD_HAS_DW=1
[0.741s] -- BACKWARD_HAS_BFD=0
[0.742s] -- Found Backward: /opt/ros/humble/share/backward_ros/cmake  
[0.744s] -- Found moveit_msgs: 2.2.1 (/opt/ros/humble/share/moveit_msgs/cmake)
[0.796s] -- Found rosidl_generator_c: 3.1.5 (/opt/ros/humble/share/rosidl_generator_c/cmake)
[0.801s] -- Found rosidl_adapter: 3.1.5 (/opt/ros/humble/share/rosidl_adapter/cmake)
[0.809s] -- Found rosidl_generator_cpp: 3.1.5 (/opt/ros/humble/share/rosidl_generator_cpp/cmake)
[0.831s] -- Using all available rosidl_typesupport_c: rosidl_typesupport_fastrtps_c;rosidl_typesupport_introspection_c
[0.850s] -- Using all available rosidl_typesupport_cpp: rosidl_typesupport_fastrtps_cpp;rosidl_typesupport_introspection_cpp
[1.770s] -- Found pluginlib: 5.1.0 (/opt/ros/humble/share/pluginlib/cmake)
[1.796s] -- Found rclcpp: 16.0.6 (/opt/ros/humble/share/rclcpp/cmake)
[1.855s] -- Found rmw_implementation_cmake: 6.1.1 (/opt/ros/humble/share/rmw_implementation_cmake/cmake)
[1.858s] -- Found rmw_fastrtps_cpp: 6.2.4 (/opt/ros/humble/share/rmw_fastrtps_cpp/cmake)
[1.947s] -- Found OpenSSL: /usr/lib/x86_64-linux-gnu/libcrypto.so (found version "3.0.2")  
[1.968s] -- Found FastRTPS: /opt/ros/humble/include  
[2.012s] -- Using RMW implementation 'rmw_fastrtps_cpp' as default
[2.022s] -- Looking for pthread.h
[2.108s] -- Looking for pthread.h - found
[2.108s] -- Performing Test CMAKE_HAVE_LIBC_PTHREAD
[2.194s] -- Performing Test CMAKE_HAVE_LIBC_PTHREAD - Success
[2.195s] -- Found Threads: TRUE  
[2.331s] -- Found message_filters: 4.3.3 (/opt/ros/humble/share/message_filters/cmake)
[2.337s] -- Found srdfdom: 2.0.4 (/home/nghiaphanbk/WeldingRobot_ws/install/srdfdom/share/srdfdom/cmake)
[2.351s] -- Found tf2: 0.25.4 (/opt/ros/humble/share/tf2/cmake)
[2.360s] -- Found tf2_geometry_msgs: 0.25.4 (/opt/ros/humble/share/tf2_geometry_msgs/cmake)
[2.375s] -- Found eigen3_cmake_module: 0.1.1 (/opt/ros/humble/share/eigen3_cmake_module/cmake)
[2.376s] -- Found Eigen3: TRUE (found version "3.4.0") 
[2.376s] -- Ensuring Eigen3 include directory is part of orocos-kdl CMake target
[2.688s] -- Found tf2_eigen: 0.25.4 (/opt/ros/humble/share/tf2_eigen/cmake)
[2.694s] -- Found moveit_core: 2.5.5 (/home/nghiaphanbk/WeldingRobot_ws/install/moveit_core/share/moveit_core/cmake)
[2.726s] -- Found Boost: /usr/lib/x86_64-linux-gnu/cmake/Boost-1.74.0/BoostConfig.cmake (found version "1.74.0") found components: chrono date_time filesystem iostreams program_options regex serialization system thread 
[2.758s] -- Found parameter_traits: 0.3.6 (/opt/ros/humble/share/parameter_traits/cmake)
[2.779s] -- Found rclcpp_lifecycle: 16.0.6 (/opt/ros/humble/share/rclcpp_lifecycle/cmake)
[2.828s] -- Found Boost: /usr/lib/x86_64-linux-gnu/cmake/Boost-1.74.0/BoostConfig.cmake (found version "1.74.0") found components: filesystem 
[2.899s] -- library: /usr/lib/x86_64-linux-gnu/libcurl.so
[3.309s] -- Found moveit_ros_occupancy_map_monitor: 2.5.5 (/home/nghiaphanbk/WeldingRobot_ws/install/moveit_ros_occupancy_map_monitor/share/moveit_ros_occupancy_map_monitor/cmake)
[3.538s] -- Found Boost: /usr/lib/x86_64-linux-gnu/cmake/Boost-1.74.0/BoostConfig.cmake (found version "1.74.0") found components: system filesystem date_time program_options thread chrono 
[3.571s] -- Performing Test COMPILER_HAS_HIDDEN_VISIBILITY
[3.659s] -- Performing Test COMPILER_HAS_HIDDEN_VISIBILITY - Success
[3.659s] -- Performing Test COMPILER_HAS_HIDDEN_INLINE_VISIBILITY
[3.747s] -- Performing Test COMPILER_HAS_HIDDEN_INLINE_VISIBILITY - Success
[3.748s] -- Performing Test COMPILER_HAS_DEPRECATED_ATTR
[3.835s] -- Performing Test COMPILER_HAS_DEPRECATED_ATTR - Success
[3.868s] -- Found ament_cmake_gtest: 1.3.5 (/opt/ros/humble/share/ament_cmake_gtest/cmake)
[3.871s] -- Found ament_cmake_gmock: 1.3.5 (/opt/ros/humble/share/ament_cmake_gmock/cmake)
[3.873s] -- Found gmock sources under '/opt/ros/humble/src/gmock_vendor': C++ tests using 'Google Mock' will be built
[3.877s] -- Found gtest sources under '/opt/ros/humble/src/gtest_vendor': C++ tests using 'Google Test' will be built
[3.910s] -- Found ament_lint_auto: 0.12.8 (/opt/ros/humble/share/ament_lint_auto/cmake)
[3.925s] -- Found launch_testing_ament_cmake: 1.0.4 (/opt/ros/humble/share/launch_testing_ament_cmake/cmake)
[3.928s] -- Found python_cmake_module: 0.10.0 (/opt/ros/humble/share/python_cmake_module/cmake)
[3.947s] -- Found PythonInterp: /usr/bin/python3 (found suitable version "3.10.12", minimum required is "3.6") 
[3.952s] -- Found PythonLibs: /usr/lib/x86_64-linux-gnu/libpython3.10.so (found suitable version "3.10.12", minimum required is "3.5") 
[3.952s] -- Using PYTHON_EXECUTABLE: /usr/bin/python3
[3.952s] -- Using PYTHON_INCLUDE_DIRS: /usr/include/python3.10
[3.952s] -- Using PYTHON_LIBRARIES: /usr/lib/x86_64-linux-gnu/libpython3.10.so
[3.972s] -- Found PythonExtra: .so  
[3.987s] -- Added test 'cppcheck' to perform static code analysis on C / C++ code
[3.987s] -- Configured cppcheck include dirs: /home/nghiaphanbk/WeldingRobot_ws/src/moveit2/moveit_ros/planning/rdf_loader/include;/home/nghiaphanbk/WeldingRobot_ws/src/moveit2/moveit_ros/planning/kinematics_plugin_loader/include;/home/nghiaphanbk/WeldingRobot_ws/src/moveit2/moveit_ros/planning/robot_model_loader/include;/home/nghiaphanbk/WeldingRobot_ws/src/moveit2/moveit_ros/planning/constraint_sampler_manager_loader/include;/home/nghiaphanbk/WeldingRobot_ws/src/moveit2/moveit_ros/planning/planning_pipeline/include;/home/nghiaphanbk/WeldingRobot_ws/src/moveit2/moveit_ros/planning/planning_scene_monitor/include;/home/nghiaphanbk/WeldingRobot_ws/src/moveit2/moveit_ros/planning/trajectory_execution_manager/include;/home/nghiaphanbk/WeldingRobot_ws/src/moveit2/moveit_ros/planning/plan_execution/include;/home/nghiaphanbk/WeldingRobot_ws/src/moveit2/moveit_ros/planning/collision_plugin_loader/include;/home/nghiaphanbk/WeldingRobot_ws/src/moveit2/moveit_ros/planning/moveit_cpp/include
[3.987s] -- Configured cppcheck exclude dirs and/or files: 
[3.989s] -- Added test 'lint_cmake' to check CMake code style
[3.991s] -- Added test 'pep257' to check Python code against some of the docstring style conventions in PEP 257
[3.992s] -- Added test 'xmllint' to check XML markup files
[3.995s] -- Configuring done
[4.332s] -- Generating done
[4.337s] -- Build files have been written to: /home/nghiaphanbk/WeldingRobot_ws/build/moveit_ros_planning
[4.359s] Invoked command in '/home/nghiaphanbk/WeldingRobot_ws/build/moveit_ros_planning' returned '0': AMENT_PREFIX_PATH=/home/nghiaphanbk/WeldingRobot_ws/install/moveit_ros_occupancy_map_monitor:/home/nghiaphanbk/WeldingRobot_ws/install/moveit_core:/home/nghiaphanbk/WeldingRobot_ws/install/moveit_resources_panda_moveit_config:/home/nghiaphanbk/WeldingRobot_ws/install/srdfdom:/home/nghiaphanbk/WeldingRobot_ws/install/moveit_resources_panda_description:/home/nghiaphanbk/WeldingRobot_ws/install/moveit_common:${AMENT_PREFIX_PATH} CMAKE_PREFIX_PATH=/home/nghiaphanbk/WeldingRobot_ws/install/moveit_ros_occupancy_map_monitor:/home/nghiaphanbk/WeldingRobot_ws/install/moveit_core:/home/nghiaphanbk/WeldingRobot_ws/install/moveit_resources_panda_moveit_config:/home/nghiaphanbk/WeldingRobot_ws/install/srdfdom:/home/nghiaphanbk/WeldingRobot_ws/install/moveit_resources_panda_description:/home/nghiaphanbk/WeldingRobot_ws/install/moveit_common:/home/nghiaphanbk/WeldingRobot_ws/install/Model_Robot:/home/nghiaphanbk/ros2_ws/install/my_robot_controller:/opt/ros/humble LD_LIBRARY_PATH=/home/nghiaphanbk/WeldingRobot_ws/install/moveit_ros_occupancy_map_monitor/lib:/home/nghiaphanbk/WeldingRobot_ws/install/moveit_core/lib:/home/nghiaphanbk/WeldingRobot_ws/install/srdfdom/lib:${LD_LIBRARY_PATH} PATH=/home/nghiaphanbk/WeldingRobot_ws/install/moveit_core/bin:${PATH} PYTHONPATH=/home/nghiaphanbk/WeldingRobot_ws/install/srdfdom/local/lib/python3.10/dist-packages:${PYTHONPATH} /usr/bin/cmake /home/nghiaphanbk/WeldingRobot_ws/src/moveit2/moveit_ros/planning -DCMAKE_BUILD_TYPE=Release -DCMAKE_INSTALL_PREFIX=/home/nghiaphanbk/WeldingRobot_ws/install/moveit_ros_planning
[4.361s] Invoking command in '/home/nghiaphanbk/WeldingRobot_ws/build/moveit_ros_planning': AMENT_PREFIX_PATH=/home/nghiaphanbk/WeldingRobot_ws/install/moveit_ros_occupancy_map_monitor:/home/nghiaphanbk/WeldingRobot_ws/install/moveit_core:/home/nghiaphanbk/WeldingRobot_ws/install/moveit_resources_panda_moveit_config:/home/nghiaphanbk/WeldingRobot_ws/install/srdfdom:/home/nghiaphanbk/WeldingRobot_ws/install/moveit_resources_panda_description:/home/nghiaphanbk/WeldingRobot_ws/install/moveit_common:${AMENT_PREFIX_PATH} CMAKE_PREFIX_PATH=/home/nghiaphanbk/WeldingRobot_ws/install/moveit_ros_occupancy_map_monitor:/home/nghiaphanbk/WeldingRobot_ws/install/moveit_core:/home/nghiaphanbk/WeldingRobot_ws/install/moveit_resources_panda_moveit_config:/home/nghiaphanbk/WeldingRobot_ws/install/srdfdom:/home/nghiaphanbk/WeldingRobot_ws/install/moveit_resources_panda_description:/home/nghiaphanbk/WeldingRobot_ws/install/moveit_common:/home/nghiaphanbk/WeldingRobot_ws/install/Model_Robot:/home/nghiaphanbk/ros2_ws/install/my_robot_controller:/opt/ros/humble LD_LIBRARY_PATH=/home/nghiaphanbk/WeldingRobot_ws/install/moveit_ros_occupancy_map_monitor/lib:/home/nghiaphanbk/WeldingRobot_ws/install/moveit_core/lib:/home/nghiaphanbk/WeldingRobot_ws/install/srdfdom/lib:${LD_LIBRARY_PATH} PATH=/home/nghiaphanbk/WeldingRobot_ws/install/moveit_core/bin:${PATH} PYTHONPATH=/home/nghiaphanbk/WeldingRobot_ws/install/srdfdom/local/lib/python3.10/dist-packages:${PYTHONPATH} /usr/bin/cmake --build /home/nghiaphanbk/WeldingRobot_ws/build/moveit_ros_planning -- -j12 -l12
[4.409s] [  4%] [32mBuilding CXX object rdf_loader/CMakeFiles/moveit_rdf_loader.dir/src/rdf_loader.cpp.o[0m
[4.409s] [  6%] [32mBuilding CXX object rdf_loader/CMakeFiles/moveit_rdf_loader.dir/src/synchronized_string_parameter.cpp.o[0m
[4.409s] [  8%] [32mBuilding CXX object gmock/CMakeFiles/gmock.dir/src/gmock-all.cc.o[0m
[4.409s] [  8%] [32mBuilding CXX object gmock/CMakeFiles/gmock.dir/opt/ros/humble/src/gtest_vendor/src/gtest-all.cc.o[0m
[4.409s] [  8%] [32mBuilding CXX object collision_plugin_loader/CMakeFiles/moveit_collision_plugin_loader.dir/src/collision_plugin_loader.cpp.o[0m
[4.412s] [  9%] [32mBuilding CXX object gmock/CMakeFiles/gmock_main.dir/src/gmock_main.cc.o[0m
[4.412s] [ 11%] [32mBuilding CXX object planning_pipeline/CMakeFiles/moveit_planning_pipeline.dir/src/planning_pipeline.cpp.o[0m
[4.413s] [ 12%] [32mBuilding CXX object planning_request_adapter_plugins/CMakeFiles/moveit_default_planning_request_adapter_plugins.dir/src/empty.cpp.o[0m
[4.414s] [ 14%] [32mBuilding CXX object planning_request_adapter_plugins/CMakeFiles/moveit_default_planning_request_adapter_plugins.dir/src/fix_start_state_bounds.cpp.o[0m
[4.420s] [ 17%] [32mBuilding CXX object planning_request_adapter_plugins/CMakeFiles/moveit_list_request_adapter_plugins.dir/src/list.cpp.o[0m
[4.420s] [ 17%] [32mBuilding CXX object planning_request_adapter_plugins/CMakeFiles/moveit_default_planning_request_adapter_plugins.dir/src/fix_start_state_path_constraints.cpp.o[0m
[4.420s] [ 19%] [32mBuilding CXX object planning_request_adapter_plugins/CMakeFiles/moveit_default_planning_request_adapter_plugins.dir/src/fix_start_state_collision.cpp.o[0m
[6.818s] [ 20%] [32m[1mLinking CXX static library libgmock_main.a[0m
[7.008s] [ 20%] Built target gmock_main
[7.045s] [ 22%] [32mBuilding CXX object planning_request_adapter_plugins/CMakeFiles/moveit_default_planning_request_adapter_plugins.dir/src/fix_workspace_bounds.cpp.o[0m
[10.234s] [ 24%] [32mBuilding CXX object planning_request_adapter_plugins/CMakeFiles/moveit_default_planning_request_adapter_plugins.dir/src/add_time_parameterization.cpp.o[0m
[11.952s] [ 25%] [32mBuilding CXX object planning_request_adapter_plugins/CMakeFiles/moveit_default_planning_request_adapter_plugins.dir/src/add_ruckig_traj_smoothing.cpp.o[0m
[18.417s] [ 27%] [32m[1mLinking CXX static library libgmock.a[0m
[18.624s] [ 27%] Built target gmock
[18.660s] [ 29%] [32mBuilding CXX object planning_request_adapter_plugins/CMakeFiles/moveit_default_planning_request_adapter_plugins.dir/src/add_iterative_spline_parameterization.cpp.o[0m
[20.079s] [ 32%] [32mBuilding CXX object planning_request_adapter_plugins/CMakeFiles/moveit_default_planning_request_adapter_plugins.dir/src/add_time_optimal_parameterization.cpp.o[0m
[20.080s] [ 32%] [32m[1mLinking CXX shared library libmoveit_collision_plugin_loader.so[0m
[20.790s] [ 32%] Built target moveit_collision_plugin_loader
[20.825s] [ 33%] [32mBuilding CXX object planning_request_adapter_plugins/CMakeFiles/moveit_default_planning_request_adapter_plugins.dir/src/resolve_constraint_frames.cpp.o[0m
[25.917s] [ 35%] [32m[1mLinking CXX shared library libmoveit_rdf_loader.so[0m
[26.179s] [ 35%] Built target moveit_rdf_loader
[26.206s] [ 37%] [32mBuilding CXX object constraint_sampler_manager_loader/CMakeFiles/moveit_constraint_sampler_manager_loader.dir/src/constraint_sampler_manager_loader.cpp.o[0m
[26.209s] [ 38%] [32mBuilding CXX object kinematics_plugin_loader/CMakeFiles/moveit_kinematics_plugin_loader.dir/src/kinematics_plugin_loader.cpp.o[0m
[26.364s] [ 40%] [32m[1mLinking CXX executable moveit_list_request_adapter_plugins[0m
[26.574s] [ 40%] Built target moveit_list_request_adapter_plugins
[30.137s] [ 41%] [32m[1mLinking CXX shared library libmoveit_default_planning_request_adapter_plugins.so[0m
[30.330s] [ 41%] Built target moveit_default_planning_request_adapter_plugins
[32.673s] [ 43%] [32m[1mLinking CXX shared library libmoveit_planning_pipeline.so[0m
[32.883s] [ 43%] Built target moveit_planning_pipeline
[37.342s] [ 45%] [32m[1mLinking CXX shared library libmoveit_kinematics_plugin_loader.so[0m
[37.515s] [ 45%] Built target moveit_kinematics_plugin_loader
[37.540s] [ 46%] [32mBuilding CXX object robot_model_loader/CMakeFiles/moveit_robot_model_loader.dir/src/robot_model_loader.cpp.o[0m
[37.762s] [ 48%] [32m[1mLinking CXX shared library libmoveit_constraint_sampler_manager_loader.so[0m
[37.967s] [ 48%] Built target moveit_constraint_sampler_manager_loader
[42.492s] [ 50%] [32m[1mLinking CXX shared library libmoveit_robot_model_loader.so[0m
[42.632s] [ 50%] Built target moveit_robot_model_loader
[42.661s] [ 58%] [32mBuilding CXX object planning_scene_monitor/CMakeFiles/moveit_planning_scene_monitor.dir/src/trajectory_monitor.cpp.o[0m
[42.661s] [ 58%] [32mBuilding CXX object planning_components_tools/CMakeFiles/moveit_print_planning_model_info.dir/src/print_planning_model_info.cpp.o[0m
[42.661s] [ 58%] [32mBuilding CXX object planning_scene_monitor/CMakeFiles/moveit_planning_scene_monitor.dir/src/planning_scene_monitor.cpp.o[0m
[42.661s] [ 58%] [32mBuilding CXX object planning_scene_monitor/CMakeFiles/moveit_planning_scene_monitor.dir/src/current_state_monitor.cpp.o[0m
[42.661s] [ 58%] [32mBuilding CXX object planning_scene_monitor/CMakeFiles/moveit_planning_scene_monitor.dir/src/current_state_monitor_middleware_handle.cpp.o[0m
[42.661s] [ 59%] [32mBuilding CXX object planning_scene_monitor/CMakeFiles/moveit_planning_scene_monitor.dir/src/trajectory_monitor_middleware_handle.cpp.o[0m
[48.065s] [ 61%] [32m[1mLinking CXX executable moveit_print_planning_model_info[0m
[48.325s] [ 61%] Built target moveit_print_planning_model_info
[70.747s] [ 62%] [32m[1mLinking CXX shared library libmoveit_planning_scene_monitor.so[0m
[71.064s] [ 62%] Built target moveit_planning_scene_monitor
[71.082s] [ 67%] [32mBuilding CXX object trajectory_execution_manager/CMakeFiles/moveit_trajectory_execution_manager.dir/src/trajectory_execution_manager.cpp.o[0m
[71.082s] [ 67%] [32mBuilding CXX object planning_scene_monitor/CMakeFiles/current_state_monitor_tests.dir/test/current_state_monitor_tests.cpp.o[0m
[71.083s] [ 67%] [32mBuilding CXX object planning_components_tools/CMakeFiles/moveit_print_planning_scene_info.dir/src/print_planning_scene_info.cpp.o[0m
[71.083s] [ 69%] [32mBuilding CXX object planning_components_tools/CMakeFiles/moveit_display_random_state.dir/src/display_random_state.cpp.o[0m
[71.083s] [ 70%] [32mBuilding CXX object planning_components_tools/CMakeFiles/moveit_evaluate_collision_checking_speed.dir/src/evaluate_collision_checking_speed.cpp.o[0m
[71.084s] [ 72%] [32mBuilding CXX object planning_scene_monitor/CMakeFiles/demo_scene.dir/demos/demo_scene.cpp.o[0m
[71.085s] [ 74%] [32mBuilding CXX object planning_scene_monitor/CMakeFiles/trajectory_monitor_tests.dir/test/trajectory_monitor_tests.cpp.o[0m
[71.085s] [ 75%] [32mBuilding CXX object planning_components_tools/CMakeFiles/moveit_publish_scene_from_text.dir/src/publish_scene_from_text.cpp.o[0m
[71.086s] [ 77%] [32mBuilding CXX object planning_components_tools/CMakeFiles/moveit_visualize_robot_collision_volume.dir/src/visualize_robot_collision_volume.cpp.o[0m
[81.371s] [ 79%] [32m[1mLinking CXX executable moveit_print_planning_scene_info[0m
[81.716s] [ 79%] Built target moveit_print_planning_scene_info
[83.256s] [ 80%] [32m[1mLinking CXX executable trajectory_monitor_tests[0m
[83.433s] [ 82%] [32m[1mLinking CXX executable demo_scene[0m
[83.680s] [ 82%] Built target trajectory_monitor_tests
[83.742s] [ 82%] Built target demo_scene
[86.953s] [ 83%] [32m[1mLinking CXX executable moveit_evaluate_collision_checking_speed[0m
[87.312s] [ 83%] Built target moveit_evaluate_collision_checking_speed
[87.416s] [ 85%] [32m[1mLinking CXX executable current_state_monitor_tests[0m
[87.803s] [ 85%] Built target current_state_monitor_tests
[87.948s] [ 87%] [32m[1mLinking CXX executable moveit_publish_scene_from_text[0m
[88.137s] [ 88%] [32m[1mLinking CXX executable moveit_visualize_robot_collision_volume[0m
[88.204s] [ 90%] [32m[1mLinking CXX executable moveit_display_random_state[0m
[88.273s] [ 90%] Built target moveit_publish_scene_from_text
[88.455s] [ 90%] Built target moveit_visualize_robot_collision_volume
[88.514s] [ 90%] Built target moveit_display_random_state
[97.812s] [ 91%] [32m[1mLinking CXX shared library libmoveit_trajectory_execution_manager.so[0m
[98.032s] [ 91%] Built target moveit_trajectory_execution_manager
[98.048s] [ 96%] [32mBuilding CXX object plan_execution/CMakeFiles/moveit_plan_execution.dir/src/plan_execution.cpp.o[0m
[98.048s] [ 96%] [32mBuilding CXX object moveit_cpp/CMakeFiles/moveit_cpp.dir/src/moveit_cpp.cpp.o[0m
[98.048s] [ 96%] [32mBuilding CXX object moveit_cpp/CMakeFiles/moveit_cpp.dir/src/planning_component.cpp.o[0m
[107.351s] [ 98%] [32m[1mLinking CXX shared library libmoveit_plan_execution.so[0m
[107.564s] [ 98%] Built target moveit_plan_execution
[111.424s] [100%] [32m[1mLinking CXX shared library libmoveit_cpp.so[0m
[111.643s] [100%] Built target moveit_cpp
[111.652s] Invoked command in '/home/nghiaphanbk/WeldingRobot_ws/build/moveit_ros_planning' returned '0': AMENT_PREFIX_PATH=/home/nghiaphanbk/WeldingRobot_ws/install/moveit_ros_occupancy_map_monitor:/home/nghiaphanbk/WeldingRobot_ws/install/moveit_core:/home/nghiaphanbk/WeldingRobot_ws/install/moveit_resources_panda_moveit_config:/home/nghiaphanbk/WeldingRobot_ws/install/srdfdom:/home/nghiaphanbk/WeldingRobot_ws/install/moveit_resources_panda_description:/home/nghiaphanbk/WeldingRobot_ws/install/moveit_common:${AMENT_PREFIX_PATH} CMAKE_PREFIX_PATH=/home/nghiaphanbk/WeldingRobot_ws/install/moveit_ros_occupancy_map_monitor:/home/nghiaphanbk/WeldingRobot_ws/install/moveit_core:/home/nghiaphanbk/WeldingRobot_ws/install/moveit_resources_panda_moveit_config:/home/nghiaphanbk/WeldingRobot_ws/install/srdfdom:/home/nghiaphanbk/WeldingRobot_ws/install/moveit_resources_panda_description:/home/nghiaphanbk/WeldingRobot_ws/install/moveit_common:/home/nghiaphanbk/WeldingRobot_ws/install/Model_Robot:/home/nghiaphanbk/ros2_ws/install/my_robot_controller:/opt/ros/humble LD_LIBRARY_PATH=/home/nghiaphanbk/WeldingRobot_ws/install/moveit_ros_occupancy_map_monitor/lib:/home/nghiaphanbk/WeldingRobot_ws/install/moveit_core/lib:/home/nghiaphanbk/WeldingRobot_ws/install/srdfdom/lib:${LD_LIBRARY_PATH} PATH=/home/nghiaphanbk/WeldingRobot_ws/install/moveit_core/bin:${PATH} PYTHONPATH=/home/nghiaphanbk/WeldingRobot_ws/install/srdfdom/local/lib/python3.10/dist-packages:${PYTHONPATH} /usr/bin/cmake --build /home/nghiaphanbk/WeldingRobot_ws/build/moveit_ros_planning -- -j12 -l12
[111.675s] Invoking command in '/home/nghiaphanbk/WeldingRobot_ws/build/moveit_ros_planning': AMENT_PREFIX_PATH=/home/nghiaphanbk/WeldingRobot_ws/install/moveit_ros_occupancy_map_monitor:/home/nghiaphanbk/WeldingRobot_ws/install/moveit_core:/home/nghiaphanbk/WeldingRobot_ws/install/moveit_resources_panda_moveit_config:/home/nghiaphanbk/WeldingRobot_ws/install/srdfdom:/home/nghiaphanbk/WeldingRobot_ws/install/moveit_resources_panda_description:/home/nghiaphanbk/WeldingRobot_ws/install/moveit_common:${AMENT_PREFIX_PATH} CMAKE_PREFIX_PATH=/home/nghiaphanbk/WeldingRobot_ws/install/moveit_ros_occupancy_map_monitor:/home/nghiaphanbk/WeldingRobot_ws/install/moveit_core:/home/nghiaphanbk/WeldingRobot_ws/install/moveit_resources_panda_moveit_config:/home/nghiaphanbk/WeldingRobot_ws/install/srdfdom:/home/nghiaphanbk/WeldingRobot_ws/install/moveit_resources_panda_description:/home/nghiaphanbk/WeldingRobot_ws/install/moveit_common:/home/nghiaphanbk/WeldingRobot_ws/install/Model_Robot:/home/nghiaphanbk/ros2_ws/install/my_robot_controller:/opt/ros/humble LD_LIBRARY_PATH=/home/nghiaphanbk/WeldingRobot_ws/install/moveit_ros_occupancy_map_monitor/lib:/home/nghiaphanbk/WeldingRobot_ws/install/moveit_core/lib:/home/nghiaphanbk/WeldingRobot_ws/install/srdfdom/lib:${LD_LIBRARY_PATH} PATH=/home/nghiaphanbk/WeldingRobot_ws/install/moveit_core/bin:${PATH} PYTHONPATH=/home/nghiaphanbk/WeldingRobot_ws/install/srdfdom/local/lib/python3.10/dist-packages:${PYTHONPATH} /usr/bin/cmake --install /home/nghiaphanbk/WeldingRobot_ws/build/moveit_ros_planning
[111.681s] -- Install configuration: "Release"
[111.681s] -- Installing: /home/nghiaphanbk/WeldingRobot_ws/install/moveit_ros_planning/include
[111.681s] -- Installing: /home/nghiaphanbk/WeldingRobot_ws/install/moveit_ros_planning/include/moveit
[111.681s] -- Installing: /home/nghiaphanbk/WeldingRobot_ws/install/moveit_ros_planning/include/moveit/rdf_loader
[111.681s] -- Installing: /home/nghiaphanbk/WeldingRobot_ws/install/moveit_ros_planning/include/moveit/rdf_loader/synchronized_string_parameter.h
[111.681s] -- Installing: /home/nghiaphanbk/WeldingRobot_ws/install/moveit_ros_planning/include/moveit/rdf_loader/rdf_loader.h
[111.682s] -- Installing: /home/nghiaphanbk/WeldingRobot_ws/install/moveit_ros_planning/share/moveit_ros_planning/rdf_loader/test/data
[111.682s] -- Installing: /home/nghiaphanbk/WeldingRobot_ws/install/moveit_ros_planning/share/moveit_ros_planning/rdf_loader/test/data/gonzo.urdf
[111.682s] -- Installing: /home/nghiaphanbk/WeldingRobot_ws/install/moveit_ros_planning/share/moveit_ros_planning/rdf_loader/test/data/gonzo.srdf
[111.682s] -- Installing: /home/nghiaphanbk/WeldingRobot_ws/install/moveit_ros_planning/share/moveit_ros_planning/rdf_loader/test/data/robin.srdf.xacro
[111.682s] -- Installing: /home/nghiaphanbk/WeldingRobot_ws/install/moveit_ros_planning/share/moveit_ros_planning/rdf_loader/test/data/kermit.urdf
[111.683s] -- Installing: /home/nghiaphanbk/WeldingRobot_ws/install/moveit_ros_planning/share/moveit_ros_planning/rdf_loader/test/data/kermit.srdf
[111.683s] -- Installing: /home/nghiaphanbk/WeldingRobot_ws/install/moveit_ros_planning/share/moveit_ros_planning/rdf_loader/test/launch
[111.683s] -- Installing: /home/nghiaphanbk/WeldingRobot_ws/install/moveit_ros_planning/share/moveit_ros_planning/rdf_loader/test/launch/test_rdf_integration.test.py
[111.683s] -- Up-to-date: /home/nghiaphanbk/WeldingRobot_ws/install/moveit_ros_planning/include
[111.683s] -- Up-to-date: /home/nghiaphanbk/WeldingRobot_ws/install/moveit_ros_planning/include/moveit
[111.683s] -- Installing: /home/nghiaphanbk/WeldingRobot_ws/install/moveit_ros_planning/include/moveit/collision_plugin_loader
[111.683s] -- Installing: /home/nghiaphanbk/WeldingRobot_ws/install/moveit_ros_planning/include/moveit/collision_plugin_loader/collision_plugin_loader.h
[111.683s] -- Up-to-date: /home/nghiaphanbk/WeldingRobot_ws/install/moveit_ros_planning/include
[111.683s] -- Up-to-date: /home/nghiaphanbk/WeldingRobot_ws/install/moveit_ros_planning/include/moveit
[111.683s] -- Installing: /home/nghiaphanbk/WeldingRobot_ws/install/moveit_ros_planning/include/moveit/kinematics_plugin_loader
[111.683s] -- Installing: /home/nghiaphanbk/WeldingRobot_ws/install/moveit_ros_planning/include/moveit/kinematics_plugin_loader/kinematics_plugin_loader.h
[111.684s] -- Up-to-date: /home/nghiaphanbk/WeldingRobot_ws/install/moveit_ros_planning/include
[111.684s] -- Up-to-date: /home/nghiaphanbk/WeldingRobot_ws/install/moveit_ros_planning/include/moveit
[111.684s] -- Installing: /home/nghiaphanbk/WeldingRobot_ws/install/moveit_ros_planning/include/moveit/robot_model_loader
[111.684s] -- Installing: /home/nghiaphanbk/WeldingRobot_ws/install/moveit_ros_planning/include/moveit/robot_model_loader/robot_model_loader.h
[111.684s] -- Up-to-date: /home/nghiaphanbk/WeldingRobot_ws/install/moveit_ros_planning/include
[111.684s] -- Up-to-date: /home/nghiaphanbk/WeldingRobot_ws/install/moveit_ros_planning/include/moveit
[111.684s] -- Installing: /home/nghiaphanbk/WeldingRobot_ws/install/moveit_ros_planning/include/moveit/constraint_sampler_manager_loader
[111.684s] -- Installing: /home/nghiaphanbk/WeldingRobot_ws/install/moveit_ros_planning/include/moveit/constraint_sampler_manager_loader/constraint_sampler_manager_loader.h
[111.684s] -- Up-to-date: /home/nghiaphanbk/WeldingRobot_ws/install/moveit_ros_planning/include
[111.684s] -- Up-to-date: /home/nghiaphanbk/WeldingRobot_ws/install/moveit_ros_planning/include/moveit
[111.684s] -- Installing: /home/nghiaphanbk/WeldingRobot_ws/install/moveit_ros_planning/include/moveit/planning_pipeline
[111.684s] -- Installing: /home/nghiaphanbk/WeldingRobot_ws/install/moveit_ros_planning/include/moveit/planning_pipeline/planning_pipeline.h
[111.684s] -- Installing: /home/nghiaphanbk/WeldingRobot_ws/install/moveit_ros_planning/include/moveit_planning_pipeline_export.h
[111.685s] -- Installing: /home/nghiaphanbk/WeldingRobot_ws/install/moveit_ros_planning/lib/moveit_ros_planning/moveit_list_request_adapter_plugins
[111.685s] -- Set runtime path of "/home/nghiaphanbk/WeldingRobot_ws/install/moveit_ros_planning/lib/moveit_ros_planning/moveit_list_request_adapter_plugins" to ""
[111.685s] -- Installing: /home/nghiaphanbk/WeldingRobot_ws/install/moveit_ros_planning/lib/moveit_ros_planning/demo_scene
[111.686s] -- Set runtime path of "/home/nghiaphanbk/WeldingRobot_ws/install/moveit_ros_planning/lib/moveit_ros_planning/demo_scene" to ""
[111.686s] -- Up-to-date: /home/nghiaphanbk/WeldingRobot_ws/install/moveit_ros_planning/include
[111.686s] -- Up-to-date: /home/nghiaphanbk/WeldingRobot_ws/install/moveit_ros_planning/include/moveit
[111.686s] -- Installing: /home/nghiaphanbk/WeldingRobot_ws/install/moveit_ros_planning/include/moveit/planning_scene_monitor
[111.686s] -- Installing: /home/nghiaphanbk/WeldingRobot_ws/install/moveit_ros_planning/include/moveit/planning_scene_monitor/trajectory_monitor_middleware_handle.hpp
[111.686s] -- Installing: /home/nghiaphanbk/WeldingRobot_ws/install/moveit_ros_planning/include/moveit/planning_scene_monitor/planning_scene_monitor.h
[111.686s] -- Installing: /home/nghiaphanbk/WeldingRobot_ws/install/moveit_ros_planning/include/moveit/planning_scene_monitor/current_state_monitor.h
[111.686s] -- Installing: /home/nghiaphanbk/WeldingRobot_ws/install/moveit_ros_planning/include/moveit/planning_scene_monitor/current_state_monitor_middleware_handle.hpp
[111.686s] -- Installing: /home/nghiaphanbk/WeldingRobot_ws/install/moveit_ros_planning/include/moveit/planning_scene_monitor/trajectory_monitor.h
[111.686s] -- Installing: /home/nghiaphanbk/WeldingRobot_ws/install/moveit_ros_planning/include/moveit_planning_scene_monitor_export.h
[111.687s] -- Installing: /home/nghiaphanbk/WeldingRobot_ws/install/moveit_ros_planning/lib/moveit_ros_planning/moveit_print_planning_model_info
[111.687s] -- Set runtime path of "/home/nghiaphanbk/WeldingRobot_ws/install/moveit_ros_planning/lib/moveit_ros_planning/moveit_print_planning_model_info" to ""
[111.687s] -- Installing: /home/nghiaphanbk/WeldingRobot_ws/install/moveit_ros_planning/lib/moveit_ros_planning/moveit_print_planning_scene_info
[111.687s] -- Set runtime path of "/home/nghiaphanbk/WeldingRobot_ws/install/moveit_ros_planning/lib/moveit_ros_planning/moveit_print_planning_scene_info" to ""
[111.687s] -- Installing: /home/nghiaphanbk/WeldingRobot_ws/install/moveit_ros_planning/lib/moveit_ros_planning/moveit_display_random_state
[111.688s] -- Set runtime path of "/home/nghiaphanbk/WeldingRobot_ws/install/moveit_ros_planning/lib/moveit_ros_planning/moveit_display_random_state" to ""
[111.688s] -- Installing: /home/nghiaphanbk/WeldingRobot_ws/install/moveit_ros_planning/lib/moveit_ros_planning/moveit_visualize_robot_collision_volume
[111.688s] -- Set runtime path of "/home/nghiaphanbk/WeldingRobot_ws/install/moveit_ros_planning/lib/moveit_ros_planning/moveit_visualize_robot_collision_volume" to ""
[111.688s] -- Installing: /home/nghiaphanbk/WeldingRobot_ws/install/moveit_ros_planning/lib/moveit_ros_planning/moveit_evaluate_collision_checking_speed
[111.688s] -- Set runtime path of "/home/nghiaphanbk/WeldingRobot_ws/install/moveit_ros_planning/lib/moveit_ros_planning/moveit_evaluate_collision_checking_speed" to ""
[111.688s] -- Installing: /home/nghiaphanbk/WeldingRobot_ws/install/moveit_ros_planning/lib/moveit_ros_planning/moveit_publish_scene_from_text
[111.689s] -- Set runtime path of "/home/nghiaphanbk/WeldingRobot_ws/install/moveit_ros_planning/lib/moveit_ros_planning/moveit_publish_scene_from_text" to ""
[111.689s] -- Up-to-date: /home/nghiaphanbk/WeldingRobot_ws/install/moveit_ros_planning/include
[111.689s] -- Up-to-date: /home/nghiaphanbk/WeldingRobot_ws/install/moveit_ros_planning/include/moveit
[111.689s] -- Installing: /home/nghiaphanbk/WeldingRobot_ws/install/moveit_ros_planning/include/moveit/trajectory_execution_manager
[111.689s] -- Installing: /home/nghiaphanbk/WeldingRobot_ws/install/moveit_ros_planning/include/moveit/trajectory_execution_manager/trajectory_execution_manager.h
[111.689s] -- Installing: /home/nghiaphanbk/WeldingRobot_ws/install/moveit_ros_planning/include/moveit_trajectory_execution_manager_export.h
[111.690s] -- Up-to-date: /home/nghiaphanbk/WeldingRobot_ws/install/moveit_ros_planning/include
[111.690s] -- Up-to-date: /home/nghiaphanbk/WeldingRobot_ws/install/moveit_ros_planning/include/moveit
[111.690s] -- Installing: /home/nghiaphanbk/WeldingRobot_ws/install/moveit_ros_planning/include/moveit/plan_execution
[111.690s] -- Installing: /home/nghiaphanbk/WeldingRobot_ws/install/moveit_ros_planning/include/moveit/plan_execution/plan_representation.h
[111.690s] -- Installing: /home/nghiaphanbk/WeldingRobot_ws/install/moveit_ros_planning/include/moveit/plan_execution/plan_execution.h
[111.690s] -- Up-to-date: /home/nghiaphanbk/WeldingRobot_ws/install/moveit_ros_planning/include
[111.690s] -- Up-to-date: /home/nghiaphanbk/WeldingRobot_ws/install/moveit_ros_planning/include/moveit
[111.690s] -- Installing: /home/nghiaphanbk/WeldingRobot_ws/install/moveit_ros_planning/include/moveit/moveit_cpp
[111.690s] -- Installing: /home/nghiaphanbk/WeldingRobot_ws/install/moveit_ros_planning/include/moveit/moveit_cpp/moveit_cpp.h
[111.690s] -- Installing: /home/nghiaphanbk/WeldingRobot_ws/install/moveit_ros_planning/include/moveit/moveit_cpp/planning_component.h
[111.690s] -- Installing: /home/nghiaphanbk/WeldingRobot_ws/install/moveit_ros_planning/lib/libmoveit_rdf_loader.so.2.5.5
[111.691s] -- Set runtime path of "/home/nghiaphanbk/WeldingRobot_ws/install/moveit_ros_planning/lib/libmoveit_rdf_loader.so.2.5.5" to ""
[111.691s] -- Installing: /home/nghiaphanbk/WeldingRobot_ws/install/moveit_ros_planning/lib/libmoveit_rdf_loader.so
[111.691s] -- Installing: /home/nghiaphanbk/WeldingRobot_ws/install/moveit_ros_planning/lib/libmoveit_kinematics_plugin_loader.so.2.5.5
[111.692s] -- Set runtime path of "/home/nghiaphanbk/WeldingRobot_ws/install/moveit_ros_planning/lib/libmoveit_kinematics_plugin_loader.so.2.5.5" to ""
[111.692s] -- Installing: /home/nghiaphanbk/WeldingRobot_ws/install/moveit_ros_planning/lib/libmoveit_kinematics_plugin_loader.so
[111.692s] -- Installing: /home/nghiaphanbk/WeldingRobot_ws/install/moveit_ros_planning/lib/libmoveit_robot_model_loader.so.2.5.5
[111.692s] -- Set runtime path of "/home/nghiaphanbk/WeldingRobot_ws/install/moveit_ros_planning/lib/libmoveit_robot_model_loader.so.2.5.5" to ""
[111.692s] -- Installing: /home/nghiaphanbk/WeldingRobot_ws/install/moveit_ros_planning/lib/libmoveit_robot_model_loader.so
[111.692s] -- Installing: /home/nghiaphanbk/WeldingRobot_ws/install/moveit_ros_planning/lib/libmoveit_constraint_sampler_manager_loader.so.2.5.5
[111.693s] -- Set runtime path of "/home/nghiaphanbk/WeldingRobot_ws/install/moveit_ros_planning/lib/libmoveit_constraint_sampler_manager_loader.so.2.5.5" to ""
[111.693s] -- Installing: /home/nghiaphanbk/WeldingRobot_ws/install/moveit_ros_planning/lib/libmoveit_constraint_sampler_manager_loader.so
[111.693s] -- Installing: /home/nghiaphanbk/WeldingRobot_ws/install/moveit_ros_planning/lib/libmoveit_planning_pipeline.so.2.5.5
[111.694s] -- Set runtime path of "/home/nghiaphanbk/WeldingRobot_ws/install/moveit_ros_planning/lib/libmoveit_planning_pipeline.so.2.5.5" to ""
[111.694s] -- Installing: /home/nghiaphanbk/WeldingRobot_ws/install/moveit_ros_planning/lib/libmoveit_planning_pipeline.so
[111.694s] -- Installing: /home/nghiaphanbk/WeldingRobot_ws/install/moveit_ros_planning/lib/libmoveit_trajectory_execution_manager.so.2.5.5
[111.696s] -- Set runtime path of "/home/nghiaphanbk/WeldingRobot_ws/install/moveit_ros_planning/lib/libmoveit_trajectory_execution_manager.so.2.5.5" to ""
[111.696s] -- Installing: /home/nghiaphanbk/WeldingRobot_ws/install/moveit_ros_planning/lib/libmoveit_trajectory_execution_manager.so
[111.696s] -- Installing: /home/nghiaphanbk/WeldingRobot_ws/install/moveit_ros_planning/lib/libmoveit_plan_execution.so.2.5.5
[111.696s] -- Set runtime path of "/home/nghiaphanbk/WeldingRobot_ws/install/moveit_ros_planning/lib/libmoveit_plan_execution.so.2.5.5" to ""
[111.696s] -- Installing: /home/nghiaphanbk/WeldingRobot_ws/install/moveit_ros_planning/lib/libmoveit_plan_execution.so
[111.696s] -- Installing: /home/nghiaphanbk/WeldingRobot_ws/install/moveit_ros_planning/lib/libmoveit_planning_scene_monitor.so.2.5.5
[111.700s] -- Set runtime path of "/home/nghiaphanbk/WeldingRobot_ws/install/moveit_ros_planning/lib/libmoveit_planning_scene_monitor.so.2.5.5" to ""
[111.700s] -- Installing: /home/nghiaphanbk/WeldingRobot_ws/install/moveit_ros_planning/lib/libmoveit_planning_scene_monitor.so
[111.700s] -- Installing: /home/nghiaphanbk/WeldingRobot_ws/install/moveit_ros_planning/lib/libmoveit_collision_plugin_loader.so.2.5.5
[111.700s] -- Set runtime path of "/home/nghiaphanbk/WeldingRobot_ws/install/moveit_ros_planning/lib/libmoveit_collision_plugin_loader.so.2.5.5" to ""
[111.700s] -- Installing: /home/nghiaphanbk/WeldingRobot_ws/install/moveit_ros_planning/lib/libmoveit_collision_plugin_loader.so
[111.700s] -- Installing: /home/nghiaphanbk/WeldingRobot_ws/install/moveit_ros_planning/lib/libmoveit_default_planning_request_adapter_plugins.so.2.5.5
[111.701s] -- Set runtime path of "/home/nghiaphanbk/WeldingRobot_ws/install/moveit_ros_planning/lib/libmoveit_default_planning_request_adapter_plugins.so.2.5.5" to ""
[111.701s] -- Installing: /home/nghiaphanbk/WeldingRobot_ws/install/moveit_ros_planning/lib/libmoveit_default_planning_request_adapter_plugins.so
[111.701s] -- Installing: /home/nghiaphanbk/WeldingRobot_ws/install/moveit_ros_planning/lib/libmoveit_cpp.so.2.5.5
[111.702s] -- Set runtime path of "/home/nghiaphanbk/WeldingRobot_ws/install/moveit_ros_planning/lib/libmoveit_cpp.so.2.5.5" to ""
[111.702s] -- Installing: /home/nghiaphanbk/WeldingRobot_ws/install/moveit_ros_planning/lib/libmoveit_cpp.so
[111.702s] -- Installing: /home/nghiaphanbk/WeldingRobot_ws/install/moveit_ros_planning/share/moveit_ros_planning/environment/library_path.sh
[111.702s] -- Installing: /home/nghiaphanbk/WeldingRobot_ws/install/moveit_ros_planning/share/moveit_ros_planning/environment/library_path.dsv
[111.702s] -- Installing: /home/nghiaphanbk/WeldingRobot_ws/install/moveit_ros_planning/share/moveit_ros_planning/planning_request_adapters_plugin_description.xml
[111.703s] -- Installing: /home/nghiaphanbk/WeldingRobot_ws/install/moveit_ros_planning/share/ament_index/resource_index/package_run_dependencies/moveit_ros_planning
[111.703s] -- Installing: /home/nghiaphanbk/WeldingRobot_ws/install/moveit_ros_planning/share/ament_index/resource_index/parent_prefix_path/moveit_ros_planning
[111.703s] -- Installing: /home/nghiaphanbk/WeldingRobot_ws/install/moveit_ros_planning/share/moveit_ros_planning/environment/ament_prefix_path.sh
[111.703s] -- Installing: /home/nghiaphanbk/WeldingRobot_ws/install/moveit_ros_planning/share/moveit_ros_planning/environment/ament_prefix_path.dsv
[111.703s] -- Installing: /home/nghiaphanbk/WeldingRobot_ws/install/moveit_ros_planning/share/moveit_ros_planning/environment/path.sh
[111.703s] -- Installing: /home/nghiaphanbk/WeldingRobot_ws/install/moveit_ros_planning/share/moveit_ros_planning/environment/path.dsv
[111.704s] -- Installing: /home/nghiaphanbk/WeldingRobot_ws/install/moveit_ros_planning/share/moveit_ros_planning/local_setup.bash
[111.704s] -- Installing: /home/nghiaphanbk/WeldingRobot_ws/install/moveit_ros_planning/share/moveit_ros_planning/local_setup.sh
[111.704s] -- Installing: /home/nghiaphanbk/WeldingRobot_ws/install/moveit_ros_planning/share/moveit_ros_planning/local_setup.zsh
[111.704s] -- Installing: /home/nghiaphanbk/WeldingRobot_ws/install/moveit_ros_planning/share/moveit_ros_planning/local_setup.dsv
[111.704s] -- Installing: /home/nghiaphanbk/WeldingRobot_ws/install/moveit_ros_planning/share/moveit_ros_planning/package.dsv
[111.705s] -- Installing: /home/nghiaphanbk/WeldingRobot_ws/install/moveit_ros_planning/share/ament_index/resource_index/packages/moveit_ros_planning
[111.705s] -- Installing: /home/nghiaphanbk/WeldingRobot_ws/install/moveit_ros_planning/share/ament_index/resource_index/moveit_core__pluginlib__plugin/moveit_ros_planning
[111.705s] -- Installing: /home/nghiaphanbk/WeldingRobot_ws/install/moveit_ros_planning/share/moveit_ros_planning/cmake/export_moveit_ros_planningExport.cmake
[111.705s] -- Installing: /home/nghiaphanbk/WeldingRobot_ws/install/moveit_ros_planning/share/moveit_ros_planning/cmake/export_moveit_ros_planningExport-release.cmake
[111.706s] -- Installing: /home/nghiaphanbk/WeldingRobot_ws/install/moveit_ros_planning/share/moveit_ros_planning/cmake/ConfigExtras.cmake
[111.706s] -- Installing: /home/nghiaphanbk/WeldingRobot_ws/install/moveit_ros_planning/share/moveit_ros_planning/cmake/ament_cmake_export_targets-extras.cmake
[111.706s] -- Installing: /home/nghiaphanbk/WeldingRobot_ws/install/moveit_ros_planning/share/moveit_ros_planning/cmake/ament_cmake_export_dependencies-extras.cmake
[111.706s] -- Installing: /home/nghiaphanbk/WeldingRobot_ws/install/moveit_ros_planning/share/moveit_ros_planning/cmake/moveit_ros_planningConfig.cmake
[111.706s] -- Installing: /home/nghiaphanbk/WeldingRobot_ws/install/moveit_ros_planning/share/moveit_ros_planning/cmake/moveit_ros_planningConfig-version.cmake
[111.707s] -- Installing: /home/nghiaphanbk/WeldingRobot_ws/install/moveit_ros_planning/share/moveit_ros_planning/package.xml
[111.708s] Invoked command in '/home/nghiaphanbk/WeldingRobot_ws/build/moveit_ros_planning' returned '0': AMENT_PREFIX_PATH=/home/nghiaphanbk/WeldingRobot_ws/install/moveit_ros_occupancy_map_monitor:/home/nghiaphanbk/WeldingRobot_ws/install/moveit_core:/home/nghiaphanbk/WeldingRobot_ws/install/moveit_resources_panda_moveit_config:/home/nghiaphanbk/WeldingRobot_ws/install/srdfdom:/home/nghiaphanbk/WeldingRobot_ws/install/moveit_resources_panda_description:/home/nghiaphanbk/WeldingRobot_ws/install/moveit_common:${AMENT_PREFIX_PATH} CMAKE_PREFIX_PATH=/home/nghiaphanbk/WeldingRobot_ws/install/moveit_ros_occupancy_map_monitor:/home/nghiaphanbk/WeldingRobot_ws/install/moveit_core:/home/nghiaphanbk/WeldingRobot_ws/install/moveit_resources_panda_moveit_config:/home/nghiaphanbk/WeldingRobot_ws/install/srdfdom:/home/nghiaphanbk/WeldingRobot_ws/install/moveit_resources_panda_description:/home/nghiaphanbk/WeldingRobot_ws/install/moveit_common:/home/nghiaphanbk/WeldingRobot_ws/install/Model_Robot:/home/nghiaphanbk/ros2_ws/install/my_robot_controller:/opt/ros/humble LD_LIBRARY_PATH=/home/nghiaphanbk/WeldingRobot_ws/install/moveit_ros_occupancy_map_monitor/lib:/home/nghiaphanbk/WeldingRobot_ws/install/moveit_core/lib:/home/nghiaphanbk/WeldingRobot_ws/install/srdfdom/lib:${LD_LIBRARY_PATH} PATH=/home/nghiaphanbk/WeldingRobot_ws/install/moveit_core/bin:${PATH} PYTHONPATH=/home/nghiaphanbk/WeldingRobot_ws/install/srdfdom/local/lib/python3.10/dist-packages:${PYTHONPATH} /usr/bin/cmake --install /home/nghiaphanbk/WeldingRobot_ws/build/moveit_ros_planning
