-- Install configuration: ""
-- Up-to-date: /home/nghiaphanbk/WeldingRobot_ws/install/Robot_ver2/share/ament_index/resource_index/package_run_dependencies/Robot_ver2
-- Up-to-date: /home/nghiaphanbk/WeldingRobot_ws/install/Robot_ver2/share/ament_index/resource_index/parent_prefix_path/Robot_ver2
-- Up-to-date: /home/nghiaphanbk/WeldingRobot_ws/install/Robot_ver2/share/Robot_ver2/environment/ament_prefix_path.sh
-- Up-to-date: /home/nghiaphanbk/WeldingRobot_ws/install/Robot_ver2/share/Robot_ver2/environment/ament_prefix_path.dsv
-- Up-to-date: /home/nghiaphanbk/WeldingRobot_ws/install/Robot_ver2/share/Robot_ver2/environment/path.sh
-- Up-to-date: /home/nghiaphanbk/WeldingRobot_ws/install/Robot_ver2/share/Robot_ver2/environment/path.dsv
-- Up-to-date: /home/nghiaphanbk/WeldingRobot_ws/install/Robot_ver2/share/Robot_ver2/local_setup.bash
-- Up-to-date: /home/nghiaphanbk/WeldingRobot_ws/install/Robot_ver2/share/Robot_ver2/local_setup.sh
-- Up-to-date: /home/nghiaphanbk/WeldingRobot_ws/install/Robot_ver2/share/Robot_ver2/local_setup.zsh
-- Up-to-date: /home/nghiaphanbk/WeldingRobot_ws/install/Robot_ver2/share/Robot_ver2/local_setup.dsv
-- Installing: /home/nghiaphanbk/WeldingRobot_ws/install/Robot_ver2/share/Robot_ver2/package.dsv
-- Up-to-date: /home/nghiaphanbk/WeldingRobot_ws/install/Robot_ver2/share/ament_index/resource_index/packages/Robot_ver2
-- Up-to-date: /home/nghiaphanbk/WeldingRobot_ws/install/Robot_ver2/share/Robot_ver2/cmake/Robot_ver2Config.cmake
-- Up-to-date: /home/nghiaphanbk/WeldingRobot_ws/install/Robot_ver2/share/Robot_ver2/cmake/Robot_ver2Config-version.cmake
-- Up-to-date: /home/nghiaphanbk/WeldingRobot_ws/install/Robot_ver2/share/Robot_ver2/package.xml
-- Up-to-date: /home/nghiaphanbk/WeldingRobot_ws/install/Robot_ver2/share/Robot_ver2/launch
-- Up-to-date: /home/nghiaphanbk/WeldingRobot_ws/install/Robot_ver2/share/Robot_ver2/launch/move_group.launch.py
-- Up-to-date: /home/nghiaphanbk/WeldingRobot_ws/install/Robot_ver2/share/Robot_ver2/launch/setup_assistant.launch.py
-- Up-to-date: /home/nghiaphanbk/WeldingRobot_ws/install/Robot_ver2/share/Robot_ver2/launch/spawn_controllers.launch.py
-- Up-to-date: /home/nghiaphanbk/WeldingRobot_ws/install/Robot_ver2/share/Robot_ver2/launch/demo.launch.py
-- Up-to-date: /home/nghiaphanbk/WeldingRobot_ws/install/Robot_ver2/share/Robot_ver2/launch/rsp.launch.py
-- Up-to-date: /home/nghiaphanbk/WeldingRobot_ws/install/Robot_ver2/share/Robot_ver2/launch/demo3.launch.py
-- Up-to-date: /home/nghiaphanbk/WeldingRobot_ws/install/Robot_ver2/share/Robot_ver2/launch/demo2.launch.py
-- Up-to-date: /home/nghiaphanbk/WeldingRobot_ws/install/Robot_ver2/share/Robot_ver2/launch/static_virtual_joint_tfs.launch.py
-- Up-to-date: /home/nghiaphanbk/WeldingRobot_ws/install/Robot_ver2/share/Robot_ver2/launch/warehouse_db.launch.py
-- Up-to-date: /home/nghiaphanbk/WeldingRobot_ws/install/Robot_ver2/share/Robot_ver2/launch/moveit_rviz.launch.py
-- Up-to-date: /home/nghiaphanbk/WeldingRobot_ws/install/Robot_ver2/share/Robot_ver2/config
-- Up-to-date: /home/nghiaphanbk/WeldingRobot_ws/install/Robot_ver2/share/Robot_ver2/config/pilz_cartesian_limits.yaml
-- Up-to-date: /home/nghiaphanbk/WeldingRobot_ws/install/Robot_ver2/share/Robot_ver2/config/welding_robot.srdf.xacro
-- Up-to-date: /home/nghiaphanbk/WeldingRobot_ws/install/Robot_ver2/share/Robot_ver2/config/welding_robot.ros2_control.xacro
-- Up-to-date: /home/nghiaphanbk/WeldingRobot_ws/install/Robot_ver2/share/Robot_ver2/config/welding.yaml
-- Up-to-date: /home/nghiaphanbk/WeldingRobot_ws/install/Robot_ver2/share/Robot_ver2/config/welding_robot.urdf.xacro
-- Up-to-date: /home/nghiaphanbk/WeldingRobot_ws/install/Robot_ver2/share/Robot_ver2/config/welding_robot.urdf
-- Up-to-date: /home/nghiaphanbk/WeldingRobot_ws/install/Robot_ver2/share/Robot_ver2/config/welding_robot.srdf 
-- Up-to-date: /home/nghiaphanbk/WeldingRobot_ws/install/Robot_ver2/share/Robot_ver2/config/ros2_controllers.yaml
-- Up-to-date: /home/nghiaphanbk/WeldingRobot_ws/install/Robot_ver2/share/Robot_ver2/config/initial_positions.yaml
-- Up-to-date: /home/nghiaphanbk/WeldingRobot_ws/install/Robot_ver2/share/Robot_ver2/config/moveit.rviz
-- Up-to-date: /home/nghiaphanbk/WeldingRobot_ws/install/Robot_ver2/share/Robot_ver2/config/joint_limits.yaml
-- Up-to-date: /home/nghiaphanbk/WeldingRobot_ws/install/Robot_ver2/share/Robot_ver2/config/kinematics.yaml
-- Up-to-date: /home/nghiaphanbk/WeldingRobot_ws/install/Robot_ver2/share/Robot_ver2/.setup_assistant
