[0.825s] Invoking command in '/home/nghiaphanbk/WeldingRobot_ws/build/moveit_resources_fanuc_description': CMAKE_PREFIX_PATH=/home/nghiaphanbk/WeldingRobot_ws/install/Model_Robot:/home/nghiaphanbk/ros2_ws/install/my_robot_controller:/opt/ros/humble /usr/bin/cmake /home/nghiaphanbk/WeldingRobot_ws/src/moveit_resources/fanuc_description -DCMAKE_BUILD_TYPE=Release -DCMAKE_INSTALL_PREFIX=/home/nghiaphanbk/WeldingRobot_ws/install/moveit_resources_fanuc_description
[1.269s] -- The C compiler identification is GNU 11.4.0
[1.269s] -- The CXX compiler identification is GNU 11.4.0
[1.270s] -- Detecting C compiler ABI info
[1.270s] -- Detecting C compiler ABI info - done
[1.270s] -- Check for working C compiler: /usr/bin/cc - skipped
[1.270s] -- Detecting C compile features
[1.270s] -- Detecting C compile features - done
[1.270s] -- Detecting CXX compiler ABI info
[1.270s] -- Detecting CXX compiler ABI info - done
[1.270s] -- Check for working CXX compiler: /usr/bin/c++ - skipped
[1.270s] -- Detecting CXX compile features
[1.270s] -- Detecting CXX compile features - done
[1.270s] -- Found ament_cmake: 1.3.5 (/opt/ros/humble/share/ament_cmake/cmake)
[1.320s] -- Found Python3: /usr/bin/python3.10 (found version "3.10.12") found components: Interpreter 
[1.513s] -- Configuring done
[1.516s] -- Generating done
[1.517s] -- Build files have been written to: /home/nghiaphanbk/WeldingRobot_ws/build/moveit_resources_fanuc_description
[1.667s] Invoked command in '/home/nghiaphanbk/WeldingRobot_ws/build/moveit_resources_fanuc_description' returned '0': CMAKE_PREFIX_PATH=/home/nghiaphanbk/WeldingRobot_ws/install/Model_Robot:/home/nghiaphanbk/ros2_ws/install/my_robot_controller:/opt/ros/humble /usr/bin/cmake /home/nghiaphanbk/WeldingRobot_ws/src/moveit_resources/fanuc_description -DCMAKE_BUILD_TYPE=Release -DCMAKE_INSTALL_PREFIX=/home/nghiaphanbk/WeldingRobot_ws/install/moveit_resources_fanuc_description
[1.669s] Invoking command in '/home/nghiaphanbk/WeldingRobot_ws/build/moveit_resources_fanuc_description': CMAKE_PREFIX_PATH=/home/nghiaphanbk/WeldingRobot_ws/install/Model_Robot:/home/nghiaphanbk/ros2_ws/install/my_robot_controller:/opt/ros/humble /usr/bin/cmake --build /home/nghiaphanbk/WeldingRobot_ws/build/moveit_resources_fanuc_description -- -j12 -l12
[1.907s] Invoked command in '/home/nghiaphanbk/WeldingRobot_ws/build/moveit_resources_fanuc_description' returned '0': CMAKE_PREFIX_PATH=/home/nghiaphanbk/WeldingRobot_ws/install/Model_Robot:/home/nghiaphanbk/ros2_ws/install/my_robot_controller:/opt/ros/humble /usr/bin/cmake --build /home/nghiaphanbk/WeldingRobot_ws/build/moveit_resources_fanuc_description -- -j12 -l12
