-- The C compiler identification is GNU 11.4.0
-- The CXX compiler identification is GNU 11.4.0
-- Detecting C compiler ABI info
-- Detecting C compiler ABI info - done
-- Check for working C compiler: /usr/bin/cc - skipped
-- Detecting C compile features
-- Detecting C compile features - done
-- Detecting CXX compiler ABI info
-- Detecting CXX compiler ABI info - done
-- Check for working CXX compiler: /usr/bin/c++ - skipped
-- Detecting CXX compile features
-- Detecting CXX compile features - done
-- Found ament_cmake: 1.3.5 (/opt/ros/humble/share/ament_cmake/cmake)
-- Found Python3: /usr/bin/python3.10 (found version "3.10.12") found components: Interpreter 
WARNING: Package name "Moveit_sim" does not follow the naming conventions. It should start with a lower case letter and only contain lower case letters, digits, underscores, and dashes.
-- Configuring done
-- Generating done
-- Build files have been written to: /home/nghiaphanbk/WeldingRobot_ws/build/Moveit_sim
-- Install configuration: ""
-- Installing: /home/nghiaphanbk/WeldingRobot_ws/install/Moveit_sim/share/ament_index/resource_index/package_run_dependencies/Moveit_sim
-- Installing: /home/nghiaphanbk/WeldingRobot_ws/install/Moveit_sim/share/ament_index/resource_index/parent_prefix_path/Moveit_sim
-- Installing: /home/nghiaphanbk/WeldingRobot_ws/install/Moveit_sim/share/Moveit_sim/environment/ament_prefix_path.sh
-- Installing: /home/nghiaphanbk/WeldingRobot_ws/install/Moveit_sim/share/Moveit_sim/environment/ament_prefix_path.dsv
-- Installing: /home/nghiaphanbk/WeldingRobot_ws/install/Moveit_sim/share/Moveit_sim/environment/path.sh
-- Installing: /home/nghiaphanbk/WeldingRobot_ws/install/Moveit_sim/share/Moveit_sim/environment/path.dsv
-- Installing: /home/nghiaphanbk/WeldingRobot_ws/install/Moveit_sim/share/Moveit_sim/local_setup.bash
-- Installing: /home/nghiaphanbk/WeldingRobot_ws/install/Moveit_sim/share/Moveit_sim/local_setup.sh
-- Installing: /home/nghiaphanbk/WeldingRobot_ws/install/Moveit_sim/share/Moveit_sim/local_setup.zsh
-- Installing: /home/nghiaphanbk/WeldingRobot_ws/install/Moveit_sim/share/Moveit_sim/local_setup.dsv
-- Installing: /home/nghiaphanbk/WeldingRobot_ws/install/Moveit_sim/share/Moveit_sim/package.dsv
-- Installing: /home/nghiaphanbk/WeldingRobot_ws/install/Moveit_sim/share/ament_index/resource_index/packages/Moveit_sim
-- Installing: /home/nghiaphanbk/WeldingRobot_ws/install/Moveit_sim/share/Moveit_sim/cmake/Moveit_simConfig.cmake
-- Installing: /home/nghiaphanbk/WeldingRobot_ws/install/Moveit_sim/share/Moveit_sim/cmake/Moveit_simConfig-version.cmake
-- Installing: /home/nghiaphanbk/WeldingRobot_ws/install/Moveit_sim/share/Moveit_sim/package.xml
-- Installing: /home/nghiaphanbk/WeldingRobot_ws/install/Moveit_sim/share/Moveit_sim/launch
-- Installing: /home/nghiaphanbk/WeldingRobot_ws/install/Moveit_sim/share/Moveit_sim/launch/move_group.launch.py
-- Installing: /home/nghiaphanbk/WeldingRobot_ws/install/Moveit_sim/share/Moveit_sim/launch/setup_assistant.launch.py
-- Installing: /home/nghiaphanbk/WeldingRobot_ws/install/Moveit_sim/share/Moveit_sim/launch/spawn_controllers.launch.py
-- Installing: /home/nghiaphanbk/WeldingRobot_ws/install/Moveit_sim/share/Moveit_sim/launch/demo.launch.py
-- Installing: /home/nghiaphanbk/WeldingRobot_ws/install/Moveit_sim/share/Moveit_sim/launch/rsp.launch.py
-- Installing: /home/nghiaphanbk/WeldingRobot_ws/install/Moveit_sim/share/Moveit_sim/launch/static_virtual_joint_tfs.launch.py
-- Installing: /home/nghiaphanbk/WeldingRobot_ws/install/Moveit_sim/share/Moveit_sim/launch/warehouse_db.launch.py
-- Installing: /home/nghiaphanbk/WeldingRobot_ws/install/Moveit_sim/share/Moveit_sim/launch/moveit_rviz.launch.py
-- Installing: /home/nghiaphanbk/WeldingRobot_ws/install/Moveit_sim/share/Moveit_sim/config
-- Installing: /home/nghiaphanbk/WeldingRobot_ws/install/Moveit_sim/share/Moveit_sim/config/pilz_cartesian_limits.yaml
-- Installing: /home/nghiaphanbk/WeldingRobot_ws/install/Moveit_sim/share/Moveit_sim/config/welding_robot.srdf
-- Installing: /home/nghiaphanbk/WeldingRobot_ws/install/Moveit_sim/share/Moveit_sim/config/welding_robot.ros2_control.xacro
-- Installing: /home/nghiaphanbk/WeldingRobot_ws/install/Moveit_sim/share/Moveit_sim/config/welding_robot.urdf.xacro
-- Installing: /home/nghiaphanbk/WeldingRobot_ws/install/Moveit_sim/share/Moveit_sim/config/initial_positions.yaml
-- Installing: /home/nghiaphanbk/WeldingRobot_ws/install/Moveit_sim/share/Moveit_sim/config/moveit.rviz
-- Installing: /home/nghiaphanbk/WeldingRobot_ws/install/Moveit_sim/share/Moveit_sim/config/joint_limits.yaml
-- Installing: /home/nghiaphanbk/WeldingRobot_ws/install/Moveit_sim/share/Moveit_sim/config/kinematics.yaml
-- Installing: /home/nghiaphanbk/WeldingRobot_ws/install/Moveit_sim/share/Moveit_sim/.setup_assistant
