[0.399s] Invoking command in '/home/nghiaphanbk/WeldingRobot_ws/src/build/moveit2_scripts': CMAKE_PREFIX_PATH=${CMAKE_PREFIX_PATH}:/home/nghiaphanbk/WeldingRobot_ws/install/moveit_configs_utils:/home/nghiaphanbk/WeldingRobot_ws/install/launch_param_builder:/home/nghiaphanbk/WeldingRobot_ws/install/Model_Robot:/home/nghiaphanbk/ros2_ws/install/my_robot_controller:/opt/ros/humble /usr/bin/cmake /home/nghiaphanbk/WeldingRobot_ws/src/moveit2_scripts -DCMAKE_INSTALL_PREFIX=/home/nghiaphanbk/WeldingRobot_ws/src/install/moveit2_scripts
[0.441s] -- The C compiler identification is GNU 11.4.0
[0.484s] -- The CXX compiler identification is GNU 11.4.0
[0.489s] -- Detecting C compiler ABI info
[0.549s] -- Detecting C compiler ABI info - done
[0.559s] -- Check for working C compiler: /usr/bin/cc - skipped
[0.559s] -- Detecting C compile features
[0.560s] -- Detecting C compile features - done
[0.564s] -- Detecting CXX compiler ABI info
[0.631s] -- Detecting CXX compiler ABI info - done
[0.642s] -- Check for working CXX compiler: /usr/bin/c++ - skipped
[0.642s] -- Detecting CXX compile features
[0.643s] -- Detecting CXX compile features - done
[0.648s] -- Found ament_cmake: 1.3.6 (/opt/ros/humble/share/ament_cmake/cmake)
[0.810s] -- Found Python3: /usr/bin/python3.10 (found version "3.10.12") found components: Interpreter 
[0.913s] -- Found rclcpp: 16.0.7 (/opt/ros/humble/share/rclcpp/cmake)
[0.981s] -- Found rosidl_generator_c: 3.1.5 (/opt/ros/humble/share/rosidl_generator_c/cmake)
[0.990s] -- Found rosidl_adapter: 3.1.5 (/opt/ros/humble/share/rosidl_adapter/cmake)
[1.003s] -- Found rosidl_generator_cpp: 3.1.5 (/opt/ros/humble/share/rosidl_generator_cpp/cmake)
[1.025s] -- Using all available rosidl_typesupport_c: rosidl_typesupport_fastrtps_c;rosidl_typesupport_introspection_c
[1.053s] -- Using all available rosidl_typesupport_cpp: rosidl_typesupport_fastrtps_cpp;rosidl_typesupport_introspection_cpp
[1.145s] -- Found rmw_implementation_cmake: 6.1.1 (/opt/ros/humble/share/rmw_implementation_cmake/cmake)
[1.151s] -- Found rmw_fastrtps_cpp: 6.2.5 (/opt/ros/humble/share/rmw_fastrtps_cpp/cmake)
[1.270s] -- Found OpenSSL: /usr/lib/x86_64-linux-gnu/libcrypto.so (found version "3.0.2")  
[1.296s] -- Found FastRTPS: /opt/ros/humble/include  
[1.339s] -- Using RMW implementation 'rmw_fastrtps_cpp' as default
[1.356s] -- Looking for pthread.h
[1.419s] -- Looking for pthread.h - found
[1.419s] -- Performing Test CMAKE_HAVE_LIBC_PTHREAD
[1.484s] -- Performing Test CMAKE_HAVE_LIBC_PTHREAD - Success
[1.485s] -- Found Threads: TRUE  
[1.658s] -- Found rclcpp_action: 16.0.7 (/opt/ros/humble/share/rclcpp_action/cmake)
[1.773s] -- Found moveit_core: 2.5.5 (/home/nghiaphanbk/WeldingRobot_ws/install/moveit_core/share/moveit_core/cmake)
[1.834s] -- Found Boost: /usr/lib/x86_64-linux-gnu/cmake/Boost-1.74.0/BoostConfig.cmake (found version "1.74.0") found components: chrono date_time filesystem iostreams program_options regex serialization system thread 
[1.894s] -- Found parameter_traits: 0.3.6 (/opt/ros/humble/share/parameter_traits/cmake)
[1.918s] -- Found Eigen3: TRUE (found version "3.4.0") 
[1.923s] -- Found rclcpp_lifecycle: 16.0.7 (/opt/ros/humble/share/rclcpp_lifecycle/cmake)
[1.990s] -- Found Boost: /usr/lib/x86_64-linux-gnu/cmake/Boost-1.74.0/BoostConfig.cmake (found version "1.74.0") found components: filesystem 
[2.144s] -- library: /usr/lib/x86_64-linux-gnu/libcurl.so
[2.463s] -- Ensuring Eigen3 include directory is part of orocos-kdl CMake target
[3.507s] -- Found moveit_ros_planning: 2.5.5 (/home/nghiaphanbk/WeldingRobot_ws/install/moveit_ros_planning/share/moveit_ros_planning/cmake)
[3.514s] -- Found Boost: /usr/lib/x86_64-linux-gnu/cmake/Boost-1.74.0/BoostConfig.cmake (found version "1.74.0") found components: system filesystem date_time program_options thread chrono 
[3.958s] -- Found moveit_ros_planning_interface: 2.5.5 (/opt/ros/humble/share/moveit_ros_planning_interface/cmake)
[3.962s] -- Found Boost: /usr/lib/x86_64-linux-gnu/cmake/Boost-1.74.0/BoostConfig.cmake (found version "1.74.0") found components: date_time filesystem program_options system thread 
[4.158s] -- Found Boost: /usr/lib/x86_64-linux-gnu/cmake/Boost-1.74.0/BoostConfig.cmake (found version "1.74.0") found components: thread system filesystem regex date_time program_options 
[4.404s] -- Found Boost: /usr/lib/x86_64-linux-gnu/cmake/Boost-1.74.0/BoostConfig.cmake (found version "1.74.0") found components: system filesystem date_time program_options thread 
[4.837s] -- Found interactive_markers: 2.3.2 (/opt/ros/humble/share/interactive_markers/cmake)
[4.850s] -- Found control_msgs: 4.4.0 (/opt/ros/humble/share/control_msgs/cmake)
[5.049s] -- Found ament_lint_auto: 0.12.9 (/opt/ros/humble/share/ament_lint_auto/cmake)
[5.127s] -- Added test 'cppcheck' to perform static code analysis on C / C++ code
[5.127s] -- Configured cppcheck include dirs: 
[5.127s] -- Configured cppcheck exclude dirs and/or files: 
[5.129s] -- Added test 'lint_cmake' to check CMake code style
[5.130s] -- Added test 'uncrustify' to check C / C++ code style
[5.130s] -- Configured uncrustify additional arguments: 
[5.131s] -- Added test 'xmllint' to check XML markup files
[5.133s] -- Configuring done
[5.139s] -- Generating done
[5.142s] -- Build files have been written to: /home/nghiaphanbk/WeldingRobot_ws/src/build/moveit2_scripts
[5.154s] Invoked command in '/home/nghiaphanbk/WeldingRobot_ws/src/build/moveit2_scripts' returned '0': CMAKE_PREFIX_PATH=${CMAKE_PREFIX_PATH}:/home/nghiaphanbk/WeldingRobot_ws/install/moveit_configs_utils:/home/nghiaphanbk/WeldingRobot_ws/install/launch_param_builder:/home/nghiaphanbk/WeldingRobot_ws/install/Model_Robot:/home/nghiaphanbk/ros2_ws/install/my_robot_controller:/opt/ros/humble /usr/bin/cmake /home/nghiaphanbk/WeldingRobot_ws/src/moveit2_scripts -DCMAKE_INSTALL_PREFIX=/home/nghiaphanbk/WeldingRobot_ws/src/install/moveit2_scripts
[5.157s] Invoking command in '/home/nghiaphanbk/WeldingRobot_ws/src/build/moveit2_scripts': CMAKE_PREFIX_PATH=${CMAKE_PREFIX_PATH}:/home/nghiaphanbk/WeldingRobot_ws/install/moveit_configs_utils:/home/nghiaphanbk/WeldingRobot_ws/install/launch_param_builder:/home/nghiaphanbk/WeldingRobot_ws/install/Model_Robot:/home/nghiaphanbk/ros2_ws/install/my_robot_controller:/opt/ros/humble /usr/bin/cmake --build /home/nghiaphanbk/WeldingRobot_ws/src/build/moveit2_scripts -- -j12 -l12
[5.193s] Invoked command in '/home/nghiaphanbk/WeldingRobot_ws/src/build/moveit2_scripts' returned '0': CMAKE_PREFIX_PATH=${CMAKE_PREFIX_PATH}:/home/nghiaphanbk/WeldingRobot_ws/install/moveit_configs_utils:/home/nghiaphanbk/WeldingRobot_ws/install/launch_param_builder:/home/nghiaphanbk/WeldingRobot_ws/install/Model_Robot:/home/nghiaphanbk/ros2_ws/install/my_robot_controller:/opt/ros/humble /usr/bin/cmake --build /home/nghiaphanbk/WeldingRobot_ws/src/build/moveit2_scripts -- -j12 -l12
[5.214s] Invoking command in '/home/nghiaphanbk/WeldingRobot_ws/src/build/moveit2_scripts': CMAKE_PREFIX_PATH=${CMAKE_PREFIX_PATH}:/home/nghiaphanbk/WeldingRobot_ws/install/moveit_configs_utils:/home/nghiaphanbk/WeldingRobot_ws/install/launch_param_builder:/home/nghiaphanbk/WeldingRobot_ws/install/Model_Robot:/home/nghiaphanbk/ros2_ws/install/my_robot_controller:/opt/ros/humble /usr/bin/cmake --install /home/nghiaphanbk/WeldingRobot_ws/src/build/moveit2_scripts
[5.221s] -- Install configuration: ""
[5.221s] -- Installing: /home/nghiaphanbk/WeldingRobot_ws/src/install/moveit2_scripts/share/ament_index/resource_index/package_run_dependencies/moveit2_scripts
[5.221s] -- Installing: /home/nghiaphanbk/WeldingRobot_ws/src/install/moveit2_scripts/share/ament_index/resource_index/parent_prefix_path/moveit2_scripts
[5.221s] -- Installing: /home/nghiaphanbk/WeldingRobot_ws/src/install/moveit2_scripts/share/moveit2_scripts/environment/ament_prefix_path.sh
[5.221s] -- Installing: /home/nghiaphanbk/WeldingRobot_ws/src/install/moveit2_scripts/share/moveit2_scripts/environment/ament_prefix_path.dsv
[5.221s] -- Installing: /home/nghiaphanbk/WeldingRobot_ws/src/install/moveit2_scripts/share/moveit2_scripts/environment/path.sh
[5.221s] -- Installing: /home/nghiaphanbk/WeldingRobot_ws/src/install/moveit2_scripts/share/moveit2_scripts/environment/path.dsv
[5.222s] -- Installing: /home/nghiaphanbk/WeldingRobot_ws/src/install/moveit2_scripts/share/moveit2_scripts/local_setup.bash
[5.222s] -- Installing: /home/nghiaphanbk/WeldingRobot_ws/src/install/moveit2_scripts/share/moveit2_scripts/local_setup.sh
[5.222s] -- Installing: /home/nghiaphanbk/WeldingRobot_ws/src/install/moveit2_scripts/share/moveit2_scripts/local_setup.zsh
[5.222s] -- Installing: /home/nghiaphanbk/WeldingRobot_ws/src/install/moveit2_scripts/share/moveit2_scripts/local_setup.dsv
[5.222s] -- Installing: /home/nghiaphanbk/WeldingRobot_ws/src/install/moveit2_scripts/share/moveit2_scripts/package.dsv
[5.222s] -- Installing: /home/nghiaphanbk/WeldingRobot_ws/src/install/moveit2_scripts/share/ament_index/resource_index/packages/moveit2_scripts
[5.222s] -- Installing: /home/nghiaphanbk/WeldingRobot_ws/src/install/moveit2_scripts/share/moveit2_scripts/cmake/moveit2_scriptsConfig.cmake
[5.222s] -- Installing: /home/nghiaphanbk/WeldingRobot_ws/src/install/moveit2_scripts/share/moveit2_scripts/cmake/moveit2_scriptsConfig-version.cmake
[5.222s] -- Installing: /home/nghiaphanbk/WeldingRobot_ws/src/install/moveit2_scripts/share/moveit2_scripts/package.xml
[5.224s] Invoked command in '/home/nghiaphanbk/WeldingRobot_ws/src/build/moveit2_scripts' returned '0': CMAKE_PREFIX_PATH=${CMAKE_PREFIX_PATH}:/home/nghiaphanbk/WeldingRobot_ws/install/moveit_configs_utils:/home/nghiaphanbk/WeldingRobot_ws/install/launch_param_builder:/home/nghiaphanbk/WeldingRobot_ws/install/Model_Robot:/home/nghiaphanbk/ros2_ws/install/my_robot_controller:/opt/ros/humble /usr/bin/cmake --install /home/nghiaphanbk/WeldingRobot_ws/src/build/moveit2_scripts
