-- Install configuration: ""
-- Up-to-date: /home/nghiaphanbk/WeldingRobot_ws/install/Moveit_sim/share/ament_index/resource_index/package_run_dependencies/Moveit_sim
-- Up-to-date: /home/nghiaphanbk/WeldingRobot_ws/install/Moveit_sim/share/ament_index/resource_index/parent_prefix_path/Moveit_sim
-- Up-to-date: /home/nghiaphanbk/WeldingRobot_ws/install/Moveit_sim/share/Moveit_sim/environment/ament_prefix_path.sh
-- Up-to-date: /home/nghiaphanbk/WeldingRobot_ws/install/Moveit_sim/share/Moveit_sim/environment/ament_prefix_path.dsv
-- Up-to-date: /home/nghiaphanbk/WeldingRobot_ws/install/Moveit_sim/share/Moveit_sim/environment/path.sh
-- Up-to-date: /home/nghiaphanbk/WeldingRobot_ws/install/Moveit_sim/share/Moveit_sim/environment/path.dsv
-- Up-to-date: /home/nghiaphanbk/WeldingRobot_ws/install/Moveit_sim/share/Moveit_sim/local_setup.bash
-- Up-to-date: /home/nghiaphanbk/WeldingRobot_ws/install/Moveit_sim/share/Moveit_sim/local_setup.sh
-- Up-to-date: /home/nghiaphanbk/WeldingRobot_ws/install/Moveit_sim/share/Moveit_sim/local_setup.zsh
-- Up-to-date: /home/nghiaphanbk/WeldingRobot_ws/install/Moveit_sim/share/Moveit_sim/local_setup.dsv
-- Installing: /home/nghiaphanbk/WeldingRobot_ws/install/Moveit_sim/share/Moveit_sim/package.dsv
-- Up-to-date: /home/nghiaphanbk/WeldingRobot_ws/install/Moveit_sim/share/ament_index/resource_index/packages/Moveit_sim
-- Up-to-date: /home/nghiaphanbk/WeldingRobot_ws/install/Moveit_sim/share/Moveit_sim/cmake/Moveit_simConfig.cmake
-- Up-to-date: /home/nghiaphanbk/WeldingRobot_ws/install/Moveit_sim/share/Moveit_sim/cmake/Moveit_simConfig-version.cmake
-- Up-to-date: /home/nghiaphanbk/WeldingRobot_ws/install/Moveit_sim/share/Moveit_sim/package.xml
-- Up-to-date: /home/nghiaphanbk/WeldingRobot_ws/install/Moveit_sim/share/Moveit_sim/launch
-- Up-to-date: /home/nghiaphanbk/WeldingRobot_ws/install/Moveit_sim/share/Moveit_sim/launch/move_group.launch.py
-- Up-to-date: /home/nghiaphanbk/WeldingRobot_ws/install/Moveit_sim/share/Moveit_sim/launch/setup_assistant.launch.py
-- Up-to-date: /home/nghiaphanbk/WeldingRobot_ws/install/Moveit_sim/share/Moveit_sim/launch/spawn_controllers.launch.py
-- Up-to-date: /home/nghiaphanbk/WeldingRobot_ws/install/Moveit_sim/share/Moveit_sim/launch/demo.launch.py
-- Up-to-date: /home/nghiaphanbk/WeldingRobot_ws/install/Moveit_sim/share/Moveit_sim/launch/rsp.launch.py
-- Up-to-date: /home/nghiaphanbk/WeldingRobot_ws/install/Moveit_sim/share/Moveit_sim/launch/static_virtual_joint_tfs.launch.py
-- Up-to-date: /home/nghiaphanbk/WeldingRobot_ws/install/Moveit_sim/share/Moveit_sim/launch/warehouse_db.launch.py
-- Up-to-date: /home/nghiaphanbk/WeldingRobot_ws/install/Moveit_sim/share/Moveit_sim/launch/moveit_rviz.launch.py
-- Up-to-date: /home/nghiaphanbk/WeldingRobot_ws/install/Moveit_sim/share/Moveit_sim/config
-- Up-to-date: /home/nghiaphanbk/WeldingRobot_ws/install/Moveit_sim/share/Moveit_sim/config/pilz_cartesian_limits.yaml
-- Up-to-date: /home/nghiaphanbk/WeldingRobot_ws/install/Moveit_sim/share/Moveit_sim/config/welding_robot.srdf
-- Up-to-date: /home/nghiaphanbk/WeldingRobot_ws/install/Moveit_sim/share/Moveit_sim/config/welding_robot.ros2_control.xacro
-- Up-to-date: /home/nghiaphanbk/WeldingRobot_ws/install/Moveit_sim/share/Moveit_sim/config/welding_robot.urdf.xacro
-- Up-to-date: /home/nghiaphanbk/WeldingRobot_ws/install/Moveit_sim/share/Moveit_sim/config/initial_positions.yaml
-- Up-to-date: /home/nghiaphanbk/WeldingRobot_ws/install/Moveit_sim/share/Moveit_sim/config/moveit.rviz
-- Up-to-date: /home/nghiaphanbk/WeldingRobot_ws/install/Moveit_sim/share/Moveit_sim/config/joint_limits.yaml
-- Up-to-date: /home/nghiaphanbk/WeldingRobot_ws/install/Moveit_sim/share/Moveit_sim/config/kinematics.yaml
-- Up-to-date: /home/nghiaphanbk/WeldingRobot_ws/install/Moveit_sim/share/Moveit_sim/.setup_assistant
