[2.275s] Invoking command in '/home/nghiaphanbk/WeldingRobot_ws/src/launch_param_builder': PYTHONPATH=/home/nghiaphanbk/WeldingRobot_ws/build/launch_param_builder/prefix_override:/home/nghiaphanbk/WeldingRobot_ws/install/launch_param_builder/lib/python3.10/site-packages:${PYTHONPATH} /usr/bin/python3 setup.py egg_info --egg-base ../../build/launch_param_builder build --build-base /home/nghiaphanbk/WeldingRobot_ws/build/launch_param_builder/build install --record /home/nghiaphanbk/WeldingRobot_ws/build/launch_param_builder/install.log --single-version-externally-managed
[2.508s] running egg_info
[2.508s] writing ../../build/launch_param_builder/launch_param_builder.egg-info/PKG-INFO
[2.509s] writing dependency_links to ../../build/launch_param_builder/launch_param_builder.egg-info/dependency_links.txt
[2.510s] writing entry points to ../../build/launch_param_builder/launch_param_builder.egg-info/entry_points.txt
[2.510s] writing requirements to ../../build/launch_param_builder/launch_param_builder.egg-info/requires.txt
[2.510s] writing top-level names to ../../build/launch_param_builder/launch_param_builder.egg-info/top_level.txt
[2.511s] reading manifest file '../../build/launch_param_builder/launch_param_builder.egg-info/SOURCES.txt'
[2.512s] adding license file 'LICENSE'
[2.512s] writing manifest file '../../build/launch_param_builder/launch_param_builder.egg-info/SOURCES.txt'
[2.513s] running build
[2.513s] running build_py
[2.513s] running install
[2.513s] running install_lib
[2.515s] running install_data
[2.515s] running install_egg_info
[2.517s] removing '/home/nghiaphanbk/WeldingRobot_ws/install/launch_param_builder/lib/python3.10/site-packages/launch_param_builder-0.1.1-py3.10.egg-info' (and everything under it)
[2.517s] Copying ../../build/launch_param_builder/launch_param_builder.egg-info to /home/nghiaphanbk/WeldingRobot_ws/install/launch_param_builder/lib/python3.10/site-packages/launch_param_builder-0.1.1-py3.10.egg-info
[2.518s] running install_scripts
[2.536s] writing list of installed files to '/home/nghiaphanbk/WeldingRobot_ws/build/launch_param_builder/install.log'
[2.576s] Invoked command in '/home/nghiaphanbk/WeldingRobot_ws/src/launch_param_builder' returned '0': PYTHONPATH=/home/nghiaphanbk/WeldingRobot_ws/build/launch_param_builder/prefix_override:/home/nghiaphanbk/WeldingRobot_ws/install/launch_param_builder/lib/python3.10/site-packages:${PYTHONPATH} /usr/bin/python3 setup.py egg_info --egg-base ../../build/launch_param_builder build --build-base /home/nghiaphanbk/WeldingRobot_ws/build/launch_param_builder/build install --record /home/nghiaphanbk/WeldingRobot_ws/build/launch_param_builder/install.log --single-version-externally-managed
