[0.942s] Invoking command in '/home/nghiaphanbk/WeldingRobot_ws/src/Model_Robot': PYTHONPATH=/home/nghiaphanbk/WeldingRobot_ws/build/Model_Robot/prefix_override:/home/nghiaphanbk/WeldingRobot_ws/install/Model_Robot/lib/python3.10/site-packages:${PYTHONPATH} /usr/bin/python3 setup.py egg_info --egg-base ../../build/Model_Robot build --build-base /home/nghiaphanbk/WeldingRobot_ws/build/Model_Robot/build install --record /home/nghiaphanbk/WeldingRobot_ws/build/Model_Robot/install.log --single-version-externally-managed
[1.275s] running egg_info
[1.275s] writing ../../build/Model_Robot/Model_Robot.egg-info/PKG-INFO
[1.275s] writing dependency_links to ../../build/Model_Robot/Model_Robot.egg-info/dependency_links.txt
[1.276s] writing entry points to ../../build/Model_Robot/Model_Robot.egg-info/entry_points.txt
[1.276s] writing requirements to ../../build/Model_Robot/Model_Robot.egg-info/requires.txt
[1.276s] writing top-level names to ../../build/Model_Robot/Model_Robot.egg-info/top_level.txt
[1.278s] reading manifest file '../../build/Model_Robot/Model_Robot.egg-info/SOURCES.txt'
[1.279s] writing manifest file '../../build/Model_Robot/Model_Robot.egg-info/SOURCES.txt'
[1.279s] running build
[1.279s] running build_py
[1.279s] running install
[1.280s] running install_lib
[1.281s] running install_data
[1.282s] running install_egg_info
[1.283s] removing '/home/nghiaphanbk/WeldingRobot_ws/install/Model_Robot/lib/python3.10/site-packages/Model_Robot-0.0.0-py3.10.egg-info' (and everything under it)
[1.283s] Copying ../../build/Model_Robot/Model_Robot.egg-info to /home/nghiaphanbk/WeldingRobot_ws/install/Model_Robot/lib/python3.10/site-packages/Model_Robot-0.0.0-py3.10.egg-info
[1.284s] running install_scripts
[1.305s] writing list of installed files to '/home/nghiaphanbk/WeldingRobot_ws/build/Model_Robot/install.log'
[1.349s] Invoked command in '/home/nghiaphanbk/WeldingRobot_ws/src/Model_Robot' returned '0': PYTHONPATH=/home/nghiaphanbk/WeldingRobot_ws/build/Model_Robot/prefix_override:/home/nghiaphanbk/WeldingRobot_ws/install/Model_Robot/lib/python3.10/site-packages:${PYTHONPATH} /usr/bin/python3 setup.py egg_info --egg-base ../../build/Model_Robot build --build-base /home/nghiaphanbk/WeldingRobot_ws/build/Model_Robot/build install --record /home/nghiaphanbk/WeldingRobot_ws/build/Model_Robot/install.log --single-version-externally-managed
