[0.661s] Invoking command in '/home/nghiaphanbk/WeldingRobot_ws/build/srdfdom': CMAKE_PREFIX_PATH=/home/nghiaphanbk/WeldingRobot_ws/install/Model_Robot:/home/nghiaphanbk/ros2_ws/install/my_robot_controller:/opt/ros/humble /usr/bin/cmake --build /home/nghiaphanbk/WeldingRobot_ws/build/srdfdom -- -j12 -l12
[1.282s] [35m[1mConsolidate compiler generated dependencies of target srdfdom[0m
[1.283s] [ 27%] Built target srdfdom
[1.283s] [35m[1mConsolidate compiler generated dependencies of target gtest[0m
[1.283s] [ 45%] Built target gtest
[1.283s] [35m[1mConsolidate compiler generated dependencies of target gtest_main[0m
[1.283s] [ 63%] Built target gtest_main
[1.283s] [ 63%] Built target ament_cmake_python_copy_srdfdom
[1.283s] [35m[1mConsolidate compiler generated dependencies of target test_cpp_nl_NL.UTF-8[0m
[1.283s] [ 81%] Built target test_cpp_nl_NL.UTF-8
[1.283s] running egg_info
[1.283s] writing srdfdom.egg-info/PKG-INFO
[1.283s] writing dependency_links to srdfdom.egg-info/dependency_links.txt
[1.283s] writing top-level names to srdfdom.egg-info/top_level.txt
[1.283s] reading manifest file 'srdfdom.egg-info/SOURCES.txt'
[1.283s] writing manifest file 'srdfdom.egg-info/SOURCES.txt'
[1.283s] [ 81%] Built target ament_cmake_python_build_srdfdom_egg
[1.284s] [35m[1mConsolidate compiler generated dependencies of target test_cpp_C[0m
[1.284s] [100%] Built target test_cpp_C
[1.289s] Invoked command in '/home/nghiaphanbk/WeldingRobot_ws/build/srdfdom' returned '0': CMAKE_PREFIX_PATH=/home/nghiaphanbk/WeldingRobot_ws/install/Model_Robot:/home/nghiaphanbk/ros2_ws/install/my_robot_controller:/opt/ros/humble /usr/bin/cmake --build /home/nghiaphanbk/WeldingRobot_ws/build/srdfdom -- -j12 -l12
[1.328s] Invoking command in '/home/nghiaphanbk/WeldingRobot_ws/build/srdfdom': CMAKE_PREFIX_PATH=/home/nghiaphanbk/WeldingRobot_ws/install/Model_Robot:/home/nghiaphanbk/ros2_ws/install/my_robot_controller:/opt/ros/humble /usr/bin/cmake --install /home/nghiaphanbk/WeldingRobot_ws/build/srdfdom
[1.358s] -- Install configuration: "Release"
[1.360s] -- Up-to-date: /home/nghiaphanbk/WeldingRobot_ws/install/srdfdom/lib/libsrdfdom.so.2.0.4
[1.360s] -- Up-to-date: /home/nghiaphanbk/WeldingRobot_ws/install/srdfdom/lib/libsrdfdom.so
[1.360s] -- Up-to-date: /home/nghiaphanbk/WeldingRobot_ws/install/srdfdom/include/srdfdom
[1.361s] -- Up-to-date: /home/nghiaphanbk/WeldingRobot_ws/install/srdfdom/include/srdfdom/srdf_writer.h
[1.361s] -- Up-to-date: /home/nghiaphanbk/WeldingRobot_ws/install/srdfdom/include/srdfdom/visibility_control.h
[1.361s] -- Up-to-date: /home/nghiaphanbk/WeldingRobot_ws/install/srdfdom/include/srdfdom/model.h
[1.361s] -- Up-to-date: /home/nghiaphanbk/WeldingRobot_ws/install/srdfdom/lib/srdfdom/display_srdf
[1.361s] -- Up-to-date: /home/nghiaphanbk/WeldingRobot_ws/install/srdfdom/share/srdfdom/environment/pythonpath.sh
[1.361s] -- Up-to-date: /home/nghiaphanbk/WeldingRobot_ws/install/srdfdom/share/srdfdom/environment/pythonpath.dsv
[1.362s] -- Up-to-date: /home/nghiaphanbk/WeldingRobot_ws/install/srdfdom/local/lib/python3.10/dist-packages/srdfdom-2.0.4-py3.10.egg-info
[1.363s] -- Installing: /home/nghiaphanbk/WeldingRobot_ws/install/srdfdom/local/lib/python3.10/dist-packages/srdfdom-2.0.4-py3.10.egg-info/PKG-INFO
[1.363s] -- Installing: /home/nghiaphanbk/WeldingRobot_ws/install/srdfdom/local/lib/python3.10/dist-packages/srdfdom-2.0.4-py3.10.egg-info/top_level.txt
[1.363s] -- Installing: /home/nghiaphanbk/WeldingRobot_ws/install/srdfdom/local/lib/python3.10/dist-packages/srdfdom-2.0.4-py3.10.egg-info/dependency_links.txt
[1.363s] -- Installing: /home/nghiaphanbk/WeldingRobot_ws/install/srdfdom/local/lib/python3.10/dist-packages/srdfdom-2.0.4-py3.10.egg-info/SOURCES.txt
[1.363s] -- Up-to-date: /home/nghiaphanbk/WeldingRobot_ws/install/srdfdom/local/lib/python3.10/dist-packages/srdfdom
[1.363s] -- Up-to-date: /home/nghiaphanbk/WeldingRobot_ws/install/srdfdom/local/lib/python3.10/dist-packages/srdfdom/srdf.py
[1.363s] -- Up-to-date: /home/nghiaphanbk/WeldingRobot_ws/install/srdfdom/local/lib/python3.10/dist-packages/srdfdom/__init__.py
[1.366s] Listing '/home/nghiaphanbk/WeldingRobot_ws/install/srdfdom/local/lib/python3.10/dist-packages/srdfdom'...
[1.366s] -- Up-to-date: /home/nghiaphanbk/WeldingRobot_ws/install/srdfdom/share/srdfdom/environment/library_path.sh
[1.366s] -- Up-to-date: /home/nghiaphanbk/WeldingRobot_ws/install/srdfdom/share/srdfdom/environment/library_path.dsv
[1.367s] -- Up-to-date: /home/nghiaphanbk/WeldingRobot_ws/install/srdfdom/share/ament_index/resource_index/package_run_dependencies/srdfdom
[1.367s] -- Up-to-date: /home/nghiaphanbk/WeldingRobot_ws/install/srdfdom/share/ament_index/resource_index/parent_prefix_path/srdfdom
[1.367s] -- Up-to-date: /home/nghiaphanbk/WeldingRobot_ws/install/srdfdom/share/srdfdom/environment/ament_prefix_path.sh
[1.367s] -- Up-to-date: /home/nghiaphanbk/WeldingRobot_ws/install/srdfdom/share/srdfdom/environment/ament_prefix_path.dsv
[1.367s] -- Up-to-date: /home/nghiaphanbk/WeldingRobot_ws/install/srdfdom/share/srdfdom/environment/path.sh
[1.367s] -- Up-to-date: /home/nghiaphanbk/WeldingRobot_ws/install/srdfdom/share/srdfdom/environment/path.dsv
[1.367s] -- Up-to-date: /home/nghiaphanbk/WeldingRobot_ws/install/srdfdom/share/srdfdom/local_setup.bash
[1.367s] -- Up-to-date: /home/nghiaphanbk/WeldingRobot_ws/install/srdfdom/share/srdfdom/local_setup.sh
[1.367s] -- Up-to-date: /home/nghiaphanbk/WeldingRobot_ws/install/srdfdom/share/srdfdom/local_setup.zsh
[1.367s] -- Up-to-date: /home/nghiaphanbk/WeldingRobot_ws/install/srdfdom/share/srdfdom/local_setup.dsv
[1.367s] -- Installing: /home/nghiaphanbk/WeldingRobot_ws/install/srdfdom/share/srdfdom/package.dsv
[1.367s] -- Up-to-date: /home/nghiaphanbk/WeldingRobot_ws/install/srdfdom/share/ament_index/resource_index/packages/srdfdom
[1.367s] -- Up-to-date: /home/nghiaphanbk/WeldingRobot_ws/install/srdfdom/share/srdfdom/cmake/srdfdomTargetsExport.cmake
[1.368s] -- Up-to-date: /home/nghiaphanbk/WeldingRobot_ws/install/srdfdom/share/srdfdom/cmake/srdfdomTargetsExport-release.cmake
[1.368s] -- Up-to-date: /home/nghiaphanbk/WeldingRobot_ws/install/srdfdom/share/srdfdom/cmake/ament_cmake_export_targets-extras.cmake
[1.368s] -- Up-to-date: /home/nghiaphanbk/WeldingRobot_ws/install/srdfdom/share/srdfdom/cmake/ament_cmake_export_dependencies-extras.cmake
[1.368s] -- Up-to-date: /home/nghiaphanbk/WeldingRobot_ws/install/srdfdom/share/srdfdom/cmake/srdfdomConfig.cmake
[1.368s] -- Up-to-date: /home/nghiaphanbk/WeldingRobot_ws/install/srdfdom/share/srdfdom/cmake/srdfdomConfig-version.cmake
[1.368s] -- Up-to-date: /home/nghiaphanbk/WeldingRobot_ws/install/srdfdom/share/srdfdom/package.xml
[1.619s] Invoked command in '/home/nghiaphanbk/WeldingRobot_ws/build/srdfdom' returned '0': CMAKE_PREFIX_PATH=/home/nghiaphanbk/WeldingRobot_ws/install/Model_Robot:/home/nghiaphanbk/ros2_ws/install/my_robot_controller:/opt/ros/humble /usr/bin/cmake --install /home/nghiaphanbk/WeldingRobot_ws/build/srdfdom
