[0.347s] Invoking command in '/home/nghiaphanbk/WeldingRobot_ws/build/moveit_plugins': AMENT_PREFIX_PATH=/home/nghiaphanbk/WeldingRobot_ws/install/moveit_simple_controller_manager:/home/nghiaphanbk/WeldingRobot_ws/install/moveit_core:/home/nghiaphanbk/WeldingRobot_ws/install/srdfdom:/home/nghiaphanbk/WeldingRobot_ws/install/moveit_common:${AMENT_PREFIX_PATH} CMAKE_PREFIX_PATH=/home/nghiaphanbk/WeldingRobot_ws/install/moveit_simple_controller_manager:/home/nghiaphanbk/WeldingRobot_ws/install/moveit_core:/home/nghiaphanbk/WeldingRobot_ws/install/srdfdom:/home/nghiaphanbk/WeldingRobot_ws/install/moveit_common:/home/nghiaphanbk/WeldingRobot_ws/install/Model_Robot:/home/nghiaphanbk/ros2_ws/install/my_robot_controller:/opt/ros/humble LD_LIBRARY_PATH=/home/nghiaphanbk/WeldingRobot_ws/install/moveit_simple_controller_manager/lib:/home/nghiaphanbk/WeldingRobot_ws/install/moveit_core/lib:/home/nghiaphanbk/WeldingRobot_ws/install/srdfdom/lib:${LD_LIBRARY_PATH} PATH=/home/nghiaphanbk/WeldingRobot_ws/install/moveit_core/bin:${PATH} PYTHONPATH=/home/nghiaphanbk/WeldingRobot_ws/install/srdfdom/local/lib/python3.10/dist-packages:${PYTHONPATH} /usr/bin/cmake /home/nghiaphanbk/WeldingRobot_ws/src/moveit2/moveit_plugins/moveit_plugins -DCMAKE_BUILD_TYPE=Release -DCMAKE_INSTALL_PREFIX=/home/nghiaphanbk/WeldingRobot_ws/install/moveit_plugins
[0.441s] -- The C compiler identification is GNU 11.4.0
[0.522s] -- The CXX compiler identification is GNU 11.4.0
[0.532s] -- Detecting C compiler ABI info
[0.637s] -- Detecting C compiler ABI info - done
[0.651s] -- Check for working C compiler: /usr/bin/cc - skipped
[0.651s] -- Detecting C compile features
[0.652s] -- Detecting C compile features - done
[0.657s] -- Detecting CXX compiler ABI info
[0.778s] -- Detecting CXX compiler ABI info - done
[0.793s] -- Check for working CXX compiler: /usr/bin/c++ - skipped
[0.793s] -- Detecting CXX compile features
[0.794s] -- Detecting CXX compile features - done
[0.797s] -- Found ament_cmake: 1.3.5 (/opt/ros/humble/share/ament_cmake/cmake)
[1.102s] -- Found Python3: /usr/bin/python3.10 (found version "3.10.12") found components: Interpreter 
[1.259s] -- Found ament_lint_auto: 0.12.8 (/opt/ros/humble/share/ament_lint_auto/cmake)
[1.400s] -- Added test 'copyright' to check source files copyright and LICENSE
[1.402s] -- Added test 'lint_cmake' to check CMake code style
[1.403s] -- Added test 'xmllint' to check XML markup files
[1.405s] -- Configuring done
[1.410s] -- Generating done
[1.411s] -- Build files have been written to: /home/nghiaphanbk/WeldingRobot_ws/build/moveit_plugins
[1.418s] Invoked command in '/home/nghiaphanbk/WeldingRobot_ws/build/moveit_plugins' returned '0': AMENT_PREFIX_PATH=/home/nghiaphanbk/WeldingRobot_ws/install/moveit_simple_controller_manager:/home/nghiaphanbk/WeldingRobot_ws/install/moveit_core:/home/nghiaphanbk/WeldingRobot_ws/install/srdfdom:/home/nghiaphanbk/WeldingRobot_ws/install/moveit_common:${AMENT_PREFIX_PATH} CMAKE_PREFIX_PATH=/home/nghiaphanbk/WeldingRobot_ws/install/moveit_simple_controller_manager:/home/nghiaphanbk/WeldingRobot_ws/install/moveit_core:/home/nghiaphanbk/WeldingRobot_ws/install/srdfdom:/home/nghiaphanbk/WeldingRobot_ws/install/moveit_common:/home/nghiaphanbk/WeldingRobot_ws/install/Model_Robot:/home/nghiaphanbk/ros2_ws/install/my_robot_controller:/opt/ros/humble LD_LIBRARY_PATH=/home/nghiaphanbk/WeldingRobot_ws/install/moveit_simple_controller_manager/lib:/home/nghiaphanbk/WeldingRobot_ws/install/moveit_core/lib:/home/nghiaphanbk/WeldingRobot_ws/install/srdfdom/lib:${LD_LIBRARY_PATH} PATH=/home/nghiaphanbk/WeldingRobot_ws/install/moveit_core/bin:${PATH} PYTHONPATH=/home/nghiaphanbk/WeldingRobot_ws/install/srdfdom/local/lib/python3.10/dist-packages:${PYTHONPATH} /usr/bin/cmake /home/nghiaphanbk/WeldingRobot_ws/src/moveit2/moveit_plugins/moveit_plugins -DCMAKE_BUILD_TYPE=Release -DCMAKE_INSTALL_PREFIX=/home/nghiaphanbk/WeldingRobot_ws/install/moveit_plugins
[1.420s] Invoking command in '/home/nghiaphanbk/WeldingRobot_ws/build/moveit_plugins': AMENT_PREFIX_PATH=/home/nghiaphanbk/WeldingRobot_ws/install/moveit_simple_controller_manager:/home/nghiaphanbk/WeldingRobot_ws/install/moveit_core:/home/nghiaphanbk/WeldingRobot_ws/install/srdfdom:/home/nghiaphanbk/WeldingRobot_ws/install/moveit_common:${AMENT_PREFIX_PATH} CMAKE_PREFIX_PATH=/home/nghiaphanbk/WeldingRobot_ws/install/moveit_simple_controller_manager:/home/nghiaphanbk/WeldingRobot_ws/install/moveit_core:/home/nghiaphanbk/WeldingRobot_ws/install/srdfdom:/home/nghiaphanbk/WeldingRobot_ws/install/moveit_common:/home/nghiaphanbk/WeldingRobot_ws/install/Model_Robot:/home/nghiaphanbk/ros2_ws/install/my_robot_controller:/opt/ros/humble LD_LIBRARY_PATH=/home/nghiaphanbk/WeldingRobot_ws/install/moveit_simple_controller_manager/lib:/home/nghiaphanbk/WeldingRobot_ws/install/moveit_core/lib:/home/nghiaphanbk/WeldingRobot_ws/install/srdfdom/lib:${LD_LIBRARY_PATH} PATH=/home/nghiaphanbk/WeldingRobot_ws/install/moveit_core/bin:${PATH} PYTHONPATH=/home/nghiaphanbk/WeldingRobot_ws/install/srdfdom/local/lib/python3.10/dist-packages:${PYTHONPATH} /usr/bin/cmake --build /home/nghiaphanbk/WeldingRobot_ws/build/moveit_plugins -- -j12 -l12
[1.475s] Invoked command in '/home/nghiaphanbk/WeldingRobot_ws/build/moveit_plugins' returned '0': AMENT_PREFIX_PATH=/home/nghiaphanbk/WeldingRobot_ws/install/moveit_simple_controller_manager:/home/nghiaphanbk/WeldingRobot_ws/install/moveit_core:/home/nghiaphanbk/WeldingRobot_ws/install/srdfdom:/home/nghiaphanbk/WeldingRobot_ws/install/moveit_common:${AMENT_PREFIX_PATH} CMAKE_PREFIX_PATH=/home/nghiaphanbk/WeldingRobot_ws/install/moveit_simple_controller_manager:/home/nghiaphanbk/WeldingRobot_ws/install/moveit_core:/home/nghiaphanbk/WeldingRobot_ws/install/srdfdom:/home/nghiaphanbk/WeldingRobot_ws/install/moveit_common:/home/nghiaphanbk/WeldingRobot_ws/install/Model_Robot:/home/nghiaphanbk/ros2_ws/install/my_robot_controller:/opt/ros/humble LD_LIBRARY_PATH=/home/nghiaphanbk/WeldingRobot_ws/install/moveit_simple_controller_manager/lib:/home/nghiaphanbk/WeldingRobot_ws/install/moveit_core/lib:/home/nghiaphanbk/WeldingRobot_ws/install/srdfdom/lib:${LD_LIBRARY_PATH} PATH=/home/nghiaphanbk/WeldingRobot_ws/install/moveit_core/bin:${PATH} PYTHONPATH=/home/nghiaphanbk/WeldingRobot_ws/install/srdfdom/local/lib/python3.10/dist-packages:${PYTHONPATH} /usr/bin/cmake --build /home/nghiaphanbk/WeldingRobot_ws/build/moveit_plugins -- -j12 -l12
[1.505s] Invoking command in '/home/nghiaphanbk/WeldingRobot_ws/build/moveit_plugins': AMENT_PREFIX_PATH=/home/nghiaphanbk/WeldingRobot_ws/install/moveit_simple_controller_manager:/home/nghiaphanbk/WeldingRobot_ws/install/moveit_core:/home/nghiaphanbk/WeldingRobot_ws/install/srdfdom:/home/nghiaphanbk/WeldingRobot_ws/install/moveit_common:${AMENT_PREFIX_PATH} CMAKE_PREFIX_PATH=/home/nghiaphanbk/WeldingRobot_ws/install/moveit_simple_controller_manager:/home/nghiaphanbk/WeldingRobot_ws/install/moveit_core:/home/nghiaphanbk/WeldingRobot_ws/install/srdfdom:/home/nghiaphanbk/WeldingRobot_ws/install/moveit_common:/home/nghiaphanbk/WeldingRobot_ws/install/Model_Robot:/home/nghiaphanbk/ros2_ws/install/my_robot_controller:/opt/ros/humble LD_LIBRARY_PATH=/home/nghiaphanbk/WeldingRobot_ws/install/moveit_simple_controller_manager/lib:/home/nghiaphanbk/WeldingRobot_ws/install/moveit_core/lib:/home/nghiaphanbk/WeldingRobot_ws/install/srdfdom/lib:${LD_LIBRARY_PATH} PATH=/home/nghiaphanbk/WeldingRobot_ws/install/moveit_core/bin:${PATH} PYTHONPATH=/home/nghiaphanbk/WeldingRobot_ws/install/srdfdom/local/lib/python3.10/dist-packages:${PYTHONPATH} /usr/bin/cmake --install /home/nghiaphanbk/WeldingRobot_ws/build/moveit_plugins
[1.515s] -- Install configuration: "Release"
[1.515s] -- Installing: /home/nghiaphanbk/WeldingRobot_ws/install/moveit_plugins/share/ament_index/resource_index/package_run_dependencies/moveit_plugins
[1.516s] -- Installing: /home/nghiaphanbk/WeldingRobot_ws/install/moveit_plugins/share/ament_index/resource_index/parent_prefix_path/moveit_plugins
[1.516s] -- Installing: /home/nghiaphanbk/WeldingRobot_ws/install/moveit_plugins/share/moveit_plugins/environment/ament_prefix_path.sh
[1.516s] -- Installing: /home/nghiaphanbk/WeldingRobot_ws/install/moveit_plugins/share/moveit_plugins/environment/ament_prefix_path.dsv
[1.516s] -- Installing: /home/nghiaphanbk/WeldingRobot_ws/install/moveit_plugins/share/moveit_plugins/environment/path.sh
[1.517s] -- Installing: /home/nghiaphanbk/WeldingRobot_ws/install/moveit_plugins/share/moveit_plugins/environment/path.dsv
[1.517s] -- Installing: /home/nghiaphanbk/WeldingRobot_ws/install/moveit_plugins/share/moveit_plugins/local_setup.bash
[1.517s] -- Installing: /home/nghiaphanbk/WeldingRobot_ws/install/moveit_plugins/share/moveit_plugins/local_setup.sh
[1.517s] -- Installing: /home/nghiaphanbk/WeldingRobot_ws/install/moveit_plugins/share/moveit_plugins/local_setup.zsh
[1.517s] -- Installing: /home/nghiaphanbk/WeldingRobot_ws/install/moveit_plugins/share/moveit_plugins/local_setup.dsv
[1.518s] -- Installing: /home/nghiaphanbk/WeldingRobot_ws/install/moveit_plugins/share/moveit_plugins/package.dsv
[1.518s] -- Installing: /home/nghiaphanbk/WeldingRobot_ws/install/moveit_plugins/share/ament_index/resource_index/packages/moveit_plugins
[1.518s] -- Installing: /home/nghiaphanbk/WeldingRobot_ws/install/moveit_plugins/share/moveit_plugins/cmake/moveit_pluginsConfig.cmake
[1.518s] -- Installing: /home/nghiaphanbk/WeldingRobot_ws/install/moveit_plugins/share/moveit_plugins/cmake/moveit_pluginsConfig-version.cmake
[1.518s] -- Installing: /home/nghiaphanbk/WeldingRobot_ws/install/moveit_plugins/share/moveit_plugins/package.xml
[1.521s] Invoked command in '/home/nghiaphanbk/WeldingRobot_ws/build/moveit_plugins' returned '0': AMENT_PREFIX_PATH=/home/nghiaphanbk/WeldingRobot_ws/install/moveit_simple_controller_manager:/home/nghiaphanbk/WeldingRobot_ws/install/moveit_core:/home/nghiaphanbk/WeldingRobot_ws/install/srdfdom:/home/nghiaphanbk/WeldingRobot_ws/install/moveit_common:${AMENT_PREFIX_PATH} CMAKE_PREFIX_PATH=/home/nghiaphanbk/WeldingRobot_ws/install/moveit_simple_controller_manager:/home/nghiaphanbk/WeldingRobot_ws/install/moveit_core:/home/nghiaphanbk/WeldingRobot_ws/install/srdfdom:/home/nghiaphanbk/WeldingRobot_ws/install/moveit_common:/home/nghiaphanbk/WeldingRobot_ws/install/Model_Robot:/home/nghiaphanbk/ros2_ws/install/my_robot_controller:/opt/ros/humble LD_LIBRARY_PATH=/home/nghiaphanbk/WeldingRobot_ws/install/moveit_simple_controller_manager/lib:/home/nghiaphanbk/WeldingRobot_ws/install/moveit_core/lib:/home/nghiaphanbk/WeldingRobot_ws/install/srdfdom/lib:${LD_LIBRARY_PATH} PATH=/home/nghiaphanbk/WeldingRobot_ws/install/moveit_core/bin:${PATH} PYTHONPATH=/home/nghiaphanbk/WeldingRobot_ws/install/srdfdom/local/lib/python3.10/dist-packages:${PYTHONPATH} /usr/bin/cmake --install /home/nghiaphanbk/WeldingRobot_ws/build/moveit_plugins
