[0.412s] Invoking command in '/home/nghiaphanbk/WeldingRobot_ws/build/rviz_marker_tools': AMENT_PREFIX_PATH=/home/nghiaphanbk/WeldingRobot_ws/install/moveit_common:${AMENT_PREFIX_PATH} CMAKE_PREFIX_PATH=/home/nghiaphanbk/WeldingRobot_ws/install/moveit_common:/home/nghiaphanbk/WeldingRobot_ws/install/Model_Robot:/home/nghiaphanbk/ros2_ws/install/my_robot_controller:/opt/ros/humble /usr/bin/cmake --build /home/nghiaphanbk/WeldingRobot_ws/build/rviz_marker_tools -- -j12 -l12
[0.440s] -- Found ament_cmake: 1.3.5 (/opt/ros/humble/share/ament_cmake/cmake)
[0.653s] -- Found moveit_common: 2.5.5 (/home/nghiaphanbk/WeldingRobot_ws/install/moveit_common/share/moveit_common/cmake)
[0.765s] -- Found libdw: /usr/lib/x86_64-linux-gnu/libdw.so  
[0.773s] -- Could NOT find libbfd (missing: LIBBFD_LIBRARY LIBBFD_INCLUDE_DIR) 
[0.773s] -- BACKWARD_HAS_UNWIND=1
[0.774s] -- BACKWARD_HAS_BACKTRACE=0
[0.775s] -- BACKWARD_HAS_BACKTRACE_SYMBOL=0
[0.775s] -- BACKWARD_HAS_DW=1
[0.775s] -- BACKWARD_HAS_BFD=0
[0.775s] -- Found Backward: /opt/ros/humble/share/backward_ros/cmake  
[0.775s] -- Found eigen3_cmake_module: 0.1.1 (/opt/ros/humble/share/eigen3_cmake_module/cmake)
[0.777s] -- Found geometry_msgs: 4.2.3 (/opt/ros/humble/share/geometry_msgs/cmake)
[0.806s] -- Found rosidl_generator_c: 3.1.5 (/opt/ros/humble/share/rosidl_generator_c/cmake)
[0.810s] -- Found rosidl_adapter: 3.1.5 (/opt/ros/humble/share/rosidl_adapter/cmake)
[0.820s] -- Found rosidl_generator_cpp: 3.1.5 (/opt/ros/humble/share/rosidl_generator_cpp/cmake)
[0.837s] -- Using all available rosidl_typesupport_c: rosidl_typesupport_fastrtps_c;rosidl_typesupport_introspection_c
[0.865s] -- Using all available rosidl_typesupport_cpp: rosidl_typesupport_fastrtps_cpp;rosidl_typesupport_introspection_cpp
[0.984s] -- Found rclcpp: 16.0.6 (/opt/ros/humble/share/rclcpp/cmake)
[1.030s] -- Found rmw_implementation_cmake: 6.1.1 (/opt/ros/humble/share/rmw_implementation_cmake/cmake)
[1.031s] -- Found rmw_fastrtps_cpp: 6.2.4 (/opt/ros/humble/share/rmw_fastrtps_cpp/cmake)
[1.143s] -- Using RMW implementation 'rmw_fastrtps_cpp' as default
[1.311s] -- Found rviz2: 11.2.8 (/opt/ros/humble/share/rviz2/cmake)
[1.312s] -- Found tf2_eigen: 0.25.4 (/opt/ros/humble/share/tf2_eigen/cmake)
[1.746s] -- Found visualization_msgs: 4.2.3 (/opt/ros/humble/share/visualization_msgs/cmake)
[2.098s] -- Configuring done
[2.116s] -- Generating done
[2.119s] -- Build files have been written to: /home/nghiaphanbk/WeldingRobot_ws/build/rviz_marker_tools
[2.168s] [ 50%] [32mBuilding CXX object CMakeFiles/rviz_marker_tools.dir/src/marker_creation.cpp.o[0m
[11.384s] [100%] [32m[1mLinking CXX shared library librviz_marker_tools.so[0m
[11.839s] [100%] Built target rviz_marker_tools
[11.874s] Invoked command in '/home/nghiaphanbk/WeldingRobot_ws/build/rviz_marker_tools' returned '0': AMENT_PREFIX_PATH=/home/nghiaphanbk/WeldingRobot_ws/install/moveit_common:${AMENT_PREFIX_PATH} CMAKE_PREFIX_PATH=/home/nghiaphanbk/WeldingRobot_ws/install/moveit_common:/home/nghiaphanbk/WeldingRobot_ws/install/Model_Robot:/home/nghiaphanbk/ros2_ws/install/my_robot_controller:/opt/ros/humble /usr/bin/cmake --build /home/nghiaphanbk/WeldingRobot_ws/build/rviz_marker_tools -- -j12 -l12
[12.108s] Invoking command in '/home/nghiaphanbk/WeldingRobot_ws/build/rviz_marker_tools': AMENT_PREFIX_PATH=/home/nghiaphanbk/WeldingRobot_ws/install/moveit_common:${AMENT_PREFIX_PATH} CMAKE_PREFIX_PATH=/home/nghiaphanbk/WeldingRobot_ws/install/moveit_common:/home/nghiaphanbk/WeldingRobot_ws/install/Model_Robot:/home/nghiaphanbk/ros2_ws/install/my_robot_controller:/opt/ros/humble /usr/bin/cmake --install /home/nghiaphanbk/WeldingRobot_ws/build/rviz_marker_tools
[12.118s] -- Install configuration: "Release"
[12.118s] -- Installing: /home/nghiaphanbk/WeldingRobot_ws/install/rviz_marker_tools/include
[12.119s] -- Installing: /home/nghiaphanbk/WeldingRobot_ws/install/rviz_marker_tools/include/rviz_marker_tools
[12.120s] -- Installing: /home/nghiaphanbk/WeldingRobot_ws/install/rviz_marker_tools/include/rviz_marker_tools/marker_creation.h
[12.121s] -- Installing: /home/nghiaphanbk/WeldingRobot_ws/install/rviz_marker_tools/lib/librviz_marker_tools.so
[12.121s] -- Set runtime path of "/home/nghiaphanbk/WeldingRobot_ws/install/rviz_marker_tools/lib/librviz_marker_tools.so" to ""
[12.122s] -- Installing: /home/nghiaphanbk/WeldingRobot_ws/install/rviz_marker_tools/share/rviz_marker_tools/environment/library_path.sh
[12.122s] -- Installing: /home/nghiaphanbk/WeldingRobot_ws/install/rviz_marker_tools/share/rviz_marker_tools/environment/library_path.dsv
[12.123s] -- Installing: /home/nghiaphanbk/WeldingRobot_ws/install/rviz_marker_tools/share/ament_index/resource_index/package_run_dependencies/rviz_marker_tools
[12.124s] -- Installing: /home/nghiaphanbk/WeldingRobot_ws/install/rviz_marker_tools/share/ament_index/resource_index/parent_prefix_path/rviz_marker_tools
[12.124s] -- Installing: /home/nghiaphanbk/WeldingRobot_ws/install/rviz_marker_tools/share/rviz_marker_tools/environment/ament_prefix_path.sh
[12.124s] -- Installing: /home/nghiaphanbk/WeldingRobot_ws/install/rviz_marker_tools/share/rviz_marker_tools/environment/ament_prefix_path.dsv
[12.124s] -- Installing: /home/nghiaphanbk/WeldingRobot_ws/install/rviz_marker_tools/share/rviz_marker_tools/environment/path.sh
[12.124s] -- Installing: /home/nghiaphanbk/WeldingRobot_ws/install/rviz_marker_tools/share/rviz_marker_tools/environment/path.dsv
[12.124s] -- Installing: /home/nghiaphanbk/WeldingRobot_ws/install/rviz_marker_tools/share/rviz_marker_tools/local_setup.bash
[12.124s] -- Installing: /home/nghiaphanbk/WeldingRobot_ws/install/rviz_marker_tools/share/rviz_marker_tools/local_setup.sh
[12.124s] -- Installing: /home/nghiaphanbk/WeldingRobot_ws/install/rviz_marker_tools/share/rviz_marker_tools/local_setup.zsh
[12.125s] -- Installing: /home/nghiaphanbk/WeldingRobot_ws/install/rviz_marker_tools/share/rviz_marker_tools/local_setup.dsv
[12.125s] -- Installing: /home/nghiaphanbk/WeldingRobot_ws/install/rviz_marker_tools/share/rviz_marker_tools/package.dsv
[12.125s] -- Installing: /home/nghiaphanbk/WeldingRobot_ws/install/rviz_marker_tools/share/ament_index/resource_index/packages/rviz_marker_tools
[12.125s] -- Installing: /home/nghiaphanbk/WeldingRobot_ws/install/rviz_marker_tools/share/rviz_marker_tools/cmake/rviz_marker_toolsTargetsExport.cmake
[12.125s] -- Installing: /home/nghiaphanbk/WeldingRobot_ws/install/rviz_marker_tools/share/rviz_marker_tools/cmake/rviz_marker_toolsTargetsExport-release.cmake
[12.125s] -- Installing: /home/nghiaphanbk/WeldingRobot_ws/install/rviz_marker_tools/share/rviz_marker_tools/cmake/ament_cmake_export_targets-extras.cmake
[12.125s] -- Installing: /home/nghiaphanbk/WeldingRobot_ws/install/rviz_marker_tools/share/rviz_marker_tools/cmake/ament_cmake_export_dependencies-extras.cmake
[12.125s] -- Installing: /home/nghiaphanbk/WeldingRobot_ws/install/rviz_marker_tools/share/rviz_marker_tools/cmake/rviz_marker_toolsConfig.cmake
[12.125s] -- Installing: /home/nghiaphanbk/WeldingRobot_ws/install/rviz_marker_tools/share/rviz_marker_tools/cmake/rviz_marker_toolsConfig-version.cmake
[12.126s] -- Installing: /home/nghiaphanbk/WeldingRobot_ws/install/rviz_marker_tools/share/rviz_marker_tools/package.xml
[12.138s] Invoked command in '/home/nghiaphanbk/WeldingRobot_ws/build/rviz_marker_tools' returned '0': AMENT_PREFIX_PATH=/home/nghiaphanbk/WeldingRobot_ws/install/moveit_common:${AMENT_PREFIX_PATH} CMAKE_PREFIX_PATH=/home/nghiaphanbk/WeldingRobot_ws/install/moveit_common:/home/nghiaphanbk/WeldingRobot_ws/install/Model_Robot:/home/nghiaphanbk/ros2_ws/install/my_robot_controller:/opt/ros/humble /usr/bin/cmake --install /home/nghiaphanbk/WeldingRobot_ws/build/rviz_marker_tools
