[ 50%] [32mBuilding CXX object CMakeFiles/test_trajectory.dir/src/test_trajectory.cpp.o[0m
[01m[K/home/nghiaphanbk/WeldingRobot_ws/src/moveit2_scripts/src/test_trajectory.cpp:[m[K In member function ‘[01m[Kvoid TestTrajectory::plan_arm_joint_space()[m[K’:
[01m[K/home/nghiaphanbk/WeldingRobot_ws/src/moveit2_scripts/src/test_trajectory.cpp:50:106:[m[K [01;35m[Kwarning: [m[K‘[01m[Kusing MoveItErrorCode = class moveit::core::MoveItErrorCode[m[K’ is deprecated: Use moveit::core::MoveItErrorCode [[01;35m[K]8;;https://gcc.gnu.org/onlinedocs/gcc/Warning-Options.html#index-Wdeprecated-declarations-Wdeprecated-declarations]8;;[m[K]
   50 | (move_group_arm.plan(my_plan_arm) == moveit::planning_interface::MoveItErrorCode::[01;35m[KSUCCESS[m[K);
      |                                                                                   [01;35m[K^~~~~~~[m[K

In file included from [01m[K/home/nghiaphanbk/WeldingRobot_ws/src/moveit2_scripts/src/test_trajectory.cpp:1[m[K:
[01m[K/opt/ros/humble/include/moveit/move_group_interface/move_group_interface.h:71:7:[m[K [01;36m[Knote: [m[Kdeclared here
   71 | using [01;36m[KMoveItErrorCode[m[K [[deprecated("Use moveit::core::MoveItErrorCode")]] = moveit::core::MoveItErrorCode;
      |       [01;36m[K^~~~~~~~~~~~~~~[m[K
[01m[K/home/nghiaphanbk/WeldingRobot_ws/src/moveit2_scripts/src/test_trajectory.cpp:50:10:[m[K [01;35m[Kwarning: [m[Kunused variable ‘[01m[Ksuccess_arm[m[K’ [[01;35m[K]8;;https://gcc.gnu.org/onlinedocs/gcc/Warning-Options.html#index-Wunused-variable-Wunused-variable]8;;[m[K]
   50 |     bool [01;35m[Ksuccess_arm[m[K = (move_group_arm.plan(my_plan_arm) == moveit::planning_interface::MoveItErrorCode::SUCCESS);
      |          [01;35m[K^~~~~~~~~~~[m[K
[100%] [32m[1mLinking CXX executable test_trajectory[0m
[100%] Built target test_trajectory
-- Install configuration: ""
-- Installing: /home/nghiaphanbk/WeldingRobot_ws/install/moveit2_scripts/lib/moveit2_scripts/test_trajectory
-- Set runtime path of "/home/nghiaphanbk/WeldingRobot_ws/install/moveit2_scripts/lib/moveit2_scripts/test_trajectory" to ""
-- Up-to-date: /home/nghiaphanbk/WeldingRobot_ws/install/moveit2_scripts/share/moveit2_scripts/launch
-- Up-to-date: /home/nghiaphanbk/WeldingRobot_ws/install/moveit2_scripts/share/moveit2_scripts/launch/test_trajectory.launch.py
-- Up-to-date: /home/nghiaphanbk/WeldingRobot_ws/install/moveit2_scripts/share/ament_index/resource_index/package_run_dependencies/moveit2_scripts
-- Up-to-date: /home/nghiaphanbk/WeldingRobot_ws/install/moveit2_scripts/share/ament_index/resource_index/parent_prefix_path/moveit2_scripts
-- Up-to-date: /home/nghiaphanbk/WeldingRobot_ws/install/moveit2_scripts/share/moveit2_scripts/environment/ament_prefix_path.sh
-- Up-to-date: /home/nghiaphanbk/WeldingRobot_ws/install/moveit2_scripts/share/moveit2_scripts/environment/ament_prefix_path.dsv
-- Up-to-date: /home/nghiaphanbk/WeldingRobot_ws/install/moveit2_scripts/share/moveit2_scripts/environment/path.sh
-- Up-to-date: /home/nghiaphanbk/WeldingRobot_ws/install/moveit2_scripts/share/moveit2_scripts/environment/path.dsv
-- Up-to-date: /home/nghiaphanbk/WeldingRobot_ws/install/moveit2_scripts/share/moveit2_scripts/local_setup.bash
-- Up-to-date: /home/nghiaphanbk/WeldingRobot_ws/install/moveit2_scripts/share/moveit2_scripts/local_setup.sh
-- Up-to-date: /home/nghiaphanbk/WeldingRobot_ws/install/moveit2_scripts/share/moveit2_scripts/local_setup.zsh
-- Up-to-date: /home/nghiaphanbk/WeldingRobot_ws/install/moveit2_scripts/share/moveit2_scripts/local_setup.dsv
-- Installing: /home/nghiaphanbk/WeldingRobot_ws/install/moveit2_scripts/share/moveit2_scripts/package.dsv
-- Up-to-date: /home/nghiaphanbk/WeldingRobot_ws/install/moveit2_scripts/share/ament_index/resource_index/packages/moveit2_scripts
-- Up-to-date: /home/nghiaphanbk/WeldingRobot_ws/install/moveit2_scripts/share/moveit2_scripts/cmake/moveit2_scriptsConfig.cmake
-- Up-to-date: /home/nghiaphanbk/WeldingRobot_ws/install/moveit2_scripts/share/moveit2_scripts/cmake/moveit2_scriptsConfig-version.cmake
-- Up-to-date: /home/nghiaphanbk/WeldingRobot_ws/install/moveit2_scripts/share/moveit2_scripts/package.xml
