[0.325s] Invoking command in '/home/nghiaphanbk/WeldingRobot_ws/build/moveit_core': AMENT_PREFIX_PATH=/home/nghiaphanbk/WeldingRobot_ws/install/moveit_resources_panda_moveit_config:/home/nghiaphanbk/WeldingRobot_ws/install/srdfdom:/home/nghiaphanbk/WeldingRobot_ws/install/moveit_resources_pr2_description:/home/nghiaphanbk/WeldingRobot_ws/install/moveit_resources_panda_description:/home/nghiaphanbk/WeldingRobot_ws/install/moveit_common:${AMENT_PREFIX_PATH} CMAKE_PREFIX_PATH=/home/nghiaphanbk/WeldingRobot_ws/install/moveit_resources_panda_moveit_config:/home/nghiaphanbk/WeldingRobot_ws/install/srdfdom:/home/nghiaphanbk/WeldingRobot_ws/install/moveit_resources_pr2_description:/home/nghiaphanbk/WeldingRobot_ws/install/moveit_resources_panda_description:/home/nghiaphanbk/WeldingRobot_ws/install/moveit_common:/home/nghiaphanbk/WeldingRobot_ws/install/Model_Robot:/home/nghiaphanbk/ros2_ws/install/my_robot_controller:/opt/ros/humble LD_LIBRARY_PATH=/home/nghiaphanbk/WeldingRobot_ws/install/srdfdom/lib:${LD_LIBRARY_PATH} PYTHONPATH=/home/nghiaphanbk/WeldingRobot_ws/install/srdfdom/local/lib/python3.10/dist-packages:${PYTHONPATH} /usr/bin/cmake /home/nghiaphanbk/WeldingRobot_ws/src/moveit2/moveit_core -DCMAKE_BUILD_TYPE=Release -DCMAKE_INSTALL_PREFIX=/home/nghiaphanbk/WeldingRobot_ws/install/moveit_core
[0.416s] -- The CXX compiler identification is GNU 11.4.0
[0.426s] -- Detecting CXX compiler ABI info
[0.511s] -- Detecting CXX compiler ABI info - done
[0.525s] -- Check for working CXX compiler: /usr/bin/c++ - skipped
[0.526s] -- Detecting CXX compile features
[0.526s] -- Detecting CXX compile features - done
[0.528s] -- Found moveit_common: 2.5.5 (/home/nghiaphanbk/WeldingRobot_ws/install/moveit_common/share/moveit_common/cmake)
[0.531s] -- Found ament_cmake: 1.3.5 (/opt/ros/humble/share/ament_cmake/cmake)
[0.745s] -- Found Python3: /usr/bin/python3.10 (found version "3.10.12") found components: Interpreter 
[0.908s] -- Found libdw: /usr/lib/x86_64-linux-gnu/libdw.so  
[0.916s] -- Could NOT find libbfd (missing: LIBBFD_LIBRARY LIBBFD_INCLUDE_DIR) 
[0.916s] -- BACKWARD_HAS_UNWIND=1
[0.917s] -- BACKWARD_HAS_BACKTRACE=0
[0.917s] -- BACKWARD_HAS_BACKTRACE_SYMBOL=0
[0.917s] -- BACKWARD_HAS_DW=1
[0.917s] -- BACKWARD_HAS_BFD=0
[0.917s] -- Found Backward: /opt/ros/humble/share/backward_ros/cmake  
[0.921s] -- Found angles: 1.15.0 (/opt/ros/humble/share/angles/cmake)
[0.950s] -- Found Bullet: /usr/lib/x86_64-linux-gnu/libBulletDynamics.so (Required is at least version "2.87") 
[0.953s] -- Found common_interfaces: 4.2.3 (/opt/ros/humble/share/common_interfaces/cmake)
[0.956s] -- Found eigen_stl_containers: 1.0.0 (/opt/ros/humble/share/eigen_stl_containers/cmake)
[0.970s] -- Found eigen3_cmake_module: 0.1.1 (/opt/ros/humble/share/eigen3_cmake_module/cmake)
[0.973s] -- Found Eigen3: TRUE (found version "3.4.0") 
[0.980s] -- Found generate_parameter_library: 0.3.6 (/opt/ros/humble/share/generate_parameter_library/cmake)
[0.985s] -- Found parameter_traits: 0.3.6 (/opt/ros/humble/share/parameter_traits/cmake)
[1.046s] -- Found rosidl_generator_c: 3.1.5 (/opt/ros/humble/share/rosidl_generator_c/cmake)
[1.054s] -- Found rosidl_adapter: 3.1.5 (/opt/ros/humble/share/rosidl_adapter/cmake)
[1.066s] -- Found rosidl_generator_cpp: 3.1.5 (/opt/ros/humble/share/rosidl_generator_cpp/cmake)
[1.081s] -- Using all available rosidl_typesupport_c: rosidl_typesupport_fastrtps_c;rosidl_typesupport_introspection_c
[1.099s] -- Using all available rosidl_typesupport_cpp: rosidl_typesupport_fastrtps_cpp;rosidl_typesupport_introspection_cpp
[1.165s] -- Found rmw_implementation_cmake: 6.1.1 (/opt/ros/humble/share/rmw_implementation_cmake/cmake)
[1.168s] -- Found rmw_fastrtps_cpp: 6.2.4 (/opt/ros/humble/share/rmw_fastrtps_cpp/cmake)
[1.260s] -- Found OpenSSL: /usr/lib/x86_64-linux-gnu/libcrypto.so (found version "3.0.2")  
[1.293s] -- Found FastRTPS: /opt/ros/humble/include  
[1.343s] -- Using RMW implementation 'rmw_fastrtps_cpp' as default
[1.351s] -- Looking for C++ include pthread.h
[1.445s] -- Looking for C++ include pthread.h - found
[1.445s] -- Performing Test CMAKE_HAVE_LIBC_PTHREAD
[1.552s] -- Performing Test CMAKE_HAVE_LIBC_PTHREAD - Success
[1.553s] -- Found Threads: TRUE  
[1.736s] -- Found rclcpp_lifecycle: 16.0.6 (/opt/ros/humble/share/rclcpp_lifecycle/cmake)
[1.779s] -- Found geometric_shapes: 2.1.3 (/opt/ros/humble/share/geometric_shapes/cmake)
[1.788s] -- Found Boost: /usr/lib/x86_64-linux-gnu/cmake/Boost-1.74.0/BoostConfig.cmake (found version "1.74.0") found components: filesystem 
[1.904s] -- library: /usr/lib/x86_64-linux-gnu/libcurl.so
[2.197s] -- Found kdl_parser: 2.6.4 (/opt/ros/humble/share/kdl_parser/cmake)
[2.205s] -- Ensuring Eigen3 include directory is part of orocos-kdl CMake target
[2.209s] -- Found moveit_msgs: 2.2.1 (/opt/ros/humble/share/moveit_msgs/cmake)
[2.840s] -- Found pluginlib: 5.1.0 (/opt/ros/humble/share/pluginlib/cmake)
[2.857s] -- Found srdfdom: 2.0.4 (/home/nghiaphanbk/WeldingRobot_ws/install/srdfdom/share/srdfdom/cmake)
[2.868s] -- Found tf2_eigen: 0.25.4 (/opt/ros/humble/share/tf2_eigen/cmake)
[3.146s] -- Found tf2_geometry_msgs: 0.25.4 (/opt/ros/humble/share/tf2_geometry_msgs/cmake)
[3.159s] -- Found tf2_kdl: 0.25.4 (/opt/ros/humble/share/tf2_kdl/cmake)
[3.203s] -- Found Boost: /usr/lib/x86_64-linux-gnu/cmake/Boost-1.74.0/BoostConfig.cmake (found version "1.74.0") found components: chrono date_time filesystem iostreams program_options regex serialization system thread 
[3.204s] --  *** Building MoveIt 2.5.5-Alpha ***
[3.207s] -- Performing Test COMPILER_HAS_HIDDEN_VISIBILITY
[3.281s] -- Performing Test COMPILER_HAS_HIDDEN_VISIBILITY - Success
[3.281s] -- Performing Test COMPILER_HAS_HIDDEN_INLINE_VISIBILITY
[3.353s] -- Performing Test COMPILER_HAS_HIDDEN_INLINE_VISIBILITY - Success
[3.353s] -- Performing Test COMPILER_HAS_DEPRECATED_ATTR
[3.426s] -- Performing Test COMPILER_HAS_DEPRECATED_ATTR - Success
[3.430s] -- Found ament_cmake_gtest: 1.3.5 (/opt/ros/humble/share/ament_cmake_gtest/cmake)
[3.432s] -- Found gtest sources under '/opt/ros/humble/src/gtest_vendor': C++ tests using 'Google Test' will be built
[3.461s] -- The C compiler identification is GNU 11.4.0
[3.466s] -- Detecting C compiler ABI info
[3.533s] -- Detecting C compiler ABI info - done
[3.541s] -- Check for working C compiler: /usr/bin/cc - skipped
[3.542s] -- Detecting C compile features
[3.542s] -- Detecting C compile features - done
[3.553s] -- Found ament_cmake_gmock: 1.3.5 (/opt/ros/humble/share/ament_cmake_gmock/cmake)
[3.558s] -- Found gmock sources under '/opt/ros/humble/src/gmock_vendor': C++ tests using 'Google Mock' will be built
[3.561s] -- Found ament_cmake_gtest: 1.3.5 (/opt/ros/humble/share/ament_cmake_gtest/cmake)
[3.562s] -- Found gtest sources under '/opt/ros/humble/src/gtest_vendor': C++ tests using 'Google Test' will be built
[3.570s] -- Found ament_cmake_gtest: 1.3.5 (/opt/ros/humble/share/ament_cmake_gtest/cmake)
[3.570s] -- Found gtest sources under '/opt/ros/humble/src/gtest_vendor': C++ tests using 'Google Test' will be built
[3.589s] -- Found ament_cmake_gtest: 1.3.5 (/opt/ros/humble/share/ament_cmake_gtest/cmake)
[3.589s] -- Found gtest sources under '/opt/ros/humble/src/gtest_vendor': C++ tests using 'Google Test' will be built
[3.601s] -- Found ament_lint_auto: 0.12.8 (/opt/ros/humble/share/ament_lint_auto/cmake)
[3.602s] -- Found ament_cmake_gtest: 1.3.5 (/opt/ros/humble/share/ament_cmake_gtest/cmake)
[3.602s] -- Found gtest sources under '/opt/ros/humble/src/gtest_vendor': C++ tests using 'Google Test' will be built
[3.616s] -- Found ament_cmake_gtest: 1.3.5 (/opt/ros/humble/share/ament_cmake_gtest/cmake)
[3.616s] -- Found gtest sources under '/opt/ros/humble/src/gtest_vendor': C++ tests using 'Google Test' will be built
[3.626s] -- Found ament_cmake_gtest: 1.3.5 (/opt/ros/humble/share/ament_cmake_gtest/cmake)
[3.626s] -- Found gtest sources under '/opt/ros/humble/src/gtest_vendor': C++ tests using 'Google Test' will be built
[3.633s] -- Found ament_cmake_gtest: 1.3.5 (/opt/ros/humble/share/ament_cmake_gtest/cmake)
[3.634s] -- Found gtest sources under '/opt/ros/humble/src/gtest_vendor': C++ tests using 'Google Test' will be built
[3.644s] -- Found gtest sources under '/opt/ros/humble/src/gtest_vendor': C++ tests using 'Google Test' will be built
[3.653s] -- Found gtest sources under '/opt/ros/humble/src/gtest_vendor': C++ tests using 'Google Test' will be built
[3.662s] -- Found ament_cmake_gtest: 1.3.5 (/opt/ros/humble/share/ament_cmake_gtest/cmake)
[3.663s] -- Found gtest sources under '/opt/ros/humble/src/gtest_vendor': C++ tests using 'Google Test' will be built
[3.679s] -- Found gtest sources under '/opt/ros/humble/src/gtest_vendor': C++ tests using 'Google Test' will be built
[3.692s] -- Found gtest sources under '/opt/ros/humble/src/gtest_vendor': C++ tests using 'Google Test' will be built
[3.702s] -- Found gtest sources under '/opt/ros/humble/src/gtest_vendor': C++ tests using 'Google Test' will be built
[3.708s] -- Found ament_lint_auto: 0.12.8 (/opt/ros/humble/share/ament_lint_auto/cmake)
[3.731s] -- Added test 'cppcheck' to perform static code analysis on C / C++ code
[3.732s] -- Configured cppcheck include dirs: /home/nghiaphanbk/WeldingRobot_ws/src/moveit2/moveit_core/exceptions/include;/home/nghiaphanbk/WeldingRobot_ws/src/moveit2/moveit_core/collision_detection/include;/home/nghiaphanbk/WeldingRobot_ws/src/moveit2/moveit_core/collision_detection_fcl/include;/home/nghiaphanbk/WeldingRobot_ws/src/moveit2/moveit_core/collision_detection_bullet/include;/home/nghiaphanbk/WeldingRobot_ws/src/moveit2/moveit_core/constraint_samplers/include;/home/nghiaphanbk/WeldingRobot_ws/src/moveit2/moveit_core/controller_manager/include;/home/nghiaphanbk/WeldingRobot_ws/src/moveit2/moveit_core/distance_field/include;/home/nghiaphanbk/WeldingRobot_ws/src/moveit2/moveit_core/collision_distance_field/include;/home/nghiaphanbk/WeldingRobot_ws/src/moveit2/moveit_core/dynamics_solver/include;/home/nghiaphanbk/WeldingRobot_ws/src/moveit2/moveit_core/kinematics_base/include;/home/nghiaphanbk/WeldingRobot_ws/src/moveit2/moveit_core/kinematics_metrics/include;/home/nghiaphanbk/WeldingRobot_ws/src/moveit2/moveit_core/robot_model/include;/home/nghiaphanbk/WeldingRobot_ws/src/moveit2/moveit_core/transforms/include;/home/nghiaphanbk/WeldingRobot_ws/src/moveit2/moveit_core/robot_state/include;/home/nghiaphanbk/WeldingRobot_ws/src/moveit2/moveit_core/robot_trajectory/include;/home/nghiaphanbk/WeldingRobot_ws/src/moveit2/moveit_core/kinematic_constraints/include;/home/nghiaphanbk/WeldingRobot_ws/src/moveit2/moveit_core/macros/include;/home/nghiaphanbk/WeldingRobot_ws/src/moveit2/moveit_core/online_signal_smoothing/include;/home/nghiaphanbk/WeldingRobot_ws/src/moveit2/moveit_core/planning_interface/include;/home/nghiaphanbk/WeldingRobot_ws/src/moveit2/moveit_core/planning_request_adapter/include;/home/nghiaphanbk/WeldingRobot_ws/src/moveit2/moveit_core/planning_scene/include;/home/nghiaphanbk/WeldingRobot_ws/src/moveit2/moveit_core/sensor_manager/include;/home/nghiaphanbk/WeldingRobot_ws/src/moveit2/moveit_core/trajectory_processing/include;/home/nghiaphanbk/WeldingRobot_ws/src/moveit2/moveit_core/utils/include
[3.732s] -- Configured cppcheck exclude dirs and/or files: 
[3.734s] -- Added test 'pep257' to check Python code against some of the docstring style conventions in PEP 257
[3.736s] -- Added test 'xmllint' to check XML markup files
[3.738s] -- Configuring done
[4.250s] -- Generating done
[4.257s] -- Build files have been written to: /home/nghiaphanbk/WeldingRobot_ws/build/moveit_core
[4.286s] Invoked command in '/home/nghiaphanbk/WeldingRobot_ws/build/moveit_core' returned '0': AMENT_PREFIX_PATH=/home/nghiaphanbk/WeldingRobot_ws/install/moveit_resources_panda_moveit_config:/home/nghiaphanbk/WeldingRobot_ws/install/srdfdom:/home/nghiaphanbk/WeldingRobot_ws/install/moveit_resources_pr2_description:/home/nghiaphanbk/WeldingRobot_ws/install/moveit_resources_panda_description:/home/nghiaphanbk/WeldingRobot_ws/install/moveit_common:${AMENT_PREFIX_PATH} CMAKE_PREFIX_PATH=/home/nghiaphanbk/WeldingRobot_ws/install/moveit_resources_panda_moveit_config:/home/nghiaphanbk/WeldingRobot_ws/install/srdfdom:/home/nghiaphanbk/WeldingRobot_ws/install/moveit_resources_pr2_description:/home/nghiaphanbk/WeldingRobot_ws/install/moveit_resources_panda_description:/home/nghiaphanbk/WeldingRobot_ws/install/moveit_common:/home/nghiaphanbk/WeldingRobot_ws/install/Model_Robot:/home/nghiaphanbk/ros2_ws/install/my_robot_controller:/opt/ros/humble LD_LIBRARY_PATH=/home/nghiaphanbk/WeldingRobot_ws/install/srdfdom/lib:${LD_LIBRARY_PATH} PYTHONPATH=/home/nghiaphanbk/WeldingRobot_ws/install/srdfdom/local/lib/python3.10/dist-packages:${PYTHONPATH} /usr/bin/cmake /home/nghiaphanbk/WeldingRobot_ws/src/moveit2/moveit_core -DCMAKE_BUILD_TYPE=Release -DCMAKE_INSTALL_PREFIX=/home/nghiaphanbk/WeldingRobot_ws/install/moveit_core
[4.287s] Invoking command in '/home/nghiaphanbk/WeldingRobot_ws/build/moveit_core': AMENT_PREFIX_PATH=/home/nghiaphanbk/WeldingRobot_ws/install/moveit_resources_panda_moveit_config:/home/nghiaphanbk/WeldingRobot_ws/install/srdfdom:/home/nghiaphanbk/WeldingRobot_ws/install/moveit_resources_pr2_description:/home/nghiaphanbk/WeldingRobot_ws/install/moveit_resources_panda_description:/home/nghiaphanbk/WeldingRobot_ws/install/moveit_common:${AMENT_PREFIX_PATH} CMAKE_PREFIX_PATH=/home/nghiaphanbk/WeldingRobot_ws/install/moveit_resources_panda_moveit_config:/home/nghiaphanbk/WeldingRobot_ws/install/srdfdom:/home/nghiaphanbk/WeldingRobot_ws/install/moveit_resources_pr2_description:/home/nghiaphanbk/WeldingRobot_ws/install/moveit_resources_panda_description:/home/nghiaphanbk/WeldingRobot_ws/install/moveit_common:/home/nghiaphanbk/WeldingRobot_ws/install/Model_Robot:/home/nghiaphanbk/ros2_ws/install/my_robot_controller:/opt/ros/humble LD_LIBRARY_PATH=/home/nghiaphanbk/WeldingRobot_ws/install/srdfdom/lib:${LD_LIBRARY_PATH} PYTHONPATH=/home/nghiaphanbk/WeldingRobot_ws/install/srdfdom/local/lib/python3.10/dist-packages:${PYTHONPATH} /usr/bin/cmake --build /home/nghiaphanbk/WeldingRobot_ws/build/moveit_core -- -j12 -l12
[4.331s] [  0%] [32mBuilding CXX object gmock/CMakeFiles/gmock_main.dir/src/gmock_main.cc.o[0m
[4.331s] [  0%] [32mBuilding CXX object exceptions/CMakeFiles/moveit_exceptions.dir/src/exceptions.cpp.o[0m
[4.332s] [  0%] [32mBuilding CXX object gtest/CMakeFiles/gtest.dir/src/gtest-all.cc.o[0m
[4.333s] [  2%] [32mBuilding CXX object utils/CMakeFiles/moveit_utils.dir/src/lexical_casts.cpp.o[0m
[4.333s] [  2%] [32mBuilding CXX object online_signal_smoothing/CMakeFiles/moveit_smoothing_base.dir/src/smoothing_base_class.cpp.o[0m
[4.333s] [  2%] [32mBuilding CXX object gtest/CMakeFiles/gtest_main.dir/src/gtest_main.cc.o[0m
[4.333s] [  2%] [32mBuilding CXX object gmock/CMakeFiles/gmock.dir/opt/ros/humble/src/gtest_vendor/src/gtest-all.cc.o[0m
[4.333s] [  2%] [32mBuilding CXX object kinematics_base/CMakeFiles/moveit_kinematics_base.dir/src/kinematics_base.cpp.o[0m
[4.335s] [  3%] [32mBuilding CXX object distance_field/CMakeFiles/moveit_distance_field.dir/src/distance_field.cpp.o[0m
[4.339s] [  3%] [32mBuilding CXX object transforms/CMakeFiles/moveit_transforms.dir/src/transforms.cpp.o[0m
[4.341s] [  4%] [34m[1mRunning `/opt/ros/humble/bin/generate_parameter_library_cpp /home/nghiaphanbk/WeldingRobot_ws/build/moveit_core/online_signal_smoothing/moveit_butterworth_parameters/include//moveit_butterworth_parameters.hpp /home/nghiaphanbk/WeldingRobot_ws/src/moveit2/moveit_core/online_signal_smoothing/src/butterworth_parameters.yaml `[0m
[4.343s] [  5%] [32mBuilding CXX object version/CMakeFiles/moveit_version.dir/version.cpp.o[0m
[4.507s] [  6%] [32m[1mLinking CXX executable moveit_version[0m
[4.635s] [  6%] Built target moveit_butterworth_parameters
[4.682s] [  7%] [32mBuilding CXX object gmock/CMakeFiles/gmock.dir/src/gmock-all.cc.o[0m
[4.695s] [  7%] Built target moveit_version
[4.709s] [  7%] [32mBuilding CXX object utils/CMakeFiles/moveit_utils.dir/src/message_checks.cpp.o[0m
[5.110s] [  7%] [32mBuilding CXX object distance_field/CMakeFiles/moveit_distance_field.dir/src/find_internal_points.cpp.o[0m
[5.495s] [  8%] [32m[1mLinking CXX shared library libmoveit_exceptions.so[0m
[5.798s] [  8%] Built target moveit_exceptions
[5.834s] [  9%] [32mBuilding CXX object utils/CMakeFiles/moveit_utils.dir/src/rclcpp_utils.cpp.o[0m
[6.026s] [  9%] [32m[1mLinking CXX static library libgtest_main.a[0m
[6.174s] [  9%] Built target gtest_main
[6.217s] [ 10%] [32mBuilding CXX object distance_field/CMakeFiles/moveit_distance_field.dir/src/propagation_distance_field.cpp.o[0m
[6.435s] [ 10%] [32m[1mLinking CXX shared library libmoveit_utils.so[0m
[6.471s] [ 11%] [32m[1mLinking CXX static library libgmock_main.a[0m
[6.515s] [ 11%] Built target gmock_main
[7.451s] [ 11%] Built target moveit_utils
[8.844s] [ 12%] [32m[1mLinking CXX shared library libmoveit_smoothing_base.so[0m
[9.042s] [ 12%] Built target moveit_smoothing_base
[10.734s] [ 13%] [32m[1mLinking CXX shared library libmoveit_kinematics_base.so[0m
[10.865s] [ 13%] Built target moveit_kinematics_base
[10.886s] [ 14%] [32mBuilding CXX object robot_model/CMakeFiles/moveit_robot_model.dir/src/fixed_joint_model.cpp.o[0m
[10.887s] [ 14%] [32mBuilding CXX object robot_model/CMakeFiles/moveit_robot_model.dir/src/aabb.cpp.o[0m
[10.887s] [ 15%] [32mBuilding CXX object robot_model/CMakeFiles/moveit_robot_model.dir/src/floating_joint_model.cpp.o[0m
[10.887s] [ 16%] [32mBuilding CXX object robot_model/CMakeFiles/moveit_robot_model.dir/src/joint_model.cpp.o[0m
[10.900s] [ 16%] [32mBuilding CXX object robot_model/CMakeFiles/moveit_robot_model.dir/src/joint_model_group.cpp.o[0m
[10.900s] [ 17%] [32mBuilding CXX object robot_model/CMakeFiles/moveit_robot_model.dir/src/planar_joint_model.cpp.o[0m
[10.900s] [ 17%] [32mBuilding CXX object robot_model/CMakeFiles/moveit_robot_model.dir/src/link_model.cpp.o[0m
[13.390s] [ 18%] [32mBuilding CXX object robot_model/CMakeFiles/moveit_robot_model.dir/src/prismatic_joint_model.cpp.o[0m
[13.735s] [ 19%] [32mBuilding CXX object robot_model/CMakeFiles/moveit_robot_model.dir/src/revolute_joint_model.cpp.o[0m
[14.535s] [ 19%] [32mBuilding CXX object robot_model/CMakeFiles/moveit_robot_model.dir/src/robot_model.cpp.o[0m
[14.682s] [ 20%] [32m[1mLinking CXX shared library libmoveit_transforms.so[0m
[14.932s] [ 20%] Built target moveit_transforms
[15.758s] [ 21%] [32m[1mLinking CXX static library libgmock.a[0m
[15.798s] [ 21%] Built target gmock
[15.946s] [ 22%] [32m[1mLinking CXX static library libgtest.a[0m
[15.978s] [ 22%] Built target gtest
[15.996s] [ 22%] [32mBuilding CXX object transforms/CMakeFiles/test_transforms.dir/test/test_transforms.cpp.o[0m
[16.515s] [ 22%] [32m[1mLinking CXX shared library libmoveit_distance_field.so[0m
[16.679s] [ 22%] Built target moveit_distance_field
[16.697s] [ 23%] [32mBuilding CXX object distance_field/CMakeFiles/test_voxel_grid.dir/test/test_voxel_grid.cpp.o[0m
[16.707s] [ 23%] [32mBuilding CXX object distance_field/CMakeFiles/test_distance_field.dir/test/test_distance_field.cpp.o[0m
[18.950s] [ 24%] [32m[1mLinking CXX executable test_transforms[0m
[19.083s] [ 24%] Built target test_transforms
[20.723s] [ 24%] [32m[1mLinking CXX executable test_voxel_grid[0m
[20.831s] [ 24%] Built target test_voxel_grid
[23.609s] [ 25%] [32m[1mLinking CXX shared library libmoveit_robot_model.so[0m
[23.734s] [ 25%] Built target moveit_robot_model
[23.751s] [ 25%] [32mBuilding CXX object robot_state/CMakeFiles/moveit_robot_state.dir/src/attached_body.cpp.o[0m
[23.751s] [ 26%] [32mBuilding CXX object robot_state/CMakeFiles/moveit_robot_state.dir/src/robot_state.cpp.o[0m
[23.751s] [ 27%] [32mBuilding CXX object online_signal_smoothing/CMakeFiles/moveit_butterworth_filter.dir/src/butterworth_filter.cpp.o[0m
[23.751s] [ 27%] [32mBuilding CXX object robot_state/CMakeFiles/moveit_robot_state.dir/src/cartesian_interpolator.cpp.o[0m
[23.752s] [ 29%] [32mBuilding CXX object robot_state/CMakeFiles/moveit_robot_state.dir/src/conversions.cpp.o[0m
[23.752s] [ 29%] [32mBuilding CXX object utils/CMakeFiles/moveit_test_utils.dir/src/robot_model_test_utils.cpp.o[0m
[26.313s] [ 30%] [32m[1mLinking CXX executable test_distance_field[0m
[26.668s] [ 30%] Built target test_distance_field
[29.778s] [ 30%] [32m[1mLinking CXX shared library libmoveit_butterworth_filter.so[0m
[29.910s] [ 30%] Built target moveit_butterworth_filter
[29.928s] [ 30%] [32mBuilding CXX object online_signal_smoothing/CMakeFiles/test_butterworth_filter.dir/test/test_butterworth_filter.cpp.o[0m
[32.846s] [ 30%] [32m[1mLinking CXX shared library libmoveit_test_utils.so[0m
[32.975s] [ 30%] Built target moveit_test_utils
[32.991s] [ 31%] [32mBuilding CXX object robot_model/CMakeFiles/test_robot_model.dir/test/test.cpp.o[0m
[35.576s] [ 32%] [32m[1mLinking CXX executable test_butterworth_filter[0m
[35.721s] [ 32%] Built target test_butterworth_filter
[37.693s] [ 32%] [32m[1mLinking CXX executable test_robot_model[0m
[37.893s] [ 32%] Built target test_robot_model
[42.871s] [ 33%] [32m[1mLinking CXX shared library libmoveit_robot_state.so[0m
[42.991s] [ 33%] Built target moveit_robot_state
[43.010s] [ 36%] [32mBuilding CXX object collision_detection/CMakeFiles/moveit_collision_detection.dir/src/collision_matrix.cpp.o[0m
[43.010s] [ 36%] [32mBuilding CXX object kinematics_metrics/CMakeFiles/moveit_kinematics_metrics.dir/src/kinematics_metrics.cpp.o[0m
[43.010s] [ 36%] [32mBuilding CXX object collision_detection/CMakeFiles/moveit_collision_detection.dir/src/collision_common.cpp.o[0m
[43.010s] [ 36%] [32mBuilding CXX object robot_state/CMakeFiles/test_robot_state.dir/test/robot_state_test.cpp.o[0m
[43.011s] [ 36%] [32mBuilding CXX object collision_detection/CMakeFiles/moveit_collision_detection.dir/src/collision_octomap_filter.cpp.o[0m
[43.011s] [ 36%] [32mBuilding CXX object collision_detection/CMakeFiles/moveit_collision_detection.dir/src/allvalid/collision_env_allvalid.cpp.o[0m
[43.011s] [ 37%] [32mBuilding CXX object dynamics_solver/CMakeFiles/moveit_dynamics_solver.dir/src/dynamics_solver.cpp.o[0m
[43.011s] [ 37%] [32mBuilding CXX object robot_trajectory/CMakeFiles/moveit_robot_trajectory.dir/src/robot_trajectory.cpp.o[0m
[43.011s] [ 37%] [32mBuilding CXX object robot_state/CMakeFiles/test_cartesian_interpolator.dir/test/test_cartesian_interpolator.cpp.o[0m
[43.012s] [ 37%] [32mBuilding CXX object robot_state/CMakeFiles/test_robot_state_complex.dir/test/test_kinematic_complex.cpp.o[0m
[43.012s] [ 37%] [32mBuilding CXX object robot_state/CMakeFiles/test_aabb.dir/test/test_aabb.cpp.o[0m
[43.012s] [ 37%] [32mBuilding CXX object robot_state/CMakeFiles/test_robot_state_benchmark.dir/test/robot_state_benchmark.cpp.o[0m
[51.071s] [ 38%] [32mBuilding CXX object collision_detection/CMakeFiles/moveit_collision_detection.dir/src/collision_tools.cpp.o[0m
[51.813s] [ 39%] [32mBuilding CXX object collision_detection/CMakeFiles/moveit_collision_detection.dir/src/world.cpp.o[0m
[53.203s] [ 39%] [32mBuilding CXX object collision_detection/CMakeFiles/moveit_collision_detection.dir/src/world_diff.cpp.o[0m
[53.279s] [ 40%] [32mBuilding CXX object collision_detection/CMakeFiles/moveit_collision_detection.dir/src/collision_env.cpp.o[0m
[53.686s] [ 41%] [32m[1mLinking CXX shared library libmoveit_dynamics_solver.so[0m
[54.026s] [ 41%] Built target moveit_dynamics_solver
[54.029s] [ 42%] [32m[1mLinking CXX executable test_cartesian_interpolator[0m
[54.039s] [ 42%] [32mBuilding CXX object collision_detection/CMakeFiles/moveit_collision_detection.dir/src/collision_plugin_cache.cpp.o[0m
[54.419s] [ 42%] Built target test_cartesian_interpolator
[55.035s] [ 43%] [32m[1mLinking CXX executable test_robot_state_benchmark[0m
[55.520s] [ 43%] Built target test_robot_state_benchmark
[56.635s] [ 44%] [32m[1mLinking CXX executable test_aabb[0m
[56.947s] [ 44%] Built target test_aabb
[57.308s] [ 45%] [32m[1mLinking CXX executable test_robot_state_complex[0m
[57.590s] [ 45%] Built target test_robot_state_complex
[57.933s] [ 46%] [32m[1mLinking CXX shared library libmoveit_robot_trajectory.so[0m
[58.118s] [ 46%] Built target moveit_robot_trajectory
[58.150s] [ 47%] [32mBuilding CXX object planning_interface/CMakeFiles/moveit_planning_interface.dir/src/planning_interface.cpp.o[0m
[58.152s] [ 47%] [32mBuilding CXX object planning_interface/CMakeFiles/moveit_planning_interface.dir/src/planning_response.cpp.o[0m
[58.156s] [ 48%] [32mBuilding CXX object trajectory_processing/CMakeFiles/moveit_trajectory_processing.dir/src/iterative_time_parameterization.cpp.o[0m
[58.157s] [ 48%] [32mBuilding CXX object trajectory_processing/CMakeFiles/moveit_trajectory_processing.dir/src/iterative_spline_parameterization.cpp.o[0m
[58.160s] [ 49%] [32mBuilding CXX object robot_trajectory/CMakeFiles/test_robot_trajectory.dir/test/test_robot_trajectory.cpp.o[0m
[58.161s] [ 50%] [32mBuilding CXX object trajectory_processing/CMakeFiles/moveit_trajectory_processing.dir/src/ruckig_traj_smoothing.cpp.o[0m
[58.804s] [ 51%] [32mBuilding CXX object trajectory_processing/CMakeFiles/moveit_trajectory_processing.dir/src/trajectory_tools.cpp.o[0m
[60.038s] [ 51%] [32mBuilding CXX object trajectory_processing/CMakeFiles/moveit_trajectory_processing.dir/src/time_optimal_trajectory_generation.cpp.o[0m
[60.757s] [ 52%] [32m[1mLinking CXX executable test_robot_state[0m
[61.300s] [ 52%] Built target test_robot_state
[68.996s] [ 52%] [32m[1mLinking CXX executable test_robot_trajectory[0m
[69.280s] [ 52%] Built target test_robot_trajectory
[69.711s] [ 53%] [32m[1mLinking CXX shared library libmoveit_planning_interface.so[0m
[69.855s] [ 53%] Built target moveit_planning_interface
[70.961s] [ 54%] [32m[1mLinking CXX shared library libmoveit_kinematics_metrics.so[0m
[71.060s] [ 55%] [32m[1mLinking CXX shared library libmoveit_trajectory_processing.so[0m
[71.102s] [ 55%] Built target moveit_kinematics_metrics
[71.228s] [ 55%] Built target moveit_trajectory_processing
[71.252s] [ 57%] [32mBuilding CXX object trajectory_processing/CMakeFiles/test_ruckig_traj_smoothing.dir/test/test_ruckig_traj_smoothing.cpp.o[0m
[71.252s] [ 57%] [32mBuilding CXX object trajectory_processing/CMakeFiles/test_time_optimal_trajectory_generation.dir/test/test_time_optimal_trajectory_generation.cpp.o[0m
[71.252s] [ 57%] [32mBuilding CXX object trajectory_processing/CMakeFiles/test_time_parameterization.dir/test/test_time_parameterization.cpp.o[0m
[72.016s] [ 58%] [32m[1mLinking CXX shared library libmoveit_collision_detection.so[0m
[72.189s] [ 58%] Built target moveit_collision_detection
[72.217s] [ 58%] [32mBuilding CXX object collision_detection/CMakeFiles/test_all_valid.dir/test/test_all_valid.cpp.o[0m
[72.221s] [ 60%] [32mBuilding CXX object collision_detection_bullet/CMakeFiles/moveit_collision_detection_bullet.dir/src/bullet_integration/bullet_discrete_bvh_manager.cpp.o[0m
[72.221s] [ 60%] [32mBuilding CXX object collision_detection/CMakeFiles/test_world.dir/test/test_world.cpp.o[0m
[72.221s] [ 60%] [32mBuilding CXX object collision_detection_bullet/CMakeFiles/moveit_collision_detection_bullet.dir/src/bullet_integration/bullet_utils.cpp.o[0m
[72.221s] [ 62%] [32mBuilding CXX object collision_detection_bullet/CMakeFiles/moveit_collision_detection_bullet.dir/src/bullet_integration/bullet_cast_bvh_manager.cpp.o[0m
[72.221s] [ 62%] [32mBuilding CXX object collision_detection_bullet/CMakeFiles/moveit_collision_detection_bullet.dir/src/collision_env_bullet.cpp.o[0m
[72.223s] [ 60%] [32mBuilding CXX object collision_detection_fcl/CMakeFiles/moveit_collision_detection_fcl.dir/src/collision_common.cpp.o[0m
[72.223s] [ 63%] [32mBuilding CXX object collision_detection_fcl/CMakeFiles/moveit_collision_detection_fcl.dir/src/collision_env_fcl.cpp.o[0m
[72.223s] [ 63%] [32mBuilding CXX object collision_detection/CMakeFiles/test_world_diff.dir/test/test_world_diff.cpp.o[0m
[81.011s] [ 64%] [32m[1mLinking CXX executable test_world_diff[0m
[81.276s] [ 65%] [32mBuilding CXX object collision_detection_bullet/CMakeFiles/moveit_collision_detection_bullet.dir/src/bullet_integration/bullet_bvh_manager.cpp.o[0m
[81.514s] [ 65%] Built target test_world_diff
[81.527s] [ 66%] [32mBuilding CXX object collision_detection_bullet/CMakeFiles/moveit_collision_detection_bullet.dir/src/bullet_integration/contact_checker_common.cpp.o[0m
[81.883s] [ 66%] [32mBuilding CXX object collision_detection_bullet/CMakeFiles/moveit_collision_detection_bullet.dir/src/bullet_integration/ros_bullet_utils.cpp.o[0m
[83.078s] [ 66%] [32m[1mLinking CXX executable test_world[0m
[83.392s] [ 67%] [32m[1mLinking CXX executable test_all_valid[0m
[83.580s] [ 67%] Built target test_world
[83.833s] [ 67%] Built target test_all_valid
[83.915s] [ 68%] [32m[1mLinking CXX executable test_time_parameterization[0m
[84.268s] [ 68%] [32m[1mLinking CXX executable test_ruckig_traj_smoothing[0m
[84.377s] [ 68%] Built target test_time_parameterization
[84.721s] [ 68%] Built target test_ruckig_traj_smoothing
[85.639s] [ 69%] [32m[1mLinking CXX executable test_time_optimal_trajectory_generation[0m
[85.912s] [ 69%] Built target test_time_optimal_trajectory_generation
[85.995s] [ 70%] [32m[1mLinking CXX shared library libmoveit_collision_detection_fcl.so[0m
[86.201s] [ 70%] Built target moveit_collision_detection_fcl
[86.225s] [ 70%] [32mBuilding CXX object kinematic_constraints/CMakeFiles/moveit_kinematic_constraints.dir/src/kinematic_constraint.cpp.o[0m
[86.226s] [ 71%] [32mBuilding CXX object kinematic_constraints/CMakeFiles/moveit_kinematic_constraints.dir/src/utils.cpp.o[0m
[86.226s] [ 72%] [32mBuilding CXX object collision_detection_fcl/CMakeFiles/test_fcl_collision_detection_panda.dir/test/test_fcl_collision_detection_panda.cpp.o[0m
[86.230s] [ 73%] [32mBuilding CXX object collision_detection_fcl/CMakeFiles/test_fcl_collision_env.dir/test/test_fcl_env.cpp.o[0m
[86.231s] [ 74%] [32mBuilding CXX object collision_detection_fcl/CMakeFiles/test_fcl_collision_detection.dir/test/test_fcl_collision_detection_pr2.cpp.o[0m
[88.253s] [ 75%] [32m[1mLinking CXX shared library libmoveit_collision_detection_bullet.so[0m
[88.460s] [ 75%] Built target moveit_collision_detection_bullet
[88.492s] [ 77%] [32mBuilding CXX object collision_detection_bullet/CMakeFiles/test_bullet_collision_detection.dir/test/test_bullet_collision_detection_pr2.cpp.o[0m
[88.493s] [ 77%] [32mBuilding CXX object collision_detection_bullet/CMakeFiles/test_bullet_continuous_collision_checking.dir/test/test_bullet_continuous_collision_checking.cpp.o[0m
[88.493s] [ 78%] [32mBuilding CXX object collision_detection_bullet/CMakeFiles/test_bullet_collision_detection_panda.dir/test/test_bullet_collision_detection_panda.cpp.o[0m
[95.846s] [ 79%] [32m[1mLinking CXX executable test_fcl_collision_env[0m
[96.160s] [ 79%] Built target test_fcl_collision_env
[96.296s] [ 79%] [32m[1mLinking CXX executable test_fcl_collision_detection_panda[0m
[96.590s] [ 79%] Built target test_fcl_collision_detection_panda
[96.838s] [ 79%] [32m[1mLinking CXX executable test_bullet_collision_detection_panda[0m
[96.838s] [ 79%] [32m[1mLinking CXX executable test_fcl_collision_detection[0m
[97.142s] [ 79%] Built target test_bullet_collision_detection_panda
[97.168s] [ 79%] Built target test_fcl_collision_detection
[101.027s] [ 79%] [32m[1mLinking CXX executable test_bullet_collision_detection[0m
[101.282s] [ 79%] Built target test_bullet_collision_detection
[101.402s] [ 80%] [32m[1mLinking CXX executable test_bullet_continuous_collision_checking[0m
[101.648s] [ 80%] Built target test_bullet_continuous_collision_checking
[102.712s] [ 81%] [32m[1mLinking CXX shared library libmoveit_kinematic_constraints.so[0m
[102.849s] [ 81%] Built target moveit_kinematic_constraints
[102.875s] [ 82%] [32mBuilding CXX object kinematic_constraints/CMakeFiles/test_orientation_constraints.dir/test/test_orientation_constraints.cpp.o[0m
[102.875s] [ 82%] [32mBuilding CXX object kinematic_constraints/CMakeFiles/test_constraints.dir/test/test_constraints.cpp.o[0m
[102.875s] [ 82%] [32mBuilding CXX object planning_scene/CMakeFiles/moveit_planning_scene.dir/src/planning_scene.cpp.o[0m
[111.493s] [ 83%] [32m[1mLinking CXX executable test_orientation_constraints[0m
[111.745s] [ 83%] Built target test_orientation_constraints
[112.863s] [ 84%] [32m[1mLinking CXX executable test_constraints[0m
[113.084s] [ 84%] Built target test_constraints
[118.093s] [ 84%] [32m[1mLinking CXX shared library libmoveit_planning_scene.so[0m
[118.271s] [ 84%] Built target moveit_planning_scene
[118.300s] [ 87%] [32mBuilding CXX object collision_distance_field/CMakeFiles/moveit_collision_distance_field.dir/src/collision_distance_field_types.cpp.o[0m
[118.300s] [ 87%] [32mBuilding CXX object collision_distance_field/CMakeFiles/moveit_collision_distance_field.dir/src/collision_common_distance_field.cpp.o[0m
[118.300s] [ 87%] [32mBuilding CXX object collision_distance_field/CMakeFiles/moveit_collision_distance_field.dir/src/collision_env_distance_field.cpp.o[0m
[118.301s] [ 87%] [32mBuilding CXX object planning_scene/CMakeFiles/test_planning_scene.dir/test/test_planning_scene.cpp.o[0m
[118.301s] [ 87%] [32mBuilding CXX object planning_scene/CMakeFiles/test_collision_objects.dir/test/test_collision_objects.cpp.o[0m
[118.301s] [ 87%] [32mBuilding CXX object collision_detection_bullet/CMakeFiles/collision_detector_bullet_plugin.dir/src/collision_detector_bullet_plugin_loader.cpp.o[0m
[118.301s] [ 88%] [32mBuilding CXX object collision_distance_field/CMakeFiles/moveit_collision_distance_field.dir/src/collision_env_hybrid.cpp.o[0m
[118.301s] [ 88%] [32mBuilding CXX object planning_request_adapter/CMakeFiles/moveit_planning_request_adapter.dir/src/planning_request_adapter.cpp.o[0m
[118.301s] [ 88%] [32mBuilding CXX object planning_scene/CMakeFiles/test_multi_threaded.dir/test/test_multi_threaded.cpp.o[0m
[118.301s] [ 88%] [32mBuilding CXX object collision_detection_fcl/CMakeFiles/collision_detector_fcl_plugin.dir/src/collision_detector_fcl_plugin_loader.cpp.o[0m
[118.302s] [ 88%] [32mBuilding CXX object constraint_samplers/CMakeFiles/moveit_constraint_samplers.dir/src/constraint_sampler.cpp.o[0m
[118.302s] [ 89%] [32mBuilding CXX object constraint_samplers/CMakeFiles/moveit_constraint_samplers.dir/src/constraint_sampler_manager.cpp.o[0m
[129.507s] [ 89%] [32mBuilding CXX object constraint_samplers/CMakeFiles/moveit_constraint_samplers.dir/src/constraint_sampler_tools.cpp.o[0m
[130.421s] [ 90%] [32mBuilding CXX object constraint_samplers/CMakeFiles/moveit_constraint_samplers.dir/src/default_constraint_samplers.cpp.o[0m
[130.445s] [ 91%] [32m[1mLinking CXX shared library libmoveit_planning_request_adapter.so[0m
[130.909s] [ 91%] Built target moveit_planning_request_adapter
[130.923s] [ 91%] [32mBuilding CXX object constraint_samplers/CMakeFiles/moveit_constraint_samplers.dir/src/union_constraint_sampler.cpp.o[0m
[131.410s] [ 92%] [32m[1mLinking CXX shared library libcollision_detector_bullet_plugin.so[0m
[131.670s] [ 92%] Built target collision_detector_bullet_plugin
[132.826s] [ 93%] [32m[1mLinking CXX executable test_multi_threaded[0m
[132.839s] [ 94%] [32m[1mLinking CXX shared library libcollision_detector_fcl_plugin.so[0m
[133.074s] [ 94%] Built target collision_detector_fcl_plugin
[133.218s] [ 94%] Built target test_multi_threaded
[135.542s] [ 94%] [32m[1mLinking CXX executable test_collision_objects[0m
[135.824s] [ 94%] Built target test_collision_objects
[138.774s] [ 94%] [32m[1mLinking CXX executable test_planning_scene[0m
[138.913s] [ 95%] [32m[1mLinking CXX shared library libmoveit_collision_distance_field.so[0m
[139.048s] [ 95%] Built target test_planning_scene
[139.083s] [ 95%] Built target moveit_collision_distance_field
[139.101s] [ 96%] [32mBuilding CXX object collision_distance_field/CMakeFiles/test_collision_distance_field.dir/test/test_collision_distance_field.cpp.o[0m
[141.266s] [ 97%] [32m[1mLinking CXX shared library libmoveit_constraint_samplers.so[0m
[141.407s] [ 97%] Built target moveit_constraint_samplers
[141.428s] [ 98%] [32mBuilding CXX object constraint_samplers/CMakeFiles/test_constraint_samplers.dir/test/pr2_arm_ik.cpp.o[0m
[141.429s] [ 98%] [32mBuilding CXX object constraint_samplers/CMakeFiles/test_constraint_samplers.dir/test/test_constraint_samplers.cpp.o[0m
[141.429s] [ 99%] [32mBuilding CXX object constraint_samplers/CMakeFiles/test_constraint_samplers.dir/test/pr2_arm_kinematics_plugin.cpp.o[0m
[148.571s] [ 99%] [32m[1mLinking CXX executable test_collision_distance_field[0m
[148.805s] [ 99%] Built target test_collision_distance_field
[153.315s] [100%] [32m[1mLinking CXX executable test_constraint_samplers[0m
[153.571s] [100%] Built target test_constraint_samplers
[153.580s] Invoked command in '/home/nghiaphanbk/WeldingRobot_ws/build/moveit_core' returned '0': AMENT_PREFIX_PATH=/home/nghiaphanbk/WeldingRobot_ws/install/moveit_resources_panda_moveit_config:/home/nghiaphanbk/WeldingRobot_ws/install/srdfdom:/home/nghiaphanbk/WeldingRobot_ws/install/moveit_resources_pr2_description:/home/nghiaphanbk/WeldingRobot_ws/install/moveit_resources_panda_description:/home/nghiaphanbk/WeldingRobot_ws/install/moveit_common:${AMENT_PREFIX_PATH} CMAKE_PREFIX_PATH=/home/nghiaphanbk/WeldingRobot_ws/install/moveit_resources_panda_moveit_config:/home/nghiaphanbk/WeldingRobot_ws/install/srdfdom:/home/nghiaphanbk/WeldingRobot_ws/install/moveit_resources_pr2_description:/home/nghiaphanbk/WeldingRobot_ws/install/moveit_resources_panda_description:/home/nghiaphanbk/WeldingRobot_ws/install/moveit_common:/home/nghiaphanbk/WeldingRobot_ws/install/Model_Robot:/home/nghiaphanbk/ros2_ws/install/my_robot_controller:/opt/ros/humble LD_LIBRARY_PATH=/home/nghiaphanbk/WeldingRobot_ws/install/srdfdom/lib:${LD_LIBRARY_PATH} PYTHONPATH=/home/nghiaphanbk/WeldingRobot_ws/install/srdfdom/local/lib/python3.10/dist-packages:${PYTHONPATH} /usr/bin/cmake --build /home/nghiaphanbk/WeldingRobot_ws/build/moveit_core -- -j12 -l12
[153.618s] Invoking command in '/home/nghiaphanbk/WeldingRobot_ws/build/moveit_core': AMENT_PREFIX_PATH=/home/nghiaphanbk/WeldingRobot_ws/install/moveit_resources_panda_moveit_config:/home/nghiaphanbk/WeldingRobot_ws/install/srdfdom:/home/nghiaphanbk/WeldingRobot_ws/install/moveit_resources_pr2_description:/home/nghiaphanbk/WeldingRobot_ws/install/moveit_resources_panda_description:/home/nghiaphanbk/WeldingRobot_ws/install/moveit_common:${AMENT_PREFIX_PATH} CMAKE_PREFIX_PATH=/home/nghiaphanbk/WeldingRobot_ws/install/moveit_resources_panda_moveit_config:/home/nghiaphanbk/WeldingRobot_ws/install/srdfdom:/home/nghiaphanbk/WeldingRobot_ws/install/moveit_resources_pr2_description:/home/nghiaphanbk/WeldingRobot_ws/install/moveit_resources_panda_description:/home/nghiaphanbk/WeldingRobot_ws/install/moveit_common:/home/nghiaphanbk/WeldingRobot_ws/install/Model_Robot:/home/nghiaphanbk/ros2_ws/install/my_robot_controller:/opt/ros/humble LD_LIBRARY_PATH=/home/nghiaphanbk/WeldingRobot_ws/install/srdfdom/lib:${LD_LIBRARY_PATH} PYTHONPATH=/home/nghiaphanbk/WeldingRobot_ws/install/srdfdom/local/lib/python3.10/dist-packages:${PYTHONPATH} /usr/bin/cmake --install /home/nghiaphanbk/WeldingRobot_ws/build/moveit_core
[153.624s] -- Install configuration: "Release"
[153.625s] -- Installing: /home/nghiaphanbk/WeldingRobot_ws/install/moveit_core/include/moveit/version.h
[153.625s] -- Up-to-date: /home/nghiaphanbk/WeldingRobot_ws/install/moveit_core/include
[153.625s] -- Up-to-date: /home/nghiaphanbk/WeldingRobot_ws/install/moveit_core/include/moveit
[153.625s] -- Installing: /home/nghiaphanbk/WeldingRobot_ws/install/moveit_core/include/moveit/collision_distance_field
[153.626s] -- Installing: /home/nghiaphanbk/WeldingRobot_ws/install/moveit_core/include/moveit/collision_distance_field/collision_detector_allocator_distance_field.h
[153.626s] -- Installing: /home/nghiaphanbk/WeldingRobot_ws/install/moveit_core/include/moveit/collision_distance_field/collision_detector_allocator_hybrid.h
[153.626s] -- Installing: /home/nghiaphanbk/WeldingRobot_ws/install/moveit_core/include/moveit/collision_distance_field/collision_distance_field_types.h
[153.626s] -- Installing: /home/nghiaphanbk/WeldingRobot_ws/install/moveit_core/include/moveit/collision_distance_field/collision_env_distance_field.h
[153.626s] -- Installing: /home/nghiaphanbk/WeldingRobot_ws/install/moveit_core/include/moveit/collision_distance_field/collision_env_hybrid.h
[153.626s] -- Installing: /home/nghiaphanbk/WeldingRobot_ws/install/moveit_core/include/moveit/collision_distance_field/collision_common_distance_field.h
[153.626s] -- Installing: /home/nghiaphanbk/WeldingRobot_ws/install/moveit_core/include/moveit_collision_distance_field_export.h
[153.627s] -- Up-to-date: /home/nghiaphanbk/WeldingRobot_ws/install/moveit_core/include
[153.627s] -- Up-to-date: /home/nghiaphanbk/WeldingRobot_ws/install/moveit_core/include/moveit
[153.627s] -- Installing: /home/nghiaphanbk/WeldingRobot_ws/install/moveit_core/include/moveit/constraint_samplers
[153.627s] -- Installing: /home/nghiaphanbk/WeldingRobot_ws/install/moveit_core/include/moveit/constraint_samplers/constraint_sampler.h
[153.627s] -- Installing: /home/nghiaphanbk/WeldingRobot_ws/install/moveit_core/include/moveit/constraint_samplers/constraint_sampler_tools.h
[153.627s] -- Installing: /home/nghiaphanbk/WeldingRobot_ws/install/moveit_core/include/moveit/constraint_samplers/constraint_sampler_manager.h
[153.627s] -- Installing: /home/nghiaphanbk/WeldingRobot_ws/install/moveit_core/include/moveit/constraint_samplers/union_constraint_sampler.h
[153.627s] -- Installing: /home/nghiaphanbk/WeldingRobot_ws/install/moveit_core/include/moveit/constraint_samplers/default_constraint_samplers.h
[153.627s] -- Installing: /home/nghiaphanbk/WeldingRobot_ws/install/moveit_core/include/moveit/constraint_samplers/constraint_sampler_allocator.h
[153.627s] -- Up-to-date: /home/nghiaphanbk/WeldingRobot_ws/install/moveit_core/include
[153.627s] -- Up-to-date: /home/nghiaphanbk/WeldingRobot_ws/install/moveit_core/include/moveit
[153.627s] -- Installing: /home/nghiaphanbk/WeldingRobot_ws/install/moveit_core/include/moveit/controller_manager
[153.628s] -- Installing: /home/nghiaphanbk/WeldingRobot_ws/install/moveit_core/include/moveit/controller_manager/controller_manager.h
[153.628s] -- Up-to-date: /home/nghiaphanbk/WeldingRobot_ws/install/moveit_core/include
[153.628s] -- Up-to-date: /home/nghiaphanbk/WeldingRobot_ws/install/moveit_core/include/moveit
[153.628s] -- Installing: /home/nghiaphanbk/WeldingRobot_ws/install/moveit_core/include/moveit/distance_field
[153.628s] -- Installing: /home/nghiaphanbk/WeldingRobot_ws/install/moveit_core/include/moveit/distance_field/voxel_grid.h
[153.628s] -- Installing: /home/nghiaphanbk/WeldingRobot_ws/install/moveit_core/include/moveit/distance_field/find_internal_points.h
[153.628s] -- Installing: /home/nghiaphanbk/WeldingRobot_ws/install/moveit_core/include/moveit/distance_field/distance_field.h
[153.628s] -- Installing: /home/nghiaphanbk/WeldingRobot_ws/install/moveit_core/include/moveit/distance_field/propagation_distance_field.h
[153.628s] -- Up-to-date: /home/nghiaphanbk/WeldingRobot_ws/install/moveit_core/include
[153.628s] -- Up-to-date: /home/nghiaphanbk/WeldingRobot_ws/install/moveit_core/include/moveit
[153.628s] -- Installing: /home/nghiaphanbk/WeldingRobot_ws/install/moveit_core/include/moveit/dynamics_solver
[153.629s] -- Installing: /home/nghiaphanbk/WeldingRobot_ws/install/moveit_core/include/moveit/dynamics_solver/dynamics_solver.h
[153.629s] -- Up-to-date: /home/nghiaphanbk/WeldingRobot_ws/install/moveit_core/include
[153.629s] -- Up-to-date: /home/nghiaphanbk/WeldingRobot_ws/install/moveit_core/include/moveit
[153.629s] -- Installing: /home/nghiaphanbk/WeldingRobot_ws/install/moveit_core/include/moveit/exceptions
[153.629s] -- Installing: /home/nghiaphanbk/WeldingRobot_ws/install/moveit_core/include/moveit/exceptions/exceptions.h
[153.629s] -- Up-to-date: /home/nghiaphanbk/WeldingRobot_ws/install/moveit_core/include
[153.629s] -- Up-to-date: /home/nghiaphanbk/WeldingRobot_ws/install/moveit_core/include/moveit
[153.629s] -- Installing: /home/nghiaphanbk/WeldingRobot_ws/install/moveit_core/include/moveit/kinematics_base
[153.629s] -- Installing: /home/nghiaphanbk/WeldingRobot_ws/install/moveit_core/include/moveit/kinematics_base/kinematics_base.h
[153.629s] -- Installing: /home/nghiaphanbk/WeldingRobot_ws/install/moveit_core/include/moveit_kinematics_base_export.h
[153.630s] -- Up-to-date: /home/nghiaphanbk/WeldingRobot_ws/install/moveit_core/include
[153.630s] -- Up-to-date: /home/nghiaphanbk/WeldingRobot_ws/install/moveit_core/include/moveit
[153.630s] -- Installing: /home/nghiaphanbk/WeldingRobot_ws/install/moveit_core/include/moveit/kinematic_constraints
[153.630s] -- Installing: /home/nghiaphanbk/WeldingRobot_ws/install/moveit_core/include/moveit/kinematic_constraints/utils.h
[153.630s] -- Installing: /home/nghiaphanbk/WeldingRobot_ws/install/moveit_core/include/moveit/kinematic_constraints/kinematic_constraint.h
[153.630s] -- Up-to-date: /home/nghiaphanbk/WeldingRobot_ws/install/moveit_core/include
[153.630s] -- Up-to-date: /home/nghiaphanbk/WeldingRobot_ws/install/moveit_core/include/moveit
[153.630s] -- Installing: /home/nghiaphanbk/WeldingRobot_ws/install/moveit_core/include/moveit/kinematics_metrics
[153.630s] -- Installing: /home/nghiaphanbk/WeldingRobot_ws/install/moveit_core/include/moveit/kinematics_metrics/kinematics_metrics.h
[153.631s] -- Up-to-date: /home/nghiaphanbk/WeldingRobot_ws/install/moveit_core/include
[153.631s] -- Up-to-date: /home/nghiaphanbk/WeldingRobot_ws/install/moveit_core/include/moveit
[153.631s] -- Installing: /home/nghiaphanbk/WeldingRobot_ws/install/moveit_core/include/moveit/macros
[153.631s] -- Installing: /home/nghiaphanbk/WeldingRobot_ws/install/moveit_core/include/moveit/macros/declare_ptr.h
[153.631s] -- Installing: /home/nghiaphanbk/WeldingRobot_ws/install/moveit_core/include/moveit/macros/console_colors.h
[153.631s] -- Installing: /home/nghiaphanbk/WeldingRobot_ws/install/moveit_core/include/moveit/macros/class_forward.h
[153.631s] -- Installing: /home/nghiaphanbk/WeldingRobot_ws/install/moveit_core/include/moveit/macros/deprecation.h
[153.631s] -- Installing: /home/nghiaphanbk/WeldingRobot_ws/install/moveit_core/include/moveit_butterworth_parameters
[153.631s] -- Installing: /home/nghiaphanbk/WeldingRobot_ws/install/moveit_core/include/moveit_butterworth_parameters/moveit_butterworth_parameters.hpp
[153.631s] -- Up-to-date: /home/nghiaphanbk/WeldingRobot_ws/install/moveit_core/include
[153.631s] -- Up-to-date: /home/nghiaphanbk/WeldingRobot_ws/install/moveit_core/include/moveit
[153.631s] -- Installing: /home/nghiaphanbk/WeldingRobot_ws/install/moveit_core/include/moveit/online_signal_smoothing
[153.631s] -- Installing: /home/nghiaphanbk/WeldingRobot_ws/install/moveit_core/include/moveit/online_signal_smoothing/butterworth_filter.h
[153.631s] -- Installing: /home/nghiaphanbk/WeldingRobot_ws/install/moveit_core/include/moveit/online_signal_smoothing/smoothing_base_class.h
[153.632s] -- Installing: /home/nghiaphanbk/WeldingRobot_ws/install/moveit_core/include/moveit_smoothing_base_export.h
[153.632s] -- Installing: /home/nghiaphanbk/WeldingRobot_ws/install/moveit_core/include/moveit_butterworth_filter_export.h
[153.632s] -- Up-to-date: /home/nghiaphanbk/WeldingRobot_ws/install/moveit_core/include
[153.632s] -- Up-to-date: /home/nghiaphanbk/WeldingRobot_ws/install/moveit_core/include/moveit
[153.632s] -- Installing: /home/nghiaphanbk/WeldingRobot_ws/install/moveit_core/include/moveit/planning_interface
[153.632s] -- Installing: /home/nghiaphanbk/WeldingRobot_ws/install/moveit_core/include/moveit/planning_interface/planning_request.h
[153.632s] -- Installing: /home/nghiaphanbk/WeldingRobot_ws/install/moveit_core/include/moveit/planning_interface/planning_interface.h
[153.632s] -- Installing: /home/nghiaphanbk/WeldingRobot_ws/install/moveit_core/include/moveit/planning_interface/planning_response.h
[153.632s] -- Up-to-date: /home/nghiaphanbk/WeldingRobot_ws/install/moveit_core/include
[153.633s] -- Up-to-date: /home/nghiaphanbk/WeldingRobot_ws/install/moveit_core/include/moveit
[153.633s] -- Installing: /home/nghiaphanbk/WeldingRobot_ws/install/moveit_core/include/moveit/planning_request_adapter
[153.633s] -- Installing: /home/nghiaphanbk/WeldingRobot_ws/install/moveit_core/include/moveit/planning_request_adapter/planning_request_adapter.h
[153.633s] -- Up-to-date: /home/nghiaphanbk/WeldingRobot_ws/install/moveit_core/include
[153.633s] -- Up-to-date: /home/nghiaphanbk/WeldingRobot_ws/install/moveit_core/include/moveit
[153.633s] -- Installing: /home/nghiaphanbk/WeldingRobot_ws/install/moveit_core/include/moveit/planning_scene
[153.633s] -- Installing: /home/nghiaphanbk/WeldingRobot_ws/install/moveit_core/include/moveit/planning_scene/planning_scene.h
[153.633s] -- Installing: /home/nghiaphanbk/WeldingRobot_ws/install/moveit_core/include/moveit_planning_scene_export.h
[153.633s] -- Up-to-date: /home/nghiaphanbk/WeldingRobot_ws/install/moveit_core/include
[153.633s] -- Up-to-date: /home/nghiaphanbk/WeldingRobot_ws/install/moveit_core/include/moveit
[153.633s] -- Installing: /home/nghiaphanbk/WeldingRobot_ws/install/moveit_core/include/moveit/robot_model
[153.633s] -- Installing: /home/nghiaphanbk/WeldingRobot_ws/install/moveit_core/include/moveit/robot_model/link_model.h
[153.634s] -- Installing: /home/nghiaphanbk/WeldingRobot_ws/install/moveit_core/include/moveit/robot_model/robot_model.h
[153.634s] -- Installing: /home/nghiaphanbk/WeldingRobot_ws/install/moveit_core/include/moveit/robot_model/joint_model_group.h
[153.634s] -- Installing: /home/nghiaphanbk/WeldingRobot_ws/install/moveit_core/include/moveit/robot_model/prismatic_joint_model.h
[153.634s] -- Installing: /home/nghiaphanbk/WeldingRobot_ws/install/moveit_core/include/moveit/robot_model/planar_joint_model.h
[153.634s] -- Installing: /home/nghiaphanbk/WeldingRobot_ws/install/moveit_core/include/moveit/robot_model/fixed_joint_model.h
[153.634s] -- Installing: /home/nghiaphanbk/WeldingRobot_ws/install/moveit_core/include/moveit/robot_model/floating_joint_model.h
[153.634s] -- Installing: /home/nghiaphanbk/WeldingRobot_ws/install/moveit_core/include/moveit/robot_model/joint_model.h
[153.634s] -- Installing: /home/nghiaphanbk/WeldingRobot_ws/install/moveit_core/include/moveit/robot_model/revolute_joint_model.h
[153.634s] -- Installing: /home/nghiaphanbk/WeldingRobot_ws/install/moveit_core/include/moveit/robot_model/aabb.h
[153.634s] -- Up-to-date: /home/nghiaphanbk/WeldingRobot_ws/install/moveit_core/include
[153.634s] -- Up-to-date: /home/nghiaphanbk/WeldingRobot_ws/install/moveit_core/include/moveit
[153.634s] -- Installing: /home/nghiaphanbk/WeldingRobot_ws/install/moveit_core/include/moveit/robot_state
[153.634s] -- Installing: /home/nghiaphanbk/WeldingRobot_ws/install/moveit_core/include/moveit/robot_state/conversions.h
[153.634s] -- Installing: /home/nghiaphanbk/WeldingRobot_ws/install/moveit_core/include/moveit/robot_state/cartesian_interpolator.h
[153.634s] -- Installing: /home/nghiaphanbk/WeldingRobot_ws/install/moveit_core/include/moveit/robot_state/robot_state.h
[153.634s] -- Installing: /home/nghiaphanbk/WeldingRobot_ws/install/moveit_core/include/moveit/robot_state/attached_body.h
[153.635s] -- Up-to-date: /home/nghiaphanbk/WeldingRobot_ws/install/moveit_core/include
[153.635s] -- Up-to-date: /home/nghiaphanbk/WeldingRobot_ws/install/moveit_core/include/moveit
[153.635s] -- Installing: /home/nghiaphanbk/WeldingRobot_ws/install/moveit_core/include/moveit/robot_trajectory
[153.635s] -- Installing: /home/nghiaphanbk/WeldingRobot_ws/install/moveit_core/include/moveit/robot_trajectory/robot_trajectory.h
[153.635s] -- Up-to-date: /home/nghiaphanbk/WeldingRobot_ws/install/moveit_core/include
[153.635s] -- Up-to-date: /home/nghiaphanbk/WeldingRobot_ws/install/moveit_core/include/moveit
[153.635s] -- Installing: /home/nghiaphanbk/WeldingRobot_ws/install/moveit_core/include/moveit/sensor_manager
[153.635s] -- Installing: /home/nghiaphanbk/WeldingRobot_ws/install/moveit_core/include/moveit/sensor_manager/sensor_manager.h
[153.635s] -- Up-to-date: /home/nghiaphanbk/WeldingRobot_ws/install/moveit_core/include
[153.636s] -- Up-to-date: /home/nghiaphanbk/WeldingRobot_ws/install/moveit_core/include/moveit
[153.636s] -- Installing: /home/nghiaphanbk/WeldingRobot_ws/install/moveit_core/include/moveit/trajectory_processing
[153.636s] -- Installing: /home/nghiaphanbk/WeldingRobot_ws/install/moveit_core/include/moveit/trajectory_processing/trajectory_tools.h
[153.636s] -- Installing: /home/nghiaphanbk/WeldingRobot_ws/install/moveit_core/include/moveit/trajectory_processing/time_optimal_trajectory_generation.h
[153.636s] -- Installing: /home/nghiaphanbk/WeldingRobot_ws/install/moveit_core/include/moveit/trajectory_processing/iterative_spline_parameterization.h
[153.636s] -- Installing: /home/nghiaphanbk/WeldingRobot_ws/install/moveit_core/include/moveit/trajectory_processing/iterative_time_parameterization.h
[153.636s] -- Installing: /home/nghiaphanbk/WeldingRobot_ws/install/moveit_core/include/moveit/trajectory_processing/time_parameterization.h
[153.636s] -- Installing: /home/nghiaphanbk/WeldingRobot_ws/install/moveit_core/include/moveit/trajectory_processing/ruckig_traj_smoothing.h
[153.636s] -- Up-to-date: /home/nghiaphanbk/WeldingRobot_ws/install/moveit_core/include
[153.636s] -- Up-to-date: /home/nghiaphanbk/WeldingRobot_ws/install/moveit_core/include/moveit
[153.636s] -- Installing: /home/nghiaphanbk/WeldingRobot_ws/install/moveit_core/include/moveit/transforms
[153.636s] -- Installing: /home/nghiaphanbk/WeldingRobot_ws/install/moveit_core/include/moveit/transforms/transforms.h
[153.636s] -- Up-to-date: /home/nghiaphanbk/WeldingRobot_ws/install/moveit_core/include
[153.637s] -- Up-to-date: /home/nghiaphanbk/WeldingRobot_ws/install/moveit_core/include/moveit
[153.637s] -- Installing: /home/nghiaphanbk/WeldingRobot_ws/install/moveit_core/include/moveit/utils
[153.637s] -- Installing: /home/nghiaphanbk/WeldingRobot_ws/install/moveit_core/include/moveit/utils/robot_model_test_utils.h
[153.637s] -- Installing: /home/nghiaphanbk/WeldingRobot_ws/install/moveit_core/include/moveit/utils/rclcpp_utils.h
[153.637s] -- Installing: /home/nghiaphanbk/WeldingRobot_ws/install/moveit_core/include/moveit/utils/message_checks.h
[153.637s] -- Installing: /home/nghiaphanbk/WeldingRobot_ws/install/moveit_core/include/moveit/utils/moveit_error_code.h
[153.637s] -- Installing: /home/nghiaphanbk/WeldingRobot_ws/install/moveit_core/include/moveit/utils/lexical_casts.h
[153.637s] -- Installing: /home/nghiaphanbk/WeldingRobot_ws/install/moveit_core/bin/moveit_version
[153.637s] -- Up-to-date: /home/nghiaphanbk/WeldingRobot_ws/install/moveit_core/include
[153.638s] -- Up-to-date: /home/nghiaphanbk/WeldingRobot_ws/install/moveit_core/include/moveit
[153.638s] -- Installing: /home/nghiaphanbk/WeldingRobot_ws/install/moveit_core/include/moveit/collision_detection
[153.638s] -- Installing: /home/nghiaphanbk/WeldingRobot_ws/install/moveit_core/include/moveit/collision_detection/collision_common.h
[153.638s] -- Installing: /home/nghiaphanbk/WeldingRobot_ws/install/moveit_core/include/moveit/collision_detection/allvalid
[153.638s] -- Installing: /home/nghiaphanbk/WeldingRobot_ws/install/moveit_core/include/moveit/collision_detection/allvalid/collision_detector_allocator_allvalid.h
[153.638s] -- Installing: /home/nghiaphanbk/WeldingRobot_ws/install/moveit_core/include/moveit/collision_detection/allvalid/collision_env_allvalid.h
[153.638s] -- Installing: /home/nghiaphanbk/WeldingRobot_ws/install/moveit_core/include/moveit/collision_detection/collision_env.h
[153.638s] -- Installing: /home/nghiaphanbk/WeldingRobot_ws/install/moveit_core/include/moveit/collision_detection/test_collision_common_panda.h
[153.638s] -- Installing: /home/nghiaphanbk/WeldingRobot_ws/install/moveit_core/include/moveit/collision_detection/collision_tools.h
[153.638s] -- Installing: /home/nghiaphanbk/WeldingRobot_ws/install/moveit_core/include/moveit/collision_detection/collision_detector_allocator.h
[153.638s] -- Installing: /home/nghiaphanbk/WeldingRobot_ws/install/moveit_core/include/moveit/collision_detection/collision_octomap_filter.h
[153.638s] -- Installing: /home/nghiaphanbk/WeldingRobot_ws/install/moveit_core/include/moveit/collision_detection/test_collision_common_pr2.h
[153.638s] -- Installing: /home/nghiaphanbk/WeldingRobot_ws/install/moveit_core/include/moveit/collision_detection/occupancy_map.h
[153.638s] -- Installing: /home/nghiaphanbk/WeldingRobot_ws/install/moveit_core/include/moveit/collision_detection/collision_plugin.h
[153.639s] -- Installing: /home/nghiaphanbk/WeldingRobot_ws/install/moveit_core/include/moveit/collision_detection/collision_plugin_cache.h
[153.639s] -- Installing: /home/nghiaphanbk/WeldingRobot_ws/install/moveit_core/include/moveit/collision_detection/world.h
[153.639s] -- Installing: /home/nghiaphanbk/WeldingRobot_ws/install/moveit_core/include/moveit/collision_detection/collision_matrix.h
[153.639s] -- Installing: /home/nghiaphanbk/WeldingRobot_ws/install/moveit_core/include/moveit/collision_detection/world_diff.h
[153.639s] -- Installing: /home/nghiaphanbk/WeldingRobot_ws/install/moveit_core/include/moveit_collision_detection_export.h
[153.639s] -- Up-to-date: /home/nghiaphanbk/WeldingRobot_ws/install/moveit_core/include
[153.639s] -- Up-to-date: /home/nghiaphanbk/WeldingRobot_ws/install/moveit_core/include/moveit
[153.639s] -- Installing: /home/nghiaphanbk/WeldingRobot_ws/install/moveit_core/include/moveit/collision_detection_bullet
[153.639s] -- Installing: /home/nghiaphanbk/WeldingRobot_ws/install/moveit_core/include/moveit/collision_detection_bullet/collision_detector_allocator_bullet.h
[153.639s] -- Installing: /home/nghiaphanbk/WeldingRobot_ws/install/moveit_core/include/moveit/collision_detection_bullet/collision_detector_bullet_plugin_loader.h
[153.639s] -- Installing: /home/nghiaphanbk/WeldingRobot_ws/install/moveit_core/include/moveit/collision_detection_bullet/bullet_integration
[153.640s] -- Installing: /home/nghiaphanbk/WeldingRobot_ws/install/moveit_core/include/moveit/collision_detection_bullet/bullet_integration/basic_types.h
[153.640s] -- Installing: /home/nghiaphanbk/WeldingRobot_ws/install/moveit_core/include/moveit/collision_detection_bullet/bullet_integration/bullet_cast_bvh_manager.h
[153.640s] -- Installing: /home/nghiaphanbk/WeldingRobot_ws/install/moveit_core/include/moveit/collision_detection_bullet/bullet_integration/bullet_discrete_bvh_manager.h
[153.640s] -- Installing: /home/nghiaphanbk/WeldingRobot_ws/install/moveit_core/include/moveit/collision_detection_bullet/bullet_integration/bullet_bvh_manager.h
[153.640s] -- Installing: /home/nghiaphanbk/WeldingRobot_ws/install/moveit_core/include/moveit/collision_detection_bullet/bullet_integration/ros_bullet_utils.h
[153.640s] -- Installing: /home/nghiaphanbk/WeldingRobot_ws/install/moveit_core/include/moveit/collision_detection_bullet/bullet_integration/bullet_utils.h
[153.640s] -- Installing: /home/nghiaphanbk/WeldingRobot_ws/install/moveit_core/include/moveit/collision_detection_bullet/bullet_integration/contact_checker_common.h
[153.640s] -- Installing: /home/nghiaphanbk/WeldingRobot_ws/install/moveit_core/include/moveit/collision_detection_bullet/collision_env_bullet.h
[153.640s] -- Installing: /home/nghiaphanbk/WeldingRobot_ws/install/moveit_core/include/moveit_collision_detection_bullet_export.h
[153.640s] -- Up-to-date: /home/nghiaphanbk/WeldingRobot_ws/install/moveit_core/include
[153.640s] -- Up-to-date: /home/nghiaphanbk/WeldingRobot_ws/install/moveit_core/include/moveit
[153.640s] -- Installing: /home/nghiaphanbk/WeldingRobot_ws/install/moveit_core/include/moveit/collision_detection_fcl
[153.640s] -- Installing: /home/nghiaphanbk/WeldingRobot_ws/install/moveit_core/include/moveit/collision_detection_fcl/fcl_compat.h
[153.640s] -- Installing: /home/nghiaphanbk/WeldingRobot_ws/install/moveit_core/include/moveit/collision_detection_fcl/collision_common.h
[153.641s] -- Installing: /home/nghiaphanbk/WeldingRobot_ws/install/moveit_core/include/moveit/collision_detection_fcl/collision_env_fcl.h
[153.641s] -- Installing: /home/nghiaphanbk/WeldingRobot_ws/install/moveit_core/include/moveit/collision_detection_fcl/collision_detector_allocator_fcl.h
[153.641s] -- Installing: /home/nghiaphanbk/WeldingRobot_ws/install/moveit_core/include/moveit/collision_detection_fcl/collision_detector_fcl_plugin_loader.h
[153.641s] -- Installing: /home/nghiaphanbk/WeldingRobot_ws/install/moveit_core/include/moveit_collision_detection_fcl_export.h
[153.641s] -- Installing: /home/nghiaphanbk/WeldingRobot_ws/install/moveit_core/lib/libcollision_detector_bullet_plugin.so.2.5.5
[153.641s] -- Set runtime path of "/home/nghiaphanbk/WeldingRobot_ws/install/moveit_core/lib/libcollision_detector_bullet_plugin.so.2.5.5" to ""
[153.641s] -- Installing: /home/nghiaphanbk/WeldingRobot_ws/install/moveit_core/lib/libcollision_detector_bullet_plugin.so
[153.642s] -- Installing: /home/nghiaphanbk/WeldingRobot_ws/install/moveit_core/lib/libmoveit_butterworth_filter.so.2.5.5
[153.642s] -- Set runtime path of "/home/nghiaphanbk/WeldingRobot_ws/install/moveit_core/lib/libmoveit_butterworth_filter.so.2.5.5" to ""
[153.642s] -- Installing: /home/nghiaphanbk/WeldingRobot_ws/install/moveit_core/lib/libmoveit_butterworth_filter.so
[153.642s] -- Installing: /home/nghiaphanbk/WeldingRobot_ws/install/moveit_core/lib/libmoveit_collision_distance_field.so.2.5.5
[153.643s] -- Set runtime path of "/home/nghiaphanbk/WeldingRobot_ws/install/moveit_core/lib/libmoveit_collision_distance_field.so.2.5.5" to ""
[153.643s] -- Installing: /home/nghiaphanbk/WeldingRobot_ws/install/moveit_core/lib/libmoveit_collision_distance_field.so
[153.643s] -- Installing: /home/nghiaphanbk/WeldingRobot_ws/install/moveit_core/lib/libmoveit_collision_detection.so.2.5.5
[153.644s] -- Set runtime path of "/home/nghiaphanbk/WeldingRobot_ws/install/moveit_core/lib/libmoveit_collision_detection.so.2.5.5" to ""
[153.644s] -- Installing: /home/nghiaphanbk/WeldingRobot_ws/install/moveit_core/lib/libmoveit_collision_detection.so
[153.644s] -- Installing: /home/nghiaphanbk/WeldingRobot_ws/install/moveit_core/lib/libmoveit_collision_detection_fcl.so.2.5.5
[153.644s] -- Set runtime path of "/home/nghiaphanbk/WeldingRobot_ws/install/moveit_core/lib/libmoveit_collision_detection_fcl.so.2.5.5" to ""
[153.645s] -- Installing: /home/nghiaphanbk/WeldingRobot_ws/install/moveit_core/lib/libmoveit_collision_detection_fcl.so
[153.645s] -- Installing: /home/nghiaphanbk/WeldingRobot_ws/install/moveit_core/lib/libmoveit_collision_detection_bullet.so.2.5.5
[153.645s] -- Set runtime path of "/home/nghiaphanbk/WeldingRobot_ws/install/moveit_core/lib/libmoveit_collision_detection_bullet.so.2.5.5" to ""
[153.645s] -- Installing: /home/nghiaphanbk/WeldingRobot_ws/install/moveit_core/lib/libmoveit_collision_detection_bullet.so
[153.646s] -- Installing: /home/nghiaphanbk/WeldingRobot_ws/install/moveit_core/lib/libmoveit_dynamics_solver.so.2.5.5
[153.646s] -- Set runtime path of "/home/nghiaphanbk/WeldingRobot_ws/install/moveit_core/lib/libmoveit_dynamics_solver.so.2.5.5" to ""
[153.646s] -- Installing: /home/nghiaphanbk/WeldingRobot_ws/install/moveit_core/lib/libmoveit_dynamics_solver.so
[153.646s] -- Installing: /home/nghiaphanbk/WeldingRobot_ws/install/moveit_core/lib/libmoveit_constraint_samplers.so.2.5.5
[153.646s] -- Set runtime path of "/home/nghiaphanbk/WeldingRobot_ws/install/moveit_core/lib/libmoveit_constraint_samplers.so.2.5.5" to ""
[153.646s] -- Installing: /home/nghiaphanbk/WeldingRobot_ws/install/moveit_core/lib/libmoveit_constraint_samplers.so
[153.647s] -- Installing: /home/nghiaphanbk/WeldingRobot_ws/install/moveit_core/lib/libmoveit_distance_field.so.2.5.5
[153.647s] -- Set runtime path of "/home/nghiaphanbk/WeldingRobot_ws/install/moveit_core/lib/libmoveit_distance_field.so.2.5.5" to ""
[153.647s] -- Installing: /home/nghiaphanbk/WeldingRobot_ws/install/moveit_core/lib/libmoveit_distance_field.so
[153.647s] -- Installing: /home/nghiaphanbk/WeldingRobot_ws/install/moveit_core/lib/libmoveit_exceptions.so.2.5.5
[153.647s] -- Set runtime path of "/home/nghiaphanbk/WeldingRobot_ws/install/moveit_core/lib/libmoveit_exceptions.so.2.5.5" to ""
[153.648s] -- Installing: /home/nghiaphanbk/WeldingRobot_ws/install/moveit_core/lib/libmoveit_exceptions.so
[153.648s] -- Installing: /home/nghiaphanbk/WeldingRobot_ws/install/moveit_core/lib/libmoveit_kinematics_base.so
[153.648s] -- Set runtime path of "/home/nghiaphanbk/WeldingRobot_ws/install/moveit_core/lib/libmoveit_kinematics_base.so" to ""
[153.648s] -- Installing: /home/nghiaphanbk/WeldingRobot_ws/install/moveit_core/lib/libmoveit_kinematic_constraints.so.2.5.5
[153.649s] -- Set runtime path of "/home/nghiaphanbk/WeldingRobot_ws/install/moveit_core/lib/libmoveit_kinematic_constraints.so.2.5.5" to ""
[153.649s] -- Installing: /home/nghiaphanbk/WeldingRobot_ws/install/moveit_core/lib/libmoveit_kinematic_constraints.so
[153.649s] -- Installing: /home/nghiaphanbk/WeldingRobot_ws/install/moveit_core/lib/libmoveit_kinematics_metrics.so.2.5.5
[153.650s] -- Set runtime path of "/home/nghiaphanbk/WeldingRobot_ws/install/moveit_core/lib/libmoveit_kinematics_metrics.so.2.5.5" to ""
[153.650s] -- Installing: /home/nghiaphanbk/WeldingRobot_ws/install/moveit_core/lib/libmoveit_kinematics_metrics.so
[153.650s] -- Installing: /home/nghiaphanbk/WeldingRobot_ws/install/moveit_core/lib/libmoveit_planning_interface.so.2.5.5
[153.650s] -- Set runtime path of "/home/nghiaphanbk/WeldingRobot_ws/install/moveit_core/lib/libmoveit_planning_interface.so.2.5.5" to ""
[153.650s] -- Installing: /home/nghiaphanbk/WeldingRobot_ws/install/moveit_core/lib/libmoveit_planning_interface.so
[153.650s] -- Installing: /home/nghiaphanbk/WeldingRobot_ws/install/moveit_core/lib/libmoveit_planning_scene.so.2.5.5
[153.651s] -- Set runtime path of "/home/nghiaphanbk/WeldingRobot_ws/install/moveit_core/lib/libmoveit_planning_scene.so.2.5.5" to ""
[153.651s] -- Installing: /home/nghiaphanbk/WeldingRobot_ws/install/moveit_core/lib/libmoveit_planning_scene.so
[153.651s] -- Installing: /home/nghiaphanbk/WeldingRobot_ws/install/moveit_core/lib/libmoveit_planning_request_adapter.so.2.5.5
[153.652s] -- Set runtime path of "/home/nghiaphanbk/WeldingRobot_ws/install/moveit_core/lib/libmoveit_planning_request_adapter.so.2.5.5" to ""
[153.652s] -- Installing: /home/nghiaphanbk/WeldingRobot_ws/install/moveit_core/lib/libmoveit_planning_request_adapter.so
[153.652s] -- Installing: /home/nghiaphanbk/WeldingRobot_ws/install/moveit_core/lib/libmoveit_robot_model.so.2.5.5
[153.653s] -- Set runtime path of "/home/nghiaphanbk/WeldingRobot_ws/install/moveit_core/lib/libmoveit_robot_model.so.2.5.5" to ""
[153.653s] -- Installing: /home/nghiaphanbk/WeldingRobot_ws/install/moveit_core/lib/libmoveit_robot_model.so
[153.653s] -- Installing: /home/nghiaphanbk/WeldingRobot_ws/install/moveit_core/lib/libmoveit_robot_state.so.2.5.5
[153.654s] -- Set runtime path of "/home/nghiaphanbk/WeldingRobot_ws/install/moveit_core/lib/libmoveit_robot_state.so.2.5.5" to ""
[153.654s] -- Installing: /home/nghiaphanbk/WeldingRobot_ws/install/moveit_core/lib/libmoveit_robot_state.so
[153.654s] -- Installing: /home/nghiaphanbk/WeldingRobot_ws/install/moveit_core/lib/libmoveit_robot_trajectory.so.2.5.5
[153.654s] -- Set runtime path of "/home/nghiaphanbk/WeldingRobot_ws/install/moveit_core/lib/libmoveit_robot_trajectory.so.2.5.5" to ""
[153.654s] -- Installing: /home/nghiaphanbk/WeldingRobot_ws/install/moveit_core/lib/libmoveit_robot_trajectory.so
[153.654s] -- Installing: /home/nghiaphanbk/WeldingRobot_ws/install/moveit_core/lib/libmoveit_smoothing_base.so.2.5.5
[153.655s] -- Set runtime path of "/home/nghiaphanbk/WeldingRobot_ws/install/moveit_core/lib/libmoveit_smoothing_base.so.2.5.5" to ""
[153.655s] -- Installing: /home/nghiaphanbk/WeldingRobot_ws/install/moveit_core/lib/libmoveit_smoothing_base.so
[153.655s] -- Installing: /home/nghiaphanbk/WeldingRobot_ws/install/moveit_core/lib/libmoveit_test_utils.so.2.5.5
[153.655s] -- Set runtime path of "/home/nghiaphanbk/WeldingRobot_ws/install/moveit_core/lib/libmoveit_test_utils.so.2.5.5" to ""
[153.655s] -- Installing: /home/nghiaphanbk/WeldingRobot_ws/install/moveit_core/lib/libmoveit_test_utils.so
[153.655s] -- Installing: /home/nghiaphanbk/WeldingRobot_ws/install/moveit_core/lib/libmoveit_trajectory_processing.so.2.5.5
[153.656s] -- Set runtime path of "/home/nghiaphanbk/WeldingRobot_ws/install/moveit_core/lib/libmoveit_trajectory_processing.so.2.5.5" to ""
[153.656s] -- Installing: /home/nghiaphanbk/WeldingRobot_ws/install/moveit_core/lib/libmoveit_trajectory_processing.so
[153.657s] -- Installing: /home/nghiaphanbk/WeldingRobot_ws/install/moveit_core/lib/libmoveit_transforms.so.2.5.5
[153.657s] -- Set runtime path of "/home/nghiaphanbk/WeldingRobot_ws/install/moveit_core/lib/libmoveit_transforms.so.2.5.5" to ""
[153.657s] -- Installing: /home/nghiaphanbk/WeldingRobot_ws/install/moveit_core/lib/libmoveit_transforms.so
[153.657s] -- Installing: /home/nghiaphanbk/WeldingRobot_ws/install/moveit_core/lib/libmoveit_utils.so.2.5.5
[153.657s] -- Set runtime path of "/home/nghiaphanbk/WeldingRobot_ws/install/moveit_core/lib/libmoveit_utils.so.2.5.5" to ""
[153.657s] -- Installing: /home/nghiaphanbk/WeldingRobot_ws/install/moveit_core/lib/libmoveit_utils.so
[153.658s] -- Installing: /home/nghiaphanbk/WeldingRobot_ws/install/moveit_core/share/moveit_core/environment/library_path.sh
[153.658s] -- Installing: /home/nghiaphanbk/WeldingRobot_ws/install/moveit_core/share/moveit_core/environment/library_path.dsv
[153.658s] -- Installing: /home/nghiaphanbk/WeldingRobot_ws/install/moveit_core/share/moveit_core/collision_detector_fcl_description.xml
[153.659s] -- Installing: /home/nghiaphanbk/WeldingRobot_ws/install/moveit_core/share/moveit_core/collision_detector_bullet_description.xml
[153.659s] -- Installing: /home/nghiaphanbk/WeldingRobot_ws/install/moveit_core/share/moveit_core/filter_plugin_butterworth.xml
[153.659s] -- Installing: /home/nghiaphanbk/WeldingRobot_ws/install/moveit_core/share/ament_index/resource_index/package_run_dependencies/moveit_core
[153.659s] -- Installing: /home/nghiaphanbk/WeldingRobot_ws/install/moveit_core/share/ament_index/resource_index/parent_prefix_path/moveit_core
[153.660s] -- Installing: /home/nghiaphanbk/WeldingRobot_ws/install/moveit_core/share/moveit_core/environment/ament_prefix_path.sh
[153.660s] -- Installing: /home/nghiaphanbk/WeldingRobot_ws/install/moveit_core/share/moveit_core/environment/ament_prefix_path.dsv
[153.660s] -- Installing: /home/nghiaphanbk/WeldingRobot_ws/install/moveit_core/share/moveit_core/environment/path.sh
[153.660s] -- Installing: /home/nghiaphanbk/WeldingRobot_ws/install/moveit_core/share/moveit_core/environment/path.dsv
[153.661s] -- Installing: /home/nghiaphanbk/WeldingRobot_ws/install/moveit_core/share/moveit_core/local_setup.bash
[153.661s] -- Installing: /home/nghiaphanbk/WeldingRobot_ws/install/moveit_core/share/moveit_core/local_setup.sh
[153.661s] -- Installing: /home/nghiaphanbk/WeldingRobot_ws/install/moveit_core/share/moveit_core/local_setup.zsh
[153.661s] -- Installing: /home/nghiaphanbk/WeldingRobot_ws/install/moveit_core/share/moveit_core/local_setup.dsv
[153.661s] -- Installing: /home/nghiaphanbk/WeldingRobot_ws/install/moveit_core/share/moveit_core/package.dsv
[153.661s] -- Installing: /home/nghiaphanbk/WeldingRobot_ws/install/moveit_core/share/ament_index/resource_index/packages/moveit_core
[153.662s] -- Installing: /home/nghiaphanbk/WeldingRobot_ws/install/moveit_core/share/ament_index/resource_index/moveit_core__pluginlib__plugin/moveit_core
[153.662s] -- Installing: /home/nghiaphanbk/WeldingRobot_ws/install/moveit_core/share/moveit_core/cmake/export_moveit_coreExport.cmake
[153.662s] -- Installing: /home/nghiaphanbk/WeldingRobot_ws/install/moveit_core/share/moveit_core/cmake/export_moveit_coreExport-release.cmake
[153.662s] -- Installing: /home/nghiaphanbk/WeldingRobot_ws/install/moveit_core/share/moveit_core/cmake/ConfigExtras.cmake
[153.662s] -- Installing: /home/nghiaphanbk/WeldingRobot_ws/install/moveit_core/share/moveit_core/cmake/ament_cmake_export_targets-extras.cmake
[153.662s] -- Installing: /home/nghiaphanbk/WeldingRobot_ws/install/moveit_core/share/moveit_core/cmake/ament_cmake_export_dependencies-extras.cmake
[153.663s] -- Installing: /home/nghiaphanbk/WeldingRobot_ws/install/moveit_core/share/moveit_core/cmake/moveit_coreConfig.cmake
[153.663s] -- Installing: /home/nghiaphanbk/WeldingRobot_ws/install/moveit_core/share/moveit_core/cmake/moveit_coreConfig-version.cmake
[153.663s] -- Installing: /home/nghiaphanbk/WeldingRobot_ws/install/moveit_core/share/moveit_core/package.xml
[153.665s] Invoked command in '/home/nghiaphanbk/WeldingRobot_ws/build/moveit_core' returned '0': AMENT_PREFIX_PATH=/home/nghiaphanbk/WeldingRobot_ws/install/moveit_resources_panda_moveit_config:/home/nghiaphanbk/WeldingRobot_ws/install/srdfdom:/home/nghiaphanbk/WeldingRobot_ws/install/moveit_resources_pr2_description:/home/nghiaphanbk/WeldingRobot_ws/install/moveit_resources_panda_description:/home/nghiaphanbk/WeldingRobot_ws/install/moveit_common:${AMENT_PREFIX_PATH} CMAKE_PREFIX_PATH=/home/nghiaphanbk/WeldingRobot_ws/install/moveit_resources_panda_moveit_config:/home/nghiaphanbk/WeldingRobot_ws/install/srdfdom:/home/nghiaphanbk/WeldingRobot_ws/install/moveit_resources_pr2_description:/home/nghiaphanbk/WeldingRobot_ws/install/moveit_resources_panda_description:/home/nghiaphanbk/WeldingRobot_ws/install/moveit_common:/home/nghiaphanbk/WeldingRobot_ws/install/Model_Robot:/home/nghiaphanbk/ros2_ws/install/my_robot_controller:/opt/ros/humble LD_LIBRARY_PATH=/home/nghiaphanbk/WeldingRobot_ws/install/srdfdom/lib:${LD_LIBRARY_PATH} PYTHONPATH=/home/nghiaphanbk/WeldingRobot_ws/install/srdfdom/local/lib/python3.10/dist-packages:${PYTHONPATH} /usr/bin/cmake --install /home/nghiaphanbk/WeldingRobot_ws/build/moveit_core
