[0.310s] Invoking command in '/home/nghiaphanbk/WeldingRobot_ws/build/moveit_ros_robot_interaction': AMENT_PREFIX_PATH=/home/nghiaphanbk/WeldingRobot_ws/install/moveit_ros_planning:/home/nghiaphanbk/WeldingRobot_ws/install/moveit_ros_occupancy_map_monitor:/home/nghiaphanbk/WeldingRobot_ws/install/moveit_core:/home/nghiaphanbk/WeldingRobot_ws/install/srdfdom:/home/nghiaphanbk/WeldingRobot_ws/install/moveit_common:${AMENT_PREFIX_PATH} CMAKE_PREFIX_PATH=/home/nghiaphanbk/WeldingRobot_ws/install/moveit_ros_planning:/home/nghiaphanbk/WeldingRobot_ws/install/moveit_ros_occupancy_map_monitor:/home/nghiaphanbk/WeldingRobot_ws/install/moveit_core:/home/nghiaphanbk/WeldingRobot_ws/install/srdfdom:/home/nghiaphanbk/WeldingRobot_ws/install/moveit_common:/home/nghiaphanbk/WeldingRobot_ws/install/Model_Robot:/home/nghiaphanbk/ros2_ws/install/my_robot_controller:/opt/ros/humble LD_LIBRARY_PATH=/home/nghiaphanbk/WeldingRobot_ws/install/moveit_ros_planning/lib:/home/nghiaphanbk/WeldingRobot_ws/install/moveit_ros_occupancy_map_monitor/lib:/home/nghiaphanbk/WeldingRobot_ws/install/moveit_core/lib:/home/nghiaphanbk/WeldingRobot_ws/install/srdfdom/lib:${LD_LIBRARY_PATH} PATH=/home/nghiaphanbk/WeldingRobot_ws/install/moveit_core/bin:${PATH} PYTHONPATH=/home/nghiaphanbk/WeldingRobot_ws/install/srdfdom/local/lib/python3.10/dist-packages:${PYTHONPATH} /usr/bin/cmake --build /home/nghiaphanbk/WeldingRobot_ws/build/moveit_ros_robot_interaction -- -j12 -l12
[0.350s] [  7%] [32mBuilding CXX object CMakeFiles/moveit_robot_interaction.dir/src/interactive_marker_helpers.cpp.o[0m
[4.045s] [ 15%] [32mBuilding CXX object CMakeFiles/moveit_robot_interaction.dir/src/robot_interaction.cpp.o[0m
[21.304s] [ 23%] [32mBuilding CXX object CMakeFiles/moveit_robot_interaction.dir/src/interaction_handler.cpp.o[0m
[21.336s] [ 30%] [32mBuilding CXX object CMakeFiles/moveit_robot_interaction.dir/src/locked_robot_state.cpp.o[0m
[21.355s] [ 38%] [32mBuilding CXX object CMakeFiles/moveit_robot_interaction.dir/src/kinematic_options_map.cpp.o[0m
[42.351s] [ 46%] [32mBuilding CXX object CMakeFiles/moveit_robot_interaction.dir/src/kinematic_options.cpp.o[0m
[47.349s] [ 53%] [32m[1mLinking CXX shared library libmoveit_robot_interaction.so[0m
[47.636s] [ 53%] Built target moveit_robot_interaction
[47.663s] [ 61%] [32mBuilding CXX object gtest/CMakeFiles/gtest.dir/src/gtest-all.cc.o[0m
[55.475s] [ 69%] [32m[1mLinking CXX static library libgtest.a[0m
[55.517s] [ 69%] Built target gtest
[55.527s] [35m[1mConsolidate compiler generated dependencies of target gtest_main[0m
[55.540s] [ 84%] Built target gtest_main
[55.561s] [ 92%] [32mBuilding CXX object CMakeFiles/locked_robot_state_test.dir/test/locked_robot_state_test.cpp.o[0m
[62.834s] [100%] [32m[1mLinking CXX executable locked_robot_state_test[0m
[63.149s] [100%] Built target locked_robot_state_test
[63.160s] Invoked command in '/home/nghiaphanbk/WeldingRobot_ws/build/moveit_ros_robot_interaction' returned '0': AMENT_PREFIX_PATH=/home/nghiaphanbk/WeldingRobot_ws/install/moveit_ros_planning:/home/nghiaphanbk/WeldingRobot_ws/install/moveit_ros_occupancy_map_monitor:/home/nghiaphanbk/WeldingRobot_ws/install/moveit_core:/home/nghiaphanbk/WeldingRobot_ws/install/srdfdom:/home/nghiaphanbk/WeldingRobot_ws/install/moveit_common:${AMENT_PREFIX_PATH} CMAKE_PREFIX_PATH=/home/nghiaphanbk/WeldingRobot_ws/install/moveit_ros_planning:/home/nghiaphanbk/WeldingRobot_ws/install/moveit_ros_occupancy_map_monitor:/home/nghiaphanbk/WeldingRobot_ws/install/moveit_core:/home/nghiaphanbk/WeldingRobot_ws/install/srdfdom:/home/nghiaphanbk/WeldingRobot_ws/install/moveit_common:/home/nghiaphanbk/WeldingRobot_ws/install/Model_Robot:/home/nghiaphanbk/ros2_ws/install/my_robot_controller:/opt/ros/humble LD_LIBRARY_PATH=/home/nghiaphanbk/WeldingRobot_ws/install/moveit_ros_planning/lib:/home/nghiaphanbk/WeldingRobot_ws/install/moveit_ros_occupancy_map_monitor/lib:/home/nghiaphanbk/WeldingRobot_ws/install/moveit_core/lib:/home/nghiaphanbk/WeldingRobot_ws/install/srdfdom/lib:${LD_LIBRARY_PATH} PATH=/home/nghiaphanbk/WeldingRobot_ws/install/moveit_core/bin:${PATH} PYTHONPATH=/home/nghiaphanbk/WeldingRobot_ws/install/srdfdom/local/lib/python3.10/dist-packages:${PYTHONPATH} /usr/bin/cmake --build /home/nghiaphanbk/WeldingRobot_ws/build/moveit_ros_robot_interaction -- -j12 -l12
[63.194s] Invoking command in '/home/nghiaphanbk/WeldingRobot_ws/build/moveit_ros_robot_interaction': AMENT_PREFIX_PATH=/home/nghiaphanbk/WeldingRobot_ws/install/moveit_ros_planning:/home/nghiaphanbk/WeldingRobot_ws/install/moveit_ros_occupancy_map_monitor:/home/nghiaphanbk/WeldingRobot_ws/install/moveit_core:/home/nghiaphanbk/WeldingRobot_ws/install/srdfdom:/home/nghiaphanbk/WeldingRobot_ws/install/moveit_common:${AMENT_PREFIX_PATH} CMAKE_PREFIX_PATH=/home/nghiaphanbk/WeldingRobot_ws/install/moveit_ros_planning:/home/nghiaphanbk/WeldingRobot_ws/install/moveit_ros_occupancy_map_monitor:/home/nghiaphanbk/WeldingRobot_ws/install/moveit_core:/home/nghiaphanbk/WeldingRobot_ws/install/srdfdom:/home/nghiaphanbk/WeldingRobot_ws/install/moveit_common:/home/nghiaphanbk/WeldingRobot_ws/install/Model_Robot:/home/nghiaphanbk/ros2_ws/install/my_robot_controller:/opt/ros/humble LD_LIBRARY_PATH=/home/nghiaphanbk/WeldingRobot_ws/install/moveit_ros_planning/lib:/home/nghiaphanbk/WeldingRobot_ws/install/moveit_ros_occupancy_map_monitor/lib:/home/nghiaphanbk/WeldingRobot_ws/install/moveit_core/lib:/home/nghiaphanbk/WeldingRobot_ws/install/srdfdom/lib:${LD_LIBRARY_PATH} PATH=/home/nghiaphanbk/WeldingRobot_ws/install/moveit_core/bin:${PATH} PYTHONPATH=/home/nghiaphanbk/WeldingRobot_ws/install/srdfdom/local/lib/python3.10/dist-packages:${PYTHONPATH} /usr/bin/cmake --install /home/nghiaphanbk/WeldingRobot_ws/build/moveit_ros_robot_interaction
[63.201s] -- Install configuration: "Release"
[63.201s] -- Installing: /home/nghiaphanbk/WeldingRobot_ws/install/moveit_ros_robot_interaction/lib/libmoveit_robot_interaction.so.2.5.5
[63.203s] -- Set runtime path of "/home/nghiaphanbk/WeldingRobot_ws/install/moveit_ros_robot_interaction/lib/libmoveit_robot_interaction.so.2.5.5" to ""
[63.203s] -- Installing: /home/nghiaphanbk/WeldingRobot_ws/install/moveit_ros_robot_interaction/lib/libmoveit_robot_interaction.so
[63.203s] -- Installing: /home/nghiaphanbk/WeldingRobot_ws/install/moveit_ros_robot_interaction/include
[63.203s] -- Installing: /home/nghiaphanbk/WeldingRobot_ws/install/moveit_ros_robot_interaction/include/moveit
[63.203s] -- Installing: /home/nghiaphanbk/WeldingRobot_ws/install/moveit_ros_robot_interaction/include/moveit/robot_interaction
[63.203s] -- Installing: /home/nghiaphanbk/WeldingRobot_ws/install/moveit_ros_robot_interaction/include/moveit/robot_interaction/locked_robot_state.h
[63.204s] -- Installing: /home/nghiaphanbk/WeldingRobot_ws/install/moveit_ros_robot_interaction/include/moveit/robot_interaction/robot_interaction.h
[63.204s] -- Installing: /home/nghiaphanbk/WeldingRobot_ws/install/moveit_ros_robot_interaction/include/moveit/robot_interaction/kinematic_options.h
[63.204s] -- Installing: /home/nghiaphanbk/WeldingRobot_ws/install/moveit_ros_robot_interaction/include/moveit/robot_interaction/interaction_handler.h
[63.204s] -- Installing: /home/nghiaphanbk/WeldingRobot_ws/install/moveit_ros_robot_interaction/include/moveit/robot_interaction/interactive_marker_helpers.h
[63.204s] -- Installing: /home/nghiaphanbk/WeldingRobot_ws/install/moveit_ros_robot_interaction/include/moveit/robot_interaction/kinematic_options_map.h
[63.204s] -- Installing: /home/nghiaphanbk/WeldingRobot_ws/install/moveit_ros_robot_interaction/include/moveit/robot_interaction/interaction.h
[63.204s] -- Installing: /home/nghiaphanbk/WeldingRobot_ws/install/moveit_ros_robot_interaction/include/moveit_robot_interaction_export.h
[63.204s] -- Installing: /home/nghiaphanbk/WeldingRobot_ws/install/moveit_ros_robot_interaction/share/moveit_ros_robot_interaction/resources
[63.205s] -- Installing: /home/nghiaphanbk/WeldingRobot_ws/install/moveit_ros_robot_interaction/share/moveit_ros_robot_interaction/resources/access-denied.dae
[63.205s] -- Installing: /home/nghiaphanbk/WeldingRobot_ws/install/moveit_ros_robot_interaction/share/moveit_ros_robot_interaction/resources/access-denied.stl
[63.205s] -- Installing: /home/nghiaphanbk/WeldingRobot_ws/install/moveit_ros_robot_interaction/share/moveit_ros_robot_interaction/environment/library_path.sh
[63.205s] -- Installing: /home/nghiaphanbk/WeldingRobot_ws/install/moveit_ros_robot_interaction/share/moveit_ros_robot_interaction/environment/library_path.dsv
[63.205s] -- Installing: /home/nghiaphanbk/WeldingRobot_ws/install/moveit_ros_robot_interaction/share/ament_index/resource_index/package_run_dependencies/moveit_ros_robot_interaction
[63.205s] -- Installing: /home/nghiaphanbk/WeldingRobot_ws/install/moveit_ros_robot_interaction/share/ament_index/resource_index/parent_prefix_path/moveit_ros_robot_interaction
[63.205s] -- Installing: /home/nghiaphanbk/WeldingRobot_ws/install/moveit_ros_robot_interaction/share/moveit_ros_robot_interaction/environment/ament_prefix_path.sh
[63.205s] -- Installing: /home/nghiaphanbk/WeldingRobot_ws/install/moveit_ros_robot_interaction/share/moveit_ros_robot_interaction/environment/ament_prefix_path.dsv
[63.206s] -- Installing: /home/nghiaphanbk/WeldingRobot_ws/install/moveit_ros_robot_interaction/share/moveit_ros_robot_interaction/environment/path.sh
[63.206s] -- Installing: /home/nghiaphanbk/WeldingRobot_ws/install/moveit_ros_robot_interaction/share/moveit_ros_robot_interaction/environment/path.dsv
[63.206s] -- Installing: /home/nghiaphanbk/WeldingRobot_ws/install/moveit_ros_robot_interaction/share/moveit_ros_robot_interaction/local_setup.bash
[63.206s] -- Installing: /home/nghiaphanbk/WeldingRobot_ws/install/moveit_ros_robot_interaction/share/moveit_ros_robot_interaction/local_setup.sh
[63.206s] -- Installing: /home/nghiaphanbk/WeldingRobot_ws/install/moveit_ros_robot_interaction/share/moveit_ros_robot_interaction/local_setup.zsh
[63.207s] -- Installing: /home/nghiaphanbk/WeldingRobot_ws/install/moveit_ros_robot_interaction/share/moveit_ros_robot_interaction/local_setup.dsv
[63.207s] -- Installing: /home/nghiaphanbk/WeldingRobot_ws/install/moveit_ros_robot_interaction/share/moveit_ros_robot_interaction/package.dsv
[63.207s] -- Installing: /home/nghiaphanbk/WeldingRobot_ws/install/moveit_ros_robot_interaction/share/ament_index/resource_index/packages/moveit_ros_robot_interaction
[63.207s] -- Installing: /home/nghiaphanbk/WeldingRobot_ws/install/moveit_ros_robot_interaction/share/moveit_ros_robot_interaction/cmake/export_moveit_ros_robot_interactionExport.cmake
[63.208s] -- Installing: /home/nghiaphanbk/WeldingRobot_ws/install/moveit_ros_robot_interaction/share/moveit_ros_robot_interaction/cmake/export_moveit_ros_robot_interactionExport-release.cmake
[63.208s] -- Installing: /home/nghiaphanbk/WeldingRobot_ws/install/moveit_ros_robot_interaction/share/moveit_ros_robot_interaction/cmake/ament_cmake_export_targets-extras.cmake
[63.208s] -- Installing: /home/nghiaphanbk/WeldingRobot_ws/install/moveit_ros_robot_interaction/share/moveit_ros_robot_interaction/cmake/ament_cmake_export_dependencies-extras.cmake
[63.208s] -- Installing: /home/nghiaphanbk/WeldingRobot_ws/install/moveit_ros_robot_interaction/share/moveit_ros_robot_interaction/cmake/moveit_ros_robot_interactionConfig.cmake
[63.208s] -- Installing: /home/nghiaphanbk/WeldingRobot_ws/install/moveit_ros_robot_interaction/share/moveit_ros_robot_interaction/cmake/moveit_ros_robot_interactionConfig-version.cmake
[63.209s] -- Installing: /home/nghiaphanbk/WeldingRobot_ws/install/moveit_ros_robot_interaction/share/moveit_ros_robot_interaction/package.xml
[63.211s] Invoked command in '/home/nghiaphanbk/WeldingRobot_ws/build/moveit_ros_robot_interaction' returned '0': AMENT_PREFIX_PATH=/home/nghiaphanbk/WeldingRobot_ws/install/moveit_ros_planning:/home/nghiaphanbk/WeldingRobot_ws/install/moveit_ros_occupancy_map_monitor:/home/nghiaphanbk/WeldingRobot_ws/install/moveit_core:/home/nghiaphanbk/WeldingRobot_ws/install/srdfdom:/home/nghiaphanbk/WeldingRobot_ws/install/moveit_common:${AMENT_PREFIX_PATH} CMAKE_PREFIX_PATH=/home/nghiaphanbk/WeldingRobot_ws/install/moveit_ros_planning:/home/nghiaphanbk/WeldingRobot_ws/install/moveit_ros_occupancy_map_monitor:/home/nghiaphanbk/WeldingRobot_ws/install/moveit_core:/home/nghiaphanbk/WeldingRobot_ws/install/srdfdom:/home/nghiaphanbk/WeldingRobot_ws/install/moveit_common:/home/nghiaphanbk/WeldingRobot_ws/install/Model_Robot:/home/nghiaphanbk/ros2_ws/install/my_robot_controller:/opt/ros/humble LD_LIBRARY_PATH=/home/nghiaphanbk/WeldingRobot_ws/install/moveit_ros_planning/lib:/home/nghiaphanbk/WeldingRobot_ws/install/moveit_ros_occupancy_map_monitor/lib:/home/nghiaphanbk/WeldingRobot_ws/install/moveit_core/lib:/home/nghiaphanbk/WeldingRobot_ws/install/srdfdom/lib:${LD_LIBRARY_PATH} PATH=/home/nghiaphanbk/WeldingRobot_ws/install/moveit_core/bin:${PATH} PYTHONPATH=/home/nghiaphanbk/WeldingRobot_ws/install/srdfdom/local/lib/python3.10/dist-packages:${PYTHONPATH} /usr/bin/cmake --install /home/nghiaphanbk/WeldingRobot_ws/build/moveit_ros_robot_interaction
