[0.724s] Invoking command in '/home/nghiaphanbk/WeldingRobot_ws/src/Model_Robot': PYTHONPATH=/home/nghiaphanbk/WeldingRobot_ws/build/Model_Robot/prefix_override:/home/nghiaphanbk/WeldingRobot_ws/install/Model_Robot/lib/python3.10/site-packages:${PYTHONPATH} /usr/bin/python3 setup.py egg_info --egg-base ../../build/Model_Robot build --build-base /home/nghiaphanbk/WeldingRobot_ws/build/Model_Robot/build install --record /home/nghiaphanbk/WeldingRobot_ws/build/Model_Robot/install.log --single-version-externally-managed
[0.916s] running egg_info
[0.916s] creating ../../build/Model_Robot/Model_Robot.egg-info
[0.917s] writing ../../build/Model_Robot/Model_Robot.egg-info/PKG-INFO
[0.917s] writing dependency_links to ../../build/Model_Robot/Model_Robot.egg-info/dependency_links.txt
[0.917s] writing entry points to ../../build/Model_Robot/Model_Robot.egg-info/entry_points.txt
[0.917s] writing requirements to ../../build/Model_Robot/Model_Robot.egg-info/requires.txt
[0.917s] writing top-level names to ../../build/Model_Robot/Model_Robot.egg-info/top_level.txt
[0.917s] writing manifest file '../../build/Model_Robot/Model_Robot.egg-info/SOURCES.txt'
[0.918s] reading manifest file '../../build/Model_Robot/Model_Robot.egg-info/SOURCES.txt'
[0.918s] writing manifest file '../../build/Model_Robot/Model_Robot.egg-info/SOURCES.txt'
[0.918s] running build
[0.919s] running build_py
[0.919s] creating /home/nghiaphanbk/WeldingRobot_ws/build/Model_Robot/build
[0.919s] creating /home/nghiaphanbk/WeldingRobot_ws/build/Model_Robot/build/lib
[0.919s] creating /home/nghiaphanbk/WeldingRobot_ws/build/Model_Robot/build/lib/Model_Robot
[0.919s] copying Model_Robot/__init__.py -> /home/nghiaphanbk/WeldingRobot_ws/build/Model_Robot/build/lib/Model_Robot
[0.919s] running install
[0.919s] running install_lib
[0.919s] creating /home/nghiaphanbk/WeldingRobot_ws/install/Model_Robot/lib/python3.10/site-packages/Model_Robot
[0.919s] copying /home/nghiaphanbk/WeldingRobot_ws/build/Model_Robot/build/lib/Model_Robot/__init__.py -> /home/nghiaphanbk/WeldingRobot_ws/install/Model_Robot/lib/python3.10/site-packages/Model_Robot
[0.920s] byte-compiling /home/nghiaphanbk/WeldingRobot_ws/install/Model_Robot/lib/python3.10/site-packages/Model_Robot/__init__.py to __init__.cpython-310.pyc
[0.920s] running install_data
[0.920s] creating /home/nghiaphanbk/WeldingRobot_ws/install/Model_Robot/share/ament_index
[0.920s] creating /home/nghiaphanbk/WeldingRobot_ws/install/Model_Robot/share/ament_index/resource_index
[0.920s] creating /home/nghiaphanbk/WeldingRobot_ws/install/Model_Robot/share/ament_index/resource_index/packages
[0.920s] copying resource/Model_Robot -> /home/nghiaphanbk/WeldingRobot_ws/install/Model_Robot/share/ament_index/resource_index/packages
[0.921s] copying package.xml -> /home/nghiaphanbk/WeldingRobot_ws/install/Model_Robot/share/Model_Robot
[0.921s] creating /home/nghiaphanbk/WeldingRobot_ws/install/Model_Robot/share/Model_Robot/urdf
[0.921s] copying urdf/welding_robot.urdf -> /home/nghiaphanbk/WeldingRobot_ws/install/Model_Robot/share/Model_Robot/urdf
[0.921s] creating /home/nghiaphanbk/WeldingRobot_ws/install/Model_Robot/share/Model_Robot/launch
[0.921s] copying launch/display.launch.py -> /home/nghiaphanbk/WeldingRobot_ws/install/Model_Robot/share/Model_Robot/launch
[0.921s] creating /home/nghiaphanbk/WeldingRobot_ws/install/Model_Robot/share/Model_Robot/meshes
[0.921s] copying meshes/link_6.STL -> /home/nghiaphanbk/WeldingRobot_ws/install/Model_Robot/share/Model_Robot/meshes
[0.921s] copying meshes/link_5.STL -> /home/nghiaphanbk/WeldingRobot_ws/install/Model_Robot/share/Model_Robot/meshes
[0.921s] copying meshes/link_4.STL -> /home/nghiaphanbk/WeldingRobot_ws/install/Model_Robot/share/Model_Robot/meshes
[0.921s] copying meshes/link_3.STL -> /home/nghiaphanbk/WeldingRobot_ws/install/Model_Robot/share/Model_Robot/meshes
[0.921s] copying meshes/link_1.STL -> /home/nghiaphanbk/WeldingRobot_ws/install/Model_Robot/share/Model_Robot/meshes
[0.921s] copying meshes/base_link.STL -> /home/nghiaphanbk/WeldingRobot_ws/install/Model_Robot/share/Model_Robot/meshes
[0.921s] copying meshes/link_2.STL -> /home/nghiaphanbk/WeldingRobot_ws/install/Model_Robot/share/Model_Robot/meshes
[0.922s] running install_egg_info
[0.923s] Copying ../../build/Model_Robot/Model_Robot.egg-info to /home/nghiaphanbk/WeldingRobot_ws/install/Model_Robot/lib/python3.10/site-packages/Model_Robot-0.0.0-py3.10.egg-info
[0.923s] running install_scripts
[0.939s] writing list of installed files to '/home/nghiaphanbk/WeldingRobot_ws/build/Model_Robot/install.log'
[0.954s] Invoked command in '/home/nghiaphanbk/WeldingRobot_ws/src/Model_Robot' returned '0': PYTHONPATH=/home/nghiaphanbk/WeldingRobot_ws/build/Model_Robot/prefix_override:/home/nghiaphanbk/WeldingRobot_ws/install/Model_Robot/lib/python3.10/site-packages:${PYTHONPATH} /usr/bin/python3 setup.py egg_info --egg-base ../../build/Model_Robot build --build-base /home/nghiaphanbk/WeldingRobot_ws/build/Model_Robot/build install --record /home/nghiaphanbk/WeldingRobot_ws/build/Model_Robot/install.log --single-version-externally-managed
