[1.991s] Invoking command in '/home/nghiaphanbk/WeldingRobot_ws/src/moveit2/moveit_configs_utils': PYTHONPATH=/home/nghiaphanbk/WeldingRobot_ws/build/moveit_configs_utils/prefix_override:/home/nghiaphanbk/WeldingRobot_ws/install/moveit_configs_utils/lib/python3.10/site-packages:${PYTHONPATH} /usr/bin/python3 setup.py egg_info --egg-base ../../../build/moveit_configs_utils build --build-base /home/nghiaphanbk/WeldingRobot_ws/build/moveit_configs_utils/build install --record /home/nghiaphanbk/WeldingRobot_ws/build/moveit_configs_utils/install.log --single-version-externally-managed
[2.229s] running egg_info
[2.229s] creating ../../../build/moveit_configs_utils/moveit_configs_utils.egg-info
[2.229s] writing ../../../build/moveit_configs_utils/moveit_configs_utils.egg-info/PKG-INFO
[2.229s] writing dependency_links to ../../../build/moveit_configs_utils/moveit_configs_utils.egg-info/dependency_links.txt
[2.229s] writing entry points to ../../../build/moveit_configs_utils/moveit_configs_utils.egg-info/entry_points.txt
[2.229s] writing requirements to ../../../build/moveit_configs_utils/moveit_configs_utils.egg-info/requires.txt
[2.229s] writing top-level names to ../../../build/moveit_configs_utils/moveit_configs_utils.egg-info/top_level.txt
[2.229s] writing manifest file '../../../build/moveit_configs_utils/moveit_configs_utils.egg-info/SOURCES.txt'
[2.231s] reading manifest file '../../../build/moveit_configs_utils/moveit_configs_utils.egg-info/SOURCES.txt'
[2.232s] writing manifest file '../../../build/moveit_configs_utils/moveit_configs_utils.egg-info/SOURCES.txt'
[2.232s] running build
[2.232s] running build_py
[2.233s] creating /home/nghiaphanbk/WeldingRobot_ws/build/moveit_configs_utils/build
[2.233s] creating /home/nghiaphanbk/WeldingRobot_ws/build/moveit_configs_utils/build/lib
[2.233s] creating /home/nghiaphanbk/WeldingRobot_ws/build/moveit_configs_utils/build/lib/moveit_configs_utils
[2.233s] copying moveit_configs_utils/launches.py -> /home/nghiaphanbk/WeldingRobot_ws/build/moveit_configs_utils/build/lib/moveit_configs_utils
[2.233s] copying moveit_configs_utils/launch_utils.py -> /home/nghiaphanbk/WeldingRobot_ws/build/moveit_configs_utils/build/lib/moveit_configs_utils
[2.233s] copying moveit_configs_utils/moveit_configs_builder.py -> /home/nghiaphanbk/WeldingRobot_ws/build/moveit_configs_utils/build/lib/moveit_configs_utils
[2.233s] copying moveit_configs_utils/__init__.py -> /home/nghiaphanbk/WeldingRobot_ws/build/moveit_configs_utils/build/lib/moveit_configs_utils
[2.233s] creating /home/nghiaphanbk/WeldingRobot_ws/build/moveit_configs_utils/build/lib/moveit_configs_utils/substitutions
[2.233s] copying moveit_configs_utils/substitutions/__init__.py -> /home/nghiaphanbk/WeldingRobot_ws/build/moveit_configs_utils/build/lib/moveit_configs_utils/substitutions
[2.233s] copying moveit_configs_utils/substitutions/xacro.py -> /home/nghiaphanbk/WeldingRobot_ws/build/moveit_configs_utils/build/lib/moveit_configs_utils/substitutions
[2.233s] running install
[2.233s] running install_lib
[2.234s] creating /home/nghiaphanbk/WeldingRobot_ws/install/moveit_configs_utils/lib/python3.10/site-packages/moveit_configs_utils
[2.234s] copying /home/nghiaphanbk/WeldingRobot_ws/build/moveit_configs_utils/build/lib/moveit_configs_utils/launches.py -> /home/nghiaphanbk/WeldingRobot_ws/install/moveit_configs_utils/lib/python3.10/site-packages/moveit_configs_utils
[2.234s] copying /home/nghiaphanbk/WeldingRobot_ws/build/moveit_configs_utils/build/lib/moveit_configs_utils/launch_utils.py -> /home/nghiaphanbk/WeldingRobot_ws/install/moveit_configs_utils/lib/python3.10/site-packages/moveit_configs_utils
[2.234s] copying /home/nghiaphanbk/WeldingRobot_ws/build/moveit_configs_utils/build/lib/moveit_configs_utils/moveit_configs_builder.py -> /home/nghiaphanbk/WeldingRobot_ws/install/moveit_configs_utils/lib/python3.10/site-packages/moveit_configs_utils
[2.234s] creating /home/nghiaphanbk/WeldingRobot_ws/install/moveit_configs_utils/lib/python3.10/site-packages/moveit_configs_utils/substitutions
[2.234s] copying /home/nghiaphanbk/WeldingRobot_ws/build/moveit_configs_utils/build/lib/moveit_configs_utils/substitutions/__init__.py -> /home/nghiaphanbk/WeldingRobot_ws/install/moveit_configs_utils/lib/python3.10/site-packages/moveit_configs_utils/substitutions
[2.235s] copying /home/nghiaphanbk/WeldingRobot_ws/build/moveit_configs_utils/build/lib/moveit_configs_utils/substitutions/xacro.py -> /home/nghiaphanbk/WeldingRobot_ws/install/moveit_configs_utils/lib/python3.10/site-packages/moveit_configs_utils/substitutions
[2.235s] copying /home/nghiaphanbk/WeldingRobot_ws/build/moveit_configs_utils/build/lib/moveit_configs_utils/__init__.py -> /home/nghiaphanbk/WeldingRobot_ws/install/moveit_configs_utils/lib/python3.10/site-packages/moveit_configs_utils
[2.235s] byte-compiling /home/nghiaphanbk/WeldingRobot_ws/install/moveit_configs_utils/lib/python3.10/site-packages/moveit_configs_utils/launches.py to launches.cpython-310.pyc
[2.236s] byte-compiling /home/nghiaphanbk/WeldingRobot_ws/install/moveit_configs_utils/lib/python3.10/site-packages/moveit_configs_utils/launch_utils.py to launch_utils.cpython-310.pyc
[2.236s] byte-compiling /home/nghiaphanbk/WeldingRobot_ws/install/moveit_configs_utils/lib/python3.10/site-packages/moveit_configs_utils/moveit_configs_builder.py to moveit_configs_builder.cpython-310.pyc
[2.238s] byte-compiling /home/nghiaphanbk/WeldingRobot_ws/install/moveit_configs_utils/lib/python3.10/site-packages/moveit_configs_utils/substitutions/__init__.py to __init__.cpython-310.pyc
[2.238s] byte-compiling /home/nghiaphanbk/WeldingRobot_ws/install/moveit_configs_utils/lib/python3.10/site-packages/moveit_configs_utils/substitutions/xacro.py to xacro.cpython-310.pyc
[2.239s] byte-compiling /home/nghiaphanbk/WeldingRobot_ws/install/moveit_configs_utils/lib/python3.10/site-packages/moveit_configs_utils/__init__.py to __init__.cpython-310.pyc
[2.239s] running install_data
[2.239s] creating /home/nghiaphanbk/WeldingRobot_ws/install/moveit_configs_utils/share/ament_index
[2.240s] creating /home/nghiaphanbk/WeldingRobot_ws/install/moveit_configs_utils/share/ament_index/resource_index
[2.240s] creating /home/nghiaphanbk/WeldingRobot_ws/install/moveit_configs_utils/share/ament_index/resource_index/packages
[2.240s] copying resource/moveit_configs_utils -> /home/nghiaphanbk/WeldingRobot_ws/install/moveit_configs_utils/share/ament_index/resource_index/packages
[2.240s] copying package.xml -> /home/nghiaphanbk/WeldingRobot_ws/install/moveit_configs_utils/share/moveit_configs_utils
[2.240s] creating /home/nghiaphanbk/WeldingRobot_ws/install/moveit_configs_utils/share/moveit_configs_utils/default_configs
[2.240s] copying default_configs/chomp_planning.yaml -> /home/nghiaphanbk/WeldingRobot_ws/install/moveit_configs_utils/share/moveit_configs_utils/default_configs
[2.240s] copying default_configs/pilz_industrial_motion_planner_planning.yaml -> /home/nghiaphanbk/WeldingRobot_ws/install/moveit_configs_utils/share/moveit_configs_utils/default_configs
[2.240s] copying default_configs/stomp_planning.yaml -> /home/nghiaphanbk/WeldingRobot_ws/install/moveit_configs_utils/share/moveit_configs_utils/default_configs
[2.240s] copying default_configs/ompl_planning.yaml -> /home/nghiaphanbk/WeldingRobot_ws/install/moveit_configs_utils/share/moveit_configs_utils/default_configs
[2.240s] copying default_configs/ompl_defaults.yaml -> /home/nghiaphanbk/WeldingRobot_ws/install/moveit_configs_utils/share/moveit_configs_utils/default_configs
[2.240s] running install_egg_info
[2.241s] Copying ../../../build/moveit_configs_utils/moveit_configs_utils.egg-info to /home/nghiaphanbk/WeldingRobot_ws/install/moveit_configs_utils/lib/python3.10/site-packages/moveit_configs_utils-2.8.0-py3.10.egg-info
[2.242s] running install_scripts
[2.258s] writing list of installed files to '/home/nghiaphanbk/WeldingRobot_ws/build/moveit_configs_utils/install.log'
