[0.539s] Invoking command in '/home/nghiaphanbk/WeldingRobot_ws/build/moveit_resources_prbt_support': CMAKE_PREFIX_PATH=/home/nghiaphanbk/WeldingRobot_ws/install/Model_Robot:/home/nghiaphanbk/ros2_ws/install/my_robot_controller:/opt/ros/humble /usr/bin/cmake --build /home/nghiaphanbk/WeldingRobot_ws/build/moveit_resources_prbt_support -- -j12 -l12
[0.900s] -- Found ament_cmake: 1.3.5 (/opt/ros/humble/share/ament_cmake/cmake)
[0.900s] -- Configuring done
[0.900s] -- Generating done
[0.901s] -- Build files have been written to: /home/nghiaphanbk/WeldingRobot_ws/build/moveit_resources_prbt_support
[0.902s] Invoked command in '/home/nghiaphanbk/WeldingRobot_ws/build/moveit_resources_prbt_support' returned '0': CMAKE_PREFIX_PATH=/home/nghiaphanbk/WeldingRobot_ws/install/Model_Robot:/home/nghiaphanbk/ros2_ws/install/my_robot_controller:/opt/ros/humble /usr/bin/cmake --build /home/nghiaphanbk/WeldingRobot_ws/build/moveit_resources_prbt_support -- -j12 -l12
[0.922s] Invoking command in '/home/nghiaphanbk/WeldingRobot_ws/build/moveit_resources_prbt_support': CMAKE_PREFIX_PATH=/home/nghiaphanbk/WeldingRobot_ws/install/Model_Robot:/home/nghiaphanbk/ros2_ws/install/my_robot_controller:/opt/ros/humble /usr/bin/cmake --install /home/nghiaphanbk/WeldingRobot_ws/build/moveit_resources_prbt_support
[0.941s] -- Install configuration: "Release"
[0.941s] -- Installing: /home/nghiaphanbk/WeldingRobot_ws/install/moveit_resources_prbt_support/share/ament_index/resource_index/package_run_dependencies/moveit_resources_prbt_support
[0.946s] -- Installing: /home/nghiaphanbk/WeldingRobot_ws/install/moveit_resources_prbt_support/share/ament_index/resource_index/parent_prefix_path/moveit_resources_prbt_support
[0.946s] -- Installing: /home/nghiaphanbk/WeldingRobot_ws/install/moveit_resources_prbt_support/share/moveit_resources_prbt_support/environment/ament_prefix_path.sh
[0.946s] -- Installing: /home/nghiaphanbk/WeldingRobot_ws/install/moveit_resources_prbt_support/share/moveit_resources_prbt_support/environment/ament_prefix_path.dsv
[0.946s] -- Installing: /home/nghiaphanbk/WeldingRobot_ws/install/moveit_resources_prbt_support/share/moveit_resources_prbt_support/environment/path.sh
[0.947s] -- Installing: /home/nghiaphanbk/WeldingRobot_ws/install/moveit_resources_prbt_support/share/moveit_resources_prbt_support/environment/path.dsv
[0.947s] -- Installing: /home/nghiaphanbk/WeldingRobot_ws/install/moveit_resources_prbt_support/share/moveit_resources_prbt_support/local_setup.bash
[0.947s] -- Installing: /home/nghiaphanbk/WeldingRobot_ws/install/moveit_resources_prbt_support/share/moveit_resources_prbt_support/local_setup.sh
[0.947s] -- Installing: /home/nghiaphanbk/WeldingRobot_ws/install/moveit_resources_prbt_support/share/moveit_resources_prbt_support/local_setup.zsh
[0.947s] -- Installing: /home/nghiaphanbk/WeldingRobot_ws/install/moveit_resources_prbt_support/share/moveit_resources_prbt_support/local_setup.dsv
[0.948s] -- Installing: /home/nghiaphanbk/WeldingRobot_ws/install/moveit_resources_prbt_support/share/moveit_resources_prbt_support/package.dsv
[0.949s] -- Installing: /home/nghiaphanbk/WeldingRobot_ws/install/moveit_resources_prbt_support/share/ament_index/resource_index/packages/moveit_resources_prbt_support
[0.949s] -- Installing: /home/nghiaphanbk/WeldingRobot_ws/install/moveit_resources_prbt_support/share/moveit_resources_prbt_support/cmake/moveit_resources_prbt_supportConfig.cmake
[0.949s] -- Installing: /home/nghiaphanbk/WeldingRobot_ws/install/moveit_resources_prbt_support/share/moveit_resources_prbt_support/cmake/moveit_resources_prbt_supportConfig-version.cmake
[0.949s] -- Installing: /home/nghiaphanbk/WeldingRobot_ws/install/moveit_resources_prbt_support/share/moveit_resources_prbt_support/package.xml
[0.952s] -- Installing: /home/nghiaphanbk/WeldingRobot_ws/install/moveit_resources_prbt_support/share/moveit_resources_prbt_support/urdf
[0.953s] -- Installing: /home/nghiaphanbk/WeldingRobot_ws/install/moveit_resources_prbt_support/share/moveit_resources_prbt_support/urdf/prbt_macro.xacro
[0.954s] -- Installing: /home/nghiaphanbk/WeldingRobot_ws/install/moveit_resources_prbt_support/share/moveit_resources_prbt_support/urdf/prbt.xacro
[0.954s] -- Installing: /home/nghiaphanbk/WeldingRobot_ws/install/moveit_resources_prbt_support/share/moveit_resources_prbt_support/urdf/simple_gripper_brackets.urdf.xacro
[0.954s] -- Installing: /home/nghiaphanbk/WeldingRobot_ws/install/moveit_resources_prbt_support/share/moveit_resources_prbt_support/urdf/prbt.ros2_control.xacro
[0.954s] -- Installing: /home/nghiaphanbk/WeldingRobot_ws/install/moveit_resources_prbt_support/share/moveit_resources_prbt_support/meshes
[0.954s] -- Installing: /home/nghiaphanbk/WeldingRobot_ws/install/moveit_resources_prbt_support/share/moveit_resources_prbt_support/meshes/link_1.stl
[0.954s] -- Installing: /home/nghiaphanbk/WeldingRobot_ws/install/moveit_resources_prbt_support/share/moveit_resources_prbt_support/meshes/link_2.stl
[0.954s] -- Installing: /home/nghiaphanbk/WeldingRobot_ws/install/moveit_resources_prbt_support/share/moveit_resources_prbt_support/meshes/flange.dae
[0.955s] -- Installing: /home/nghiaphanbk/WeldingRobot_ws/install/moveit_resources_prbt_support/share/moveit_resources_prbt_support/meshes/link_2.dae
[0.955s] -- Installing: /home/nghiaphanbk/WeldingRobot_ws/install/moveit_resources_prbt_support/share/moveit_resources_prbt_support/meshes/flange.stl
[0.955s] -- Installing: /home/nghiaphanbk/WeldingRobot_ws/install/moveit_resources_prbt_support/share/moveit_resources_prbt_support/meshes/link_3.stl
[0.956s] -- Installing: /home/nghiaphanbk/WeldingRobot_ws/install/moveit_resources_prbt_support/share/moveit_resources_prbt_support/meshes/link_5.dae
[0.957s] -- Installing: /home/nghiaphanbk/WeldingRobot_ws/install/moveit_resources_prbt_support/share/moveit_resources_prbt_support/meshes/link_1.dae
[0.961s] -- Installing: /home/nghiaphanbk/WeldingRobot_ws/install/moveit_resources_prbt_support/share/moveit_resources_prbt_support/meshes/foot.stl
[0.962s] -- Installing: /home/nghiaphanbk/WeldingRobot_ws/install/moveit_resources_prbt_support/share/moveit_resources_prbt_support/meshes/link_5.stl
[0.962s] -- Installing: /home/nghiaphanbk/WeldingRobot_ws/install/moveit_resources_prbt_support/share/moveit_resources_prbt_support/meshes/link_4.stl
[0.963s] -- Installing: /home/nghiaphanbk/WeldingRobot_ws/install/moveit_resources_prbt_support/share/moveit_resources_prbt_support/meshes/foot.dae
[0.967s] -- Installing: /home/nghiaphanbk/WeldingRobot_ws/install/moveit_resources_prbt_support/share/moveit_resources_prbt_support/meshes/link_4.dae
[0.969s] -- Installing: /home/nghiaphanbk/WeldingRobot_ws/install/moveit_resources_prbt_support/share/moveit_resources_prbt_support/meshes/link_3.dae
[0.970s] -- Installing: /home/nghiaphanbk/WeldingRobot_ws/install/moveit_resources_prbt_support/share/moveit_resources_prbt_support/config
[0.970s] -- Installing: /home/nghiaphanbk/WeldingRobot_ws/install/moveit_resources_prbt_support/share/moveit_resources_prbt_support/config/prbt_0_1.dcf
[0.970s] -- Installing: /home/nghiaphanbk/WeldingRobot_ws/install/moveit_resources_prbt_support/share/moveit_resources_prbt_support/config/manipulator_driver.yaml
[0.971s] -- Installing: /home/nghiaphanbk/WeldingRobot_ws/install/moveit_resources_prbt_support/share/moveit_resources_prbt_support/config/manipulator_controller.yaml
[1.140s] Invoked command in '/home/nghiaphanbk/WeldingRobot_ws/build/moveit_resources_prbt_support' returned '0': CMAKE_PREFIX_PATH=/home/nghiaphanbk/WeldingRobot_ws/install/Model_Robot:/home/nghiaphanbk/ros2_ws/install/my_robot_controller:/opt/ros/humble /usr/bin/cmake --install /home/nghiaphanbk/WeldingRobot_ws/build/moveit_resources_prbt_support
