[0.099s] Invoking command in '/home/nghiaphanbk/WeldingRobot_ws/build/moveit_visual_tools': AMENT_PREFIX_PATH=/home/nghiaphanbk/WeldingRobot_ws/install/moveit_ros_planning:/home/nghiaphanbk/WeldingRobot_ws/install/moveit_ros_occupancy_map_monitor:/home/nghiaphanbk/WeldingRobot_ws/install/moveit_core:/home/nghiaphanbk/WeldingRobot_ws/install/srdfdom:/home/nghiaphanbk/WeldingRobot_ws/install/moveit_common:${AMENT_PREFIX_PATH} CMAKE_PREFIX_PATH=/home/nghiaphanbk/WeldingRobot_ws/install/moveit_ros_planning:/home/nghiaphanbk/WeldingRobot_ws/install/moveit_ros_occupancy_map_monitor:/home/nghiaphanbk/WeldingRobot_ws/install/moveit_core:/home/nghiaphanbk/WeldingRobot_ws/install/srdfdom:/home/nghiaphanbk/WeldingRobot_ws/install/moveit_common:/home/nghiaphanbk/WeldingRobot_ws/install/Model_Robot:/home/nghiaphanbk/ros2_ws/install/my_robot_controller:/opt/ros/humble LD_LIBRARY_PATH=/home/nghiaphanbk/WeldingRobot_ws/install/moveit_ros_planning/lib:/home/nghiaphanbk/WeldingRobot_ws/install/moveit_ros_occupancy_map_monitor/lib:/home/nghiaphanbk/WeldingRobot_ws/install/moveit_core/lib:/home/nghiaphanbk/WeldingRobot_ws/install/srdfdom/lib:${LD_LIBRARY_PATH} PATH=/home/nghiaphanbk/WeldingRobot_ws/install/moveit_core/bin:${PATH} PYTHONPATH=/home/nghiaphanbk/WeldingRobot_ws/install/srdfdom/local/lib/python3.10/dist-packages:${PYTHONPATH} /usr/bin/cmake --build /home/nghiaphanbk/WeldingRobot_ws/build/moveit_visual_tools -- -j12 -l12
[0.144s] [ 16%] [32mBuilding CXX object CMakeFiles/moveit_visual_tools.dir/src/moveit_visual_tools.cpp.o[0m
[17.146s] [ 33%] [32mBuilding CXX object CMakeFiles/moveit_visual_tools.dir/src/imarker_end_effector.cpp.o[0m
[43.422s] [ 50%] [32mBuilding CXX object CMakeFiles/moveit_visual_tools.dir/src/imarker_robot_state.cpp.o[0m
[55.688s] [ 66%] [32m[1mLinking CXX shared library libmoveit_visual_tools.so[0m
[56.124s] [ 66%] Built target moveit_visual_tools
[56.152s] [ 83%] [32mBuilding CXX object CMakeFiles/moveit_visual_tools_demo.dir/src/moveit_visual_tools_demo.cpp.o[0m
[70.940s] [100%] [32m[1mLinking CXX executable moveit_visual_tools_demo[0m
[71.777s] [100%] Built target moveit_visual_tools_demo
[71.825s] Invoked command in '/home/nghiaphanbk/WeldingRobot_ws/build/moveit_visual_tools' returned '0': AMENT_PREFIX_PATH=/home/nghiaphanbk/WeldingRobot_ws/install/moveit_ros_planning:/home/nghiaphanbk/WeldingRobot_ws/install/moveit_ros_occupancy_map_monitor:/home/nghiaphanbk/WeldingRobot_ws/install/moveit_core:/home/nghiaphanbk/WeldingRobot_ws/install/srdfdom:/home/nghiaphanbk/WeldingRobot_ws/install/moveit_common:${AMENT_PREFIX_PATH} CMAKE_PREFIX_PATH=/home/nghiaphanbk/WeldingRobot_ws/install/moveit_ros_planning:/home/nghiaphanbk/WeldingRobot_ws/install/moveit_ros_occupancy_map_monitor:/home/nghiaphanbk/WeldingRobot_ws/install/moveit_core:/home/nghiaphanbk/WeldingRobot_ws/install/srdfdom:/home/nghiaphanbk/WeldingRobot_ws/install/moveit_common:/home/nghiaphanbk/WeldingRobot_ws/install/Model_Robot:/home/nghiaphanbk/ros2_ws/install/my_robot_controller:/opt/ros/humble LD_LIBRARY_PATH=/home/nghiaphanbk/WeldingRobot_ws/install/moveit_ros_planning/lib:/home/nghiaphanbk/WeldingRobot_ws/install/moveit_ros_occupancy_map_monitor/lib:/home/nghiaphanbk/WeldingRobot_ws/install/moveit_core/lib:/home/nghiaphanbk/WeldingRobot_ws/install/srdfdom/lib:${LD_LIBRARY_PATH} PATH=/home/nghiaphanbk/WeldingRobot_ws/install/moveit_core/bin:${PATH} PYTHONPATH=/home/nghiaphanbk/WeldingRobot_ws/install/srdfdom/local/lib/python3.10/dist-packages:${PYTHONPATH} /usr/bin/cmake --build /home/nghiaphanbk/WeldingRobot_ws/build/moveit_visual_tools -- -j12 -l12
[72.245s] Invoking command in '/home/nghiaphanbk/WeldingRobot_ws/build/moveit_visual_tools': AMENT_PREFIX_PATH=/home/nghiaphanbk/WeldingRobot_ws/install/moveit_ros_planning:/home/nghiaphanbk/WeldingRobot_ws/install/moveit_ros_occupancy_map_monitor:/home/nghiaphanbk/WeldingRobot_ws/install/moveit_core:/home/nghiaphanbk/WeldingRobot_ws/install/srdfdom:/home/nghiaphanbk/WeldingRobot_ws/install/moveit_common:${AMENT_PREFIX_PATH} CMAKE_PREFIX_PATH=/home/nghiaphanbk/WeldingRobot_ws/install/moveit_ros_planning:/home/nghiaphanbk/WeldingRobot_ws/install/moveit_ros_occupancy_map_monitor:/home/nghiaphanbk/WeldingRobot_ws/install/moveit_core:/home/nghiaphanbk/WeldingRobot_ws/install/srdfdom:/home/nghiaphanbk/WeldingRobot_ws/install/moveit_common:/home/nghiaphanbk/WeldingRobot_ws/install/Model_Robot:/home/nghiaphanbk/ros2_ws/install/my_robot_controller:/opt/ros/humble LD_LIBRARY_PATH=/home/nghiaphanbk/WeldingRobot_ws/install/moveit_ros_planning/lib:/home/nghiaphanbk/WeldingRobot_ws/install/moveit_ros_occupancy_map_monitor/lib:/home/nghiaphanbk/WeldingRobot_ws/install/moveit_core/lib:/home/nghiaphanbk/WeldingRobot_ws/install/srdfdom/lib:${LD_LIBRARY_PATH} PATH=/home/nghiaphanbk/WeldingRobot_ws/install/moveit_core/bin:${PATH} PYTHONPATH=/home/nghiaphanbk/WeldingRobot_ws/install/srdfdom/local/lib/python3.10/dist-packages:${PYTHONPATH} /usr/bin/cmake --install /home/nghiaphanbk/WeldingRobot_ws/build/moveit_visual_tools
[72.274s] -- Install configuration: "Release"
[72.274s] -- Installing: /home/nghiaphanbk/WeldingRobot_ws/install/moveit_visual_tools/share/moveit_visual_tools/environment/library_path.sh
[72.275s] -- Installing: /home/nghiaphanbk/WeldingRobot_ws/install/moveit_visual_tools/share/moveit_visual_tools/environment/library_path.dsv
[72.275s] -- Installing: /home/nghiaphanbk/WeldingRobot_ws/install/moveit_visual_tools/lib/libmoveit_visual_tools.so
[72.277s] -- Set runtime path of "/home/nghiaphanbk/WeldingRobot_ws/install/moveit_visual_tools/lib/libmoveit_visual_tools.so" to ""
[72.277s] -- Installing: /home/nghiaphanbk/WeldingRobot_ws/install/moveit_visual_tools/lib/moveit_visual_tools/moveit_visual_tools_demo
[72.277s] -- Set runtime path of "/home/nghiaphanbk/WeldingRobot_ws/install/moveit_visual_tools/lib/moveit_visual_tools/moveit_visual_tools_demo" to ""
[72.278s] -- Installing: /home/nghiaphanbk/WeldingRobot_ws/install/moveit_visual_tools/include
[72.278s] -- Installing: /home/nghiaphanbk/WeldingRobot_ws/install/moveit_visual_tools/include/moveit_visual_tools
[72.278s] -- Installing: /home/nghiaphanbk/WeldingRobot_ws/install/moveit_visual_tools/include/moveit_visual_tools/imarker_end_effector.h
[72.278s] -- Installing: /home/nghiaphanbk/WeldingRobot_ws/install/moveit_visual_tools/include/moveit_visual_tools/imarker_robot_state.h
[72.278s] -- Installing: /home/nghiaphanbk/WeldingRobot_ws/install/moveit_visual_tools/include/moveit_visual_tools/moveit_visual_tools.h
[72.278s] -- Installing: /home/nghiaphanbk/WeldingRobot_ws/install/moveit_visual_tools/share/moveit_visual_tools/launch
[72.290s] -- Installing: /home/nghiaphanbk/WeldingRobot_ws/install/moveit_visual_tools/share/moveit_visual_tools/launch/demo.rviz
[72.290s] -- Installing: /home/nghiaphanbk/WeldingRobot_ws/install/moveit_visual_tools/share/moveit_visual_tools/launch/demo_rviz.launch.py
[72.290s] -- Installing: /home/nghiaphanbk/WeldingRobot_ws/install/moveit_visual_tools/share/moveit_visual_tools/resources
[72.291s] -- Installing: /home/nghiaphanbk/WeldingRobot_ws/install/moveit_visual_tools/share/moveit_visual_tools/resources/screenshot.png
[72.291s] -- Installing: /home/nghiaphanbk/WeldingRobot_ws/install/moveit_visual_tools/share/moveit_visual_tools/resources/rrbot.srdf
[72.291s] -- Installing: /home/nghiaphanbk/WeldingRobot_ws/install/moveit_visual_tools/share/moveit_visual_tools/resources/demo_mesh.stl
[72.292s] -- Installing: /home/nghiaphanbk/WeldingRobot_ws/install/moveit_visual_tools/share/moveit_visual_tools/resources/rrbot.urdf
[72.292s] -- Installing: /home/nghiaphanbk/WeldingRobot_ws/install/moveit_visual_tools/share/moveit_visual_tools/resources/demo.png
[72.293s] -- Installing: /home/nghiaphanbk/WeldingRobot_ws/install/moveit_visual_tools/share/ament_index/resource_index/package_run_dependencies/moveit_visual_tools
[72.293s] -- Installing: /home/nghiaphanbk/WeldingRobot_ws/install/moveit_visual_tools/share/ament_index/resource_index/parent_prefix_path/moveit_visual_tools
[72.293s] -- Installing: /home/nghiaphanbk/WeldingRobot_ws/install/moveit_visual_tools/share/moveit_visual_tools/environment/ament_prefix_path.sh
[72.293s] -- Installing: /home/nghiaphanbk/WeldingRobot_ws/install/moveit_visual_tools/share/moveit_visual_tools/environment/ament_prefix_path.dsv
[72.294s] -- Installing: /home/nghiaphanbk/WeldingRobot_ws/install/moveit_visual_tools/share/moveit_visual_tools/environment/path.sh
[72.294s] -- Installing: /home/nghiaphanbk/WeldingRobot_ws/install/moveit_visual_tools/share/moveit_visual_tools/environment/path.dsv
[72.294s] -- Installing: /home/nghiaphanbk/WeldingRobot_ws/install/moveit_visual_tools/share/moveit_visual_tools/local_setup.bash
[72.295s] -- Installing: /home/nghiaphanbk/WeldingRobot_ws/install/moveit_visual_tools/share/moveit_visual_tools/local_setup.sh
[72.295s] -- Installing: /home/nghiaphanbk/WeldingRobot_ws/install/moveit_visual_tools/share/moveit_visual_tools/local_setup.zsh
[72.295s] -- Installing: /home/nghiaphanbk/WeldingRobot_ws/install/moveit_visual_tools/share/moveit_visual_tools/local_setup.dsv
[72.295s] -- Installing: /home/nghiaphanbk/WeldingRobot_ws/install/moveit_visual_tools/share/moveit_visual_tools/package.dsv
[72.296s] -- Installing: /home/nghiaphanbk/WeldingRobot_ws/install/moveit_visual_tools/share/ament_index/resource_index/packages/moveit_visual_tools
[72.296s] -- Installing: /home/nghiaphanbk/WeldingRobot_ws/install/moveit_visual_tools/share/moveit_visual_tools/cmake/export_moveit_visual_toolsExport.cmake
[72.297s] -- Installing: /home/nghiaphanbk/WeldingRobot_ws/install/moveit_visual_tools/share/moveit_visual_tools/cmake/export_moveit_visual_toolsExport-release.cmake
[72.297s] -- Installing: /home/nghiaphanbk/WeldingRobot_ws/install/moveit_visual_tools/share/moveit_visual_tools/cmake/ament_cmake_export_targets-extras.cmake
[72.297s] -- Installing: /home/nghiaphanbk/WeldingRobot_ws/install/moveit_visual_tools/share/moveit_visual_tools/cmake/ament_cmake_export_dependencies-extras.cmake
[72.298s] -- Installing: /home/nghiaphanbk/WeldingRobot_ws/install/moveit_visual_tools/share/moveit_visual_tools/cmake/moveit_visual_toolsConfig.cmake
[72.298s] -- Installing: /home/nghiaphanbk/WeldingRobot_ws/install/moveit_visual_tools/share/moveit_visual_tools/cmake/moveit_visual_toolsConfig-version.cmake
[72.298s] -- Installing: /home/nghiaphanbk/WeldingRobot_ws/install/moveit_visual_tools/share/moveit_visual_tools/package.xml
[72.301s] Invoked command in '/home/nghiaphanbk/WeldingRobot_ws/build/moveit_visual_tools' returned '0': AMENT_PREFIX_PATH=/home/nghiaphanbk/WeldingRobot_ws/install/moveit_ros_planning:/home/nghiaphanbk/WeldingRobot_ws/install/moveit_ros_occupancy_map_monitor:/home/nghiaphanbk/WeldingRobot_ws/install/moveit_core:/home/nghiaphanbk/WeldingRobot_ws/install/srdfdom:/home/nghiaphanbk/WeldingRobot_ws/install/moveit_common:${AMENT_PREFIX_PATH} CMAKE_PREFIX_PATH=/home/nghiaphanbk/WeldingRobot_ws/install/moveit_ros_planning:/home/nghiaphanbk/WeldingRobot_ws/install/moveit_ros_occupancy_map_monitor:/home/nghiaphanbk/WeldingRobot_ws/install/moveit_core:/home/nghiaphanbk/WeldingRobot_ws/install/srdfdom:/home/nghiaphanbk/WeldingRobot_ws/install/moveit_common:/home/nghiaphanbk/WeldingRobot_ws/install/Model_Robot:/home/nghiaphanbk/ros2_ws/install/my_robot_controller:/opt/ros/humble LD_LIBRARY_PATH=/home/nghiaphanbk/WeldingRobot_ws/install/moveit_ros_planning/lib:/home/nghiaphanbk/WeldingRobot_ws/install/moveit_ros_occupancy_map_monitor/lib:/home/nghiaphanbk/WeldingRobot_ws/install/moveit_core/lib:/home/nghiaphanbk/WeldingRobot_ws/install/srdfdom/lib:${LD_LIBRARY_PATH} PATH=/home/nghiaphanbk/WeldingRobot_ws/install/moveit_core/bin:${PATH} PYTHONPATH=/home/nghiaphanbk/WeldingRobot_ws/install/srdfdom/local/lib/python3.10/dist-packages:${PYTHONPATH} /usr/bin/cmake --install /home/nghiaphanbk/WeldingRobot_ws/build/moveit_visual_tools
