[0.160s] Invoking command in '/home/nghiaphanbk/WeldingRobot_ws/build/moveit_core': CMAKE_PREFIX_PATH=/home/nghiaphanbk/WeldingRobot_ws/install/moveit_resources_panda_moveit_config:/home/nghiaphanbk/WeldingRobot_ws/install/srdfdom:/home/nghiaphanbk/WeldingRobot_ws/install/moveit_resources_pr2_description:/home/nghiaphanbk/WeldingRobot_ws/install/moveit_resources_panda_description:/home/nghiaphanbk/WeldingRobot_ws/install/moveit_common:/home/nghiaphanbk/WeldingRobot_ws/install/pilz_industrial_motion_planner_testutils:/home/nghiaphanbk/WeldingRobot_ws/install/moveit_visual_tools:/home/nghiaphanbk/WeldingRobot_ws/install/moveit_ros_control_interface:/home/nghiaphanbk/WeldingRobot_ws/install/moveit_plugins:/home/nghiaphanbk/WeldingRobot_ws/install/moveit_simple_controller_manager:/home/nghiaphanbk/WeldingRobot_ws/install/moveit_ros_warehouse:/home/nghiaphanbk/WeldingRobot_ws/install/moveit_ros_robot_interaction:/home/nghiaphanbk/WeldingRobot_ws/install/moveit_ros_perception:/home/nghiaphanbk/WeldingRobot_ws/install/moveit_ros_planning:/home/nghiaphanbk/WeldingRobot_ws/install/moveit_ros_occupancy_map_monitor:/home/nghiaphanbk/WeldingRobot_ws/install/moveit_resources_prbt_ikfast_manipulator_plugin:/home/nghiaphanbk/WeldingRobot_ws/install/moveit_planners_chomp:/home/nghiaphanbk/WeldingRobot_ws/install/moveit_kinematics:/home/nghiaphanbk/WeldingRobot_ws/install/moveit_chomp_optimizer_adapter:/home/nghiaphanbk/WeldingRobot_ws/install/chomp_motion_planner:/home/nghiaphanbk/WeldingRobot_ws/install/moveit_core:/home/nghiaphanbk/WeldingRobot_ws/install/rviz_marker_tools:/home/nghiaphanbk/WeldingRobot_ws/install/rosparam_shortcuts:/home/nghiaphanbk/WeldingRobot_ws/install/moveit_task_constructor_msgs:/home/nghiaphanbk/WeldingRobot_ws/install/moveit_resources_prbt_support:/home/nghiaphanbk/WeldingRobot_ws/install/moveit_resources:/home/nghiaphanbk/WeldingRobot_ws/install/moveit_resources_fanuc_moveit_config:/home/nghiaphanbk/WeldingRobot_ws/install/moveit_resources_fanuc_description:/home/nghiaphanbk/WeldingRobot_ws/install/moveit_configs_utils:/home/nghiaphanbk/WeldingRobot_ws/install/launch_param_builder:/home/nghiaphanbk/WeldingRobot_ws/install/Model_Robot:/home/nghiaphanbk/ros2_ws/install/my_robot_controller:/opt/ros/humble LD_LIBRARY_PATH=/home/nghiaphanbk/WeldingRobot_ws/install/srdfdom/lib:/home/nghiaphanbk/WeldingRobot_ws/install/pilz_industrial_motion_planner_testutils/lib:/home/nghiaphanbk/WeldingRobot_ws/install/moveit_visual_tools/lib:/home/nghiaphanbk/WeldingRobot_ws/install/moveit_ros_control_interface/lib:/home/nghiaphanbk/WeldingRobot_ws/install/moveit_simple_controller_manager/lib:/home/nghiaphanbk/WeldingRobot_ws/install/moveit_ros_warehouse/lib:/home/nghiaphanbk/WeldingRobot_ws/install/moveit_ros_robot_interaction/lib:/home/nghiaphanbk/WeldingRobot_ws/install/moveit_ros_perception/lib:/home/nghiaphanbk/WeldingRobot_ws/install/moveit_ros_planning/lib:/home/nghiaphanbk/WeldingRobot_ws/install/moveit_ros_occupancy_map_monitor/lib:/home/nghiaphanbk/WeldingRobot_ws/install/moveit_resources_prbt_ikfast_manipulator_plugin/lib:/home/nghiaphanbk/WeldingRobot_ws/install/moveit_planners_chomp/lib:/home/nghiaphanbk/WeldingRobot_ws/install/moveit_kinematics/lib:/home/nghiaphanbk/WeldingRobot_ws/install/moveit_chomp_optimizer_adapter/lib:/home/nghiaphanbk/WeldingRobot_ws/install/chomp_motion_planner/lib:/home/nghiaphanbk/WeldingRobot_ws/install/moveit_core/lib:/home/nghiaphanbk/WeldingRobot_ws/install/rviz_marker_tools/lib:/home/nghiaphanbk/WeldingRobot_ws/install/rosparam_shortcuts/lib:/home/nghiaphanbk/WeldingRobot_ws/install/moveit_task_constructor_msgs/lib:/opt/ros/humble/opt/rviz_ogre_vendor/lib:/opt/ros/humble/lib/x86_64-linux-gnu:/opt/ros/humble/lib /usr/bin/cmake /home/nghiaphanbk/WeldingRobot_ws/src/moveit2/moveit_core -DCMAKE_INSTALL_PREFIX=/home/nghiaphanbk/WeldingRobot_ws/install/moveit_core
[0.169s] -- Found moveit_common: 2.5.5 (/home/nghiaphanbk/WeldingRobot_ws/install/moveit_common/share/moveit_common/cmake)
[0.169s] -- Found ament_cmake: 1.3.5 (/opt/ros/humble/share/ament_cmake/cmake)
[0.382s] -- Could NOT find libbfd (missing: LIBBFD_LIBRARY LIBBFD_INCLUDE_DIR) 
[0.382s] -- BACKWARD_HAS_UNWIND=1
[0.382s] -- BACKWARD_HAS_BACKTRACE=0
[0.382s] -- BACKWARD_HAS_BACKTRACE_SYMBOL=0
[0.382s] -- BACKWARD_HAS_DW=1
[0.382s] -- BACKWARD_HAS_BFD=0
[0.382s] -- Found Backward: /opt/ros/humble/share/backward_ros/cmake  
[0.383s] -- Found angles: 1.15.0 (/opt/ros/humble/share/angles/cmake)
[0.396s] -- Found common_interfaces: 4.2.3 (/opt/ros/humble/share/common_interfaces/cmake)
[0.397s] -- Found eigen_stl_containers: 1.0.0 (/opt/ros/humble/share/eigen_stl_containers/cmake)
[0.398s] -- Found eigen3_cmake_module: 0.1.1 (/opt/ros/humble/share/eigen3_cmake_module/cmake)
[0.402s] -- Found generate_parameter_library: 0.3.6 (/opt/ros/humble/share/generate_parameter_library/cmake)
[0.403s] -- Found parameter_traits: 0.3.6 (/opt/ros/humble/share/parameter_traits/cmake)
[0.431s] -- Found rosidl_generator_c: 3.1.5 (/opt/ros/humble/share/rosidl_generator_c/cmake)
[0.434s] -- Found rosidl_adapter: 3.1.5 (/opt/ros/humble/share/rosidl_adapter/cmake)
[0.439s] -- Found rosidl_generator_cpp: 3.1.5 (/opt/ros/humble/share/rosidl_generator_cpp/cmake)
[0.450s] -- Using all available rosidl_typesupport_c: rosidl_typesupport_fastrtps_c;rosidl_typesupport_introspection_c
[0.467s] -- Using all available rosidl_typesupport_cpp: rosidl_typesupport_fastrtps_cpp;rosidl_typesupport_introspection_cpp
[0.522s] -- Found rmw_implementation_cmake: 6.1.1 (/opt/ros/humble/share/rmw_implementation_cmake/cmake)
[0.524s] -- Found rmw_fastrtps_cpp: 6.2.4 (/opt/ros/humble/share/rmw_fastrtps_cpp/cmake)
[0.631s] -- Using RMW implementation 'rmw_fastrtps_cpp' as default
[0.797s] -- Found rclcpp_lifecycle: 16.0.6 (/opt/ros/humble/share/rclcpp_lifecycle/cmake)
[0.836s] -- Found geometric_shapes: 2.1.3 (/opt/ros/humble/share/geometric_shapes/cmake)
[0.840s] -- Found Boost: /usr/lib/x86_64-linux-gnu/cmake/Boost-1.74.0/BoostConfig.cmake (found version "1.74.0") found components: filesystem 
[0.917s] -- library: /usr/lib/x86_64-linux-gnu/libcurl.so
[1.187s] -- Found kdl_parser: 2.6.4 (/opt/ros/humble/share/kdl_parser/cmake)
[1.191s] -- Ensuring Eigen3 include directory is part of orocos-kdl CMake target
[1.192s] -- Found moveit_msgs: 2.2.1 (/opt/ros/humble/share/moveit_msgs/cmake)
[1.753s] -- Found pluginlib: 5.1.0 (/opt/ros/humble/share/pluginlib/cmake)
[1.768s] -- Found srdfdom: 2.0.4 (/home/nghiaphanbk/WeldingRobot_ws/install/srdfdom/share/srdfdom/cmake)
[1.774s] -- Found tf2_eigen: 0.25.4 (/opt/ros/humble/share/tf2_eigen/cmake)
[2.027s] -- Found tf2_geometry_msgs: 0.25.4 (/opt/ros/humble/share/tf2_geometry_msgs/cmake)
[2.048s] -- Found tf2_kdl: 0.25.4 (/opt/ros/humble/share/tf2_kdl/cmake)
[2.087s] -- Found Boost: /usr/lib/x86_64-linux-gnu/cmake/Boost-1.74.0/BoostConfig.cmake (found version "1.74.0") found components: chrono date_time filesystem iostreams program_options regex serialization system thread 
[2.088s] --  *** Building MoveIt 2.5.5-Alpha ***
[2.098s] -- Found ament_cmake_gtest: 1.3.5 (/opt/ros/humble/share/ament_cmake_gtest/cmake)
[2.098s] -- Found gtest sources under '/opt/ros/humble/src/gtest_vendor': C++ tests using 'Google Test' will be built
[2.111s] -- Found ament_cmake_gmock: 1.3.5 (/opt/ros/humble/share/ament_cmake_gmock/cmake)
[2.113s] -- Found gmock sources under '/opt/ros/humble/src/gmock_vendor': C++ tests using 'Google Mock' will be built
[2.116s] -- Found ament_cmake_gtest: 1.3.5 (/opt/ros/humble/share/ament_cmake_gtest/cmake)
[2.117s] -- Found gtest sources under '/opt/ros/humble/src/gtest_vendor': C++ tests using 'Google Test' will be built
[2.130s] -- Found ament_cmake_gtest: 1.3.5 (/opt/ros/humble/share/ament_cmake_gtest/cmake)
[2.130s] -- Found gtest sources under '/opt/ros/humble/src/gtest_vendor': C++ tests using 'Google Test' will be built
[2.161s] -- Found ament_cmake_gtest: 1.3.5 (/opt/ros/humble/share/ament_cmake_gtest/cmake)
[2.161s] -- Found gtest sources under '/opt/ros/humble/src/gtest_vendor': C++ tests using 'Google Test' will be built
[2.174s] -- Found ament_lint_auto: 0.12.8 (/opt/ros/humble/share/ament_lint_auto/cmake)
[2.175s] -- Found ament_cmake_gtest: 1.3.5 (/opt/ros/humble/share/ament_cmake_gtest/cmake)
[2.175s] -- Found gtest sources under '/opt/ros/humble/src/gtest_vendor': C++ tests using 'Google Test' will be built
[2.196s] -- Found ament_cmake_gtest: 1.3.5 (/opt/ros/humble/share/ament_cmake_gtest/cmake)
[2.197s] -- Found gtest sources under '/opt/ros/humble/src/gtest_vendor': C++ tests using 'Google Test' will be built
[2.212s] -- Found ament_cmake_gtest: 1.3.5 (/opt/ros/humble/share/ament_cmake_gtest/cmake)
[2.213s] -- Found gtest sources under '/opt/ros/humble/src/gtest_vendor': C++ tests using 'Google Test' will be built
[2.223s] -- Found ament_cmake_gtest: 1.3.5 (/opt/ros/humble/share/ament_cmake_gtest/cmake)
[2.224s] -- Found gtest sources under '/opt/ros/humble/src/gtest_vendor': C++ tests using 'Google Test' will be built
[2.235s] -- Found gtest sources under '/opt/ros/humble/src/gtest_vendor': C++ tests using 'Google Test' will be built
[2.246s] -- Found gtest sources under '/opt/ros/humble/src/gtest_vendor': C++ tests using 'Google Test' will be built
[2.259s] -- Found ament_cmake_gtest: 1.3.5 (/opt/ros/humble/share/ament_cmake_gtest/cmake)
[2.260s] -- Found gtest sources under '/opt/ros/humble/src/gtest_vendor': C++ tests using 'Google Test' will be built
[2.284s] -- Found gtest sources under '/opt/ros/humble/src/gtest_vendor': C++ tests using 'Google Test' will be built
[2.302s] -- Found gtest sources under '/opt/ros/humble/src/gtest_vendor': C++ tests using 'Google Test' will be built
[2.315s] -- Found gtest sources under '/opt/ros/humble/src/gtest_vendor': C++ tests using 'Google Test' will be built
[2.321s] -- Found ament_lint_auto: 0.12.8 (/opt/ros/humble/share/ament_lint_auto/cmake)
[2.347s] -- Added test 'cppcheck' to perform static code analysis on C / C++ code
[2.349s] -- Configured cppcheck include dirs: /home/nghiaphanbk/WeldingRobot_ws/src/moveit2/moveit_core/exceptions/include;/home/nghiaphanbk/WeldingRobot_ws/src/moveit2/moveit_core/collision_detection/include;/home/nghiaphanbk/WeldingRobot_ws/src/moveit2/moveit_core/collision_detection_fcl/include;/home/nghiaphanbk/WeldingRobot_ws/src/moveit2/moveit_core/collision_detection_bullet/include;/home/nghiaphanbk/WeldingRobot_ws/src/moveit2/moveit_core/constraint_samplers/include;/home/nghiaphanbk/WeldingRobot_ws/src/moveit2/moveit_core/controller_manager/include;/home/nghiaphanbk/WeldingRobot_ws/src/moveit2/moveit_core/distance_field/include;/home/nghiaphanbk/WeldingRobot_ws/src/moveit2/moveit_core/collision_distance_field/include;/home/nghiaphanbk/WeldingRobot_ws/src/moveit2/moveit_core/dynamics_solver/include;/home/nghiaphanbk/WeldingRobot_ws/src/moveit2/moveit_core/kinematics_base/include;/home/nghiaphanbk/WeldingRobot_ws/src/moveit2/moveit_core/kinematics_metrics/include;/home/nghiaphanbk/WeldingRobot_ws/src/moveit2/moveit_core/robot_model/include;/home/nghiaphanbk/WeldingRobot_ws/src/moveit2/moveit_core/transforms/include;/home/nghiaphanbk/WeldingRobot_ws/src/moveit2/moveit_core/robot_state/include;/home/nghiaphanbk/WeldingRobot_ws/src/moveit2/moveit_core/robot_trajectory/include;/home/nghiaphanbk/WeldingRobot_ws/src/moveit2/moveit_core/kinematic_constraints/include;/home/nghiaphanbk/WeldingRobot_ws/src/moveit2/moveit_core/macros/include;/home/nghiaphanbk/WeldingRobot_ws/src/moveit2/moveit_core/online_signal_smoothing/include;/home/nghiaphanbk/WeldingRobot_ws/src/moveit2/moveit_core/planning_interface/include;/home/nghiaphanbk/WeldingRobot_ws/src/moveit2/moveit_core/planning_request_adapter/include;/home/nghiaphanbk/WeldingRobot_ws/src/moveit2/moveit_core/planning_scene/include;/home/nghiaphanbk/WeldingRobot_ws/src/moveit2/moveit_core/sensor_manager/include;/home/nghiaphanbk/WeldingRobot_ws/src/moveit2/moveit_core/trajectory_processing/include;/home/nghiaphanbk/WeldingRobot_ws/src/moveit2/moveit_core/utils/include
[2.349s] -- Configured cppcheck exclude dirs and/or files: 
[2.350s] -- Added test 'pep257' to check Python code against some of the docstring style conventions in PEP 257
[2.352s] -- Added test 'xmllint' to check XML markup files
[2.354s] -- Configuring done
[2.863s] -- Generating done
[2.871s] -- Build files have been written to: /home/nghiaphanbk/WeldingRobot_ws/build/moveit_core
[2.896s] Invoked command in '/home/nghiaphanbk/WeldingRobot_ws/build/moveit_core' returned '0': CMAKE_PREFIX_PATH=/home/nghiaphanbk/WeldingRobot_ws/install/moveit_resources_panda_moveit_config:/home/nghiaphanbk/WeldingRobot_ws/install/srdfdom:/home/nghiaphanbk/WeldingRobot_ws/install/moveit_resources_pr2_description:/home/nghiaphanbk/WeldingRobot_ws/install/moveit_resources_panda_description:/home/nghiaphanbk/WeldingRobot_ws/install/moveit_common:/home/nghiaphanbk/WeldingRobot_ws/install/pilz_industrial_motion_planner_testutils:/home/nghiaphanbk/WeldingRobot_ws/install/moveit_visual_tools:/home/nghiaphanbk/WeldingRobot_ws/install/moveit_ros_control_interface:/home/nghiaphanbk/WeldingRobot_ws/install/moveit_plugins:/home/nghiaphanbk/WeldingRobot_ws/install/moveit_simple_controller_manager:/home/nghiaphanbk/WeldingRobot_ws/install/moveit_ros_warehouse:/home/nghiaphanbk/WeldingRobot_ws/install/moveit_ros_robot_interaction:/home/nghiaphanbk/WeldingRobot_ws/install/moveit_ros_perception:/home/nghiaphanbk/WeldingRobot_ws/install/moveit_ros_planning:/home/nghiaphanbk/WeldingRobot_ws/install/moveit_ros_occupancy_map_monitor:/home/nghiaphanbk/WeldingRobot_ws/install/moveit_resources_prbt_ikfast_manipulator_plugin:/home/nghiaphanbk/WeldingRobot_ws/install/moveit_planners_chomp:/home/nghiaphanbk/WeldingRobot_ws/install/moveit_kinematics:/home/nghiaphanbk/WeldingRobot_ws/install/moveit_chomp_optimizer_adapter:/home/nghiaphanbk/WeldingRobot_ws/install/chomp_motion_planner:/home/nghiaphanbk/WeldingRobot_ws/install/moveit_core:/home/nghiaphanbk/WeldingRobot_ws/install/rviz_marker_tools:/home/nghiaphanbk/WeldingRobot_ws/install/rosparam_shortcuts:/home/nghiaphanbk/WeldingRobot_ws/install/moveit_task_constructor_msgs:/home/nghiaphanbk/WeldingRobot_ws/install/moveit_resources_prbt_support:/home/nghiaphanbk/WeldingRobot_ws/install/moveit_resources:/home/nghiaphanbk/WeldingRobot_ws/install/moveit_resources_fanuc_moveit_config:/home/nghiaphanbk/WeldingRobot_ws/install/moveit_resources_fanuc_description:/home/nghiaphanbk/WeldingRobot_ws/install/moveit_configs_utils:/home/nghiaphanbk/WeldingRobot_ws/install/launch_param_builder:/home/nghiaphanbk/WeldingRobot_ws/install/Model_Robot:/home/nghiaphanbk/ros2_ws/install/my_robot_controller:/opt/ros/humble LD_LIBRARY_PATH=/home/nghiaphanbk/WeldingRobot_ws/install/srdfdom/lib:/home/nghiaphanbk/WeldingRobot_ws/install/pilz_industrial_motion_planner_testutils/lib:/home/nghiaphanbk/WeldingRobot_ws/install/moveit_visual_tools/lib:/home/nghiaphanbk/WeldingRobot_ws/install/moveit_ros_control_interface/lib:/home/nghiaphanbk/WeldingRobot_ws/install/moveit_simple_controller_manager/lib:/home/nghiaphanbk/WeldingRobot_ws/install/moveit_ros_warehouse/lib:/home/nghiaphanbk/WeldingRobot_ws/install/moveit_ros_robot_interaction/lib:/home/nghiaphanbk/WeldingRobot_ws/install/moveit_ros_perception/lib:/home/nghiaphanbk/WeldingRobot_ws/install/moveit_ros_planning/lib:/home/nghiaphanbk/WeldingRobot_ws/install/moveit_ros_occupancy_map_monitor/lib:/home/nghiaphanbk/WeldingRobot_ws/install/moveit_resources_prbt_ikfast_manipulator_plugin/lib:/home/nghiaphanbk/WeldingRobot_ws/install/moveit_planners_chomp/lib:/home/nghiaphanbk/WeldingRobot_ws/install/moveit_kinematics/lib:/home/nghiaphanbk/WeldingRobot_ws/install/moveit_chomp_optimizer_adapter/lib:/home/nghiaphanbk/WeldingRobot_ws/install/chomp_motion_planner/lib:/home/nghiaphanbk/WeldingRobot_ws/install/moveit_core/lib:/home/nghiaphanbk/WeldingRobot_ws/install/rviz_marker_tools/lib:/home/nghiaphanbk/WeldingRobot_ws/install/rosparam_shortcuts/lib:/home/nghiaphanbk/WeldingRobot_ws/install/moveit_task_constructor_msgs/lib:/opt/ros/humble/opt/rviz_ogre_vendor/lib:/opt/ros/humble/lib/x86_64-linux-gnu:/opt/ros/humble/lib /usr/bin/cmake /home/nghiaphanbk/WeldingRobot_ws/src/moveit2/moveit_core -DCMAKE_INSTALL_PREFIX=/home/nghiaphanbk/WeldingRobot_ws/install/moveit_core
[2.897s] Invoking command in '/home/nghiaphanbk/WeldingRobot_ws/build/moveit_core': CMAKE_PREFIX_PATH=/home/nghiaphanbk/WeldingRobot_ws/install/moveit_resources_panda_moveit_config:/home/nghiaphanbk/WeldingRobot_ws/install/srdfdom:/home/nghiaphanbk/WeldingRobot_ws/install/moveit_resources_pr2_description:/home/nghiaphanbk/WeldingRobot_ws/install/moveit_resources_panda_description:/home/nghiaphanbk/WeldingRobot_ws/install/moveit_common:/home/nghiaphanbk/WeldingRobot_ws/install/pilz_industrial_motion_planner_testutils:/home/nghiaphanbk/WeldingRobot_ws/install/moveit_visual_tools:/home/nghiaphanbk/WeldingRobot_ws/install/moveit_ros_control_interface:/home/nghiaphanbk/WeldingRobot_ws/install/moveit_plugins:/home/nghiaphanbk/WeldingRobot_ws/install/moveit_simple_controller_manager:/home/nghiaphanbk/WeldingRobot_ws/install/moveit_ros_warehouse:/home/nghiaphanbk/WeldingRobot_ws/install/moveit_ros_robot_interaction:/home/nghiaphanbk/WeldingRobot_ws/install/moveit_ros_perception:/home/nghiaphanbk/WeldingRobot_ws/install/moveit_ros_planning:/home/nghiaphanbk/WeldingRobot_ws/install/moveit_ros_occupancy_map_monitor:/home/nghiaphanbk/WeldingRobot_ws/install/moveit_resources_prbt_ikfast_manipulator_plugin:/home/nghiaphanbk/WeldingRobot_ws/install/moveit_planners_chomp:/home/nghiaphanbk/WeldingRobot_ws/install/moveit_kinematics:/home/nghiaphanbk/WeldingRobot_ws/install/moveit_chomp_optimizer_adapter:/home/nghiaphanbk/WeldingRobot_ws/install/chomp_motion_planner:/home/nghiaphanbk/WeldingRobot_ws/install/moveit_core:/home/nghiaphanbk/WeldingRobot_ws/install/rviz_marker_tools:/home/nghiaphanbk/WeldingRobot_ws/install/rosparam_shortcuts:/home/nghiaphanbk/WeldingRobot_ws/install/moveit_task_constructor_msgs:/home/nghiaphanbk/WeldingRobot_ws/install/moveit_resources_prbt_support:/home/nghiaphanbk/WeldingRobot_ws/install/moveit_resources:/home/nghiaphanbk/WeldingRobot_ws/install/moveit_resources_fanuc_moveit_config:/home/nghiaphanbk/WeldingRobot_ws/install/moveit_resources_fanuc_description:/home/nghiaphanbk/WeldingRobot_ws/install/moveit_configs_utils:/home/nghiaphanbk/WeldingRobot_ws/install/launch_param_builder:/home/nghiaphanbk/WeldingRobot_ws/install/Model_Robot:/home/nghiaphanbk/ros2_ws/install/my_robot_controller:/opt/ros/humble LD_LIBRARY_PATH=/home/nghiaphanbk/WeldingRobot_ws/install/srdfdom/lib:/home/nghiaphanbk/WeldingRobot_ws/install/pilz_industrial_motion_planner_testutils/lib:/home/nghiaphanbk/WeldingRobot_ws/install/moveit_visual_tools/lib:/home/nghiaphanbk/WeldingRobot_ws/install/moveit_ros_control_interface/lib:/home/nghiaphanbk/WeldingRobot_ws/install/moveit_simple_controller_manager/lib:/home/nghiaphanbk/WeldingRobot_ws/install/moveit_ros_warehouse/lib:/home/nghiaphanbk/WeldingRobot_ws/install/moveit_ros_robot_interaction/lib:/home/nghiaphanbk/WeldingRobot_ws/install/moveit_ros_perception/lib:/home/nghiaphanbk/WeldingRobot_ws/install/moveit_ros_planning/lib:/home/nghiaphanbk/WeldingRobot_ws/install/moveit_ros_occupancy_map_monitor/lib:/home/nghiaphanbk/WeldingRobot_ws/install/moveit_resources_prbt_ikfast_manipulator_plugin/lib:/home/nghiaphanbk/WeldingRobot_ws/install/moveit_planners_chomp/lib:/home/nghiaphanbk/WeldingRobot_ws/install/moveit_kinematics/lib:/home/nghiaphanbk/WeldingRobot_ws/install/moveit_chomp_optimizer_adapter/lib:/home/nghiaphanbk/WeldingRobot_ws/install/chomp_motion_planner/lib:/home/nghiaphanbk/WeldingRobot_ws/install/moveit_core/lib:/home/nghiaphanbk/WeldingRobot_ws/install/rviz_marker_tools/lib:/home/nghiaphanbk/WeldingRobot_ws/install/rosparam_shortcuts/lib:/home/nghiaphanbk/WeldingRobot_ws/install/moveit_task_constructor_msgs/lib:/opt/ros/humble/opt/rviz_ogre_vendor/lib:/opt/ros/humble/lib/x86_64-linux-gnu:/opt/ros/humble/lib /usr/bin/cmake --build /home/nghiaphanbk/WeldingRobot_ws/build/moveit_core -- -j12 -l12
[2.935s] [35m[1mConsolidate compiler generated dependencies of target moveit_exceptions[0m
[2.935s] [35m[1mConsolidate compiler generated dependencies of target gtest_main[0m
[2.935s] [35m[1mConsolidate compiler generated dependencies of target moveit_version[0m
[2.935s] [35m[1mConsolidate compiler generated dependencies of target gtest[0m
[2.935s] [35m[1mConsolidate compiler generated dependencies of target gmock_main[0m
[2.935s] [35m[1mConsolidate compiler generated dependencies of target moveit_kinematics_base[0m
[2.935s] [35m[1mConsolidate compiler generated dependencies of target moveit_utils[0m
[2.936s] [35m[1mConsolidate compiler generated dependencies of target moveit_smoothing_base[0m
[2.936s] [35m[1mConsolidate compiler generated dependencies of target moveit_transforms[0m
[2.936s] [35m[1mConsolidate compiler generated dependencies of target gmock[0m
[2.938s] [35m[1mConsolidate compiler generated dependencies of target moveit_distance_field[0m
[2.947s] [  1%] Built target moveit_butterworth_parameters
[2.948s] [  3%] Built target moveit_version
[2.950s] [  4%] Built target gtest_main
[2.951s] [  6%] Built target gtest
[2.951s] [  6%] Built target moveit_exceptions
[2.952s] [  7%] Built target gmock_main
[2.954s] [  9%] Built target moveit_smoothing_base
[2.954s] [ 10%] Built target moveit_utils
[2.954s] [ 12%] Built target gmock
[2.957s] [ 13%] Built target moveit_kinematics_base
[2.958s] [ 14%] Built target moveit_transforms
[2.967s] [35m[1mConsolidate compiler generated dependencies of target test_transforms[0m
[2.972s] [35m[1mConsolidate compiler generated dependencies of target moveit_robot_model[0m
[2.973s] [ 16%] Built target moveit_distance_field
[2.980s] [ 17%] Built target test_transforms
[2.982s] [35m[1mConsolidate compiler generated dependencies of target test_voxel_grid[0m
[2.982s] [35m[1mConsolidate compiler generated dependencies of target test_distance_field[0m
[2.997s] [ 18%] Built target test_voxel_grid
[3.002s] [ 19%] Built target test_distance_field
[3.003s] [ 26%] Built target moveit_robot_model
[3.013s] [35m[1mConsolidate compiler generated dependencies of target moveit_butterworth_filter[0m
[3.013s] [35m[1mConsolidate compiler generated dependencies of target moveit_test_utils[0m
[3.015s] [35m[1mConsolidate compiler generated dependencies of target moveit_robot_state[0m
[3.031s] [ 27%] Built target moveit_butterworth_filter
[3.035s] [ 28%] Built target moveit_test_utils
[3.040s] [ 31%] Built target moveit_robot_state
[3.041s] [35m[1mConsolidate compiler generated dependencies of target test_butterworth_filter[0m
[3.046s] [35m[1mConsolidate compiler generated dependencies of target test_robot_model[0m
[3.055s] [35m[1mConsolidate compiler generated dependencies of target test_robot_state_benchmark[0m
[3.055s] [35m[1mConsolidate compiler generated dependencies of target moveit_dynamics_solver[0m
[3.055s] [35m[1mConsolidate compiler generated dependencies of target moveit_kinematics_metrics[0m
[3.055s] [35m[1mConsolidate compiler generated dependencies of target moveit_robot_trajectory[0m
[3.055s] [35m[1mConsolidate compiler generated dependencies of target test_cartesian_interpolator[0m
[3.055s] [35m[1mConsolidate compiler generated dependencies of target test_robot_state_complex[0m
[3.056s] [35m[1mConsolidate compiler generated dependencies of target test_robot_state[0m
[3.056s] [35m[1mConsolidate compiler generated dependencies of target test_aabb[0m
[3.059s] [ 32%] Built target test_butterworth_filter
[3.065s] [35m[1mConsolidate compiler generated dependencies of target moveit_collision_detection[0m
[3.072s] [ 33%] Built target test_robot_model
[3.081s] [ 34%] Built target moveit_kinematics_metrics
[3.081s] [ 35%] Built target test_robot_state_complex
[3.082s] [ 36%] Built target test_robot_state_benchmark
[3.083s] [ 37%] Built target test_cartesian_interpolator
[3.083s] [ 39%] Built target moveit_dynamics_solver
[3.085s] [ 40%] Built target moveit_robot_trajectory
[3.085s] [ 41%] Built target test_aabb
[3.085s] [ 43%] Built target test_robot_state
[3.095s] [35m[1mConsolidate compiler generated dependencies of target test_robot_trajectory[0m
[3.096s] [35m[1mConsolidate compiler generated dependencies of target moveit_planning_interface[0m
[3.100s] [35m[1mConsolidate compiler generated dependencies of target moveit_trajectory_processing[0m
[3.111s] [ 49%] Built target moveit_collision_detection
[3.113s] [ 50%] Built target test_robot_trajectory
[3.118s] [ 52%] Built target moveit_planning_interface
[3.121s] [35m[1mConsolidate compiler generated dependencies of target test_world_diff[0m
[3.122s] [35m[1mConsolidate compiler generated dependencies of target test_all_valid[0m
[3.122s] [35m[1mConsolidate compiler generated dependencies of target moveit_collision_detection_fcl[0m
[3.124s] [35m[1mConsolidate compiler generated dependencies of target test_world[0m
[3.128s] [35m[1mConsolidate compiler generated dependencies of target moveit_collision_detection_bullet[0m
[3.131s] [ 56%] Built target moveit_trajectory_processing
[3.134s] [ 58%] Built target test_world_diff
[3.138s] [ 59%] Built target test_world
[3.140s] [ 60%] Built target test_all_valid
[3.142s] [35m[1mConsolidate compiler generated dependencies of target test_time_parameterization[0m
[3.142s] [35m[1mConsolidate compiler generated dependencies of target test_ruckig_traj_smoothing[0m
[3.146s] [35m[1mConsolidate compiler generated dependencies of target test_time_optimal_trajectory_generation[0m
[3.152s] [ 62%] Built target moveit_collision_detection_fcl
[3.161s] [ 63%] Built target test_time_parameterization
[3.162s] [ 64%] Built target test_ruckig_traj_smoothing
[3.163s] [35m[1mConsolidate compiler generated dependencies of target test_fcl_collision_env[0m
[3.164s] [35m[1mConsolidate compiler generated dependencies of target test_fcl_collision_detection[0m
[3.165s] [35m[1mConsolidate compiler generated dependencies of target moveit_kinematic_constraints[0m
[3.166s] [35m[1mConsolidate compiler generated dependencies of target test_fcl_collision_detection_panda[0m
[3.167s] [ 66%] Built target test_time_optimal_trajectory_generation
[3.171s] [ 71%] Built target moveit_collision_detection_bullet
[3.182s] [35m[1mConsolidate compiler generated dependencies of target test_bullet_collision_detection[0m
[3.183s] [35m[1mConsolidate compiler generated dependencies of target test_bullet_collision_detection_panda[0m
[3.184s] [35m[1mConsolidate compiler generated dependencies of target test_bullet_continuous_collision_checking[0m
[3.188s] [ 73%] Built target test_fcl_collision_env
[3.191s] [ 74%] Built target test_fcl_collision_detection
[3.198s] [ 75%] Built target test_fcl_collision_detection_panda
[3.199s] [ 77%] Built target moveit_kinematic_constraints
[3.204s] [ 78%] Built target test_bullet_collision_detection
[3.205s] [ 80%] Built target test_bullet_continuous_collision_checking
[3.206s] [ 81%] Built target test_bullet_collision_detection_panda
[3.209s] [35m[1mConsolidate compiler generated dependencies of target test_constraints[0m
[3.209s] [35m[1mConsolidate compiler generated dependencies of target test_orientation_constraints[0m
[3.209s] [35m[1mConsolidate compiler generated dependencies of target moveit_planning_scene[0m
[3.227s] [ 83%] Built target test_orientation_constraints
[3.227s] [ 83%] Built target test_constraints
[3.232s] [ 84%] Built target moveit_planning_scene
[3.243s] [35m[1mConsolidate compiler generated dependencies of target moveit_planning_request_adapter[0m
[3.243s] [35m[1mConsolidate compiler generated dependencies of target test_multi_threaded[0m
[3.243s] [35m[1mConsolidate compiler generated dependencies of target test_collision_objects[0m
[3.243s] [35m[1mConsolidate compiler generated dependencies of target collision_detector_bullet_plugin[0m
[3.246s] [35m[1mConsolidate compiler generated dependencies of target test_planning_scene[0m
[3.247s] [35m[1mConsolidate compiler generated dependencies of target collision_detector_fcl_plugin[0m
[3.250s] [35m[1mConsolidate compiler generated dependencies of target moveit_collision_distance_field[0m
[3.251s] [35m[1mConsolidate compiler generated dependencies of target moveit_constraint_samplers[0m
[3.262s] [ 86%] Built target collision_detector_bullet_plugin
[3.262s] [ 86%] Built target moveit_planning_request_adapter
[3.262s] [ 87%] Built target test_multi_threaded
[3.264s] [ 88%] Built target test_collision_objects
[3.273s] [ 89%] Built target collision_detector_fcl_plugin
[3.274s] [ 90%] Built target test_planning_scene
[3.283s] [ 93%] Built target moveit_constraint_samplers
[3.285s] [ 96%] Built target moveit_collision_distance_field
[3.299s] [35m[1mConsolidate compiler generated dependencies of target test_collision_distance_field[0m
[3.299s] [35m[1mConsolidate compiler generated dependencies of target test_constraint_samplers[0m
[3.319s] [ 97%] Built target test_collision_distance_field
[3.324s] [100%] Built target test_constraint_samplers
[3.333s] Invoked command in '/home/nghiaphanbk/WeldingRobot_ws/build/moveit_core' returned '0': CMAKE_PREFIX_PATH=/home/nghiaphanbk/WeldingRobot_ws/install/moveit_resources_panda_moveit_config:/home/nghiaphanbk/WeldingRobot_ws/install/srdfdom:/home/nghiaphanbk/WeldingRobot_ws/install/moveit_resources_pr2_description:/home/nghiaphanbk/WeldingRobot_ws/install/moveit_resources_panda_description:/home/nghiaphanbk/WeldingRobot_ws/install/moveit_common:/home/nghiaphanbk/WeldingRobot_ws/install/pilz_industrial_motion_planner_testutils:/home/nghiaphanbk/WeldingRobot_ws/install/moveit_visual_tools:/home/nghiaphanbk/WeldingRobot_ws/install/moveit_ros_control_interface:/home/nghiaphanbk/WeldingRobot_ws/install/moveit_plugins:/home/nghiaphanbk/WeldingRobot_ws/install/moveit_simple_controller_manager:/home/nghiaphanbk/WeldingRobot_ws/install/moveit_ros_warehouse:/home/nghiaphanbk/WeldingRobot_ws/install/moveit_ros_robot_interaction:/home/nghiaphanbk/WeldingRobot_ws/install/moveit_ros_perception:/home/nghiaphanbk/WeldingRobot_ws/install/moveit_ros_planning:/home/nghiaphanbk/WeldingRobot_ws/install/moveit_ros_occupancy_map_monitor:/home/nghiaphanbk/WeldingRobot_ws/install/moveit_resources_prbt_ikfast_manipulator_plugin:/home/nghiaphanbk/WeldingRobot_ws/install/moveit_planners_chomp:/home/nghiaphanbk/WeldingRobot_ws/install/moveit_kinematics:/home/nghiaphanbk/WeldingRobot_ws/install/moveit_chomp_optimizer_adapter:/home/nghiaphanbk/WeldingRobot_ws/install/chomp_motion_planner:/home/nghiaphanbk/WeldingRobot_ws/install/moveit_core:/home/nghiaphanbk/WeldingRobot_ws/install/rviz_marker_tools:/home/nghiaphanbk/WeldingRobot_ws/install/rosparam_shortcuts:/home/nghiaphanbk/WeldingRobot_ws/install/moveit_task_constructor_msgs:/home/nghiaphanbk/WeldingRobot_ws/install/moveit_resources_prbt_support:/home/nghiaphanbk/WeldingRobot_ws/install/moveit_resources:/home/nghiaphanbk/WeldingRobot_ws/install/moveit_resources_fanuc_moveit_config:/home/nghiaphanbk/WeldingRobot_ws/install/moveit_resources_fanuc_description:/home/nghiaphanbk/WeldingRobot_ws/install/moveit_configs_utils:/home/nghiaphanbk/WeldingRobot_ws/install/launch_param_builder:/home/nghiaphanbk/WeldingRobot_ws/install/Model_Robot:/home/nghiaphanbk/ros2_ws/install/my_robot_controller:/opt/ros/humble LD_LIBRARY_PATH=/home/nghiaphanbk/WeldingRobot_ws/install/srdfdom/lib:/home/nghiaphanbk/WeldingRobot_ws/install/pilz_industrial_motion_planner_testutils/lib:/home/nghiaphanbk/WeldingRobot_ws/install/moveit_visual_tools/lib:/home/nghiaphanbk/WeldingRobot_ws/install/moveit_ros_control_interface/lib:/home/nghiaphanbk/WeldingRobot_ws/install/moveit_simple_controller_manager/lib:/home/nghiaphanbk/WeldingRobot_ws/install/moveit_ros_warehouse/lib:/home/nghiaphanbk/WeldingRobot_ws/install/moveit_ros_robot_interaction/lib:/home/nghiaphanbk/WeldingRobot_ws/install/moveit_ros_perception/lib:/home/nghiaphanbk/WeldingRobot_ws/install/moveit_ros_planning/lib:/home/nghiaphanbk/WeldingRobot_ws/install/moveit_ros_occupancy_map_monitor/lib:/home/nghiaphanbk/WeldingRobot_ws/install/moveit_resources_prbt_ikfast_manipulator_plugin/lib:/home/nghiaphanbk/WeldingRobot_ws/install/moveit_planners_chomp/lib:/home/nghiaphanbk/WeldingRobot_ws/install/moveit_kinematics/lib:/home/nghiaphanbk/WeldingRobot_ws/install/moveit_chomp_optimizer_adapter/lib:/home/nghiaphanbk/WeldingRobot_ws/install/chomp_motion_planner/lib:/home/nghiaphanbk/WeldingRobot_ws/install/moveit_core/lib:/home/nghiaphanbk/WeldingRobot_ws/install/rviz_marker_tools/lib:/home/nghiaphanbk/WeldingRobot_ws/install/rosparam_shortcuts/lib:/home/nghiaphanbk/WeldingRobot_ws/install/moveit_task_constructor_msgs/lib:/opt/ros/humble/opt/rviz_ogre_vendor/lib:/opt/ros/humble/lib/x86_64-linux-gnu:/opt/ros/humble/lib /usr/bin/cmake --build /home/nghiaphanbk/WeldingRobot_ws/build/moveit_core -- -j12 -l12
[3.392s] Invoking command in '/home/nghiaphanbk/WeldingRobot_ws/build/moveit_core': CMAKE_PREFIX_PATH=/home/nghiaphanbk/WeldingRobot_ws/install/moveit_resources_panda_moveit_config:/home/nghiaphanbk/WeldingRobot_ws/install/srdfdom:/home/nghiaphanbk/WeldingRobot_ws/install/moveit_resources_pr2_description:/home/nghiaphanbk/WeldingRobot_ws/install/moveit_resources_panda_description:/home/nghiaphanbk/WeldingRobot_ws/install/moveit_common:/home/nghiaphanbk/WeldingRobot_ws/install/pilz_industrial_motion_planner_testutils:/home/nghiaphanbk/WeldingRobot_ws/install/moveit_visual_tools:/home/nghiaphanbk/WeldingRobot_ws/install/moveit_ros_control_interface:/home/nghiaphanbk/WeldingRobot_ws/install/moveit_plugins:/home/nghiaphanbk/WeldingRobot_ws/install/moveit_simple_controller_manager:/home/nghiaphanbk/WeldingRobot_ws/install/moveit_ros_warehouse:/home/nghiaphanbk/WeldingRobot_ws/install/moveit_ros_robot_interaction:/home/nghiaphanbk/WeldingRobot_ws/install/moveit_ros_perception:/home/nghiaphanbk/WeldingRobot_ws/install/moveit_ros_planning:/home/nghiaphanbk/WeldingRobot_ws/install/moveit_ros_occupancy_map_monitor:/home/nghiaphanbk/WeldingRobot_ws/install/moveit_resources_prbt_ikfast_manipulator_plugin:/home/nghiaphanbk/WeldingRobot_ws/install/moveit_planners_chomp:/home/nghiaphanbk/WeldingRobot_ws/install/moveit_kinematics:/home/nghiaphanbk/WeldingRobot_ws/install/moveit_chomp_optimizer_adapter:/home/nghiaphanbk/WeldingRobot_ws/install/chomp_motion_planner:/home/nghiaphanbk/WeldingRobot_ws/install/moveit_core:/home/nghiaphanbk/WeldingRobot_ws/install/rviz_marker_tools:/home/nghiaphanbk/WeldingRobot_ws/install/rosparam_shortcuts:/home/nghiaphanbk/WeldingRobot_ws/install/moveit_task_constructor_msgs:/home/nghiaphanbk/WeldingRobot_ws/install/moveit_resources_prbt_support:/home/nghiaphanbk/WeldingRobot_ws/install/moveit_resources:/home/nghiaphanbk/WeldingRobot_ws/install/moveit_resources_fanuc_moveit_config:/home/nghiaphanbk/WeldingRobot_ws/install/moveit_resources_fanuc_description:/home/nghiaphanbk/WeldingRobot_ws/install/moveit_configs_utils:/home/nghiaphanbk/WeldingRobot_ws/install/launch_param_builder:/home/nghiaphanbk/WeldingRobot_ws/install/Model_Robot:/home/nghiaphanbk/ros2_ws/install/my_robot_controller:/opt/ros/humble LD_LIBRARY_PATH=/home/nghiaphanbk/WeldingRobot_ws/install/srdfdom/lib:/home/nghiaphanbk/WeldingRobot_ws/install/pilz_industrial_motion_planner_testutils/lib:/home/nghiaphanbk/WeldingRobot_ws/install/moveit_visual_tools/lib:/home/nghiaphanbk/WeldingRobot_ws/install/moveit_ros_control_interface/lib:/home/nghiaphanbk/WeldingRobot_ws/install/moveit_simple_controller_manager/lib:/home/nghiaphanbk/WeldingRobot_ws/install/moveit_ros_warehouse/lib:/home/nghiaphanbk/WeldingRobot_ws/install/moveit_ros_robot_interaction/lib:/home/nghiaphanbk/WeldingRobot_ws/install/moveit_ros_perception/lib:/home/nghiaphanbk/WeldingRobot_ws/install/moveit_ros_planning/lib:/home/nghiaphanbk/WeldingRobot_ws/install/moveit_ros_occupancy_map_monitor/lib:/home/nghiaphanbk/WeldingRobot_ws/install/moveit_resources_prbt_ikfast_manipulator_plugin/lib:/home/nghiaphanbk/WeldingRobot_ws/install/moveit_planners_chomp/lib:/home/nghiaphanbk/WeldingRobot_ws/install/moveit_kinematics/lib:/home/nghiaphanbk/WeldingRobot_ws/install/moveit_chomp_optimizer_adapter/lib:/home/nghiaphanbk/WeldingRobot_ws/install/chomp_motion_planner/lib:/home/nghiaphanbk/WeldingRobot_ws/install/moveit_core/lib:/home/nghiaphanbk/WeldingRobot_ws/install/rviz_marker_tools/lib:/home/nghiaphanbk/WeldingRobot_ws/install/rosparam_shortcuts/lib:/home/nghiaphanbk/WeldingRobot_ws/install/moveit_task_constructor_msgs/lib:/opt/ros/humble/opt/rviz_ogre_vendor/lib:/opt/ros/humble/lib/x86_64-linux-gnu:/opt/ros/humble/lib /usr/bin/cmake --install /home/nghiaphanbk/WeldingRobot_ws/build/moveit_core
[3.399s] -- Install configuration: "Release"
[3.399s] -- Up-to-date: /home/nghiaphanbk/WeldingRobot_ws/install/moveit_core/include/moveit/version.h
[3.399s] -- Up-to-date: /home/nghiaphanbk/WeldingRobot_ws/install/moveit_core/include
[3.399s] -- Up-to-date: /home/nghiaphanbk/WeldingRobot_ws/install/moveit_core/include/moveit
[3.399s] -- Up-to-date: /home/nghiaphanbk/WeldingRobot_ws/install/moveit_core/include/moveit/collision_distance_field
[3.399s] -- Up-to-date: /home/nghiaphanbk/WeldingRobot_ws/install/moveit_core/include/moveit/collision_distance_field/collision_detector_allocator_distance_field.h
[3.400s] -- Up-to-date: /home/nghiaphanbk/WeldingRobot_ws/install/moveit_core/include/moveit/collision_distance_field/collision_detector_allocator_hybrid.h
[3.400s] -- Up-to-date: /home/nghiaphanbk/WeldingRobot_ws/install/moveit_core/include/moveit/collision_distance_field/collision_distance_field_types.h
[3.400s] -- Up-to-date: /home/nghiaphanbk/WeldingRobot_ws/install/moveit_core/include/moveit/collision_distance_field/collision_env_distance_field.h
[3.400s] -- Up-to-date: /home/nghiaphanbk/WeldingRobot_ws/install/moveit_core/include/moveit/collision_distance_field/collision_env_hybrid.h
[3.400s] -- Up-to-date: /home/nghiaphanbk/WeldingRobot_ws/install/moveit_core/include/moveit/collision_distance_field/collision_common_distance_field.h
[3.400s] -- Up-to-date: /home/nghiaphanbk/WeldingRobot_ws/install/moveit_core/include/moveit_collision_distance_field_export.h
[3.400s] -- Up-to-date: /home/nghiaphanbk/WeldingRobot_ws/install/moveit_core/include
[3.400s] -- Up-to-date: /home/nghiaphanbk/WeldingRobot_ws/install/moveit_core/include/moveit
[3.400s] -- Up-to-date: /home/nghiaphanbk/WeldingRobot_ws/install/moveit_core/include/moveit/constraint_samplers
[3.400s] -- Up-to-date: /home/nghiaphanbk/WeldingRobot_ws/install/moveit_core/include/moveit/constraint_samplers/constraint_sampler.h
[3.400s] -- Up-to-date: /home/nghiaphanbk/WeldingRobot_ws/install/moveit_core/include/moveit/constraint_samplers/constraint_sampler_tools.h
[3.400s] -- Up-to-date: /home/nghiaphanbk/WeldingRobot_ws/install/moveit_core/include/moveit/constraint_samplers/constraint_sampler_manager.h
[3.400s] -- Up-to-date: /home/nghiaphanbk/WeldingRobot_ws/install/moveit_core/include/moveit/constraint_samplers/union_constraint_sampler.h
[3.400s] -- Up-to-date: /home/nghiaphanbk/WeldingRobot_ws/install/moveit_core/include/moveit/constraint_samplers/default_constraint_samplers.h
[3.400s] -- Up-to-date: /home/nghiaphanbk/WeldingRobot_ws/install/moveit_core/include/moveit/constraint_samplers/constraint_sampler_allocator.h
[3.400s] -- Up-to-date: /home/nghiaphanbk/WeldingRobot_ws/install/moveit_core/include
[3.401s] -- Up-to-date: /home/nghiaphanbk/WeldingRobot_ws/install/moveit_core/include/moveit
[3.401s] -- Up-to-date: /home/nghiaphanbk/WeldingRobot_ws/install/moveit_core/include/moveit/controller_manager
[3.401s] -- Up-to-date: /home/nghiaphanbk/WeldingRobot_ws/install/moveit_core/include/moveit/controller_manager/controller_manager.h
[3.401s] -- Up-to-date: /home/nghiaphanbk/WeldingRobot_ws/install/moveit_core/include
[3.401s] -- Up-to-date: /home/nghiaphanbk/WeldingRobot_ws/install/moveit_core/include/moveit
[3.401s] -- Up-to-date: /home/nghiaphanbk/WeldingRobot_ws/install/moveit_core/include/moveit/distance_field
[3.401s] -- Up-to-date: /home/nghiaphanbk/WeldingRobot_ws/install/moveit_core/include/moveit/distance_field/voxel_grid.h
[3.401s] -- Up-to-date: /home/nghiaphanbk/WeldingRobot_ws/install/moveit_core/include/moveit/distance_field/find_internal_points.h
[3.401s] -- Up-to-date: /home/nghiaphanbk/WeldingRobot_ws/install/moveit_core/include/moveit/distance_field/distance_field.h
[3.401s] -- Up-to-date: /home/nghiaphanbk/WeldingRobot_ws/install/moveit_core/include/moveit/distance_field/propagation_distance_field.h
[3.401s] -- Up-to-date: /home/nghiaphanbk/WeldingRobot_ws/install/moveit_core/include
[3.401s] -- Up-to-date: /home/nghiaphanbk/WeldingRobot_ws/install/moveit_core/include/moveit
[3.401s] -- Up-to-date: /home/nghiaphanbk/WeldingRobot_ws/install/moveit_core/include/moveit/dynamics_solver
[3.401s] -- Up-to-date: /home/nghiaphanbk/WeldingRobot_ws/install/moveit_core/include/moveit/dynamics_solver/dynamics_solver.h
[3.401s] -- Up-to-date: /home/nghiaphanbk/WeldingRobot_ws/install/moveit_core/include
[3.401s] -- Up-to-date: /home/nghiaphanbk/WeldingRobot_ws/install/moveit_core/include/moveit
[3.401s] -- Up-to-date: /home/nghiaphanbk/WeldingRobot_ws/install/moveit_core/include/moveit/exceptions
[3.401s] -- Up-to-date: /home/nghiaphanbk/WeldingRobot_ws/install/moveit_core/include/moveit/exceptions/exceptions.h
[3.401s] -- Up-to-date: /home/nghiaphanbk/WeldingRobot_ws/install/moveit_core/include
[3.401s] -- Up-to-date: /home/nghiaphanbk/WeldingRobot_ws/install/moveit_core/include/moveit
[3.402s] -- Up-to-date: /home/nghiaphanbk/WeldingRobot_ws/install/moveit_core/include/moveit/kinematics_base
[3.402s] -- Up-to-date: /home/nghiaphanbk/WeldingRobot_ws/install/moveit_core/include/moveit/kinematics_base/kinematics_base.h
[3.402s] -- Up-to-date: /home/nghiaphanbk/WeldingRobot_ws/install/moveit_core/include/moveit_kinematics_base_export.h
[3.402s] -- Up-to-date: /home/nghiaphanbk/WeldingRobot_ws/install/moveit_core/include
[3.402s] -- Up-to-date: /home/nghiaphanbk/WeldingRobot_ws/install/moveit_core/include/moveit
[3.402s] -- Up-to-date: /home/nghiaphanbk/WeldingRobot_ws/install/moveit_core/include/moveit/kinematic_constraints
[3.402s] -- Up-to-date: /home/nghiaphanbk/WeldingRobot_ws/install/moveit_core/include/moveit/kinematic_constraints/utils.h
[3.402s] -- Up-to-date: /home/nghiaphanbk/WeldingRobot_ws/install/moveit_core/include/moveit/kinematic_constraints/kinematic_constraint.h
[3.402s] -- Up-to-date: /home/nghiaphanbk/WeldingRobot_ws/install/moveit_core/include
[3.402s] -- Up-to-date: /home/nghiaphanbk/WeldingRobot_ws/install/moveit_core/include/moveit
[3.402s] -- Up-to-date: /home/nghiaphanbk/WeldingRobot_ws/install/moveit_core/include/moveit/kinematics_metrics
[3.403s] -- Up-to-date: /home/nghiaphanbk/WeldingRobot_ws/install/moveit_core/include/moveit/kinematics_metrics/kinematics_metrics.h
[3.403s] -- Up-to-date: /home/nghiaphanbk/WeldingRobot_ws/install/moveit_core/include
[3.403s] -- Up-to-date: /home/nghiaphanbk/WeldingRobot_ws/install/moveit_core/include/moveit
[3.403s] -- Up-to-date: /home/nghiaphanbk/WeldingRobot_ws/install/moveit_core/include/moveit/macros
[3.403s] -- Up-to-date: /home/nghiaphanbk/WeldingRobot_ws/install/moveit_core/include/moveit/macros/declare_ptr.h
[3.403s] -- Up-to-date: /home/nghiaphanbk/WeldingRobot_ws/install/moveit_core/include/moveit/macros/console_colors.h
[3.403s] -- Up-to-date: /home/nghiaphanbk/WeldingRobot_ws/install/moveit_core/include/moveit/macros/class_forward.h
[3.403s] -- Up-to-date: /home/nghiaphanbk/WeldingRobot_ws/install/moveit_core/include/moveit/macros/deprecation.h
[3.403s] -- Up-to-date: /home/nghiaphanbk/WeldingRobot_ws/install/moveit_core/include/moveit_butterworth_parameters
[3.403s] -- Up-to-date: /home/nghiaphanbk/WeldingRobot_ws/install/moveit_core/include/moveit_butterworth_parameters/moveit_butterworth_parameters.hpp
[3.403s] -- Up-to-date: /home/nghiaphanbk/WeldingRobot_ws/install/moveit_core/include
[3.403s] -- Up-to-date: /home/nghiaphanbk/WeldingRobot_ws/install/moveit_core/include/moveit
[3.404s] -- Up-to-date: /home/nghiaphanbk/WeldingRobot_ws/install/moveit_core/include/moveit/online_signal_smoothing
[3.404s] -- Up-to-date: /home/nghiaphanbk/WeldingRobot_ws/install/moveit_core/include/moveit/online_signal_smoothing/butterworth_filter.h
[3.404s] -- Up-to-date: /home/nghiaphanbk/WeldingRobot_ws/install/moveit_core/include/moveit/online_signal_smoothing/smoothing_base_class.h
[3.404s] -- Up-to-date: /home/nghiaphanbk/WeldingRobot_ws/install/moveit_core/include/moveit_smoothing_base_export.h
[3.404s] -- Up-to-date: /home/nghiaphanbk/WeldingRobot_ws/install/moveit_core/include/moveit_butterworth_filter_export.h
[3.404s] -- Up-to-date: /home/nghiaphanbk/WeldingRobot_ws/install/moveit_core/include
[3.404s] -- Up-to-date: /home/nghiaphanbk/WeldingRobot_ws/install/moveit_core/include/moveit
[3.404s] -- Up-to-date: /home/nghiaphanbk/WeldingRobot_ws/install/moveit_core/include/moveit/planning_interface
[3.404s] -- Up-to-date: /home/nghiaphanbk/WeldingRobot_ws/install/moveit_core/include/moveit/planning_interface/planning_request.h
[3.404s] -- Up-to-date: /home/nghiaphanbk/WeldingRobot_ws/install/moveit_core/include/moveit/planning_interface/planning_interface.h
[3.404s] -- Up-to-date: /home/nghiaphanbk/WeldingRobot_ws/install/moveit_core/include/moveit/planning_interface/planning_response.h
[3.405s] -- Up-to-date: /home/nghiaphanbk/WeldingRobot_ws/install/moveit_core/include
[3.405s] -- Up-to-date: /home/nghiaphanbk/WeldingRobot_ws/install/moveit_core/include/moveit
[3.405s] -- Up-to-date: /home/nghiaphanbk/WeldingRobot_ws/install/moveit_core/include/moveit/planning_request_adapter
[3.405s] -- Up-to-date: /home/nghiaphanbk/WeldingRobot_ws/install/moveit_core/include/moveit/planning_request_adapter/planning_request_adapter.h
[3.405s] -- Up-to-date: /home/nghiaphanbk/WeldingRobot_ws/install/moveit_core/include
[3.405s] -- Up-to-date: /home/nghiaphanbk/WeldingRobot_ws/install/moveit_core/include/moveit
[3.405s] -- Up-to-date: /home/nghiaphanbk/WeldingRobot_ws/install/moveit_core/include/moveit/planning_scene
[3.405s] -- Up-to-date: /home/nghiaphanbk/WeldingRobot_ws/install/moveit_core/include/moveit/planning_scene/planning_scene.h
[3.405s] -- Up-to-date: /home/nghiaphanbk/WeldingRobot_ws/install/moveit_core/include/moveit_planning_scene_export.h
[3.405s] -- Up-to-date: /home/nghiaphanbk/WeldingRobot_ws/install/moveit_core/include
[3.406s] -- Up-to-date: /home/nghiaphanbk/WeldingRobot_ws/install/moveit_core/include/moveit
[3.406s] -- Up-to-date: /home/nghiaphanbk/WeldingRobot_ws/install/moveit_core/include/moveit/robot_model
[3.406s] -- Up-to-date: /home/nghiaphanbk/WeldingRobot_ws/install/moveit_core/include/moveit/robot_model/link_model.h
[3.406s] -- Up-to-date: /home/nghiaphanbk/WeldingRobot_ws/install/moveit_core/include/moveit/robot_model/robot_model.h
[3.406s] -- Up-to-date: /home/nghiaphanbk/WeldingRobot_ws/install/moveit_core/include/moveit/robot_model/joint_model_group.h
[3.406s] -- Up-to-date: /home/nghiaphanbk/WeldingRobot_ws/install/moveit_core/include/moveit/robot_model/prismatic_joint_model.h
[3.406s] -- Up-to-date: /home/nghiaphanbk/WeldingRobot_ws/install/moveit_core/include/moveit/robot_model/planar_joint_model.h
[3.406s] -- Up-to-date: /home/nghiaphanbk/WeldingRobot_ws/install/moveit_core/include/moveit/robot_model/fixed_joint_model.h
[3.406s] -- Up-to-date: /home/nghiaphanbk/WeldingRobot_ws/install/moveit_core/include/moveit/robot_model/floating_joint_model.h
[3.406s] -- Up-to-date: /home/nghiaphanbk/WeldingRobot_ws/install/moveit_core/include/moveit/robot_model/joint_model.h
[3.406s] -- Up-to-date: /home/nghiaphanbk/WeldingRobot_ws/install/moveit_core/include/moveit/robot_model/revolute_joint_model.h
[3.406s] -- Up-to-date: /home/nghiaphanbk/WeldingRobot_ws/install/moveit_core/include/moveit/robot_model/aabb.h
[3.407s] -- Up-to-date: /home/nghiaphanbk/WeldingRobot_ws/install/moveit_core/include
[3.407s] -- Up-to-date: /home/nghiaphanbk/WeldingRobot_ws/install/moveit_core/include/moveit
[3.407s] -- Up-to-date: /home/nghiaphanbk/WeldingRobot_ws/install/moveit_core/include/moveit/robot_state
[3.407s] -- Up-to-date: /home/nghiaphanbk/WeldingRobot_ws/install/moveit_core/include/moveit/robot_state/conversions.h
[3.407s] -- Up-to-date: /home/nghiaphanbk/WeldingRobot_ws/install/moveit_core/include/moveit/robot_state/cartesian_interpolator.h
[3.407s] -- Up-to-date: /home/nghiaphanbk/WeldingRobot_ws/install/moveit_core/include/moveit/robot_state/robot_state.h
[3.407s] -- Up-to-date: /home/nghiaphanbk/WeldingRobot_ws/install/moveit_core/include/moveit/robot_state/attached_body.h
[3.407s] -- Up-to-date: /home/nghiaphanbk/WeldingRobot_ws/install/moveit_core/include
[3.407s] -- Up-to-date: /home/nghiaphanbk/WeldingRobot_ws/install/moveit_core/include/moveit
[3.407s] -- Up-to-date: /home/nghiaphanbk/WeldingRobot_ws/install/moveit_core/include/moveit/robot_trajectory
[3.407s] -- Up-to-date: /home/nghiaphanbk/WeldingRobot_ws/install/moveit_core/include/moveit/robot_trajectory/robot_trajectory.h
[3.407s] -- Up-to-date: /home/nghiaphanbk/WeldingRobot_ws/install/moveit_core/include
[3.408s] -- Up-to-date: /home/nghiaphanbk/WeldingRobot_ws/install/moveit_core/include/moveit
[3.408s] -- Up-to-date: /home/nghiaphanbk/WeldingRobot_ws/install/moveit_core/include/moveit/sensor_manager
[3.408s] -- Up-to-date: /home/nghiaphanbk/WeldingRobot_ws/install/moveit_core/include/moveit/sensor_manager/sensor_manager.h
[3.408s] -- Up-to-date: /home/nghiaphanbk/WeldingRobot_ws/install/moveit_core/include
[3.408s] -- Up-to-date: /home/nghiaphanbk/WeldingRobot_ws/install/moveit_core/include/moveit
[3.408s] -- Up-to-date: /home/nghiaphanbk/WeldingRobot_ws/install/moveit_core/include/moveit/trajectory_processing
[3.408s] -- Up-to-date: /home/nghiaphanbk/WeldingRobot_ws/install/moveit_core/include/moveit/trajectory_processing/trajectory_tools.h
[3.408s] -- Up-to-date: /home/nghiaphanbk/WeldingRobot_ws/install/moveit_core/include/moveit/trajectory_processing/time_optimal_trajectory_generation.h
[3.408s] -- Up-to-date: /home/nghiaphanbk/WeldingRobot_ws/install/moveit_core/include/moveit/trajectory_processing/iterative_spline_parameterization.h
[3.408s] -- Up-to-date: /home/nghiaphanbk/WeldingRobot_ws/install/moveit_core/include/moveit/trajectory_processing/iterative_time_parameterization.h
[3.408s] -- Up-to-date: /home/nghiaphanbk/WeldingRobot_ws/install/moveit_core/include/moveit/trajectory_processing/time_parameterization.h
[3.408s] -- Up-to-date: /home/nghiaphanbk/WeldingRobot_ws/install/moveit_core/include/moveit/trajectory_processing/ruckig_traj_smoothing.h
[3.408s] -- Up-to-date: /home/nghiaphanbk/WeldingRobot_ws/install/moveit_core/include
[3.409s] -- Up-to-date: /home/nghiaphanbk/WeldingRobot_ws/install/moveit_core/include/moveit
[3.409s] -- Up-to-date: /home/nghiaphanbk/WeldingRobot_ws/install/moveit_core/include/moveit/transforms
[3.409s] -- Up-to-date: /home/nghiaphanbk/WeldingRobot_ws/install/moveit_core/include/moveit/transforms/transforms.h
[3.409s] -- Up-to-date: /home/nghiaphanbk/WeldingRobot_ws/install/moveit_core/include
[3.409s] -- Up-to-date: /home/nghiaphanbk/WeldingRobot_ws/install/moveit_core/include/moveit
[3.409s] -- Up-to-date: /home/nghiaphanbk/WeldingRobot_ws/install/moveit_core/include/moveit/utils
[3.409s] -- Up-to-date: /home/nghiaphanbk/WeldingRobot_ws/install/moveit_core/include/moveit/utils/robot_model_test_utils.h
[3.409s] -- Up-to-date: /home/nghiaphanbk/WeldingRobot_ws/install/moveit_core/include/moveit/utils/rclcpp_utils.h
[3.409s] -- Up-to-date: /home/nghiaphanbk/WeldingRobot_ws/install/moveit_core/include/moveit/utils/message_checks.h
[3.409s] -- Up-to-date: /home/nghiaphanbk/WeldingRobot_ws/install/moveit_core/include/moveit/utils/moveit_error_code.h
[3.409s] -- Up-to-date: /home/nghiaphanbk/WeldingRobot_ws/install/moveit_core/include/moveit/utils/lexical_casts.h
[3.409s] -- Up-to-date: /home/nghiaphanbk/WeldingRobot_ws/install/moveit_core/bin/moveit_version
[3.409s] -- Up-to-date: /home/nghiaphanbk/WeldingRobot_ws/install/moveit_core/include
[3.410s] -- Up-to-date: /home/nghiaphanbk/WeldingRobot_ws/install/moveit_core/include/moveit
[3.410s] -- Up-to-date: /home/nghiaphanbk/WeldingRobot_ws/install/moveit_core/include/moveit/collision_detection
[3.410s] -- Up-to-date: /home/nghiaphanbk/WeldingRobot_ws/install/moveit_core/include/moveit/collision_detection/collision_common.h
[3.410s] -- Up-to-date: /home/nghiaphanbk/WeldingRobot_ws/install/moveit_core/include/moveit/collision_detection/allvalid
[3.410s] -- Up-to-date: /home/nghiaphanbk/WeldingRobot_ws/install/moveit_core/include/moveit/collision_detection/allvalid/collision_detector_allocator_allvalid.h
[3.410s] -- Up-to-date: /home/nghiaphanbk/WeldingRobot_ws/install/moveit_core/include/moveit/collision_detection/allvalid/collision_env_allvalid.h
[3.410s] -- Up-to-date: /home/nghiaphanbk/WeldingRobot_ws/install/moveit_core/include/moveit/collision_detection/collision_env.h
[3.410s] -- Up-to-date: /home/nghiaphanbk/WeldingRobot_ws/install/moveit_core/include/moveit/collision_detection/test_collision_common_panda.h
[3.410s] -- Up-to-date: /home/nghiaphanbk/WeldingRobot_ws/install/moveit_core/include/moveit/collision_detection/collision_tools.h
[3.410s] -- Up-to-date: /home/nghiaphanbk/WeldingRobot_ws/install/moveit_core/include/moveit/collision_detection/collision_detector_allocator.h
[3.410s] -- Up-to-date: /home/nghiaphanbk/WeldingRobot_ws/install/moveit_core/include/moveit/collision_detection/collision_octomap_filter.h
[3.410s] -- Up-to-date: /home/nghiaphanbk/WeldingRobot_ws/install/moveit_core/include/moveit/collision_detection/test_collision_common_pr2.h
[3.410s] -- Up-to-date: /home/nghiaphanbk/WeldingRobot_ws/install/moveit_core/include/moveit/collision_detection/occupancy_map.h
[3.411s] -- Up-to-date: /home/nghiaphanbk/WeldingRobot_ws/install/moveit_core/include/moveit/collision_detection/collision_plugin.h
[3.411s] -- Up-to-date: /home/nghiaphanbk/WeldingRobot_ws/install/moveit_core/include/moveit/collision_detection/collision_plugin_cache.h
[3.411s] -- Up-to-date: /home/nghiaphanbk/WeldingRobot_ws/install/moveit_core/include/moveit/collision_detection/world.h
[3.411s] -- Up-to-date: /home/nghiaphanbk/WeldingRobot_ws/install/moveit_core/include/moveit/collision_detection/collision_matrix.h
[3.411s] -- Up-to-date: /home/nghiaphanbk/WeldingRobot_ws/install/moveit_core/include/moveit/collision_detection/world_diff.h
[3.411s] -- Up-to-date: /home/nghiaphanbk/WeldingRobot_ws/install/moveit_core/include/moveit_collision_detection_export.h
[3.411s] -- Up-to-date: /home/nghiaphanbk/WeldingRobot_ws/install/moveit_core/include
[3.411s] -- Up-to-date: /home/nghiaphanbk/WeldingRobot_ws/install/moveit_core/include/moveit
[3.411s] -- Up-to-date: /home/nghiaphanbk/WeldingRobot_ws/install/moveit_core/include/moveit/collision_detection_bullet
[3.411s] -- Up-to-date: /home/nghiaphanbk/WeldingRobot_ws/install/moveit_core/include/moveit/collision_detection_bullet/collision_detector_allocator_bullet.h
[3.411s] -- Up-to-date: /home/nghiaphanbk/WeldingRobot_ws/install/moveit_core/include/moveit/collision_detection_bullet/collision_detector_bullet_plugin_loader.h
[3.411s] -- Up-to-date: /home/nghiaphanbk/WeldingRobot_ws/install/moveit_core/include/moveit/collision_detection_bullet/bullet_integration
[3.411s] -- Up-to-date: /home/nghiaphanbk/WeldingRobot_ws/install/moveit_core/include/moveit/collision_detection_bullet/bullet_integration/basic_types.h
[3.411s] -- Up-to-date: /home/nghiaphanbk/WeldingRobot_ws/install/moveit_core/include/moveit/collision_detection_bullet/bullet_integration/bullet_cast_bvh_manager.h
[3.411s] -- Up-to-date: /home/nghiaphanbk/WeldingRobot_ws/install/moveit_core/include/moveit/collision_detection_bullet/bullet_integration/bullet_discrete_bvh_manager.h
[3.411s] -- Up-to-date: /home/nghiaphanbk/WeldingRobot_ws/install/moveit_core/include/moveit/collision_detection_bullet/bullet_integration/bullet_bvh_manager.h
[3.411s] -- Up-to-date: /home/nghiaphanbk/WeldingRobot_ws/install/moveit_core/include/moveit/collision_detection_bullet/bullet_integration/ros_bullet_utils.h
[3.411s] -- Up-to-date: /home/nghiaphanbk/WeldingRobot_ws/install/moveit_core/include/moveit/collision_detection_bullet/bullet_integration/bullet_utils.h
[3.412s] -- Up-to-date: /home/nghiaphanbk/WeldingRobot_ws/install/moveit_core/include/moveit/collision_detection_bullet/bullet_integration/contact_checker_common.h
[3.412s] -- Up-to-date: /home/nghiaphanbk/WeldingRobot_ws/install/moveit_core/include/moveit/collision_detection_bullet/collision_env_bullet.h
[3.412s] -- Up-to-date: /home/nghiaphanbk/WeldingRobot_ws/install/moveit_core/include/moveit_collision_detection_bullet_export.h
[3.412s] -- Up-to-date: /home/nghiaphanbk/WeldingRobot_ws/install/moveit_core/include
[3.412s] -- Up-to-date: /home/nghiaphanbk/WeldingRobot_ws/install/moveit_core/include/moveit
[3.412s] -- Up-to-date: /home/nghiaphanbk/WeldingRobot_ws/install/moveit_core/include/moveit/collision_detection_fcl
[3.412s] -- Up-to-date: /home/nghiaphanbk/WeldingRobot_ws/install/moveit_core/include/moveit/collision_detection_fcl/fcl_compat.h
[3.412s] -- Up-to-date: /home/nghiaphanbk/WeldingRobot_ws/install/moveit_core/include/moveit/collision_detection_fcl/collision_common.h
[3.412s] -- Up-to-date: /home/nghiaphanbk/WeldingRobot_ws/install/moveit_core/include/moveit/collision_detection_fcl/collision_env_fcl.h
[3.412s] -- Up-to-date: /home/nghiaphanbk/WeldingRobot_ws/install/moveit_core/include/moveit/collision_detection_fcl/collision_detector_allocator_fcl.h
[3.413s] -- Up-to-date: /home/nghiaphanbk/WeldingRobot_ws/install/moveit_core/include/moveit/collision_detection_fcl/collision_detector_fcl_plugin_loader.h
[3.413s] -- Up-to-date: /home/nghiaphanbk/WeldingRobot_ws/install/moveit_core/include/moveit_collision_detection_fcl_export.h
[3.413s] -- Up-to-date: /home/nghiaphanbk/WeldingRobot_ws/install/moveit_core/lib/libcollision_detector_bullet_plugin.so.2.5.5
[3.413s] -- Up-to-date: /home/nghiaphanbk/WeldingRobot_ws/install/moveit_core/lib/libcollision_detector_bullet_plugin.so
[3.413s] -- Up-to-date: /home/nghiaphanbk/WeldingRobot_ws/install/moveit_core/lib/libmoveit_butterworth_filter.so.2.5.5
[3.413s] -- Up-to-date: /home/nghiaphanbk/WeldingRobot_ws/install/moveit_core/lib/libmoveit_butterworth_filter.so
[3.413s] -- Up-to-date: /home/nghiaphanbk/WeldingRobot_ws/install/moveit_core/lib/libmoveit_collision_distance_field.so.2.5.5
[3.413s] -- Up-to-date: /home/nghiaphanbk/WeldingRobot_ws/install/moveit_core/lib/libmoveit_collision_distance_field.so
[3.413s] -- Up-to-date: /home/nghiaphanbk/WeldingRobot_ws/install/moveit_core/lib/libmoveit_collision_detection.so.2.5.5
[3.413s] -- Up-to-date: /home/nghiaphanbk/WeldingRobot_ws/install/moveit_core/lib/libmoveit_collision_detection.so
[3.413s] -- Up-to-date: /home/nghiaphanbk/WeldingRobot_ws/install/moveit_core/lib/libmoveit_collision_detection_fcl.so.2.5.5
[3.413s] -- Up-to-date: /home/nghiaphanbk/WeldingRobot_ws/install/moveit_core/lib/libmoveit_collision_detection_fcl.so
[3.414s] -- Up-to-date: /home/nghiaphanbk/WeldingRobot_ws/install/moveit_core/lib/libmoveit_collision_detection_bullet.so.2.5.5
[3.414s] -- Up-to-date: /home/nghiaphanbk/WeldingRobot_ws/install/moveit_core/lib/libmoveit_collision_detection_bullet.so
[3.414s] -- Up-to-date: /home/nghiaphanbk/WeldingRobot_ws/install/moveit_core/lib/libmoveit_dynamics_solver.so.2.5.5
[3.414s] -- Up-to-date: /home/nghiaphanbk/WeldingRobot_ws/install/moveit_core/lib/libmoveit_dynamics_solver.so
[3.414s] -- Up-to-date: /home/nghiaphanbk/WeldingRobot_ws/install/moveit_core/lib/libmoveit_constraint_samplers.so.2.5.5
[3.414s] -- Up-to-date: /home/nghiaphanbk/WeldingRobot_ws/install/moveit_core/lib/libmoveit_constraint_samplers.so
[3.415s] -- Up-to-date: /home/nghiaphanbk/WeldingRobot_ws/install/moveit_core/lib/libmoveit_distance_field.so.2.5.5
[3.415s] -- Up-to-date: /home/nghiaphanbk/WeldingRobot_ws/install/moveit_core/lib/libmoveit_distance_field.so
[3.415s] -- Up-to-date: /home/nghiaphanbk/WeldingRobot_ws/install/moveit_core/lib/libmoveit_exceptions.so.2.5.5
[3.415s] -- Up-to-date: /home/nghiaphanbk/WeldingRobot_ws/install/moveit_core/lib/libmoveit_exceptions.so
[3.415s] -- Up-to-date: /home/nghiaphanbk/WeldingRobot_ws/install/moveit_core/lib/libmoveit_kinematics_base.so
[3.416s] -- Up-to-date: /home/nghiaphanbk/WeldingRobot_ws/install/moveit_core/lib/libmoveit_kinematic_constraints.so.2.5.5
[3.416s] -- Up-to-date: /home/nghiaphanbk/WeldingRobot_ws/install/moveit_core/lib/libmoveit_kinematic_constraints.so
[3.417s] -- Up-to-date: /home/nghiaphanbk/WeldingRobot_ws/install/moveit_core/lib/libmoveit_kinematics_metrics.so.2.5.5
[3.417s] -- Up-to-date: /home/nghiaphanbk/WeldingRobot_ws/install/moveit_core/lib/libmoveit_kinematics_metrics.so
[3.417s] -- Up-to-date: /home/nghiaphanbk/WeldingRobot_ws/install/moveit_core/lib/libmoveit_planning_interface.so.2.5.5
[3.417s] -- Up-to-date: /home/nghiaphanbk/WeldingRobot_ws/install/moveit_core/lib/libmoveit_planning_interface.so
[3.418s] -- Up-to-date: /home/nghiaphanbk/WeldingRobot_ws/install/moveit_core/lib/libmoveit_planning_scene.so.2.5.5
[3.418s] -- Up-to-date: /home/nghiaphanbk/WeldingRobot_ws/install/moveit_core/lib/libmoveit_planning_scene.so
[3.418s] -- Up-to-date: /home/nghiaphanbk/WeldingRobot_ws/install/moveit_core/lib/libmoveit_planning_request_adapter.so.2.5.5
[3.418s] -- Up-to-date: /home/nghiaphanbk/WeldingRobot_ws/install/moveit_core/lib/libmoveit_planning_request_adapter.so
[3.418s] -- Up-to-date: /home/nghiaphanbk/WeldingRobot_ws/install/moveit_core/lib/libmoveit_robot_model.so.2.5.5
[3.419s] -- Up-to-date: /home/nghiaphanbk/WeldingRobot_ws/install/moveit_core/lib/libmoveit_robot_model.so
[3.419s] -- Up-to-date: /home/nghiaphanbk/WeldingRobot_ws/install/moveit_core/lib/libmoveit_robot_state.so.2.5.5
[3.419s] -- Up-to-date: /home/nghiaphanbk/WeldingRobot_ws/install/moveit_core/lib/libmoveit_robot_state.so
[3.419s] -- Up-to-date: /home/nghiaphanbk/WeldingRobot_ws/install/moveit_core/lib/libmoveit_robot_trajectory.so.2.5.5
[3.419s] -- Up-to-date: /home/nghiaphanbk/WeldingRobot_ws/install/moveit_core/lib/libmoveit_robot_trajectory.so
[3.420s] -- Up-to-date: /home/nghiaphanbk/WeldingRobot_ws/install/moveit_core/lib/libmoveit_smoothing_base.so.2.5.5
[3.420s] -- Up-to-date: /home/nghiaphanbk/WeldingRobot_ws/install/moveit_core/lib/libmoveit_smoothing_base.so
[3.420s] -- Up-to-date: /home/nghiaphanbk/WeldingRobot_ws/install/moveit_core/lib/libmoveit_test_utils.so.2.5.5
[3.420s] -- Up-to-date: /home/nghiaphanbk/WeldingRobot_ws/install/moveit_core/lib/libmoveit_test_utils.so
[3.421s] -- Up-to-date: /home/nghiaphanbk/WeldingRobot_ws/install/moveit_core/lib/libmoveit_trajectory_processing.so.2.5.5
[3.421s] -- Up-to-date: /home/nghiaphanbk/WeldingRobot_ws/install/moveit_core/lib/libmoveit_trajectory_processing.so
[3.421s] -- Up-to-date: /home/nghiaphanbk/WeldingRobot_ws/install/moveit_core/lib/libmoveit_transforms.so.2.5.5
[3.421s] -- Up-to-date: /home/nghiaphanbk/WeldingRobot_ws/install/moveit_core/lib/libmoveit_transforms.so
[3.421s] -- Up-to-date: /home/nghiaphanbk/WeldingRobot_ws/install/moveit_core/lib/libmoveit_utils.so.2.5.5
[3.422s] -- Up-to-date: /home/nghiaphanbk/WeldingRobot_ws/install/moveit_core/lib/libmoveit_utils.so
[3.422s] -- Up-to-date: /home/nghiaphanbk/WeldingRobot_ws/install/moveit_core/share/moveit_core/environment/library_path.sh
[3.422s] -- Installing: /home/nghiaphanbk/WeldingRobot_ws/install/moveit_core/share/moveit_core/environment/library_path.dsv
[3.422s] -- Up-to-date: /home/nghiaphanbk/WeldingRobot_ws/install/moveit_core/share/moveit_core/collision_detector_fcl_description.xml
[3.422s] -- Up-to-date: /home/nghiaphanbk/WeldingRobot_ws/install/moveit_core/share/moveit_core/collision_detector_bullet_description.xml
[3.422s] -- Up-to-date: /home/nghiaphanbk/WeldingRobot_ws/install/moveit_core/share/moveit_core/filter_plugin_butterworth.xml
[3.422s] -- Up-to-date: /home/nghiaphanbk/WeldingRobot_ws/install/moveit_core/share/ament_index/resource_index/package_run_dependencies/moveit_core
[3.422s] -- Installing: /home/nghiaphanbk/WeldingRobot_ws/install/moveit_core/share/ament_index/resource_index/parent_prefix_path/moveit_core
[3.422s] -- Up-to-date: /home/nghiaphanbk/WeldingRobot_ws/install/moveit_core/share/moveit_core/environment/ament_prefix_path.sh
[3.422s] -- Installing: /home/nghiaphanbk/WeldingRobot_ws/install/moveit_core/share/moveit_core/environment/ament_prefix_path.dsv
[3.422s] -- Up-to-date: /home/nghiaphanbk/WeldingRobot_ws/install/moveit_core/share/moveit_core/environment/path.sh
[3.422s] -- Installing: /home/nghiaphanbk/WeldingRobot_ws/install/moveit_core/share/moveit_core/environment/path.dsv
[3.422s] -- Up-to-date: /home/nghiaphanbk/WeldingRobot_ws/install/moveit_core/share/moveit_core/local_setup.bash
[3.422s] -- Up-to-date: /home/nghiaphanbk/WeldingRobot_ws/install/moveit_core/share/moveit_core/local_setup.sh
[3.422s] -- Up-to-date: /home/nghiaphanbk/WeldingRobot_ws/install/moveit_core/share/moveit_core/local_setup.zsh
[3.423s] -- Installing: /home/nghiaphanbk/WeldingRobot_ws/install/moveit_core/share/moveit_core/local_setup.dsv
[3.423s] -- Installing: /home/nghiaphanbk/WeldingRobot_ws/install/moveit_core/share/moveit_core/package.dsv
[3.423s] -- Up-to-date: /home/nghiaphanbk/WeldingRobot_ws/install/moveit_core/share/ament_index/resource_index/packages/moveit_core
[3.423s] -- Up-to-date: /home/nghiaphanbk/WeldingRobot_ws/install/moveit_core/share/ament_index/resource_index/moveit_core__pluginlib__plugin/moveit_core
[3.423s] -- Up-to-date: /home/nghiaphanbk/WeldingRobot_ws/install/moveit_core/share/moveit_core/cmake/export_moveit_coreExport.cmake
[3.423s] -- Up-to-date: /home/nghiaphanbk/WeldingRobot_ws/install/moveit_core/share/moveit_core/cmake/export_moveit_coreExport-release.cmake
[3.423s] -- Up-to-date: /home/nghiaphanbk/WeldingRobot_ws/install/moveit_core/share/moveit_core/cmake/ConfigExtras.cmake
[3.423s] -- Up-to-date: /home/nghiaphanbk/WeldingRobot_ws/install/moveit_core/share/moveit_core/cmake/ament_cmake_export_targets-extras.cmake
[3.423s] -- Up-to-date: /home/nghiaphanbk/WeldingRobot_ws/install/moveit_core/share/moveit_core/cmake/ament_cmake_export_dependencies-extras.cmake
[3.423s] -- Up-to-date: /home/nghiaphanbk/WeldingRobot_ws/install/moveit_core/share/moveit_core/cmake/moveit_coreConfig.cmake
[3.423s] -- Up-to-date: /home/nghiaphanbk/WeldingRobot_ws/install/moveit_core/share/moveit_core/cmake/moveit_coreConfig-version.cmake
[3.423s] -- Up-to-date: /home/nghiaphanbk/WeldingRobot_ws/install/moveit_core/share/moveit_core/package.xml
[3.425s] Invoked command in '/home/nghiaphanbk/WeldingRobot_ws/build/moveit_core' returned '0': CMAKE_PREFIX_PATH=/home/nghiaphanbk/WeldingRobot_ws/install/moveit_resources_panda_moveit_config:/home/nghiaphanbk/WeldingRobot_ws/install/srdfdom:/home/nghiaphanbk/WeldingRobot_ws/install/moveit_resources_pr2_description:/home/nghiaphanbk/WeldingRobot_ws/install/moveit_resources_panda_description:/home/nghiaphanbk/WeldingRobot_ws/install/moveit_common:/home/nghiaphanbk/WeldingRobot_ws/install/pilz_industrial_motion_planner_testutils:/home/nghiaphanbk/WeldingRobot_ws/install/moveit_visual_tools:/home/nghiaphanbk/WeldingRobot_ws/install/moveit_ros_control_interface:/home/nghiaphanbk/WeldingRobot_ws/install/moveit_plugins:/home/nghiaphanbk/WeldingRobot_ws/install/moveit_simple_controller_manager:/home/nghiaphanbk/WeldingRobot_ws/install/moveit_ros_warehouse:/home/nghiaphanbk/WeldingRobot_ws/install/moveit_ros_robot_interaction:/home/nghiaphanbk/WeldingRobot_ws/install/moveit_ros_perception:/home/nghiaphanbk/WeldingRobot_ws/install/moveit_ros_planning:/home/nghiaphanbk/WeldingRobot_ws/install/moveit_ros_occupancy_map_monitor:/home/nghiaphanbk/WeldingRobot_ws/install/moveit_resources_prbt_ikfast_manipulator_plugin:/home/nghiaphanbk/WeldingRobot_ws/install/moveit_planners_chomp:/home/nghiaphanbk/WeldingRobot_ws/install/moveit_kinematics:/home/nghiaphanbk/WeldingRobot_ws/install/moveit_chomp_optimizer_adapter:/home/nghiaphanbk/WeldingRobot_ws/install/chomp_motion_planner:/home/nghiaphanbk/WeldingRobot_ws/install/moveit_core:/home/nghiaphanbk/WeldingRobot_ws/install/rviz_marker_tools:/home/nghiaphanbk/WeldingRobot_ws/install/rosparam_shortcuts:/home/nghiaphanbk/WeldingRobot_ws/install/moveit_task_constructor_msgs:/home/nghiaphanbk/WeldingRobot_ws/install/moveit_resources_prbt_support:/home/nghiaphanbk/WeldingRobot_ws/install/moveit_resources:/home/nghiaphanbk/WeldingRobot_ws/install/moveit_resources_fanuc_moveit_config:/home/nghiaphanbk/WeldingRobot_ws/install/moveit_resources_fanuc_description:/home/nghiaphanbk/WeldingRobot_ws/install/moveit_configs_utils:/home/nghiaphanbk/WeldingRobot_ws/install/launch_param_builder:/home/nghiaphanbk/WeldingRobot_ws/install/Model_Robot:/home/nghiaphanbk/ros2_ws/install/my_robot_controller:/opt/ros/humble LD_LIBRARY_PATH=/home/nghiaphanbk/WeldingRobot_ws/install/srdfdom/lib:/home/nghiaphanbk/WeldingRobot_ws/install/pilz_industrial_motion_planner_testutils/lib:/home/nghiaphanbk/WeldingRobot_ws/install/moveit_visual_tools/lib:/home/nghiaphanbk/WeldingRobot_ws/install/moveit_ros_control_interface/lib:/home/nghiaphanbk/WeldingRobot_ws/install/moveit_simple_controller_manager/lib:/home/nghiaphanbk/WeldingRobot_ws/install/moveit_ros_warehouse/lib:/home/nghiaphanbk/WeldingRobot_ws/install/moveit_ros_robot_interaction/lib:/home/nghiaphanbk/WeldingRobot_ws/install/moveit_ros_perception/lib:/home/nghiaphanbk/WeldingRobot_ws/install/moveit_ros_planning/lib:/home/nghiaphanbk/WeldingRobot_ws/install/moveit_ros_occupancy_map_monitor/lib:/home/nghiaphanbk/WeldingRobot_ws/install/moveit_resources_prbt_ikfast_manipulator_plugin/lib:/home/nghiaphanbk/WeldingRobot_ws/install/moveit_planners_chomp/lib:/home/nghiaphanbk/WeldingRobot_ws/install/moveit_kinematics/lib:/home/nghiaphanbk/WeldingRobot_ws/install/moveit_chomp_optimizer_adapter/lib:/home/nghiaphanbk/WeldingRobot_ws/install/chomp_motion_planner/lib:/home/nghiaphanbk/WeldingRobot_ws/install/moveit_core/lib:/home/nghiaphanbk/WeldingRobot_ws/install/rviz_marker_tools/lib:/home/nghiaphanbk/WeldingRobot_ws/install/rosparam_shortcuts/lib:/home/nghiaphanbk/WeldingRobot_ws/install/moveit_task_constructor_msgs/lib:/opt/ros/humble/opt/rviz_ogre_vendor/lib:/opt/ros/humble/lib/x86_64-linux-gnu:/opt/ros/humble/lib /usr/bin/cmake --install /home/nghiaphanbk/WeldingRobot_ws/build/moveit_core
