[0.390s] Invoking command in '/home/nghiaphanbk/WeldingRobot_ws/build/moveit2_scripts': CMAKE_PREFIX_PATH=${CMAKE_PREFIX_PATH}:/home/nghiaphanbk/WeldingRobot_ws/install/moveit_configs_utils:/home/nghiaphanbk/WeldingRobot_ws/install/launch_param_builder:/home/nghiaphanbk/WeldingRobot_ws/install/Model_Robot:/home/nghiaphanbk/ros2_ws/install/my_robot_controller:/opt/ros/humble /usr/bin/cmake --build /home/nghiaphanbk/WeldingRobot_ws/build/moveit2_scripts -- -j12 -l12
[0.432s] [35m[1mConsolidate compiler generated dependencies of target test_trajectory[0m
[0.453s] [100%] Built target test_trajectory
[0.463s] Invoked command in '/home/nghiaphanbk/WeldingRobot_ws/build/moveit2_scripts' returned '0': CMAKE_PREFIX_PATH=${CMAKE_PREFIX_PATH}:/home/nghiaphanbk/WeldingRobot_ws/install/moveit_configs_utils:/home/nghiaphanbk/WeldingRobot_ws/install/launch_param_builder:/home/nghiaphanbk/WeldingRobot_ws/install/Model_Robot:/home/nghiaphanbk/ros2_ws/install/my_robot_controller:/opt/ros/humble /usr/bin/cmake --build /home/nghiaphanbk/WeldingRobot_ws/build/moveit2_scripts -- -j12 -l12
[0.493s] Invoking command in '/home/nghiaphanbk/WeldingRobot_ws/build/moveit2_scripts': CMAKE_PREFIX_PATH=${CMAKE_PREFIX_PATH}:/home/nghiaphanbk/WeldingRobot_ws/install/moveit_configs_utils:/home/nghiaphanbk/WeldingRobot_ws/install/launch_param_builder:/home/nghiaphanbk/WeldingRobot_ws/install/Model_Robot:/home/nghiaphanbk/ros2_ws/install/my_robot_controller:/opt/ros/humble /usr/bin/cmake --install /home/nghiaphanbk/WeldingRobot_ws/build/moveit2_scripts
[0.499s] -- Install configuration: ""
[0.499s] -- Up-to-date: /home/nghiaphanbk/WeldingRobot_ws/install/moveit2_scripts/lib/moveit2_scripts/test_trajectory
[0.499s] -- Up-to-date: /home/nghiaphanbk/WeldingRobot_ws/install/moveit2_scripts/share/moveit2_scripts/launch
[0.499s] -- Installing: /home/nghiaphanbk/WeldingRobot_ws/install/moveit2_scripts/share/moveit2_scripts/launch/test_trajectory.launch.py
[0.499s] -- Up-to-date: /home/nghiaphanbk/WeldingRobot_ws/install/moveit2_scripts/share/ament_index/resource_index/package_run_dependencies/moveit2_scripts
[0.499s] -- Up-to-date: /home/nghiaphanbk/WeldingRobot_ws/install/moveit2_scripts/share/ament_index/resource_index/parent_prefix_path/moveit2_scripts
[0.499s] -- Up-to-date: /home/nghiaphanbk/WeldingRobot_ws/install/moveit2_scripts/share/moveit2_scripts/environment/ament_prefix_path.sh
[0.499s] -- Up-to-date: /home/nghiaphanbk/WeldingRobot_ws/install/moveit2_scripts/share/moveit2_scripts/environment/ament_prefix_path.dsv
[0.499s] -- Up-to-date: /home/nghiaphanbk/WeldingRobot_ws/install/moveit2_scripts/share/moveit2_scripts/environment/path.sh
[0.499s] -- Up-to-date: /home/nghiaphanbk/WeldingRobot_ws/install/moveit2_scripts/share/moveit2_scripts/environment/path.dsv
[0.499s] -- Up-to-date: /home/nghiaphanbk/WeldingRobot_ws/install/moveit2_scripts/share/moveit2_scripts/local_setup.bash
[0.499s] -- Up-to-date: /home/nghiaphanbk/WeldingRobot_ws/install/moveit2_scripts/share/moveit2_scripts/local_setup.sh
[0.499s] -- Up-to-date: /home/nghiaphanbk/WeldingRobot_ws/install/moveit2_scripts/share/moveit2_scripts/local_setup.zsh
[0.500s] -- Up-to-date: /home/nghiaphanbk/WeldingRobot_ws/install/moveit2_scripts/share/moveit2_scripts/local_setup.dsv
[0.500s] -- Installing: /home/nghiaphanbk/WeldingRobot_ws/install/moveit2_scripts/share/moveit2_scripts/package.dsv
[0.500s] -- Up-to-date: /home/nghiaphanbk/WeldingRobot_ws/install/moveit2_scripts/share/ament_index/resource_index/packages/moveit2_scripts
[0.500s] -- Up-to-date: /home/nghiaphanbk/WeldingRobot_ws/install/moveit2_scripts/share/moveit2_scripts/cmake/moveit2_scriptsConfig.cmake
[0.500s] -- Up-to-date: /home/nghiaphanbk/WeldingRobot_ws/install/moveit2_scripts/share/moveit2_scripts/cmake/moveit2_scriptsConfig-version.cmake
[0.500s] -- Up-to-date: /home/nghiaphanbk/WeldingRobot_ws/install/moveit2_scripts/share/moveit2_scripts/package.xml
[0.500s] Invoked command in '/home/nghiaphanbk/WeldingRobot_ws/build/moveit2_scripts' returned '0': CMAKE_PREFIX_PATH=${CMAKE_PREFIX_PATH}:/home/nghiaphanbk/WeldingRobot_ws/install/moveit_configs_utils:/home/nghiaphanbk/WeldingRobot_ws/install/launch_param_builder:/home/nghiaphanbk/WeldingRobot_ws/install/Model_Robot:/home/nghiaphanbk/ros2_ws/install/my_robot_controller:/opt/ros/humble /usr/bin/cmake --install /home/nghiaphanbk/WeldingRobot_ws/build/moveit2_scripts
