[0.484s] Invoking command in '/home/nghiaphanbk/WeldingRobot_ws/build/rviz_marker_tools': AMENT_PREFIX_PATH=/home/nghiaphanbk/WeldingRobot_ws/install/moveit_common:${AMENT_PREFIX_PATH} CMAKE_PREFIX_PATH=/home/nghiaphanbk/WeldingRobot_ws/install/moveit_common:/home/nghiaphanbk/WeldingRobot_ws/install/Model_Robot:/home/nghiaphanbk/ros2_ws/install/my_robot_controller:/opt/ros/humble /usr/bin/cmake --build /home/nghiaphanbk/WeldingRobot_ws/build/rviz_marker_tools -- -j12 -l12
[0.517s] [35m[1mConsolidate compiler generated dependencies of target rviz_marker_tools[0m
[0.533s] [100%] Built target rviz_marker_tools
[0.593s] Invoked command in '/home/nghiaphanbk/WeldingRobot_ws/build/rviz_marker_tools' returned '0': AMENT_PREFIX_PATH=/home/nghiaphanbk/WeldingRobot_ws/install/moveit_common:${AMENT_PREFIX_PATH} CMAKE_PREFIX_PATH=/home/nghiaphanbk/WeldingRobot_ws/install/moveit_common:/home/nghiaphanbk/WeldingRobot_ws/install/Model_Robot:/home/nghiaphanbk/ros2_ws/install/my_robot_controller:/opt/ros/humble /usr/bin/cmake --build /home/nghiaphanbk/WeldingRobot_ws/build/rviz_marker_tools -- -j12 -l12
[0.826s] Invoking command in '/home/nghiaphanbk/WeldingRobot_ws/build/rviz_marker_tools': AMENT_PREFIX_PATH=/home/nghiaphanbk/WeldingRobot_ws/install/moveit_common:${AMENT_PREFIX_PATH} CMAKE_PREFIX_PATH=/home/nghiaphanbk/WeldingRobot_ws/install/moveit_common:/home/nghiaphanbk/WeldingRobot_ws/install/Model_Robot:/home/nghiaphanbk/ros2_ws/install/my_robot_controller:/opt/ros/humble /usr/bin/cmake --install /home/nghiaphanbk/WeldingRobot_ws/build/rviz_marker_tools
[0.919s] -- Install configuration: "Release"
[0.919s] -- Up-to-date: /home/nghiaphanbk/WeldingRobot_ws/install/rviz_marker_tools/include
[0.919s] -- Up-to-date: /home/nghiaphanbk/WeldingRobot_ws/install/rviz_marker_tools/include/rviz_marker_tools
[0.920s] -- Up-to-date: /home/nghiaphanbk/WeldingRobot_ws/install/rviz_marker_tools/include/rviz_marker_tools/marker_creation.h
[0.920s] -- Up-to-date: /home/nghiaphanbk/WeldingRobot_ws/install/rviz_marker_tools/lib/librviz_marker_tools.so
[0.920s] -- Up-to-date: /home/nghiaphanbk/WeldingRobot_ws/install/rviz_marker_tools/share/rviz_marker_tools/environment/library_path.sh
[0.920s] -- Up-to-date: /home/nghiaphanbk/WeldingRobot_ws/install/rviz_marker_tools/share/rviz_marker_tools/environment/library_path.dsv
[0.920s] -- Up-to-date: /home/nghiaphanbk/WeldingRobot_ws/install/rviz_marker_tools/share/ament_index/resource_index/package_run_dependencies/rviz_marker_tools
[0.920s] -- Up-to-date: /home/nghiaphanbk/WeldingRobot_ws/install/rviz_marker_tools/share/ament_index/resource_index/parent_prefix_path/rviz_marker_tools
[0.920s] -- Up-to-date: /home/nghiaphanbk/WeldingRobot_ws/install/rviz_marker_tools/share/rviz_marker_tools/environment/ament_prefix_path.sh
[0.920s] -- Up-to-date: /home/nghiaphanbk/WeldingRobot_ws/install/rviz_marker_tools/share/rviz_marker_tools/environment/ament_prefix_path.dsv
[0.920s] -- Up-to-date: /home/nghiaphanbk/WeldingRobot_ws/install/rviz_marker_tools/share/rviz_marker_tools/environment/path.sh
[0.920s] -- Up-to-date: /home/nghiaphanbk/WeldingRobot_ws/install/rviz_marker_tools/share/rviz_marker_tools/environment/path.dsv
[0.920s] -- Up-to-date: /home/nghiaphanbk/WeldingRobot_ws/install/rviz_marker_tools/share/rviz_marker_tools/local_setup.bash
[0.920s] -- Up-to-date: /home/nghiaphanbk/WeldingRobot_ws/install/rviz_marker_tools/share/rviz_marker_tools/local_setup.sh
[0.920s] -- Up-to-date: /home/nghiaphanbk/WeldingRobot_ws/install/rviz_marker_tools/share/rviz_marker_tools/local_setup.zsh
[0.920s] -- Up-to-date: /home/nghiaphanbk/WeldingRobot_ws/install/rviz_marker_tools/share/rviz_marker_tools/local_setup.dsv
[0.920s] -- Installing: /home/nghiaphanbk/WeldingRobot_ws/install/rviz_marker_tools/share/rviz_marker_tools/package.dsv
[0.920s] -- Up-to-date: /home/nghiaphanbk/WeldingRobot_ws/install/rviz_marker_tools/share/ament_index/resource_index/packages/rviz_marker_tools
[0.921s] -- Up-to-date: /home/nghiaphanbk/WeldingRobot_ws/install/rviz_marker_tools/share/rviz_marker_tools/cmake/rviz_marker_toolsTargetsExport.cmake
[0.921s] -- Up-to-date: /home/nghiaphanbk/WeldingRobot_ws/install/rviz_marker_tools/share/rviz_marker_tools/cmake/rviz_marker_toolsTargetsExport-release.cmake
[0.921s] -- Up-to-date: /home/nghiaphanbk/WeldingRobot_ws/install/rviz_marker_tools/share/rviz_marker_tools/cmake/ament_cmake_export_targets-extras.cmake
[0.921s] -- Up-to-date: /home/nghiaphanbk/WeldingRobot_ws/install/rviz_marker_tools/share/rviz_marker_tools/cmake/ament_cmake_export_dependencies-extras.cmake
[0.921s] -- Up-to-date: /home/nghiaphanbk/WeldingRobot_ws/install/rviz_marker_tools/share/rviz_marker_tools/cmake/rviz_marker_toolsConfig.cmake
[0.921s] -- Up-to-date: /home/nghiaphanbk/WeldingRobot_ws/install/rviz_marker_tools/share/rviz_marker_tools/cmake/rviz_marker_toolsConfig-version.cmake
[0.921s] -- Up-to-date: /home/nghiaphanbk/WeldingRobot_ws/install/rviz_marker_tools/share/rviz_marker_tools/package.xml
[0.992s] Invoked command in '/home/nghiaphanbk/WeldingRobot_ws/build/rviz_marker_tools' returned '0': AMENT_PREFIX_PATH=/home/nghiaphanbk/WeldingRobot_ws/install/moveit_common:${AMENT_PREFIX_PATH} CMAKE_PREFIX_PATH=/home/nghiaphanbk/WeldingRobot_ws/install/moveit_common:/home/nghiaphanbk/WeldingRobot_ws/install/Model_Robot:/home/nghiaphanbk/ros2_ws/install/my_robot_controller:/opt/ros/humble /usr/bin/cmake --install /home/nghiaphanbk/WeldingRobot_ws/build/rviz_marker_tools
