[0.555s] Invoking command in '/home/nghiaphanbk/WeldingRobot_ws/build/moveit_resources_prbt_support': CMAKE_PREFIX_PATH=${CMAKE_PREFIX_PATH}:/home/nghiaphanbk/WeldingRobot_ws/install/moveit_configs_utils:/home/nghiaphanbk/WeldingRobot_ws/install/launch_param_builder:/home/nghiaphanbk/WeldingRobot_ws/install/Model_Robot:/home/nghiaphanbk/ros2_ws/install/my_robot_controller:/opt/ros/humble /usr/bin/cmake /home/nghiaphanbk/WeldingRobot_ws/src/moveit2/moveit_planners/test_configs/prbt_support -DCMAKE_INSTALL_PREFIX=/home/nghiaphanbk/WeldingRobot_ws/install/moveit_resources_prbt_support
[0.978s] -- Found ament_cmake: 1.3.5 (/opt/ros/humble/share/ament_cmake/cmake)
[0.978s] -- Configuring done
[0.978s] -- Generating done
[0.978s] -- Build files have been written to: /home/nghiaphanbk/WeldingRobot_ws/build/moveit_resources_prbt_support
[0.986s] Invoked command in '/home/nghiaphanbk/WeldingRobot_ws/build/moveit_resources_prbt_support' returned '0': CMAKE_PREFIX_PATH=${CMAKE_PREFIX_PATH}:/home/nghiaphanbk/WeldingRobot_ws/install/moveit_configs_utils:/home/nghiaphanbk/WeldingRobot_ws/install/launch_param_builder:/home/nghiaphanbk/WeldingRobot_ws/install/Model_Robot:/home/nghiaphanbk/ros2_ws/install/my_robot_controller:/opt/ros/humble /usr/bin/cmake /home/nghiaphanbk/WeldingRobot_ws/src/moveit2/moveit_planners/test_configs/prbt_support -DCMAKE_INSTALL_PREFIX=/home/nghiaphanbk/WeldingRobot_ws/install/moveit_resources_prbt_support
[0.987s] Invoking command in '/home/nghiaphanbk/WeldingRobot_ws/build/moveit_resources_prbt_support': CMAKE_PREFIX_PATH=${CMAKE_PREFIX_PATH}:/home/nghiaphanbk/WeldingRobot_ws/install/moveit_configs_utils:/home/nghiaphanbk/WeldingRobot_ws/install/launch_param_builder:/home/nghiaphanbk/WeldingRobot_ws/install/Model_Robot:/home/nghiaphanbk/ros2_ws/install/my_robot_controller:/opt/ros/humble /usr/bin/cmake --build /home/nghiaphanbk/WeldingRobot_ws/build/moveit_resources_prbt_support -- -j12 -l12
[1.033s] Invoked command in '/home/nghiaphanbk/WeldingRobot_ws/build/moveit_resources_prbt_support' returned '0': CMAKE_PREFIX_PATH=${CMAKE_PREFIX_PATH}:/home/nghiaphanbk/WeldingRobot_ws/install/moveit_configs_utils:/home/nghiaphanbk/WeldingRobot_ws/install/launch_param_builder:/home/nghiaphanbk/WeldingRobot_ws/install/Model_Robot:/home/nghiaphanbk/ros2_ws/install/my_robot_controller:/opt/ros/humble /usr/bin/cmake --build /home/nghiaphanbk/WeldingRobot_ws/build/moveit_resources_prbt_support -- -j12 -l12
[1.076s] Invoking command in '/home/nghiaphanbk/WeldingRobot_ws/build/moveit_resources_prbt_support': CMAKE_PREFIX_PATH=${CMAKE_PREFIX_PATH}:/home/nghiaphanbk/WeldingRobot_ws/install/moveit_configs_utils:/home/nghiaphanbk/WeldingRobot_ws/install/launch_param_builder:/home/nghiaphanbk/WeldingRobot_ws/install/Model_Robot:/home/nghiaphanbk/ros2_ws/install/my_robot_controller:/opt/ros/humble /usr/bin/cmake --install /home/nghiaphanbk/WeldingRobot_ws/build/moveit_resources_prbt_support
[1.117s] -- Install configuration: "Release"
[1.117s] -- Up-to-date: /home/nghiaphanbk/WeldingRobot_ws/install/moveit_resources_prbt_support/share/ament_index/resource_index/package_run_dependencies/moveit_resources_prbt_support
[1.119s] -- Installing: /home/nghiaphanbk/WeldingRobot_ws/install/moveit_resources_prbt_support/share/ament_index/resource_index/parent_prefix_path/moveit_resources_prbt_support
[1.120s] -- Up-to-date: /home/nghiaphanbk/WeldingRobot_ws/install/moveit_resources_prbt_support/share/moveit_resources_prbt_support/environment/ament_prefix_path.sh
[1.120s] -- Installing: /home/nghiaphanbk/WeldingRobot_ws/install/moveit_resources_prbt_support/share/moveit_resources_prbt_support/environment/ament_prefix_path.dsv
[1.121s] -- Up-to-date: /home/nghiaphanbk/WeldingRobot_ws/install/moveit_resources_prbt_support/share/moveit_resources_prbt_support/environment/path.sh
[1.121s] -- Installing: /home/nghiaphanbk/WeldingRobot_ws/install/moveit_resources_prbt_support/share/moveit_resources_prbt_support/environment/path.dsv
[1.123s] -- Up-to-date: /home/nghiaphanbk/WeldingRobot_ws/install/moveit_resources_prbt_support/share/moveit_resources_prbt_support/local_setup.bash
[1.123s] -- Up-to-date: /home/nghiaphanbk/WeldingRobot_ws/install/moveit_resources_prbt_support/share/moveit_resources_prbt_support/local_setup.sh
[1.123s] -- Up-to-date: /home/nghiaphanbk/WeldingRobot_ws/install/moveit_resources_prbt_support/share/moveit_resources_prbt_support/local_setup.zsh
[1.124s] -- Installing: /home/nghiaphanbk/WeldingRobot_ws/install/moveit_resources_prbt_support/share/moveit_resources_prbt_support/local_setup.dsv
[1.124s] -- Installing: /home/nghiaphanbk/WeldingRobot_ws/install/moveit_resources_prbt_support/share/moveit_resources_prbt_support/package.dsv
[1.124s] -- Up-to-date: /home/nghiaphanbk/WeldingRobot_ws/install/moveit_resources_prbt_support/share/ament_index/resource_index/packages/moveit_resources_prbt_support
[1.127s] -- Up-to-date: /home/nghiaphanbk/WeldingRobot_ws/install/moveit_resources_prbt_support/share/moveit_resources_prbt_support/cmake/moveit_resources_prbt_supportConfig.cmake
[1.127s] -- Up-to-date: /home/nghiaphanbk/WeldingRobot_ws/install/moveit_resources_prbt_support/share/moveit_resources_prbt_support/cmake/moveit_resources_prbt_supportConfig-version.cmake
[1.127s] -- Up-to-date: /home/nghiaphanbk/WeldingRobot_ws/install/moveit_resources_prbt_support/share/moveit_resources_prbt_support/package.xml
[1.127s] -- Up-to-date: /home/nghiaphanbk/WeldingRobot_ws/install/moveit_resources_prbt_support/share/moveit_resources_prbt_support/urdf
[1.127s] -- Up-to-date: /home/nghiaphanbk/WeldingRobot_ws/install/moveit_resources_prbt_support/share/moveit_resources_prbt_support/urdf/prbt_macro.xacro
[1.128s] -- Up-to-date: /home/nghiaphanbk/WeldingRobot_ws/install/moveit_resources_prbt_support/share/moveit_resources_prbt_support/urdf/prbt.xacro
[1.128s] -- Up-to-date: /home/nghiaphanbk/WeldingRobot_ws/install/moveit_resources_prbt_support/share/moveit_resources_prbt_support/urdf/simple_gripper_brackets.urdf.xacro
[1.128s] -- Up-to-date: /home/nghiaphanbk/WeldingRobot_ws/install/moveit_resources_prbt_support/share/moveit_resources_prbt_support/urdf/prbt.ros2_control.xacro
[1.128s] -- Up-to-date: /home/nghiaphanbk/WeldingRobot_ws/install/moveit_resources_prbt_support/share/moveit_resources_prbt_support/meshes
[1.130s] -- Up-to-date: /home/nghiaphanbk/WeldingRobot_ws/install/moveit_resources_prbt_support/share/moveit_resources_prbt_support/meshes/link_1.stl
[1.130s] -- Up-to-date: /home/nghiaphanbk/WeldingRobot_ws/install/moveit_resources_prbt_support/share/moveit_resources_prbt_support/meshes/link_2.stl
[1.130s] -- Up-to-date: /home/nghiaphanbk/WeldingRobot_ws/install/moveit_resources_prbt_support/share/moveit_resources_prbt_support/meshes/flange.dae
[1.130s] -- Up-to-date: /home/nghiaphanbk/WeldingRobot_ws/install/moveit_resources_prbt_support/share/moveit_resources_prbt_support/meshes/link_2.dae
[1.132s] -- Up-to-date: /home/nghiaphanbk/WeldingRobot_ws/install/moveit_resources_prbt_support/share/moveit_resources_prbt_support/meshes/flange.stl
[1.133s] -- Up-to-date: /home/nghiaphanbk/WeldingRobot_ws/install/moveit_resources_prbt_support/share/moveit_resources_prbt_support/meshes/link_3.stl
[1.134s] -- Up-to-date: /home/nghiaphanbk/WeldingRobot_ws/install/moveit_resources_prbt_support/share/moveit_resources_prbt_support/meshes/link_5.dae
[1.134s] -- Up-to-date: /home/nghiaphanbk/WeldingRobot_ws/install/moveit_resources_prbt_support/share/moveit_resources_prbt_support/meshes/link_1.dae
[1.134s] -- Up-to-date: /home/nghiaphanbk/WeldingRobot_ws/install/moveit_resources_prbt_support/share/moveit_resources_prbt_support/meshes/foot.stl
[1.134s] -- Up-to-date: /home/nghiaphanbk/WeldingRobot_ws/install/moveit_resources_prbt_support/share/moveit_resources_prbt_support/meshes/link_5.stl
[1.134s] -- Up-to-date: /home/nghiaphanbk/WeldingRobot_ws/install/moveit_resources_prbt_support/share/moveit_resources_prbt_support/meshes/link_4.stl
[1.134s] -- Up-to-date: /home/nghiaphanbk/WeldingRobot_ws/install/moveit_resources_prbt_support/share/moveit_resources_prbt_support/meshes/foot.dae
[1.134s] -- Up-to-date: /home/nghiaphanbk/WeldingRobot_ws/install/moveit_resources_prbt_support/share/moveit_resources_prbt_support/meshes/link_4.dae
[1.135s] -- Up-to-date: /home/nghiaphanbk/WeldingRobot_ws/install/moveit_resources_prbt_support/share/moveit_resources_prbt_support/meshes/link_3.dae
[1.135s] -- Up-to-date: /home/nghiaphanbk/WeldingRobot_ws/install/moveit_resources_prbt_support/share/moveit_resources_prbt_support/config
[1.135s] -- Up-to-date: /home/nghiaphanbk/WeldingRobot_ws/install/moveit_resources_prbt_support/share/moveit_resources_prbt_support/config/prbt_0_1.dcf
[1.135s] -- Up-to-date: /home/nghiaphanbk/WeldingRobot_ws/install/moveit_resources_prbt_support/share/moveit_resources_prbt_support/config/manipulator_driver.yaml
[1.135s] -- Up-to-date: /home/nghiaphanbk/WeldingRobot_ws/install/moveit_resources_prbt_support/share/moveit_resources_prbt_support/config/manipulator_controller.yaml
[1.280s] Invoked command in '/home/nghiaphanbk/WeldingRobot_ws/build/moveit_resources_prbt_support' returned '0': CMAKE_PREFIX_PATH=${CMAKE_PREFIX_PATH}:/home/nghiaphanbk/WeldingRobot_ws/install/moveit_configs_utils:/home/nghiaphanbk/WeldingRobot_ws/install/launch_param_builder:/home/nghiaphanbk/WeldingRobot_ws/install/Model_Robot:/home/nghiaphanbk/ros2_ws/install/my_robot_controller:/opt/ros/humble /usr/bin/cmake --install /home/nghiaphanbk/WeldingRobot_ws/build/moveit_resources_prbt_support
