[0.983s] DEBUG:colcon:Command line arguments: ['/usr/bin/colcon', 'build']
[0.983s] DEBUG:colcon:Parsed command line arguments: Namespace(log_base=None, log_level=None, verb_name='build', build_base='build', install_base='install', merge_install=False, symlink_install=False, test_result_base=None, continue_on_error=False, executor='parallel', parallel_workers=12, event_handlers=None, ignore_user_meta=False, metas=['./colcon.meta'], base_paths=['.'], packages_ignore=None, packages_ignore_regex=None, paths=None, packages_up_to=None, packages_up_to_regex=None, packages_above=None, packages_above_and_dependencies=None, packages_above_depth=None, packages_select_by_dep=None, packages_skip_by_dep=None, packages_skip_up_to=None, packages_select_build_failed=False, packages_skip_build_finished=False, packages_select_test_failures=False, packages_skip_test_passed=False, packages_select=None, packages_skip=None, packages_select_regex=None, packages_skip_regex=None, packages_start=None, packages_end=None, allow_overriding=[], cmake_args=None, cmake_target=None, cmake_target_skip_unavailable=False, cmake_clean_cache=False, cmake_clean_first=False, cmake_force_configure=False, ament_cmake_args=None, catkin_cmake_args=None, catkin_skip_building_tests=False, verb_parser=<colcon_defaults.argument_parser.defaults.DefaultArgumentsDecorator object at 0x7f50e4624940>, verb_extension=<colcon_core.verb.build.BuildVerb object at 0x7f50e4a2ed70>, main=<bound method BuildVerb.main of <colcon_core.verb.build.BuildVerb object at 0x7f50e4a2ed70>>)
[1.026s] Level 1:colcon.colcon_core.package_discovery:discover_packages(colcon_meta) check parameters
[1.026s] Level 1:colcon.colcon_core.package_discovery:discover_packages(recursive) check parameters
[1.026s] Level 1:colcon.colcon_core.package_discovery:discover_packages(ignore) check parameters
[1.026s] Level 1:colcon.colcon_core.package_discovery:discover_packages(path) check parameters
[1.026s] Level 1:colcon.colcon_core.package_discovery:discover_packages(colcon_meta) discover
[1.026s] Level 1:colcon.colcon_core.package_discovery:discover_packages(recursive) discover
[1.026s] INFO:colcon.colcon_core.package_discovery:Crawling recursively for packages in '/home/nghiaphanbk/WeldingRobot_ws'
[1.026s] Level 1:colcon.colcon_core.package_identification:_identify(.) by extensions ['ignore', 'ignore_ament_install']
[1.026s] Level 1:colcon.colcon_core.package_identification:_identify(.) by extension 'ignore'
[1.026s] Level 1:colcon.colcon_core.package_identification:_identify(.) by extension 'ignore_ament_install'
[1.026s] Level 1:colcon.colcon_core.package_identification:_identify(.) by extensions ['colcon_pkg']
[1.026s] Level 1:colcon.colcon_core.package_identification:_identify(.) by extension 'colcon_pkg'
[1.026s] Level 1:colcon.colcon_core.package_identification:_identify(.) by extensions ['colcon_meta']
[1.026s] Level 1:colcon.colcon_core.package_identification:_identify(.) by extension 'colcon_meta'
[1.027s] Level 1:colcon.colcon_core.package_identification:_identify(.) by extensions ['ros']
[1.027s] Level 1:colcon.colcon_core.package_identification:_identify(.) by extension 'ros'
[1.035s] Level 1:colcon.colcon_core.package_identification:_identify(.) by extensions ['cmake', 'python']
[1.035s] Level 1:colcon.colcon_core.package_identification:_identify(.) by extension 'cmake'
[1.036s] Level 1:colcon.colcon_core.package_identification:_identify(.) by extension 'python'
[1.036s] Level 1:colcon.colcon_core.package_identification:_identify(.) by extensions ['python_setup_py']
[1.036s] Level 1:colcon.colcon_core.package_identification:_identify(.) by extension 'python_setup_py'
[1.036s] Level 1:colcon.colcon_core.package_identification:_identify(build) by extensions ['ignore', 'ignore_ament_install']
[1.036s] Level 1:colcon.colcon_core.package_identification:_identify(build) by extension 'ignore'
[1.036s] Level 1:colcon.colcon_core.package_identification:_identify(build) ignored
[1.036s] Level 1:colcon.colcon_core.package_identification:_identify(install) by extensions ['ignore', 'ignore_ament_install']
[1.036s] Level 1:colcon.colcon_core.package_identification:_identify(install) by extension 'ignore'
[1.036s] Level 1:colcon.colcon_core.package_identification:_identify(install) ignored
[1.036s] Level 1:colcon.colcon_core.package_identification:_identify(log) by extensions ['ignore', 'ignore_ament_install']
[1.036s] Level 1:colcon.colcon_core.package_identification:_identify(log) by extension 'ignore'
[1.036s] Level 1:colcon.colcon_core.package_identification:_identify(log) ignored
[1.037s] Level 1:colcon.colcon_core.package_identification:_identify(src) by extensions ['ignore', 'ignore_ament_install']
[1.037s] Level 1:colcon.colcon_core.package_identification:_identify(src) by extension 'ignore'
[1.037s] Level 1:colcon.colcon_core.package_identification:_identify(src) by extension 'ignore_ament_install'
[1.037s] Level 1:colcon.colcon_core.package_identification:_identify(src) by extensions ['colcon_pkg']
[1.037s] Level 1:colcon.colcon_core.package_identification:_identify(src) by extension 'colcon_pkg'
[1.037s] Level 1:colcon.colcon_core.package_identification:_identify(src) by extensions ['colcon_meta']
[1.037s] Level 1:colcon.colcon_core.package_identification:_identify(src) by extension 'colcon_meta'
[1.037s] Level 1:colcon.colcon_core.package_identification:_identify(src) by extensions ['ros']
[1.037s] Level 1:colcon.colcon_core.package_identification:_identify(src) by extension 'ros'
[1.037s] Level 1:colcon.colcon_core.package_identification:_identify(src) by extensions ['cmake', 'python']
[1.037s] Level 1:colcon.colcon_core.package_identification:_identify(src) by extension 'cmake'
[1.037s] Level 1:colcon.colcon_core.package_identification:_identify(src) by extension 'python'
[1.037s] Level 1:colcon.colcon_core.package_identification:_identify(src) by extensions ['python_setup_py']
[1.037s] Level 1:colcon.colcon_core.package_identification:_identify(src) by extension 'python_setup_py'
[1.037s] Level 1:colcon.colcon_core.package_identification:_identify(src/Model_Robot) by extensions ['ignore', 'ignore_ament_install']
[1.037s] Level 1:colcon.colcon_core.package_identification:_identify(src/Model_Robot) by extension 'ignore'
[1.037s] Level 1:colcon.colcon_core.package_identification:_identify(src/Model_Robot) by extension 'ignore_ament_install'
[1.037s] Level 1:colcon.colcon_core.package_identification:_identify(src/Model_Robot) by extensions ['colcon_pkg']
[1.037s] Level 1:colcon.colcon_core.package_identification:_identify(src/Model_Robot) by extension 'colcon_pkg'
[1.037s] Level 1:colcon.colcon_core.package_identification:_identify(src/Model_Robot) by extensions ['colcon_meta']
[1.037s] Level 1:colcon.colcon_core.package_identification:_identify(src/Model_Robot) by extension 'colcon_meta'
[1.037s] Level 1:colcon.colcon_core.package_identification:_identify(src/Model_Robot) by extensions ['ros']
[1.037s] Level 1:colcon.colcon_core.package_identification:_identify(src/Model_Robot) by extension 'ros'
[1.039s] DEBUG:colcon.colcon_core.package_identification:Package 'src/Model_Robot' with type 'ros.ament_python' and name 'Model_Robot'
[1.039s] Level 1:colcon.colcon_core.package_identification:_identify(src/Robot_ver2) by extensions ['ignore', 'ignore_ament_install']
[1.039s] Level 1:colcon.colcon_core.package_identification:_identify(src/Robot_ver2) by extension 'ignore'
[1.039s] Level 1:colcon.colcon_core.package_identification:_identify(src/Robot_ver2) by extension 'ignore_ament_install'
[1.040s] Level 1:colcon.colcon_core.package_identification:_identify(src/Robot_ver2) by extensions ['colcon_pkg']
[1.040s] Level 1:colcon.colcon_core.package_identification:_identify(src/Robot_ver2) by extension 'colcon_pkg'
[1.040s] Level 1:colcon.colcon_core.package_identification:_identify(src/Robot_ver2) by extensions ['colcon_meta']
[1.040s] Level 1:colcon.colcon_core.package_identification:_identify(src/Robot_ver2) by extension 'colcon_meta'
[1.040s] Level 1:colcon.colcon_core.package_identification:_identify(src/Robot_ver2) by extensions ['ros']
[1.040s] Level 1:colcon.colcon_core.package_identification:_identify(src/Robot_ver2) by extension 'ros'
[1.040s] DEBUG:colcon.colcon_core.package_identification:Package 'src/Robot_ver2' with type 'ros.ament_cmake' and name 'Robot_ver2'
[1.040s] Level 1:colcon.colcon_core.package_identification:_identify(src/movelt_sim) by extensions ['ignore', 'ignore_ament_install']
[1.040s] Level 1:colcon.colcon_core.package_identification:_identify(src/movelt_sim) by extension 'ignore'
[1.041s] Level 1:colcon.colcon_core.package_identification:_identify(src/movelt_sim) by extension 'ignore_ament_install'
[1.041s] Level 1:colcon.colcon_core.package_identification:_identify(src/movelt_sim) by extensions ['colcon_pkg']
[1.041s] Level 1:colcon.colcon_core.package_identification:_identify(src/movelt_sim) by extension 'colcon_pkg'
[1.041s] Level 1:colcon.colcon_core.package_identification:_identify(src/movelt_sim) by extensions ['colcon_meta']
[1.041s] Level 1:colcon.colcon_core.package_identification:_identify(src/movelt_sim) by extension 'colcon_meta'
[1.041s] Level 1:colcon.colcon_core.package_identification:_identify(src/movelt_sim) by extensions ['ros']
[1.041s] Level 1:colcon.colcon_core.package_identification:_identify(src/movelt_sim) by extension 'ros'
[1.041s] DEBUG:colcon.colcon_core.package_identification:Package 'src/movelt_sim' with type 'ros.ament_cmake' and name 'movelt_sim'
[1.041s] Level 1:colcon.colcon_core.package_discovery:discover_packages(recursive) using defaults
[1.041s] Level 1:colcon.colcon_core.package_discovery:discover_packages(ignore) discover
[1.041s] Level 1:colcon.colcon_core.package_discovery:discover_packages(ignore) using defaults
[1.041s] Level 1:colcon.colcon_core.package_discovery:discover_packages(path) discover
[1.042s] Level 1:colcon.colcon_core.package_discovery:discover_packages(path) using defaults
[1.131s] Level 1:colcon.colcon_core.package_discovery:discover_packages(prefix_path) check parameters
[1.131s] Level 1:colcon.colcon_core.package_discovery:discover_packages(prefix_path) discover
[1.163s] DEBUG:colcon.colcon_installed_package_information.package_discovery:Found 35 installed packages in /home/nghiaphanbk/WeldingRobot_ws/install
[1.187s] DEBUG:colcon.colcon_installed_package_information.package_discovery:Found 1 installed packages in /home/nghiaphanbk/ros2_ws/install
[1.202s] DEBUG:colcon.colcon_installed_package_information.package_discovery:Found 343 installed packages in /opt/ros/humble
[1.204s] Level 1:colcon.colcon_core.package_discovery:discover_packages(prefix_path) using defaults
[1.284s] WARNING:colcon.colcon_core.package_selection:Some selected packages are already built in one or more underlay workspaces:
	'Model_Robot' is in: /home/nghiaphanbk/WeldingRobot_ws/install/Model_Robot
If a package in a merged underlay workspace is overridden and it installs headers, then all packages in the overlay must sort their include directories by workspace order. Failure to do so may result in build failures or undefined behavior at run time.
If the overridden package is used by another package in any underlay, then the overriding package in the overlay must be API and ABI compatible or undefined behavior at run time may occur.

If you understand the risks and want to override a package anyways, add the following to the command line:
	--allow-overriding Model_Robot

This may be promoted to an error in a future release of colcon-override-check.
[1.299s] Level 5:colcon.colcon_core.verb:set package 'Model_Robot' build argument 'cmake_args' from command line to 'None'
[1.299s] Level 5:colcon.colcon_core.verb:set package 'Model_Robot' build argument 'cmake_target' from command line to 'None'
[1.299s] Level 5:colcon.colcon_core.verb:set package 'Model_Robot' build argument 'cmake_target_skip_unavailable' from command line to 'False'
[1.299s] Level 5:colcon.colcon_core.verb:set package 'Model_Robot' build argument 'cmake_clean_cache' from command line to 'False'
[1.299s] Level 5:colcon.colcon_core.verb:set package 'Model_Robot' build argument 'cmake_clean_first' from command line to 'False'
[1.299s] Level 5:colcon.colcon_core.verb:set package 'Model_Robot' build argument 'cmake_force_configure' from command line to 'False'
[1.299s] Level 5:colcon.colcon_core.verb:set package 'Model_Robot' build argument 'ament_cmake_args' from command line to 'None'
[1.299s] Level 5:colcon.colcon_core.verb:set package 'Model_Robot' build argument 'catkin_cmake_args' from command line to 'None'
[1.299s] Level 5:colcon.colcon_core.verb:set package 'Model_Robot' build argument 'catkin_skip_building_tests' from command line to 'False'
[1.300s] DEBUG:colcon.colcon_core.verb:Building package 'Model_Robot' with the following arguments: {'ament_cmake_args': None, 'build_base': '/home/nghiaphanbk/WeldingRobot_ws/build/Model_Robot', 'catkin_cmake_args': None, 'catkin_skip_building_tests': False, 'cmake_args': None, 'cmake_clean_cache': False, 'cmake_clean_first': False, 'cmake_force_configure': False, 'cmake_target': None, 'cmake_target_skip_unavailable': False, 'install_base': '/home/nghiaphanbk/WeldingRobot_ws/install/Model_Robot', 'merge_install': False, 'path': '/home/nghiaphanbk/WeldingRobot_ws/src/Model_Robot', 'symlink_install': False, 'test_result_base': None}
[1.314s] Level 5:colcon.colcon_core.verb:set package 'Robot_ver2' build argument 'cmake_args' from command line to 'None'
[1.314s] Level 5:colcon.colcon_core.verb:set package 'Robot_ver2' build argument 'cmake_target' from command line to 'None'
[1.314s] Level 5:colcon.colcon_core.verb:set package 'Robot_ver2' build argument 'cmake_target_skip_unavailable' from command line to 'False'
[1.315s] Level 5:colcon.colcon_core.verb:set package 'Robot_ver2' build argument 'cmake_clean_cache' from command line to 'False'
[1.315s] Level 5:colcon.colcon_core.verb:set package 'Robot_ver2' build argument 'cmake_clean_first' from command line to 'False'
[1.315s] Level 5:colcon.colcon_core.verb:set package 'Robot_ver2' build argument 'cmake_force_configure' from command line to 'False'
[1.315s] Level 5:colcon.colcon_core.verb:set package 'Robot_ver2' build argument 'ament_cmake_args' from command line to 'None'
[1.315s] Level 5:colcon.colcon_core.verb:set package 'Robot_ver2' build argument 'catkin_cmake_args' from command line to 'None'
[1.315s] Level 5:colcon.colcon_core.verb:set package 'Robot_ver2' build argument 'catkin_skip_building_tests' from command line to 'False'
[1.315s] DEBUG:colcon.colcon_core.verb:Building package 'Robot_ver2' with the following arguments: {'ament_cmake_args': None, 'build_base': '/home/nghiaphanbk/WeldingRobot_ws/build/Robot_ver2', 'catkin_cmake_args': None, 'catkin_skip_building_tests': False, 'cmake_args': None, 'cmake_clean_cache': False, 'cmake_clean_first': False, 'cmake_force_configure': False, 'cmake_target': None, 'cmake_target_skip_unavailable': False, 'install_base': '/home/nghiaphanbk/WeldingRobot_ws/install/Robot_ver2', 'merge_install': False, 'path': '/home/nghiaphanbk/WeldingRobot_ws/src/Robot_ver2', 'symlink_install': False, 'test_result_base': None}
[1.329s] Level 5:colcon.colcon_core.verb:set package 'movelt_sim' build argument 'cmake_args' from command line to 'None'
[1.329s] Level 5:colcon.colcon_core.verb:set package 'movelt_sim' build argument 'cmake_target' from command line to 'None'
[1.329s] Level 5:colcon.colcon_core.verb:set package 'movelt_sim' build argument 'cmake_target_skip_unavailable' from command line to 'False'
[1.330s] Level 5:colcon.colcon_core.verb:set package 'movelt_sim' build argument 'cmake_clean_cache' from command line to 'False'
[1.330s] Level 5:colcon.colcon_core.verb:set package 'movelt_sim' build argument 'cmake_clean_first' from command line to 'False'
[1.330s] Level 5:colcon.colcon_core.verb:set package 'movelt_sim' build argument 'cmake_force_configure' from command line to 'False'
[1.330s] Level 5:colcon.colcon_core.verb:set package 'movelt_sim' build argument 'ament_cmake_args' from command line to 'None'
[1.330s] Level 5:colcon.colcon_core.verb:set package 'movelt_sim' build argument 'catkin_cmake_args' from command line to 'None'
[1.330s] Level 5:colcon.colcon_core.verb:set package 'movelt_sim' build argument 'catkin_skip_building_tests' from command line to 'False'
[1.330s] DEBUG:colcon.colcon_core.verb:Building package 'movelt_sim' with the following arguments: {'ament_cmake_args': None, 'build_base': '/home/nghiaphanbk/WeldingRobot_ws/build/movelt_sim', 'catkin_cmake_args': None, 'catkin_skip_building_tests': False, 'cmake_args': None, 'cmake_clean_cache': False, 'cmake_clean_first': False, 'cmake_force_configure': False, 'cmake_target': None, 'cmake_target_skip_unavailable': False, 'install_base': '/home/nghiaphanbk/WeldingRobot_ws/install/movelt_sim', 'merge_install': False, 'path': '/home/nghiaphanbk/WeldingRobot_ws/src/movelt_sim', 'symlink_install': False, 'test_result_base': None}
[1.344s] INFO:colcon.colcon_core.executor:Executing jobs using 'parallel' executor
[1.360s] DEBUG:colcon.colcon_parallel_executor.executor.parallel:run_until_complete
[1.360s] INFO:colcon.colcon_ros.task.ament_python.build:Building ROS package in '/home/nghiaphanbk/WeldingRobot_ws/src/Model_Robot' with build type 'ament_python'
[1.360s] Level 1:colcon.colcon_core.shell:create_environment_hook('Model_Robot', 'ament_prefix_path')
[1.376s] INFO:colcon.colcon_core.plugin_system:Skipping extension 'colcon_core.shell.bat': Not used on non-Windows systems
[1.376s] INFO:colcon.colcon_core.shell:Creating environment hook '/home/nghiaphanbk/WeldingRobot_ws/install/Model_Robot/share/Model_Robot/hook/ament_prefix_path.ps1'
[1.377s] INFO:colcon.colcon_core.shell:Creating environment descriptor '/home/nghiaphanbk/WeldingRobot_ws/install/Model_Robot/share/Model_Robot/hook/ament_prefix_path.dsv'
[1.377s] INFO:colcon.colcon_core.shell:Creating environment hook '/home/nghiaphanbk/WeldingRobot_ws/install/Model_Robot/share/Model_Robot/hook/ament_prefix_path.sh'
[1.392s] INFO:colcon.colcon_core.shell:Skip shell extension 'powershell' for command environment: Not usable outside of PowerShell
[1.392s] DEBUG:colcon.colcon_core.shell:Skip shell extension 'dsv' for command environment
[1.705s] INFO:colcon.colcon_core.task.python.build:Building Python package in '/home/nghiaphanbk/WeldingRobot_ws/src/Model_Robot'
[1.719s] INFO:colcon.colcon_core.shell:Skip shell extension 'powershell' for command environment: Not usable outside of PowerShell
[1.719s] DEBUG:colcon.colcon_core.shell:Skip shell extension 'dsv' for command environment
[2.093s] DEBUG:colcon.colcon_core.event_handler.log_command:Invoking command in '/home/nghiaphanbk/WeldingRobot_ws/src/Model_Robot': PYTHONPATH=/home/nghiaphanbk/WeldingRobot_ws/build/Model_Robot/prefix_override:/home/nghiaphanbk/WeldingRobot_ws/install/Model_Robot/lib/python3.10/site-packages:${PYTHONPATH} /usr/bin/python3 setup.py egg_info --egg-base ../../build/Model_Robot build --build-base /home/nghiaphanbk/WeldingRobot_ws/build/Model_Robot/build install --record /home/nghiaphanbk/WeldingRobot_ws/build/Model_Robot/install.log --single-version-externally-managed
[2.348s] DEBUG:colcon.colcon_core.event_handler.log_command:Invoked command in '/home/nghiaphanbk/WeldingRobot_ws/src/Model_Robot' returned '0': PYTHONPATH=/home/nghiaphanbk/WeldingRobot_ws/build/Model_Robot/prefix_override:/home/nghiaphanbk/WeldingRobot_ws/install/Model_Robot/lib/python3.10/site-packages:${PYTHONPATH} /usr/bin/python3 setup.py egg_info --egg-base ../../build/Model_Robot build --build-base /home/nghiaphanbk/WeldingRobot_ws/build/Model_Robot/build install --record /home/nghiaphanbk/WeldingRobot_ws/build/Model_Robot/install.log --single-version-externally-managed
[2.363s] Level 1:colcon.colcon_core.environment:checking '/home/nghiaphanbk/WeldingRobot_ws/install/Model_Robot' for CMake module files
[2.364s] Level 1:colcon.colcon_core.environment:checking '/home/nghiaphanbk/WeldingRobot_ws/install/Model_Robot' for CMake config files
[2.364s] Level 1:colcon.colcon_core.environment:checking '/home/nghiaphanbk/WeldingRobot_ws/install/Model_Robot/lib'
[2.364s] Level 1:colcon.colcon_core.environment:checking '/home/nghiaphanbk/WeldingRobot_ws/install/Model_Robot/bin'
[2.365s] Level 1:colcon.colcon_core.environment:checking '/home/nghiaphanbk/WeldingRobot_ws/install/Model_Robot/lib/pkgconfig/Model_Robot.pc'
[2.365s] Level 1:colcon.colcon_core.environment:checking '/home/nghiaphanbk/WeldingRobot_ws/install/Model_Robot/lib/python3.10/site-packages'
[2.365s] Level 1:colcon.colcon_core.shell:create_environment_hook('Model_Robot', 'pythonpath')
[2.379s] INFO:colcon.colcon_core.shell:Creating environment hook '/home/nghiaphanbk/WeldingRobot_ws/install/Model_Robot/share/Model_Robot/hook/pythonpath.ps1'
[2.379s] INFO:colcon.colcon_core.shell:Creating environment descriptor '/home/nghiaphanbk/WeldingRobot_ws/install/Model_Robot/share/Model_Robot/hook/pythonpath.dsv'
[2.379s] INFO:colcon.colcon_core.shell:Creating environment hook '/home/nghiaphanbk/WeldingRobot_ws/install/Model_Robot/share/Model_Robot/hook/pythonpath.sh'
[2.379s] Level 1:colcon.colcon_core.environment:checking '/home/nghiaphanbk/WeldingRobot_ws/install/Model_Robot/bin'
[2.379s] Level 1:colcon.colcon_core.environment:create_environment_scripts_only(Model_Robot)
[2.394s] INFO:colcon.colcon_core.shell:Creating package script '/home/nghiaphanbk/WeldingRobot_ws/install/Model_Robot/share/Model_Robot/package.ps1'
[2.394s] INFO:colcon.colcon_core.shell:Creating package descriptor '/home/nghiaphanbk/WeldingRobot_ws/install/Model_Robot/share/Model_Robot/package.dsv'
[2.395s] INFO:colcon.colcon_core.shell:Creating package script '/home/nghiaphanbk/WeldingRobot_ws/install/Model_Robot/share/Model_Robot/package.sh'
[2.395s] INFO:colcon.colcon_core.shell:Creating package script '/home/nghiaphanbk/WeldingRobot_ws/install/Model_Robot/share/Model_Robot/package.bash'
[2.396s] INFO:colcon.colcon_core.shell:Creating package script '/home/nghiaphanbk/WeldingRobot_ws/install/Model_Robot/share/Model_Robot/package.zsh'
[2.396s] Level 1:colcon.colcon_core.environment:create_file_with_runtime_dependencies(/home/nghiaphanbk/WeldingRobot_ws/install/Model_Robot/share/colcon-core/packages/Model_Robot)
[2.397s] INFO:colcon.colcon_ros.task.ament_cmake.build:Building ROS package in '/home/nghiaphanbk/WeldingRobot_ws/src/Robot_ver2' with build type 'ament_cmake'
[2.397s] INFO:colcon.colcon_cmake.task.cmake.build:Building CMake package in '/home/nghiaphanbk/WeldingRobot_ws/src/Robot_ver2'
[2.412s] INFO:colcon.colcon_core.shell:Skip shell extension 'powershell' for command environment: Not usable outside of PowerShell
[2.412s] DEBUG:colcon.colcon_core.shell:Skip shell extension 'dsv' for command environment
[2.475s] INFO:colcon.colcon_ros.task.ament_cmake.build:Building ROS package in '/home/nghiaphanbk/WeldingRobot_ws/src/movelt_sim' with build type 'ament_cmake'
[2.475s] INFO:colcon.colcon_cmake.task.cmake.build:Building CMake package in '/home/nghiaphanbk/WeldingRobot_ws/src/movelt_sim'
[2.491s] INFO:colcon.colcon_core.shell:Skip shell extension 'powershell' for command environment: Not usable outside of PowerShell
[2.491s] DEBUG:colcon.colcon_core.shell:Skip shell extension 'dsv' for command environment
[2.557s] DEBUG:colcon.colcon_core.event_handler.log_command:Invoking command in '/home/nghiaphanbk/WeldingRobot_ws/build/Robot_ver2': AMENT_PREFIX_PATH=/home/nghiaphanbk/WeldingRobot_ws/install/Model_Robot:/home/nghiaphanbk/WeldingRobot_ws/install/pilz_industrial_motion_planner_testutils:/home/nghiaphanbk/WeldingRobot_ws/install/movelt_sim:/home/nghiaphanbk/WeldingRobot_ws/install/moveit_visual_tools:/home/nghiaphanbk/WeldingRobot_ws/install/moveit_ros_control_interface:/home/nghiaphanbk/WeldingRobot_ws/install/moveit_plugins:/home/nghiaphanbk/WeldingRobot_ws/install/Robot_ver2:/home/nghiaphanbk/WeldingRobot_ws/install/Moveit_sim:/home/nghiaphanbk/WeldingRobot_ws/install/moveit_simple_controller_manager:/home/nghiaphanbk/WeldingRobot_ws/install/moveit_ros_warehouse:/home/nghiaphanbk/WeldingRobot_ws/install/moveit_ros_robot_interaction:/home/nghiaphanbk/WeldingRobot_ws/install/moveit_ros_perception:/home/nghiaphanbk/WeldingRobot_ws/install/moveit_ros_planning:/home/nghiaphanbk/WeldingRobot_ws/install/moveit_ros_occupancy_map_monitor:/home/nghiaphanbk/WeldingRobot_ws/install/moveit_resources_prbt_ikfast_manipulator_plugin:/home/nghiaphanbk/WeldingRobot_ws/install/moveit_planners_chomp:/home/nghiaphanbk/WeldingRobot_ws/install/moveit_kinematics:/home/nghiaphanbk/WeldingRobot_ws/install/moveit_chomp_optimizer_adapter:/home/nghiaphanbk/WeldingRobot_ws/install/chomp_motion_planner:/home/nghiaphanbk/WeldingRobot_ws/install/moveit_core:/home/nghiaphanbk/WeldingRobot_ws/install/moveit_configs_utils:/home/nghiaphanbk/WeldingRobot_ws/install/srdfdom:/home/nghiaphanbk/WeldingRobot_ws/install/rviz_marker_tools:/home/nghiaphanbk/WeldingRobot_ws/install/rosparam_shortcuts:/home/nghiaphanbk/WeldingRobot_ws/install/moveit_task_constructor_msgs:/home/nghiaphanbk/WeldingRobot_ws/install/moveit_resources_prbt_support:/home/nghiaphanbk/WeldingRobot_ws/install/moveit_resources:/home/nghiaphanbk/WeldingRobot_ws/install/moveit_resources_pr2_description:/home/nghiaphanbk/WeldingRobot_ws/install/moveit_resources_panda_moveit_config:/home/nghiaphanbk/WeldingRobot_ws/install/moveit_resources_panda_description:/home/nghiaphanbk/WeldingRobot_ws/install/moveit_resources_fanuc_moveit_config:/home/nghiaphanbk/WeldingRobot_ws/install/moveit_resources_fanuc_description:/home/nghiaphanbk/WeldingRobot_ws/install/moveit_common:/home/nghiaphanbk/WeldingRobot_ws/install/launch_param_builder:/home/nghiaphanbk/ros2_ws/install/my_robot_controller:/opt/ros/humble CMAKE_PREFIX_PATH=${CMAKE_PREFIX_PATH}:/home/nghiaphanbk/WeldingRobot_ws/install/moveit_configs_utils:/home/nghiaphanbk/WeldingRobot_ws/install/launch_param_builder:/home/nghiaphanbk/WeldingRobot_ws/install/Model_Robot:/home/nghiaphanbk/ros2_ws/install/my_robot_controller:/opt/ros/humble PYTHONPATH=/home/nghiaphanbk/WeldingRobot_ws/install/Model_Robot/lib/python3.10/site-packages:/home/nghiaphanbk/WeldingRobot_ws/install/moveit_configs_utils/lib/python3.10/site-packages:/home/nghiaphanbk/WeldingRobot_ws/install/srdfdom/local/lib/python3.10/dist-packages:/home/nghiaphanbk/WeldingRobot_ws/install/moveit_task_constructor_msgs/local/lib/python3.10/dist-packages:/home/nghiaphanbk/WeldingRobot_ws/install/launch_param_builder/lib/python3.10/site-packages:/home/nghiaphanbk/ros2_ws/build/my_robot_controller:/home/nghiaphanbk/ros2_ws/install/my_robot_controller/lib/python3.10/site-packages:/opt/ros/humble/lib/python3.10/site-packages:/opt/ros/humble/local/lib/python3.10/dist-packages /usr/bin/cmake --build /home/nghiaphanbk/WeldingRobot_ws/build/Robot_ver2 -- -j12 -l12
[2.559s] DEBUG:colcon.colcon_core.event_handler.log_command:Invoking command in '/home/nghiaphanbk/WeldingRobot_ws/build/movelt_sim': AMENT_PREFIX_PATH=/home/nghiaphanbk/WeldingRobot_ws/install/Model_Robot:/home/nghiaphanbk/WeldingRobot_ws/install/pilz_industrial_motion_planner_testutils:/home/nghiaphanbk/WeldingRobot_ws/install/movelt_sim:/home/nghiaphanbk/WeldingRobot_ws/install/moveit_visual_tools:/home/nghiaphanbk/WeldingRobot_ws/install/moveit_ros_control_interface:/home/nghiaphanbk/WeldingRobot_ws/install/moveit_plugins:/home/nghiaphanbk/WeldingRobot_ws/install/Robot_ver2:/home/nghiaphanbk/WeldingRobot_ws/install/Moveit_sim:/home/nghiaphanbk/WeldingRobot_ws/install/moveit_simple_controller_manager:/home/nghiaphanbk/WeldingRobot_ws/install/moveit_ros_warehouse:/home/nghiaphanbk/WeldingRobot_ws/install/moveit_ros_robot_interaction:/home/nghiaphanbk/WeldingRobot_ws/install/moveit_ros_perception:/home/nghiaphanbk/WeldingRobot_ws/install/moveit_ros_planning:/home/nghiaphanbk/WeldingRobot_ws/install/moveit_ros_occupancy_map_monitor:/home/nghiaphanbk/WeldingRobot_ws/install/moveit_resources_prbt_ikfast_manipulator_plugin:/home/nghiaphanbk/WeldingRobot_ws/install/moveit_planners_chomp:/home/nghiaphanbk/WeldingRobot_ws/install/moveit_kinematics:/home/nghiaphanbk/WeldingRobot_ws/install/moveit_chomp_optimizer_adapter:/home/nghiaphanbk/WeldingRobot_ws/install/chomp_motion_planner:/home/nghiaphanbk/WeldingRobot_ws/install/moveit_core:/home/nghiaphanbk/WeldingRobot_ws/install/moveit_configs_utils:/home/nghiaphanbk/WeldingRobot_ws/install/srdfdom:/home/nghiaphanbk/WeldingRobot_ws/install/rviz_marker_tools:/home/nghiaphanbk/WeldingRobot_ws/install/rosparam_shortcuts:/home/nghiaphanbk/WeldingRobot_ws/install/moveit_task_constructor_msgs:/home/nghiaphanbk/WeldingRobot_ws/install/moveit_resources_prbt_support:/home/nghiaphanbk/WeldingRobot_ws/install/moveit_resources:/home/nghiaphanbk/WeldingRobot_ws/install/moveit_resources_pr2_description:/home/nghiaphanbk/WeldingRobot_ws/install/moveit_resources_panda_moveit_config:/home/nghiaphanbk/WeldingRobot_ws/install/moveit_resources_panda_description:/home/nghiaphanbk/WeldingRobot_ws/install/moveit_resources_fanuc_moveit_config:/home/nghiaphanbk/WeldingRobot_ws/install/moveit_resources_fanuc_description:/home/nghiaphanbk/WeldingRobot_ws/install/moveit_common:/home/nghiaphanbk/WeldingRobot_ws/install/launch_param_builder:/home/nghiaphanbk/ros2_ws/install/my_robot_controller:/opt/ros/humble CMAKE_PREFIX_PATH=${CMAKE_PREFIX_PATH}:/home/nghiaphanbk/WeldingRobot_ws/install/moveit_configs_utils:/home/nghiaphanbk/WeldingRobot_ws/install/launch_param_builder:/home/nghiaphanbk/WeldingRobot_ws/install/Model_Robot:/home/nghiaphanbk/ros2_ws/install/my_robot_controller:/opt/ros/humble PYTHONPATH=/home/nghiaphanbk/WeldingRobot_ws/install/Model_Robot/lib/python3.10/site-packages:/home/nghiaphanbk/WeldingRobot_ws/install/moveit_configs_utils/lib/python3.10/site-packages:/home/nghiaphanbk/WeldingRobot_ws/install/srdfdom/local/lib/python3.10/dist-packages:/home/nghiaphanbk/WeldingRobot_ws/install/moveit_task_constructor_msgs/local/lib/python3.10/dist-packages:/home/nghiaphanbk/WeldingRobot_ws/install/launch_param_builder/lib/python3.10/site-packages:/home/nghiaphanbk/ros2_ws/build/my_robot_controller:/home/nghiaphanbk/ros2_ws/install/my_robot_controller/lib/python3.10/site-packages:/opt/ros/humble/lib/python3.10/site-packages:/opt/ros/humble/local/lib/python3.10/dist-packages /usr/bin/cmake --build /home/nghiaphanbk/WeldingRobot_ws/build/movelt_sim -- -j12 -l12
[2.586s] DEBUG:colcon.colcon_core.event_handler.log_command:Invoked command in '/home/nghiaphanbk/WeldingRobot_ws/build/Robot_ver2' returned '0': AMENT_PREFIX_PATH=/home/nghiaphanbk/WeldingRobot_ws/install/Model_Robot:/home/nghiaphanbk/WeldingRobot_ws/install/pilz_industrial_motion_planner_testutils:/home/nghiaphanbk/WeldingRobot_ws/install/movelt_sim:/home/nghiaphanbk/WeldingRobot_ws/install/moveit_visual_tools:/home/nghiaphanbk/WeldingRobot_ws/install/moveit_ros_control_interface:/home/nghiaphanbk/WeldingRobot_ws/install/moveit_plugins:/home/nghiaphanbk/WeldingRobot_ws/install/Robot_ver2:/home/nghiaphanbk/WeldingRobot_ws/install/Moveit_sim:/home/nghiaphanbk/WeldingRobot_ws/install/moveit_simple_controller_manager:/home/nghiaphanbk/WeldingRobot_ws/install/moveit_ros_warehouse:/home/nghiaphanbk/WeldingRobot_ws/install/moveit_ros_robot_interaction:/home/nghiaphanbk/WeldingRobot_ws/install/moveit_ros_perception:/home/nghiaphanbk/WeldingRobot_ws/install/moveit_ros_planning:/home/nghiaphanbk/WeldingRobot_ws/install/moveit_ros_occupancy_map_monitor:/home/nghiaphanbk/WeldingRobot_ws/install/moveit_resources_prbt_ikfast_manipulator_plugin:/home/nghiaphanbk/WeldingRobot_ws/install/moveit_planners_chomp:/home/nghiaphanbk/WeldingRobot_ws/install/moveit_kinematics:/home/nghiaphanbk/WeldingRobot_ws/install/moveit_chomp_optimizer_adapter:/home/nghiaphanbk/WeldingRobot_ws/install/chomp_motion_planner:/home/nghiaphanbk/WeldingRobot_ws/install/moveit_core:/home/nghiaphanbk/WeldingRobot_ws/install/moveit_configs_utils:/home/nghiaphanbk/WeldingRobot_ws/install/srdfdom:/home/nghiaphanbk/WeldingRobot_ws/install/rviz_marker_tools:/home/nghiaphanbk/WeldingRobot_ws/install/rosparam_shortcuts:/home/nghiaphanbk/WeldingRobot_ws/install/moveit_task_constructor_msgs:/home/nghiaphanbk/WeldingRobot_ws/install/moveit_resources_prbt_support:/home/nghiaphanbk/WeldingRobot_ws/install/moveit_resources:/home/nghiaphanbk/WeldingRobot_ws/install/moveit_resources_pr2_description:/home/nghiaphanbk/WeldingRobot_ws/install/moveit_resources_panda_moveit_config:/home/nghiaphanbk/WeldingRobot_ws/install/moveit_resources_panda_description:/home/nghiaphanbk/WeldingRobot_ws/install/moveit_resources_fanuc_moveit_config:/home/nghiaphanbk/WeldingRobot_ws/install/moveit_resources_fanuc_description:/home/nghiaphanbk/WeldingRobot_ws/install/moveit_common:/home/nghiaphanbk/WeldingRobot_ws/install/launch_param_builder:/home/nghiaphanbk/ros2_ws/install/my_robot_controller:/opt/ros/humble CMAKE_PREFIX_PATH=${CMAKE_PREFIX_PATH}:/home/nghiaphanbk/WeldingRobot_ws/install/moveit_configs_utils:/home/nghiaphanbk/WeldingRobot_ws/install/launch_param_builder:/home/nghiaphanbk/WeldingRobot_ws/install/Model_Robot:/home/nghiaphanbk/ros2_ws/install/my_robot_controller:/opt/ros/humble PYTHONPATH=/home/nghiaphanbk/WeldingRobot_ws/install/Model_Robot/lib/python3.10/site-packages:/home/nghiaphanbk/WeldingRobot_ws/install/moveit_configs_utils/lib/python3.10/site-packages:/home/nghiaphanbk/WeldingRobot_ws/install/srdfdom/local/lib/python3.10/dist-packages:/home/nghiaphanbk/WeldingRobot_ws/install/moveit_task_constructor_msgs/local/lib/python3.10/dist-packages:/home/nghiaphanbk/WeldingRobot_ws/install/launch_param_builder/lib/python3.10/site-packages:/home/nghiaphanbk/ros2_ws/build/my_robot_controller:/home/nghiaphanbk/ros2_ws/install/my_robot_controller/lib/python3.10/site-packages:/opt/ros/humble/lib/python3.10/site-packages:/opt/ros/humble/local/lib/python3.10/dist-packages /usr/bin/cmake --build /home/nghiaphanbk/WeldingRobot_ws/build/Robot_ver2 -- -j12 -l12
[2.587s] DEBUG:colcon.colcon_core.event_handler.log_command:Invoked command in '/home/nghiaphanbk/WeldingRobot_ws/build/movelt_sim' returned '0': AMENT_PREFIX_PATH=/home/nghiaphanbk/WeldingRobot_ws/install/Model_Robot:/home/nghiaphanbk/WeldingRobot_ws/install/pilz_industrial_motion_planner_testutils:/home/nghiaphanbk/WeldingRobot_ws/install/movelt_sim:/home/nghiaphanbk/WeldingRobot_ws/install/moveit_visual_tools:/home/nghiaphanbk/WeldingRobot_ws/install/moveit_ros_control_interface:/home/nghiaphanbk/WeldingRobot_ws/install/moveit_plugins:/home/nghiaphanbk/WeldingRobot_ws/install/Robot_ver2:/home/nghiaphanbk/WeldingRobot_ws/install/Moveit_sim:/home/nghiaphanbk/WeldingRobot_ws/install/moveit_simple_controller_manager:/home/nghiaphanbk/WeldingRobot_ws/install/moveit_ros_warehouse:/home/nghiaphanbk/WeldingRobot_ws/install/moveit_ros_robot_interaction:/home/nghiaphanbk/WeldingRobot_ws/install/moveit_ros_perception:/home/nghiaphanbk/WeldingRobot_ws/install/moveit_ros_planning:/home/nghiaphanbk/WeldingRobot_ws/install/moveit_ros_occupancy_map_monitor:/home/nghiaphanbk/WeldingRobot_ws/install/moveit_resources_prbt_ikfast_manipulator_plugin:/home/nghiaphanbk/WeldingRobot_ws/install/moveit_planners_chomp:/home/nghiaphanbk/WeldingRobot_ws/install/moveit_kinematics:/home/nghiaphanbk/WeldingRobot_ws/install/moveit_chomp_optimizer_adapter:/home/nghiaphanbk/WeldingRobot_ws/install/chomp_motion_planner:/home/nghiaphanbk/WeldingRobot_ws/install/moveit_core:/home/nghiaphanbk/WeldingRobot_ws/install/moveit_configs_utils:/home/nghiaphanbk/WeldingRobot_ws/install/srdfdom:/home/nghiaphanbk/WeldingRobot_ws/install/rviz_marker_tools:/home/nghiaphanbk/WeldingRobot_ws/install/rosparam_shortcuts:/home/nghiaphanbk/WeldingRobot_ws/install/moveit_task_constructor_msgs:/home/nghiaphanbk/WeldingRobot_ws/install/moveit_resources_prbt_support:/home/nghiaphanbk/WeldingRobot_ws/install/moveit_resources:/home/nghiaphanbk/WeldingRobot_ws/install/moveit_resources_pr2_description:/home/nghiaphanbk/WeldingRobot_ws/install/moveit_resources_panda_moveit_config:/home/nghiaphanbk/WeldingRobot_ws/install/moveit_resources_panda_description:/home/nghiaphanbk/WeldingRobot_ws/install/moveit_resources_fanuc_moveit_config:/home/nghiaphanbk/WeldingRobot_ws/install/moveit_resources_fanuc_description:/home/nghiaphanbk/WeldingRobot_ws/install/moveit_common:/home/nghiaphanbk/WeldingRobot_ws/install/launch_param_builder:/home/nghiaphanbk/ros2_ws/install/my_robot_controller:/opt/ros/humble CMAKE_PREFIX_PATH=${CMAKE_PREFIX_PATH}:/home/nghiaphanbk/WeldingRobot_ws/install/moveit_configs_utils:/home/nghiaphanbk/WeldingRobot_ws/install/launch_param_builder:/home/nghiaphanbk/WeldingRobot_ws/install/Model_Robot:/home/nghiaphanbk/ros2_ws/install/my_robot_controller:/opt/ros/humble PYTHONPATH=/home/nghiaphanbk/WeldingRobot_ws/install/Model_Robot/lib/python3.10/site-packages:/home/nghiaphanbk/WeldingRobot_ws/install/moveit_configs_utils/lib/python3.10/site-packages:/home/nghiaphanbk/WeldingRobot_ws/install/srdfdom/local/lib/python3.10/dist-packages:/home/nghiaphanbk/WeldingRobot_ws/install/moveit_task_constructor_msgs/local/lib/python3.10/dist-packages:/home/nghiaphanbk/WeldingRobot_ws/install/launch_param_builder/lib/python3.10/site-packages:/home/nghiaphanbk/ros2_ws/build/my_robot_controller:/home/nghiaphanbk/ros2_ws/install/my_robot_controller/lib/python3.10/site-packages:/opt/ros/humble/lib/python3.10/site-packages:/opt/ros/humble/local/lib/python3.10/dist-packages /usr/bin/cmake --build /home/nghiaphanbk/WeldingRobot_ws/build/movelt_sim -- -j12 -l12
[2.612s] DEBUG:colcon.colcon_core.event_handler.log_command:Invoking command in '/home/nghiaphanbk/WeldingRobot_ws/build/Robot_ver2': AMENT_PREFIX_PATH=/home/nghiaphanbk/WeldingRobot_ws/install/Model_Robot:/home/nghiaphanbk/WeldingRobot_ws/install/pilz_industrial_motion_planner_testutils:/home/nghiaphanbk/WeldingRobot_ws/install/movelt_sim:/home/nghiaphanbk/WeldingRobot_ws/install/moveit_visual_tools:/home/nghiaphanbk/WeldingRobot_ws/install/moveit_ros_control_interface:/home/nghiaphanbk/WeldingRobot_ws/install/moveit_plugins:/home/nghiaphanbk/WeldingRobot_ws/install/Robot_ver2:/home/nghiaphanbk/WeldingRobot_ws/install/Moveit_sim:/home/nghiaphanbk/WeldingRobot_ws/install/moveit_simple_controller_manager:/home/nghiaphanbk/WeldingRobot_ws/install/moveit_ros_warehouse:/home/nghiaphanbk/WeldingRobot_ws/install/moveit_ros_robot_interaction:/home/nghiaphanbk/WeldingRobot_ws/install/moveit_ros_perception:/home/nghiaphanbk/WeldingRobot_ws/install/moveit_ros_planning:/home/nghiaphanbk/WeldingRobot_ws/install/moveit_ros_occupancy_map_monitor:/home/nghiaphanbk/WeldingRobot_ws/install/moveit_resources_prbt_ikfast_manipulator_plugin:/home/nghiaphanbk/WeldingRobot_ws/install/moveit_planners_chomp:/home/nghiaphanbk/WeldingRobot_ws/install/moveit_kinematics:/home/nghiaphanbk/WeldingRobot_ws/install/moveit_chomp_optimizer_adapter:/home/nghiaphanbk/WeldingRobot_ws/install/chomp_motion_planner:/home/nghiaphanbk/WeldingRobot_ws/install/moveit_core:/home/nghiaphanbk/WeldingRobot_ws/install/moveit_configs_utils:/home/nghiaphanbk/WeldingRobot_ws/install/srdfdom:/home/nghiaphanbk/WeldingRobot_ws/install/rviz_marker_tools:/home/nghiaphanbk/WeldingRobot_ws/install/rosparam_shortcuts:/home/nghiaphanbk/WeldingRobot_ws/install/moveit_task_constructor_msgs:/home/nghiaphanbk/WeldingRobot_ws/install/moveit_resources_prbt_support:/home/nghiaphanbk/WeldingRobot_ws/install/moveit_resources:/home/nghiaphanbk/WeldingRobot_ws/install/moveit_resources_pr2_description:/home/nghiaphanbk/WeldingRobot_ws/install/moveit_resources_panda_moveit_config:/home/nghiaphanbk/WeldingRobot_ws/install/moveit_resources_panda_description:/home/nghiaphanbk/WeldingRobot_ws/install/moveit_resources_fanuc_moveit_config:/home/nghiaphanbk/WeldingRobot_ws/install/moveit_resources_fanuc_description:/home/nghiaphanbk/WeldingRobot_ws/install/moveit_common:/home/nghiaphanbk/WeldingRobot_ws/install/launch_param_builder:/home/nghiaphanbk/ros2_ws/install/my_robot_controller:/opt/ros/humble CMAKE_PREFIX_PATH=${CMAKE_PREFIX_PATH}:/home/nghiaphanbk/WeldingRobot_ws/install/moveit_configs_utils:/home/nghiaphanbk/WeldingRobot_ws/install/launch_param_builder:/home/nghiaphanbk/WeldingRobot_ws/install/Model_Robot:/home/nghiaphanbk/ros2_ws/install/my_robot_controller:/opt/ros/humble PYTHONPATH=/home/nghiaphanbk/WeldingRobot_ws/install/Model_Robot/lib/python3.10/site-packages:/home/nghiaphanbk/WeldingRobot_ws/install/moveit_configs_utils/lib/python3.10/site-packages:/home/nghiaphanbk/WeldingRobot_ws/install/srdfdom/local/lib/python3.10/dist-packages:/home/nghiaphanbk/WeldingRobot_ws/install/moveit_task_constructor_msgs/local/lib/python3.10/dist-packages:/home/nghiaphanbk/WeldingRobot_ws/install/launch_param_builder/lib/python3.10/site-packages:/home/nghiaphanbk/ros2_ws/build/my_robot_controller:/home/nghiaphanbk/ros2_ws/install/my_robot_controller/lib/python3.10/site-packages:/opt/ros/humble/lib/python3.10/site-packages:/opt/ros/humble/local/lib/python3.10/dist-packages /usr/bin/cmake --install /home/nghiaphanbk/WeldingRobot_ws/build/Robot_ver2
[2.613s] DEBUG:colcon.colcon_core.event_handler.log_command:Invoking command in '/home/nghiaphanbk/WeldingRobot_ws/build/movelt_sim': AMENT_PREFIX_PATH=/home/nghiaphanbk/WeldingRobot_ws/install/Model_Robot:/home/nghiaphanbk/WeldingRobot_ws/install/pilz_industrial_motion_planner_testutils:/home/nghiaphanbk/WeldingRobot_ws/install/movelt_sim:/home/nghiaphanbk/WeldingRobot_ws/install/moveit_visual_tools:/home/nghiaphanbk/WeldingRobot_ws/install/moveit_ros_control_interface:/home/nghiaphanbk/WeldingRobot_ws/install/moveit_plugins:/home/nghiaphanbk/WeldingRobot_ws/install/Robot_ver2:/home/nghiaphanbk/WeldingRobot_ws/install/Moveit_sim:/home/nghiaphanbk/WeldingRobot_ws/install/moveit_simple_controller_manager:/home/nghiaphanbk/WeldingRobot_ws/install/moveit_ros_warehouse:/home/nghiaphanbk/WeldingRobot_ws/install/moveit_ros_robot_interaction:/home/nghiaphanbk/WeldingRobot_ws/install/moveit_ros_perception:/home/nghiaphanbk/WeldingRobot_ws/install/moveit_ros_planning:/home/nghiaphanbk/WeldingRobot_ws/install/moveit_ros_occupancy_map_monitor:/home/nghiaphanbk/WeldingRobot_ws/install/moveit_resources_prbt_ikfast_manipulator_plugin:/home/nghiaphanbk/WeldingRobot_ws/install/moveit_planners_chomp:/home/nghiaphanbk/WeldingRobot_ws/install/moveit_kinematics:/home/nghiaphanbk/WeldingRobot_ws/install/moveit_chomp_optimizer_adapter:/home/nghiaphanbk/WeldingRobot_ws/install/chomp_motion_planner:/home/nghiaphanbk/WeldingRobot_ws/install/moveit_core:/home/nghiaphanbk/WeldingRobot_ws/install/moveit_configs_utils:/home/nghiaphanbk/WeldingRobot_ws/install/srdfdom:/home/nghiaphanbk/WeldingRobot_ws/install/rviz_marker_tools:/home/nghiaphanbk/WeldingRobot_ws/install/rosparam_shortcuts:/home/nghiaphanbk/WeldingRobot_ws/install/moveit_task_constructor_msgs:/home/nghiaphanbk/WeldingRobot_ws/install/moveit_resources_prbt_support:/home/nghiaphanbk/WeldingRobot_ws/install/moveit_resources:/home/nghiaphanbk/WeldingRobot_ws/install/moveit_resources_pr2_description:/home/nghiaphanbk/WeldingRobot_ws/install/moveit_resources_panda_moveit_config:/home/nghiaphanbk/WeldingRobot_ws/install/moveit_resources_panda_description:/home/nghiaphanbk/WeldingRobot_ws/install/moveit_resources_fanuc_moveit_config:/home/nghiaphanbk/WeldingRobot_ws/install/moveit_resources_fanuc_description:/home/nghiaphanbk/WeldingRobot_ws/install/moveit_common:/home/nghiaphanbk/WeldingRobot_ws/install/launch_param_builder:/home/nghiaphanbk/ros2_ws/install/my_robot_controller:/opt/ros/humble CMAKE_PREFIX_PATH=${CMAKE_PREFIX_PATH}:/home/nghiaphanbk/WeldingRobot_ws/install/moveit_configs_utils:/home/nghiaphanbk/WeldingRobot_ws/install/launch_param_builder:/home/nghiaphanbk/WeldingRobot_ws/install/Model_Robot:/home/nghiaphanbk/ros2_ws/install/my_robot_controller:/opt/ros/humble PYTHONPATH=/home/nghiaphanbk/WeldingRobot_ws/install/Model_Robot/lib/python3.10/site-packages:/home/nghiaphanbk/WeldingRobot_ws/install/moveit_configs_utils/lib/python3.10/site-packages:/home/nghiaphanbk/WeldingRobot_ws/install/srdfdom/local/lib/python3.10/dist-packages:/home/nghiaphanbk/WeldingRobot_ws/install/moveit_task_constructor_msgs/local/lib/python3.10/dist-packages:/home/nghiaphanbk/WeldingRobot_ws/install/launch_param_builder/lib/python3.10/site-packages:/home/nghiaphanbk/ros2_ws/build/my_robot_controller:/home/nghiaphanbk/ros2_ws/install/my_robot_controller/lib/python3.10/site-packages:/opt/ros/humble/lib/python3.10/site-packages:/opt/ros/humble/local/lib/python3.10/dist-packages /usr/bin/cmake --install /home/nghiaphanbk/WeldingRobot_ws/build/movelt_sim
[2.621s] Level 1:colcon.colcon_core.environment:create_environment_scripts_only(Robot_ver2)
[2.626s] DEBUG:colcon.colcon_core.event_handler.log_command:Invoked command in '/home/nghiaphanbk/WeldingRobot_ws/build/Robot_ver2' returned '0': AMENT_PREFIX_PATH=/home/nghiaphanbk/WeldingRobot_ws/install/Model_Robot:/home/nghiaphanbk/WeldingRobot_ws/install/pilz_industrial_motion_planner_testutils:/home/nghiaphanbk/WeldingRobot_ws/install/movelt_sim:/home/nghiaphanbk/WeldingRobot_ws/install/moveit_visual_tools:/home/nghiaphanbk/WeldingRobot_ws/install/moveit_ros_control_interface:/home/nghiaphanbk/WeldingRobot_ws/install/moveit_plugins:/home/nghiaphanbk/WeldingRobot_ws/install/Robot_ver2:/home/nghiaphanbk/WeldingRobot_ws/install/Moveit_sim:/home/nghiaphanbk/WeldingRobot_ws/install/moveit_simple_controller_manager:/home/nghiaphanbk/WeldingRobot_ws/install/moveit_ros_warehouse:/home/nghiaphanbk/WeldingRobot_ws/install/moveit_ros_robot_interaction:/home/nghiaphanbk/WeldingRobot_ws/install/moveit_ros_perception:/home/nghiaphanbk/WeldingRobot_ws/install/moveit_ros_planning:/home/nghiaphanbk/WeldingRobot_ws/install/moveit_ros_occupancy_map_monitor:/home/nghiaphanbk/WeldingRobot_ws/install/moveit_resources_prbt_ikfast_manipulator_plugin:/home/nghiaphanbk/WeldingRobot_ws/install/moveit_planners_chomp:/home/nghiaphanbk/WeldingRobot_ws/install/moveit_kinematics:/home/nghiaphanbk/WeldingRobot_ws/install/moveit_chomp_optimizer_adapter:/home/nghiaphanbk/WeldingRobot_ws/install/chomp_motion_planner:/home/nghiaphanbk/WeldingRobot_ws/install/moveit_core:/home/nghiaphanbk/WeldingRobot_ws/install/moveit_configs_utils:/home/nghiaphanbk/WeldingRobot_ws/install/srdfdom:/home/nghiaphanbk/WeldingRobot_ws/install/rviz_marker_tools:/home/nghiaphanbk/WeldingRobot_ws/install/rosparam_shortcuts:/home/nghiaphanbk/WeldingRobot_ws/install/moveit_task_constructor_msgs:/home/nghiaphanbk/WeldingRobot_ws/install/moveit_resources_prbt_support:/home/nghiaphanbk/WeldingRobot_ws/install/moveit_resources:/home/nghiaphanbk/WeldingRobot_ws/install/moveit_resources_pr2_description:/home/nghiaphanbk/WeldingRobot_ws/install/moveit_resources_panda_moveit_config:/home/nghiaphanbk/WeldingRobot_ws/install/moveit_resources_panda_description:/home/nghiaphanbk/WeldingRobot_ws/install/moveit_resources_fanuc_moveit_config:/home/nghiaphanbk/WeldingRobot_ws/install/moveit_resources_fanuc_description:/home/nghiaphanbk/WeldingRobot_ws/install/moveit_common:/home/nghiaphanbk/WeldingRobot_ws/install/launch_param_builder:/home/nghiaphanbk/ros2_ws/install/my_robot_controller:/opt/ros/humble CMAKE_PREFIX_PATH=${CMAKE_PREFIX_PATH}:/home/nghiaphanbk/WeldingRobot_ws/install/moveit_configs_utils:/home/nghiaphanbk/WeldingRobot_ws/install/launch_param_builder:/home/nghiaphanbk/WeldingRobot_ws/install/Model_Robot:/home/nghiaphanbk/ros2_ws/install/my_robot_controller:/opt/ros/humble PYTHONPATH=/home/nghiaphanbk/WeldingRobot_ws/install/Model_Robot/lib/python3.10/site-packages:/home/nghiaphanbk/WeldingRobot_ws/install/moveit_configs_utils/lib/python3.10/site-packages:/home/nghiaphanbk/WeldingRobot_ws/install/srdfdom/local/lib/python3.10/dist-packages:/home/nghiaphanbk/WeldingRobot_ws/install/moveit_task_constructor_msgs/local/lib/python3.10/dist-packages:/home/nghiaphanbk/WeldingRobot_ws/install/launch_param_builder/lib/python3.10/site-packages:/home/nghiaphanbk/ros2_ws/build/my_robot_controller:/home/nghiaphanbk/ros2_ws/install/my_robot_controller/lib/python3.10/site-packages:/opt/ros/humble/lib/python3.10/site-packages:/opt/ros/humble/local/lib/python3.10/dist-packages /usr/bin/cmake --install /home/nghiaphanbk/WeldingRobot_ws/build/Robot_ver2
[2.648s] Level 1:colcon.colcon_core.environment:checking '/home/nghiaphanbk/WeldingRobot_ws/install/Robot_ver2' for CMake module files
[2.649s] Level 1:colcon.colcon_core.environment:checking '/home/nghiaphanbk/WeldingRobot_ws/install/Robot_ver2' for CMake config files
[2.649s] Level 1:colcon.colcon_core.shell:create_environment_hook('Robot_ver2', 'cmake_prefix_path')
[2.664s] INFO:colcon.colcon_core.shell:Creating environment hook '/home/nghiaphanbk/WeldingRobot_ws/install/Robot_ver2/share/Robot_ver2/hook/cmake_prefix_path.ps1'
[2.664s] INFO:colcon.colcon_core.shell:Creating environment descriptor '/home/nghiaphanbk/WeldingRobot_ws/install/Robot_ver2/share/Robot_ver2/hook/cmake_prefix_path.dsv'
[2.665s] INFO:colcon.colcon_core.shell:Creating environment hook '/home/nghiaphanbk/WeldingRobot_ws/install/Robot_ver2/share/Robot_ver2/hook/cmake_prefix_path.sh'
[2.665s] Level 1:colcon.colcon_core.environment:checking '/home/nghiaphanbk/WeldingRobot_ws/install/Robot_ver2/bin'
[2.665s] Level 1:colcon.colcon_core.environment:checking '/home/nghiaphanbk/WeldingRobot_ws/install/Robot_ver2/lib/pkgconfig/Robot_ver2.pc'
[2.666s] Level 1:colcon.colcon_core.environment:checking '/home/nghiaphanbk/WeldingRobot_ws/install/Robot_ver2/lib/python3.10/site-packages'
[2.666s] Level 1:colcon.colcon_core.environment:checking '/home/nghiaphanbk/WeldingRobot_ws/install/Robot_ver2/bin'
[2.680s] INFO:colcon.colcon_core.shell:Creating package script '/home/nghiaphanbk/WeldingRobot_ws/install/Robot_ver2/share/Robot_ver2/package.ps1'
[2.680s] INFO:colcon.colcon_core.shell:Creating package descriptor '/home/nghiaphanbk/WeldingRobot_ws/install/Robot_ver2/share/Robot_ver2/package.dsv'
[2.681s] INFO:colcon.colcon_core.shell:Creating package script '/home/nghiaphanbk/WeldingRobot_ws/install/Robot_ver2/share/Robot_ver2/package.sh'
[2.681s] INFO:colcon.colcon_core.shell:Creating package script '/home/nghiaphanbk/WeldingRobot_ws/install/Robot_ver2/share/Robot_ver2/package.bash'
[2.681s] INFO:colcon.colcon_core.shell:Creating package script '/home/nghiaphanbk/WeldingRobot_ws/install/Robot_ver2/share/Robot_ver2/package.zsh'
[2.682s] Level 1:colcon.colcon_core.environment:create_file_with_runtime_dependencies(/home/nghiaphanbk/WeldingRobot_ws/install/Robot_ver2/share/colcon-core/packages/Robot_ver2)
[2.683s] Level 1:colcon.colcon_core.environment:create_environment_scripts_only(movelt_sim)
[2.683s] DEBUG:colcon.colcon_core.event_handler.log_command:Invoked command in '/home/nghiaphanbk/WeldingRobot_ws/build/movelt_sim' returned '0': AMENT_PREFIX_PATH=/home/nghiaphanbk/WeldingRobot_ws/install/Model_Robot:/home/nghiaphanbk/WeldingRobot_ws/install/pilz_industrial_motion_planner_testutils:/home/nghiaphanbk/WeldingRobot_ws/install/movelt_sim:/home/nghiaphanbk/WeldingRobot_ws/install/moveit_visual_tools:/home/nghiaphanbk/WeldingRobot_ws/install/moveit_ros_control_interface:/home/nghiaphanbk/WeldingRobot_ws/install/moveit_plugins:/home/nghiaphanbk/WeldingRobot_ws/install/Robot_ver2:/home/nghiaphanbk/WeldingRobot_ws/install/Moveit_sim:/home/nghiaphanbk/WeldingRobot_ws/install/moveit_simple_controller_manager:/home/nghiaphanbk/WeldingRobot_ws/install/moveit_ros_warehouse:/home/nghiaphanbk/WeldingRobot_ws/install/moveit_ros_robot_interaction:/home/nghiaphanbk/WeldingRobot_ws/install/moveit_ros_perception:/home/nghiaphanbk/WeldingRobot_ws/install/moveit_ros_planning:/home/nghiaphanbk/WeldingRobot_ws/install/moveit_ros_occupancy_map_monitor:/home/nghiaphanbk/WeldingRobot_ws/install/moveit_resources_prbt_ikfast_manipulator_plugin:/home/nghiaphanbk/WeldingRobot_ws/install/moveit_planners_chomp:/home/nghiaphanbk/WeldingRobot_ws/install/moveit_kinematics:/home/nghiaphanbk/WeldingRobot_ws/install/moveit_chomp_optimizer_adapter:/home/nghiaphanbk/WeldingRobot_ws/install/chomp_motion_planner:/home/nghiaphanbk/WeldingRobot_ws/install/moveit_core:/home/nghiaphanbk/WeldingRobot_ws/install/moveit_configs_utils:/home/nghiaphanbk/WeldingRobot_ws/install/srdfdom:/home/nghiaphanbk/WeldingRobot_ws/install/rviz_marker_tools:/home/nghiaphanbk/WeldingRobot_ws/install/rosparam_shortcuts:/home/nghiaphanbk/WeldingRobot_ws/install/moveit_task_constructor_msgs:/home/nghiaphanbk/WeldingRobot_ws/install/moveit_resources_prbt_support:/home/nghiaphanbk/WeldingRobot_ws/install/moveit_resources:/home/nghiaphanbk/WeldingRobot_ws/install/moveit_resources_pr2_description:/home/nghiaphanbk/WeldingRobot_ws/install/moveit_resources_panda_moveit_config:/home/nghiaphanbk/WeldingRobot_ws/install/moveit_resources_panda_description:/home/nghiaphanbk/WeldingRobot_ws/install/moveit_resources_fanuc_moveit_config:/home/nghiaphanbk/WeldingRobot_ws/install/moveit_resources_fanuc_description:/home/nghiaphanbk/WeldingRobot_ws/install/moveit_common:/home/nghiaphanbk/WeldingRobot_ws/install/launch_param_builder:/home/nghiaphanbk/ros2_ws/install/my_robot_controller:/opt/ros/humble CMAKE_PREFIX_PATH=${CMAKE_PREFIX_PATH}:/home/nghiaphanbk/WeldingRobot_ws/install/moveit_configs_utils:/home/nghiaphanbk/WeldingRobot_ws/install/launch_param_builder:/home/nghiaphanbk/WeldingRobot_ws/install/Model_Robot:/home/nghiaphanbk/ros2_ws/install/my_robot_controller:/opt/ros/humble PYTHONPATH=/home/nghiaphanbk/WeldingRobot_ws/install/Model_Robot/lib/python3.10/site-packages:/home/nghiaphanbk/WeldingRobot_ws/install/moveit_configs_utils/lib/python3.10/site-packages:/home/nghiaphanbk/WeldingRobot_ws/install/srdfdom/local/lib/python3.10/dist-packages:/home/nghiaphanbk/WeldingRobot_ws/install/moveit_task_constructor_msgs/local/lib/python3.10/dist-packages:/home/nghiaphanbk/WeldingRobot_ws/install/launch_param_builder/lib/python3.10/site-packages:/home/nghiaphanbk/ros2_ws/build/my_robot_controller:/home/nghiaphanbk/ros2_ws/install/my_robot_controller/lib/python3.10/site-packages:/opt/ros/humble/lib/python3.10/site-packages:/opt/ros/humble/local/lib/python3.10/dist-packages /usr/bin/cmake --install /home/nghiaphanbk/WeldingRobot_ws/build/movelt_sim
[2.697s] Level 1:colcon.colcon_core.environment:checking '/home/nghiaphanbk/WeldingRobot_ws/install/movelt_sim' for CMake module files
[2.698s] Level 1:colcon.colcon_core.environment:checking '/home/nghiaphanbk/WeldingRobot_ws/install/movelt_sim' for CMake config files
[2.698s] Level 1:colcon.colcon_core.shell:create_environment_hook('movelt_sim', 'cmake_prefix_path')
[2.712s] INFO:colcon.colcon_core.shell:Creating environment hook '/home/nghiaphanbk/WeldingRobot_ws/install/movelt_sim/share/movelt_sim/hook/cmake_prefix_path.ps1'
[2.713s] INFO:colcon.colcon_core.shell:Creating environment descriptor '/home/nghiaphanbk/WeldingRobot_ws/install/movelt_sim/share/movelt_sim/hook/cmake_prefix_path.dsv'
[2.713s] INFO:colcon.colcon_core.shell:Creating environment hook '/home/nghiaphanbk/WeldingRobot_ws/install/movelt_sim/share/movelt_sim/hook/cmake_prefix_path.sh'
[2.714s] Level 1:colcon.colcon_core.environment:checking '/home/nghiaphanbk/WeldingRobot_ws/install/movelt_sim/bin'
[2.714s] Level 1:colcon.colcon_core.environment:checking '/home/nghiaphanbk/WeldingRobot_ws/install/movelt_sim/lib/pkgconfig/movelt_sim.pc'
[2.714s] Level 1:colcon.colcon_core.environment:checking '/home/nghiaphanbk/WeldingRobot_ws/install/movelt_sim/lib/python3.10/site-packages'
[2.714s] Level 1:colcon.colcon_core.environment:checking '/home/nghiaphanbk/WeldingRobot_ws/install/movelt_sim/bin'
[2.728s] INFO:colcon.colcon_core.shell:Creating package script '/home/nghiaphanbk/WeldingRobot_ws/install/movelt_sim/share/movelt_sim/package.ps1'
[2.729s] INFO:colcon.colcon_core.shell:Creating package descriptor '/home/nghiaphanbk/WeldingRobot_ws/install/movelt_sim/share/movelt_sim/package.dsv'
[2.729s] INFO:colcon.colcon_core.shell:Creating package script '/home/nghiaphanbk/WeldingRobot_ws/install/movelt_sim/share/movelt_sim/package.sh'
[2.730s] INFO:colcon.colcon_core.shell:Creating package script '/home/nghiaphanbk/WeldingRobot_ws/install/movelt_sim/share/movelt_sim/package.bash'
[2.730s] INFO:colcon.colcon_core.shell:Creating package script '/home/nghiaphanbk/WeldingRobot_ws/install/movelt_sim/share/movelt_sim/package.zsh'
[2.730s] Level 1:colcon.colcon_core.environment:create_file_with_runtime_dependencies(/home/nghiaphanbk/WeldingRobot_ws/install/movelt_sim/share/colcon-core/packages/movelt_sim)
[2.745s] Level 1:colcon.colcon_core.environment:create_environment_scripts_only(Robot_ver2)
[2.760s] Level 1:colcon.colcon_core.environment:checking '/home/nghiaphanbk/WeldingRobot_ws/install/Robot_ver2' for CMake module files
[2.760s] Level 1:colcon.colcon_core.environment:checking '/home/nghiaphanbk/WeldingRobot_ws/install/Robot_ver2' for CMake config files
[2.760s] Level 1:colcon.colcon_core.shell:create_environment_hook('Robot_ver2', 'cmake_prefix_path')
[2.775s] INFO:colcon.colcon_core.shell:Creating environment hook '/home/nghiaphanbk/WeldingRobot_ws/install/Robot_ver2/share/Robot_ver2/hook/cmake_prefix_path.ps1'
[2.775s] INFO:colcon.colcon_core.shell:Creating environment descriptor '/home/nghiaphanbk/WeldingRobot_ws/install/Robot_ver2/share/Robot_ver2/hook/cmake_prefix_path.dsv'
[2.775s] INFO:colcon.colcon_core.shell:Creating environment hook '/home/nghiaphanbk/WeldingRobot_ws/install/Robot_ver2/share/Robot_ver2/hook/cmake_prefix_path.sh'
[2.776s] Level 1:colcon.colcon_core.environment:checking '/home/nghiaphanbk/WeldingRobot_ws/install/Robot_ver2/bin'
[2.776s] Level 1:colcon.colcon_core.environment:checking '/home/nghiaphanbk/WeldingRobot_ws/install/Robot_ver2/lib/pkgconfig/Robot_ver2.pc'
[2.776s] Level 1:colcon.colcon_core.environment:checking '/home/nghiaphanbk/WeldingRobot_ws/install/Robot_ver2/lib/python3.10/site-packages'
[2.776s] Level 1:colcon.colcon_core.environment:checking '/home/nghiaphanbk/WeldingRobot_ws/install/Robot_ver2/bin'
[2.791s] INFO:colcon.colcon_core.shell:Creating package script '/home/nghiaphanbk/WeldingRobot_ws/install/Robot_ver2/share/Robot_ver2/package.ps1'
[2.791s] INFO:colcon.colcon_core.shell:Creating package descriptor '/home/nghiaphanbk/WeldingRobot_ws/install/Robot_ver2/share/Robot_ver2/package.dsv'
[2.792s] INFO:colcon.colcon_core.shell:Creating package script '/home/nghiaphanbk/WeldingRobot_ws/install/Robot_ver2/share/Robot_ver2/package.sh'
[2.792s] INFO:colcon.colcon_core.shell:Creating package script '/home/nghiaphanbk/WeldingRobot_ws/install/Robot_ver2/share/Robot_ver2/package.bash'
[2.792s] INFO:colcon.colcon_core.shell:Creating package script '/home/nghiaphanbk/WeldingRobot_ws/install/Robot_ver2/share/Robot_ver2/package.zsh'
[2.793s] Level 1:colcon.colcon_core.environment:create_file_with_runtime_dependencies(/home/nghiaphanbk/WeldingRobot_ws/install/Robot_ver2/share/colcon-core/packages/Robot_ver2)
[2.808s] Level 1:colcon.colcon_core.environment:create_environment_scripts_only(movelt_sim)
[2.822s] Level 1:colcon.colcon_core.environment:checking '/home/nghiaphanbk/WeldingRobot_ws/install/movelt_sim' for CMake module files
[2.823s] Level 1:colcon.colcon_core.environment:checking '/home/nghiaphanbk/WeldingRobot_ws/install/movelt_sim' for CMake config files
[2.823s] Level 1:colcon.colcon_core.shell:create_environment_hook('movelt_sim', 'cmake_prefix_path')
[2.837s] INFO:colcon.colcon_core.shell:Creating environment hook '/home/nghiaphanbk/WeldingRobot_ws/install/movelt_sim/share/movelt_sim/hook/cmake_prefix_path.ps1'
[2.837s] INFO:colcon.colcon_core.shell:Creating environment descriptor '/home/nghiaphanbk/WeldingRobot_ws/install/movelt_sim/share/movelt_sim/hook/cmake_prefix_path.dsv'
[2.838s] INFO:colcon.colcon_core.shell:Creating environment hook '/home/nghiaphanbk/WeldingRobot_ws/install/movelt_sim/share/movelt_sim/hook/cmake_prefix_path.sh'
[2.838s] Level 1:colcon.colcon_core.environment:checking '/home/nghiaphanbk/WeldingRobot_ws/install/movelt_sim/bin'
[2.838s] Level 1:colcon.colcon_core.environment:checking '/home/nghiaphanbk/WeldingRobot_ws/install/movelt_sim/lib/pkgconfig/movelt_sim.pc'
[2.838s] Level 1:colcon.colcon_core.environment:checking '/home/nghiaphanbk/WeldingRobot_ws/install/movelt_sim/lib/python3.10/site-packages'
[2.839s] Level 1:colcon.colcon_core.environment:checking '/home/nghiaphanbk/WeldingRobot_ws/install/movelt_sim/bin'
[2.853s] INFO:colcon.colcon_core.shell:Creating package script '/home/nghiaphanbk/WeldingRobot_ws/install/movelt_sim/share/movelt_sim/package.ps1'
[2.853s] INFO:colcon.colcon_core.shell:Creating package descriptor '/home/nghiaphanbk/WeldingRobot_ws/install/movelt_sim/share/movelt_sim/package.dsv'
[2.854s] INFO:colcon.colcon_core.shell:Creating package script '/home/nghiaphanbk/WeldingRobot_ws/install/movelt_sim/share/movelt_sim/package.sh'
[2.854s] INFO:colcon.colcon_core.shell:Creating package script '/home/nghiaphanbk/WeldingRobot_ws/install/movelt_sim/share/movelt_sim/package.bash'
[2.854s] INFO:colcon.colcon_core.shell:Creating package script '/home/nghiaphanbk/WeldingRobot_ws/install/movelt_sim/share/movelt_sim/package.zsh'
[2.855s] Level 1:colcon.colcon_core.environment:create_file_with_runtime_dependencies(/home/nghiaphanbk/WeldingRobot_ws/install/movelt_sim/share/colcon-core/packages/movelt_sim)
[2.855s] DEBUG:colcon.colcon_parallel_executor.executor.parallel:closing loop
[2.855s] DEBUG:colcon.colcon_parallel_executor.executor.parallel:loop closed
[2.855s] DEBUG:colcon.colcon_parallel_executor.executor.parallel:run_until_complete finished with '0'
[2.855s] DEBUG:colcon.colcon_core.event_reactor:joining thread
[2.873s] INFO:colcon.colcon_core.plugin_system:Skipping extension 'colcon_notification.desktop_notification.terminal_notifier': Not used on non-Darwin systems
[2.873s] INFO:colcon.colcon_core.plugin_system:Skipping extension 'colcon_notification.desktop_notification.win32': Not used on non-Windows systems
[2.873s] INFO:colcon.colcon_notification.desktop_notification:Sending desktop notification using 'notify2'
[2.882s] DEBUG:colcon.colcon_core.event_reactor:joined thread
[2.896s] INFO:colcon.colcon_core.shell:Creating prefix script '/home/nghiaphanbk/WeldingRobot_ws/install/local_setup.ps1'
[2.897s] INFO:colcon.colcon_core.shell:Creating prefix util module '/home/nghiaphanbk/WeldingRobot_ws/install/_local_setup_util_ps1.py'
[2.898s] INFO:colcon.colcon_core.shell:Creating prefix chain script '/home/nghiaphanbk/WeldingRobot_ws/install/setup.ps1'
[2.913s] INFO:colcon.colcon_core.shell:Creating prefix script '/home/nghiaphanbk/WeldingRobot_ws/install/local_setup.sh'
[2.914s] INFO:colcon.colcon_core.shell:Creating prefix util module '/home/nghiaphanbk/WeldingRobot_ws/install/_local_setup_util_sh.py'
[2.914s] INFO:colcon.colcon_core.shell:Creating prefix chain script '/home/nghiaphanbk/WeldingRobot_ws/install/setup.sh'
[2.938s] INFO:colcon.colcon_core.shell:Creating prefix script '/home/nghiaphanbk/WeldingRobot_ws/install/local_setup.bash'
[2.939s] INFO:colcon.colcon_core.shell:Creating prefix chain script '/home/nghiaphanbk/WeldingRobot_ws/install/setup.bash'
[2.955s] INFO:colcon.colcon_core.shell:Creating prefix script '/home/nghiaphanbk/WeldingRobot_ws/install/local_setup.zsh'
[2.955s] INFO:colcon.colcon_core.shell:Creating prefix chain script '/home/nghiaphanbk/WeldingRobot_ws/install/setup.zsh'
