[0.686s] Invoking command in '/home/nghiaphanbk/WeldingRobot_ws/build/moveit_msgs': CMAKE_PREFIX_PATH=/home/nghiaphanbk/WeldingRobot_ws/install/Model_Robot:/home/nghiaphanbk/ros2_ws/install/my_robot_controller:/opt/ros/humble /usr/bin/cmake /home/nghiaphanbk/WeldingRobot_ws/src/moveit_msgs -DCMAKE_BUILD_TYPE=Release -DCMAKE_INSTALL_PREFIX=/home/nghiaphanbk/WeldingRobot_ws/install/moveit_msgs
[1.271s] -- Found ament_cmake: 1.3.5 (/opt/ros/humble/share/ament_cmake/cmake)
[1.271s] -- Found rosidl_default_generators: 1.2.0 (/opt/ros/humble/share/rosidl_default_generators/cmake)
[1.271s] -- Using all available rosidl_typesupport_c: rosidl_typesupport_fastrtps_c;rosidl_typesupport_introspection_c
[1.271s] -- Found rosidl_adapter: 3.1.5 (/opt/ros/humble/share/rosidl_adapter/cmake)
[1.272s] -- Using all available rosidl_typesupport_cpp: rosidl_typesupport_fastrtps_cpp;rosidl_typesupport_introspection_cpp
[1.272s] -- Found action_msgs: 1.2.1 (/opt/ros/humble/share/action_msgs/cmake)
[1.273s] -- Found std_msgs: 4.2.3 (/opt/ros/humble/share/std_msgs/cmake)
[1.273s] -- Found geometry_msgs: 4.2.3 (/opt/ros/humble/share/geometry_msgs/cmake)
[1.274s] -- Found sensor_msgs: 4.2.3 (/opt/ros/humble/share/sensor_msgs/cmake)
[1.274s] -- Found shape_msgs: 4.2.3 (/opt/ros/humble/share/shape_msgs/cmake)
[1.275s] -- Configuring incomplete, errors occurred!
[1.275s] See also "/home/nghiaphanbk/WeldingRobot_ws/build/moveit_msgs/CMakeFiles/CMakeOutput.log".
[1.275s] [31mCMake Error at CMakeLists.txt:24 (find_package):
[1.275s]   By not providing "Findobject_recognition_msgs.cmake" in CMAKE_MODULE_PATH
[1.275s]   this project has asked CMake to find a package configuration file provided
[1.276s]   by "object_recognition_msgs", but CMake did not find one.
[1.276s] 
[1.276s]   Could not find a package configuration file provided by
[1.277s]   "object_recognition_msgs" with any of the following names:
[1.277s] 
[1.277s]     object_recognition_msgsConfig.cmake
[1.277s]     object_recognition_msgs-config.cmake
[1.277s] 
[1.278s]   Add the installation prefix of "object_recognition_msgs" to
[1.278s]   CMAKE_PREFIX_PATH or set "object_recognition_msgs_DIR" to a directory
[1.279s]   containing one of the above files.  If "object_recognition_msgs" provides a
[1.279s]   separate development package or SDK, be sure it has been installed.
[1.279s] 
[1.280s] [0m
[1.286s] Invoked command in '/home/nghiaphanbk/WeldingRobot_ws/build/moveit_msgs' returned '1': CMAKE_PREFIX_PATH=/home/nghiaphanbk/WeldingRobot_ws/install/Model_Robot:/home/nghiaphanbk/ros2_ws/install/my_robot_controller:/opt/ros/humble /usr/bin/cmake /home/nghiaphanbk/WeldingRobot_ws/src/moveit_msgs -DCMAKE_BUILD_TYPE=Release -DCMAKE_INSTALL_PREFIX=/home/nghiaphanbk/WeldingRobot_ws/install/moveit_msgs
