[0.703s] Invoking command in '/home/nghiaphanbk/WeldingRobot_ws/build/moveit_task_constructor_msgs': CMAKE_PREFIX_PATH=${CMAKE_PREFIX_PATH}:/home/nghiaphanbk/WeldingRobot_ws/install/moveit_configs_utils:/home/nghiaphanbk/WeldingRobot_ws/install/launch_param_builder:/home/nghiaphanbk/WeldingRobot_ws/install/Model_Robot:/home/nghiaphanbk/ros2_ws/install/my_robot_controller:/opt/ros/humble /usr/bin/cmake /home/nghiaphanbk/WeldingRobot_ws/src/moveit_task_constructor/msgs -DCMAKE_INSTALL_PREFIX=/home/nghiaphanbk/WeldingRobot_ws/install/moveit_task_constructor_msgs
[1.130s] -- Found ament_cmake: 1.3.5 (/opt/ros/humble/share/ament_cmake/cmake)
[1.130s] -- Found builtin_interfaces: 1.2.1 (/opt/ros/humble/share/builtin_interfaces/cmake)
[1.130s] -- Found rosidl_generator_c: 3.1.5 (/opt/ros/humble/share/rosidl_generator_c/cmake)
[1.130s] -- Found rosidl_adapter: 3.1.5 (/opt/ros/humble/share/rosidl_adapter/cmake)
[1.130s] -- Found rosidl_generator_cpp: 3.1.5 (/opt/ros/humble/share/rosidl_generator_cpp/cmake)
[1.130s] -- Using all available rosidl_typesupport_c: rosidl_typesupport_fastrtps_c;rosidl_typesupport_introspection_c
[1.130s] -- Using all available rosidl_typesupport_cpp: rosidl_typesupport_fastrtps_cpp;rosidl_typesupport_introspection_cpp
[1.130s] -- Found moveit_msgs: 2.2.1 (/opt/ros/humble/share/moveit_msgs/cmake)
[1.854s] -- Found rosidl_default_generators: 1.2.0 (/opt/ros/humble/share/rosidl_default_generators/cmake)
[1.864s] -- Found visualization_msgs: 4.2.3 (/opt/ros/humble/share/visualization_msgs/cmake)
[2.363s] -- Found ament_cmake_ros: 0.10.0 (/opt/ros/humble/share/ament_cmake_ros/cmake)
[3.049s] -- Using all available rosidl_typesupport_c: rosidl_typesupport_fastrtps_c;rosidl_typesupport_introspection_c
[3.328s] -- Using all available rosidl_typesupport_cpp: rosidl_typesupport_fastrtps_cpp;rosidl_typesupport_introspection_cpp
[3.349s] -- Found python_cmake_module: 0.10.0 (/opt/ros/humble/share/python_cmake_module/cmake)
[3.368s] -- Using PYTHON_EXECUTABLE: /usr/bin/python3
[3.368s] -- Using PYTHON_INCLUDE_DIRS: /usr/include/python3.10
[3.368s] -- Using PYTHON_LIBRARIES: /usr/lib/x86_64-linux-gnu/libpython3.10.so
[3.515s] -- Configuring done
[3.587s] -- Generating done
[3.589s] -- Build files have been written to: /home/nghiaphanbk/WeldingRobot_ws/build/moveit_task_constructor_msgs
[3.627s] Invoked command in '/home/nghiaphanbk/WeldingRobot_ws/build/moveit_task_constructor_msgs' returned '0': CMAKE_PREFIX_PATH=${CMAKE_PREFIX_PATH}:/home/nghiaphanbk/WeldingRobot_ws/install/moveit_configs_utils:/home/nghiaphanbk/WeldingRobot_ws/install/launch_param_builder:/home/nghiaphanbk/WeldingRobot_ws/install/Model_Robot:/home/nghiaphanbk/ros2_ws/install/my_robot_controller:/opt/ros/humble /usr/bin/cmake /home/nghiaphanbk/WeldingRobot_ws/src/moveit_task_constructor/msgs -DCMAKE_INSTALL_PREFIX=/home/nghiaphanbk/WeldingRobot_ws/install/moveit_task_constructor_msgs
[3.628s] Invoking command in '/home/nghiaphanbk/WeldingRobot_ws/build/moveit_task_constructor_msgs': CMAKE_PREFIX_PATH=${CMAKE_PREFIX_PATH}:/home/nghiaphanbk/WeldingRobot_ws/install/moveit_configs_utils:/home/nghiaphanbk/WeldingRobot_ws/install/launch_param_builder:/home/nghiaphanbk/WeldingRobot_ws/install/Model_Robot:/home/nghiaphanbk/ros2_ws/install/my_robot_controller:/opt/ros/humble /usr/bin/cmake --build /home/nghiaphanbk/WeldingRobot_ws/build/moveit_task_constructor_msgs -- -j12 -l12
[3.672s] [35m[1mConsolidate compiler generated dependencies of target moveit_task_constructor_msgs__rosidl_generator_c[0m
[3.673s] [  0%] Built target moveit_task_constructor_msgs__cpp
[3.688s] [  0%] Built target ament_cmake_python_copy_moveit_task_constructor_msgs
[3.690s] [35m[1mConsolidate compiler generated dependencies of target moveit_task_constructor_msgs__rosidl_typesupport_fastrtps_cpp[0m
[3.690s] [35m[1mConsolidate compiler generated dependencies of target moveit_task_constructor_msgs__rosidl_typesupport_cpp[0m
[3.692s] [35m[1mConsolidate compiler generated dependencies of target moveit_task_constructor_msgs__rosidl_typesupport_introspection_cpp[0m
[3.694s] [ 12%] Built target moveit_task_constructor_msgs__rosidl_generator_c
[3.713s] [35m[1mConsolidate compiler generated dependencies of target moveit_task_constructor_msgs__rosidl_typesupport_c[0m
[3.713s] [35m[1mConsolidate compiler generated dependencies of target moveit_task_constructor_msgs__rosidl_typesupport_introspection_c[0m
[3.716s] [35m[1mConsolidate compiler generated dependencies of target moveit_task_constructor_msgs__rosidl_typesupport_fastrtps_c[0m
[3.720s] [ 24%] Built target moveit_task_constructor_msgs__rosidl_typesupport_cpp
[3.722s] [ 45%] Built target moveit_task_constructor_msgs__rosidl_typesupport_introspection_cpp
[3.722s] [ 47%] Built target moveit_task_constructor_msgs__rosidl_typesupport_fastrtps_cpp
[3.731s] [ 68%] Built target moveit_task_constructor_msgs__rosidl_typesupport_c
[3.731s] [ 71%] Built target moveit_task_constructor_msgs__rosidl_typesupport_introspection_c
[3.744s] [ 83%] Built target moveit_task_constructor_msgs__rosidl_typesupport_fastrtps_c
[3.762s] [ 83%] Built target moveit_task_constructor_msgs
[3.783s] [ 84%] Built target moveit_task_constructor_msgs__py
[3.795s] [35m[1mConsolidate compiler generated dependencies of target moveit_task_constructor_msgs__rosidl_generator_py[0m
[3.814s] [ 95%] Built target moveit_task_constructor_msgs__rosidl_generator_py
[3.824s] [35m[1mConsolidate compiler generated dependencies of target moveit_task_constructor_msgs__rosidl_typesupport_introspection_c__pyext[0m
[3.826s] [35m[1mConsolidate compiler generated dependencies of target moveit_task_constructor_msgs__rosidl_typesupport_c__pyext[0m
[3.828s] [35m[1mConsolidate compiler generated dependencies of target moveit_task_constructor_msgs__rosidl_typesupport_fastrtps_c__pyext[0m
[3.837s] [ 97%] Built target moveit_task_constructor_msgs__rosidl_typesupport_introspection_c__pyext
[3.845s] [ 98%] Built target moveit_task_constructor_msgs__rosidl_typesupport_c__pyext
[3.846s] [100%] Built target moveit_task_constructor_msgs__rosidl_typesupport_fastrtps_c__pyext
[3.966s] running egg_info
[3.966s] writing moveit_task_constructor_msgs.egg-info/PKG-INFO
[3.966s] writing dependency_links to moveit_task_constructor_msgs.egg-info/dependency_links.txt
[3.966s] writing top-level names to moveit_task_constructor_msgs.egg-info/top_level.txt
[3.968s] reading manifest file 'moveit_task_constructor_msgs.egg-info/SOURCES.txt'
[3.969s] writing manifest file 'moveit_task_constructor_msgs.egg-info/SOURCES.txt'
[3.991s] [100%] Built target ament_cmake_python_build_moveit_task_constructor_msgs_egg
[4.034s] Invoked command in '/home/nghiaphanbk/WeldingRobot_ws/build/moveit_task_constructor_msgs' returned '0': CMAKE_PREFIX_PATH=${CMAKE_PREFIX_PATH}:/home/nghiaphanbk/WeldingRobot_ws/install/moveit_configs_utils:/home/nghiaphanbk/WeldingRobot_ws/install/launch_param_builder:/home/nghiaphanbk/WeldingRobot_ws/install/Model_Robot:/home/nghiaphanbk/ros2_ws/install/my_robot_controller:/opt/ros/humble /usr/bin/cmake --build /home/nghiaphanbk/WeldingRobot_ws/build/moveit_task_constructor_msgs -- -j12 -l12
[4.263s] Invoking command in '/home/nghiaphanbk/WeldingRobot_ws/build/moveit_task_constructor_msgs': CMAKE_PREFIX_PATH=${CMAKE_PREFIX_PATH}:/home/nghiaphanbk/WeldingRobot_ws/install/moveit_configs_utils:/home/nghiaphanbk/WeldingRobot_ws/install/launch_param_builder:/home/nghiaphanbk/WeldingRobot_ws/install/Model_Robot:/home/nghiaphanbk/ros2_ws/install/my_robot_controller:/opt/ros/humble /usr/bin/cmake --install /home/nghiaphanbk/WeldingRobot_ws/build/moveit_task_constructor_msgs
[4.271s] -- Install configuration: "Release"
[4.271s] -- Up-to-date: /home/nghiaphanbk/WeldingRobot_ws/install/moveit_task_constructor_msgs/share/ament_index/resource_index/rosidl_interfaces/moveit_task_constructor_msgs
[4.271s] -- Up-to-date: /home/nghiaphanbk/WeldingRobot_ws/install/moveit_task_constructor_msgs/include/moveit_task_constructor_msgs/moveit_task_constructor_msgs
[4.271s] -- Up-to-date: /home/nghiaphanbk/WeldingRobot_ws/install/moveit_task_constructor_msgs/include/moveit_task_constructor_msgs/moveit_task_constructor_msgs/msg
[4.271s] -- Up-to-date: /home/nghiaphanbk/WeldingRobot_ws/install/moveit_task_constructor_msgs/include/moveit_task_constructor_msgs/moveit_task_constructor_msgs/msg/stage_description.h
[4.272s] -- Up-to-date: /home/nghiaphanbk/WeldingRobot_ws/install/moveit_task_constructor_msgs/include/moveit_task_constructor_msgs/moveit_task_constructor_msgs/msg/sub_solution.h
[4.272s] -- Up-to-date: /home/nghiaphanbk/WeldingRobot_ws/install/moveit_task_constructor_msgs/include/moveit_task_constructor_msgs/moveit_task_constructor_msgs/msg/property.h
[4.272s] -- Up-to-date: /home/nghiaphanbk/WeldingRobot_ws/install/moveit_task_constructor_msgs/include/moveit_task_constructor_msgs/moveit_task_constructor_msgs/msg/rosidl_generator_c__visibility_control.h
[4.272s] -- Up-to-date: /home/nghiaphanbk/WeldingRobot_ws/install/moveit_task_constructor_msgs/include/moveit_task_constructor_msgs/moveit_task_constructor_msgs/msg/stage_statistics.h
[4.272s] -- Up-to-date: /home/nghiaphanbk/WeldingRobot_ws/install/moveit_task_constructor_msgs/include/moveit_task_constructor_msgs/moveit_task_constructor_msgs/msg/solution_info.h
[4.272s] -- Up-to-date: /home/nghiaphanbk/WeldingRobot_ws/install/moveit_task_constructor_msgs/include/moveit_task_constructor_msgs/moveit_task_constructor_msgs/msg/solution.h
[4.272s] -- Up-to-date: /home/nghiaphanbk/WeldingRobot_ws/install/moveit_task_constructor_msgs/include/moveit_task_constructor_msgs/moveit_task_constructor_msgs/msg/detail
[4.272s] -- Up-to-date: /home/nghiaphanbk/WeldingRobot_ws/install/moveit_task_constructor_msgs/include/moveit_task_constructor_msgs/moveit_task_constructor_msgs/msg/detail/solution__functions.c
[4.272s] -- Up-to-date: /home/nghiaphanbk/WeldingRobot_ws/install/moveit_task_constructor_msgs/include/moveit_task_constructor_msgs/moveit_task_constructor_msgs/msg/detail/solution__functions.h
[4.272s] -- Up-to-date: /home/nghiaphanbk/WeldingRobot_ws/install/moveit_task_constructor_msgs/include/moveit_task_constructor_msgs/moveit_task_constructor_msgs/msg/detail/solution_info__struct.h
[4.272s] -- Up-to-date: /home/nghiaphanbk/WeldingRobot_ws/install/moveit_task_constructor_msgs/include/moveit_task_constructor_msgs/moveit_task_constructor_msgs/msg/detail/sub_solution__functions.c
[4.272s] -- Up-to-date: /home/nghiaphanbk/WeldingRobot_ws/install/moveit_task_constructor_msgs/include/moveit_task_constructor_msgs/moveit_task_constructor_msgs/msg/detail/sub_solution__functions.h
[4.272s] -- Up-to-date: /home/nghiaphanbk/WeldingRobot_ws/install/moveit_task_constructor_msgs/include/moveit_task_constructor_msgs/moveit_task_constructor_msgs/msg/detail/solution_info__type_support.h
[4.272s] -- Up-to-date: /home/nghiaphanbk/WeldingRobot_ws/install/moveit_task_constructor_msgs/include/moveit_task_constructor_msgs/moveit_task_constructor_msgs/msg/detail/task_description__functions.h
[4.272s] -- Up-to-date: /home/nghiaphanbk/WeldingRobot_ws/install/moveit_task_constructor_msgs/include/moveit_task_constructor_msgs/moveit_task_constructor_msgs/msg/detail/task_statistics__functions.c
[4.272s] -- Up-to-date: /home/nghiaphanbk/WeldingRobot_ws/install/moveit_task_constructor_msgs/include/moveit_task_constructor_msgs/moveit_task_constructor_msgs/msg/detail/stage_statistics__type_support.h
[4.272s] -- Up-to-date: /home/nghiaphanbk/WeldingRobot_ws/install/moveit_task_constructor_msgs/include/moveit_task_constructor_msgs/moveit_task_constructor_msgs/msg/detail/task_statistics__struct.h
[4.273s] -- Up-to-date: /home/nghiaphanbk/WeldingRobot_ws/install/moveit_task_constructor_msgs/include/moveit_task_constructor_msgs/moveit_task_constructor_msgs/msg/detail/solution__type_support.h
[4.273s] -- Up-to-date: /home/nghiaphanbk/WeldingRobot_ws/install/moveit_task_constructor_msgs/include/moveit_task_constructor_msgs/moveit_task_constructor_msgs/msg/detail/stage_description__functions.h
[4.273s] -- Up-to-date: /home/nghiaphanbk/WeldingRobot_ws/install/moveit_task_constructor_msgs/include/moveit_task_constructor_msgs/moveit_task_constructor_msgs/msg/detail/solution_info__functions.h
[4.273s] -- Up-to-date: /home/nghiaphanbk/WeldingRobot_ws/install/moveit_task_constructor_msgs/include/moveit_task_constructor_msgs/moveit_task_constructor_msgs/msg/detail/task_description__functions.c
[4.273s] -- Up-to-date: /home/nghiaphanbk/WeldingRobot_ws/install/moveit_task_constructor_msgs/include/moveit_task_constructor_msgs/moveit_task_constructor_msgs/msg/detail/property__type_support.h
[4.273s] -- Up-to-date: /home/nghiaphanbk/WeldingRobot_ws/install/moveit_task_constructor_msgs/include/moveit_task_constructor_msgs/moveit_task_constructor_msgs/msg/detail/solution__struct.h
[4.273s] -- Up-to-date: /home/nghiaphanbk/WeldingRobot_ws/install/moveit_task_constructor_msgs/include/moveit_task_constructor_msgs/moveit_task_constructor_msgs/msg/detail/sub_solution__type_support.h
[4.273s] -- Up-to-date: /home/nghiaphanbk/WeldingRobot_ws/install/moveit_task_constructor_msgs/include/moveit_task_constructor_msgs/moveit_task_constructor_msgs/msg/detail/stage_statistics__functions.c
[4.273s] -- Up-to-date: /home/nghiaphanbk/WeldingRobot_ws/install/moveit_task_constructor_msgs/include/moveit_task_constructor_msgs/moveit_task_constructor_msgs/msg/detail/task_statistics__type_support.h
[4.273s] -- Up-to-date: /home/nghiaphanbk/WeldingRobot_ws/install/moveit_task_constructor_msgs/include/moveit_task_constructor_msgs/moveit_task_constructor_msgs/msg/detail/sub_trajectory__struct.h
[4.273s] -- Up-to-date: /home/nghiaphanbk/WeldingRobot_ws/install/moveit_task_constructor_msgs/include/moveit_task_constructor_msgs/moveit_task_constructor_msgs/msg/detail/solution_info__functions.c
[4.273s] -- Up-to-date: /home/nghiaphanbk/WeldingRobot_ws/install/moveit_task_constructor_msgs/include/moveit_task_constructor_msgs/moveit_task_constructor_msgs/msg/detail/stage_description__struct.h
[4.273s] -- Up-to-date: /home/nghiaphanbk/WeldingRobot_ws/install/moveit_task_constructor_msgs/include/moveit_task_constructor_msgs/moveit_task_constructor_msgs/msg/detail/property__functions.h
[4.273s] -- Up-to-date: /home/nghiaphanbk/WeldingRobot_ws/install/moveit_task_constructor_msgs/include/moveit_task_constructor_msgs/moveit_task_constructor_msgs/msg/detail/task_description__struct.h
[4.273s] -- Up-to-date: /home/nghiaphanbk/WeldingRobot_ws/install/moveit_task_constructor_msgs/include/moveit_task_constructor_msgs/moveit_task_constructor_msgs/msg/detail/task_statistics__functions.h
[4.273s] -- Up-to-date: /home/nghiaphanbk/WeldingRobot_ws/install/moveit_task_constructor_msgs/include/moveit_task_constructor_msgs/moveit_task_constructor_msgs/msg/detail/task_description__type_support.h
[4.273s] -- Up-to-date: /home/nghiaphanbk/WeldingRobot_ws/install/moveit_task_constructor_msgs/include/moveit_task_constructor_msgs/moveit_task_constructor_msgs/msg/detail/sub_solution__struct.h
[4.273s] -- Up-to-date: /home/nghiaphanbk/WeldingRobot_ws/install/moveit_task_constructor_msgs/include/moveit_task_constructor_msgs/moveit_task_constructor_msgs/msg/detail/sub_trajectory__type_support.h
[4.273s] -- Up-to-date: /home/nghiaphanbk/WeldingRobot_ws/install/moveit_task_constructor_msgs/include/moveit_task_constructor_msgs/moveit_task_constructor_msgs/msg/detail/stage_statistics__functions.h
[4.273s] -- Up-to-date: /home/nghiaphanbk/WeldingRobot_ws/install/moveit_task_constructor_msgs/include/moveit_task_constructor_msgs/moveit_task_constructor_msgs/msg/detail/property__struct.h
[4.274s] -- Up-to-date: /home/nghiaphanbk/WeldingRobot_ws/install/moveit_task_constructor_msgs/include/moveit_task_constructor_msgs/moveit_task_constructor_msgs/msg/detail/stage_description__type_support.h
[4.274s] -- Up-to-date: /home/nghiaphanbk/WeldingRobot_ws/install/moveit_task_constructor_msgs/include/moveit_task_constructor_msgs/moveit_task_constructor_msgs/msg/detail/stage_statistics__struct.h
[4.274s] -- Up-to-date: /home/nghiaphanbk/WeldingRobot_ws/install/moveit_task_constructor_msgs/include/moveit_task_constructor_msgs/moveit_task_constructor_msgs/msg/detail/sub_trajectory__functions.h
[4.274s] -- Up-to-date: /home/nghiaphanbk/WeldingRobot_ws/install/moveit_task_constructor_msgs/include/moveit_task_constructor_msgs/moveit_task_constructor_msgs/msg/detail/sub_trajectory__functions.c
[4.274s] -- Up-to-date: /home/nghiaphanbk/WeldingRobot_ws/install/moveit_task_constructor_msgs/include/moveit_task_constructor_msgs/moveit_task_constructor_msgs/msg/detail/stage_description__functions.c
[4.274s] -- Up-to-date: /home/nghiaphanbk/WeldingRobot_ws/install/moveit_task_constructor_msgs/include/moveit_task_constructor_msgs/moveit_task_constructor_msgs/msg/detail/property__functions.c
[4.274s] -- Up-to-date: /home/nghiaphanbk/WeldingRobot_ws/install/moveit_task_constructor_msgs/include/moveit_task_constructor_msgs/moveit_task_constructor_msgs/msg/task_statistics.h
[4.274s] -- Up-to-date: /home/nghiaphanbk/WeldingRobot_ws/install/moveit_task_constructor_msgs/include/moveit_task_constructor_msgs/moveit_task_constructor_msgs/msg/sub_trajectory.h
[4.274s] -- Up-to-date: /home/nghiaphanbk/WeldingRobot_ws/install/moveit_task_constructor_msgs/include/moveit_task_constructor_msgs/moveit_task_constructor_msgs/msg/task_description.h
[4.274s] -- Up-to-date: /home/nghiaphanbk/WeldingRobot_ws/install/moveit_task_constructor_msgs/include/moveit_task_constructor_msgs/moveit_task_constructor_msgs/action
[4.274s] -- Up-to-date: /home/nghiaphanbk/WeldingRobot_ws/install/moveit_task_constructor_msgs/include/moveit_task_constructor_msgs/moveit_task_constructor_msgs/action/execute_task_solution.h
[4.274s] -- Up-to-date: /home/nghiaphanbk/WeldingRobot_ws/install/moveit_task_constructor_msgs/include/moveit_task_constructor_msgs/moveit_task_constructor_msgs/action/detail
[4.274s] -- Up-to-date: /home/nghiaphanbk/WeldingRobot_ws/install/moveit_task_constructor_msgs/include/moveit_task_constructor_msgs/moveit_task_constructor_msgs/action/detail/execute_task_solution__functions.h
[4.274s] -- Up-to-date: /home/nghiaphanbk/WeldingRobot_ws/install/moveit_task_constructor_msgs/include/moveit_task_constructor_msgs/moveit_task_constructor_msgs/action/detail/execute_task_solution__struct.h
[4.274s] -- Up-to-date: /home/nghiaphanbk/WeldingRobot_ws/install/moveit_task_constructor_msgs/include/moveit_task_constructor_msgs/moveit_task_constructor_msgs/action/detail/execute_task_solution__functions.c
[4.274s] -- Up-to-date: /home/nghiaphanbk/WeldingRobot_ws/install/moveit_task_constructor_msgs/include/moveit_task_constructor_msgs/moveit_task_constructor_msgs/action/detail/execute_task_solution__type_support.h
[4.274s] -- Up-to-date: /home/nghiaphanbk/WeldingRobot_ws/install/moveit_task_constructor_msgs/include/moveit_task_constructor_msgs/moveit_task_constructor_msgs/srv
[4.274s] -- Up-to-date: /home/nghiaphanbk/WeldingRobot_ws/install/moveit_task_constructor_msgs/include/moveit_task_constructor_msgs/moveit_task_constructor_msgs/srv/detail
[4.274s] -- Up-to-date: /home/nghiaphanbk/WeldingRobot_ws/install/moveit_task_constructor_msgs/include/moveit_task_constructor_msgs/moveit_task_constructor_msgs/srv/detail/get_solution__type_support.h
[4.275s] -- Up-to-date: /home/nghiaphanbk/WeldingRobot_ws/install/moveit_task_constructor_msgs/include/moveit_task_constructor_msgs/moveit_task_constructor_msgs/srv/detail/get_solution__struct.h
[4.275s] -- Up-to-date: /home/nghiaphanbk/WeldingRobot_ws/install/moveit_task_constructor_msgs/include/moveit_task_constructor_msgs/moveit_task_constructor_msgs/srv/detail/get_solution__functions.c
[4.275s] -- Up-to-date: /home/nghiaphanbk/WeldingRobot_ws/install/moveit_task_constructor_msgs/include/moveit_task_constructor_msgs/moveit_task_constructor_msgs/srv/detail/get_solution__functions.h
[4.275s] -- Up-to-date: /home/nghiaphanbk/WeldingRobot_ws/install/moveit_task_constructor_msgs/include/moveit_task_constructor_msgs/moveit_task_constructor_msgs/srv/get_solution.h
[4.275s] -- Up-to-date: /home/nghiaphanbk/WeldingRobot_ws/install/moveit_task_constructor_msgs/share/moveit_task_constructor_msgs/environment/library_path.sh
[4.275s] -- Installing: /home/nghiaphanbk/WeldingRobot_ws/install/moveit_task_constructor_msgs/share/moveit_task_constructor_msgs/environment/library_path.dsv
[4.275s] -- Up-to-date: /home/nghiaphanbk/WeldingRobot_ws/install/moveit_task_constructor_msgs/lib/libmoveit_task_constructor_msgs__rosidl_generator_c.so
[4.275s] -- Up-to-date: /home/nghiaphanbk/WeldingRobot_ws/install/moveit_task_constructor_msgs/include/moveit_task_constructor_msgs/moveit_task_constructor_msgs
[4.275s] -- Up-to-date: /home/nghiaphanbk/WeldingRobot_ws/install/moveit_task_constructor_msgs/include/moveit_task_constructor_msgs/moveit_task_constructor_msgs/msg
[4.275s] -- Up-to-date: /home/nghiaphanbk/WeldingRobot_ws/install/moveit_task_constructor_msgs/include/moveit_task_constructor_msgs/moveit_task_constructor_msgs/msg/rosidl_typesupport_fastrtps_c__visibility_control.h
[4.275s] -- Up-to-date: /home/nghiaphanbk/WeldingRobot_ws/install/moveit_task_constructor_msgs/include/moveit_task_constructor_msgs/moveit_task_constructor_msgs/msg/detail
[4.275s] -- Up-to-date: /home/nghiaphanbk/WeldingRobot_ws/install/moveit_task_constructor_msgs/include/moveit_task_constructor_msgs/moveit_task_constructor_msgs/msg/detail/solution__rosidl_typesupport_fastrtps_c.h
[4.275s] -- Up-to-date: /home/nghiaphanbk/WeldingRobot_ws/install/moveit_task_constructor_msgs/include/moveit_task_constructor_msgs/moveit_task_constructor_msgs/msg/detail/task_description__rosidl_typesupport_fastrtps_c.h
[4.275s] -- Up-to-date: /home/nghiaphanbk/WeldingRobot_ws/install/moveit_task_constructor_msgs/include/moveit_task_constructor_msgs/moveit_task_constructor_msgs/msg/detail/sub_solution__rosidl_typesupport_fastrtps_c.h
[4.275s] -- Up-to-date: /home/nghiaphanbk/WeldingRobot_ws/install/moveit_task_constructor_msgs/include/moveit_task_constructor_msgs/moveit_task_constructor_msgs/msg/detail/solution_info__rosidl_typesupport_fastrtps_c.h
[4.275s] -- Up-to-date: /home/nghiaphanbk/WeldingRobot_ws/install/moveit_task_constructor_msgs/include/moveit_task_constructor_msgs/moveit_task_constructor_msgs/msg/detail/sub_trajectory__rosidl_typesupport_fastrtps_c.h
[4.275s] -- Up-to-date: /home/nghiaphanbk/WeldingRobot_ws/install/moveit_task_constructor_msgs/include/moveit_task_constructor_msgs/moveit_task_constructor_msgs/msg/detail/property__rosidl_typesupport_fastrtps_c.h
[4.276s] -- Up-to-date: /home/nghiaphanbk/WeldingRobot_ws/install/moveit_task_constructor_msgs/include/moveit_task_constructor_msgs/moveit_task_constructor_msgs/msg/detail/task_statistics__rosidl_typesupport_fastrtps_c.h
[4.276s] -- Up-to-date: /home/nghiaphanbk/WeldingRobot_ws/install/moveit_task_constructor_msgs/include/moveit_task_constructor_msgs/moveit_task_constructor_msgs/msg/detail/stage_description__rosidl_typesupport_fastrtps_c.h
[4.276s] -- Up-to-date: /home/nghiaphanbk/WeldingRobot_ws/install/moveit_task_constructor_msgs/include/moveit_task_constructor_msgs/moveit_task_constructor_msgs/msg/detail/stage_statistics__rosidl_typesupport_fastrtps_c.h
[4.276s] -- Up-to-date: /home/nghiaphanbk/WeldingRobot_ws/install/moveit_task_constructor_msgs/include/moveit_task_constructor_msgs/moveit_task_constructor_msgs/action
[4.276s] -- Up-to-date: /home/nghiaphanbk/WeldingRobot_ws/install/moveit_task_constructor_msgs/include/moveit_task_constructor_msgs/moveit_task_constructor_msgs/action/detail
[4.276s] -- Up-to-date: /home/nghiaphanbk/WeldingRobot_ws/install/moveit_task_constructor_msgs/include/moveit_task_constructor_msgs/moveit_task_constructor_msgs/action/detail/execute_task_solution__rosidl_typesupport_fastrtps_c.h
[4.276s] -- Up-to-date: /home/nghiaphanbk/WeldingRobot_ws/install/moveit_task_constructor_msgs/include/moveit_task_constructor_msgs/moveit_task_constructor_msgs/srv
[4.276s] -- Up-to-date: /home/nghiaphanbk/WeldingRobot_ws/install/moveit_task_constructor_msgs/include/moveit_task_constructor_msgs/moveit_task_constructor_msgs/srv/detail
[4.276s] -- Up-to-date: /home/nghiaphanbk/WeldingRobot_ws/install/moveit_task_constructor_msgs/include/moveit_task_constructor_msgs/moveit_task_constructor_msgs/srv/detail/get_solution__rosidl_typesupport_fastrtps_c.h
[4.276s] -- Up-to-date: /home/nghiaphanbk/WeldingRobot_ws/install/moveit_task_constructor_msgs/lib/libmoveit_task_constructor_msgs__rosidl_typesupport_fastrtps_c.so
[4.276s] -- Up-to-date: /home/nghiaphanbk/WeldingRobot_ws/install/moveit_task_constructor_msgs/include/moveit_task_constructor_msgs/moveit_task_constructor_msgs
[4.276s] -- Up-to-date: /home/nghiaphanbk/WeldingRobot_ws/install/moveit_task_constructor_msgs/include/moveit_task_constructor_msgs/moveit_task_constructor_msgs/msg
[4.276s] -- Up-to-date: /home/nghiaphanbk/WeldingRobot_ws/install/moveit_task_constructor_msgs/include/moveit_task_constructor_msgs/moveit_task_constructor_msgs/msg/task_statistics.hpp
[4.276s] -- Up-to-date: /home/nghiaphanbk/WeldingRobot_ws/install/moveit_task_constructor_msgs/include/moveit_task_constructor_msgs/moveit_task_constructor_msgs/msg/sub_trajectory.hpp
[4.276s] -- Up-to-date: /home/nghiaphanbk/WeldingRobot_ws/install/moveit_task_constructor_msgs/include/moveit_task_constructor_msgs/moveit_task_constructor_msgs/msg/task_description.hpp
[4.276s] -- Up-to-date: /home/nghiaphanbk/WeldingRobot_ws/install/moveit_task_constructor_msgs/include/moveit_task_constructor_msgs/moveit_task_constructor_msgs/msg/solution_info.hpp
[4.276s] -- Up-to-date: /home/nghiaphanbk/WeldingRobot_ws/install/moveit_task_constructor_msgs/include/moveit_task_constructor_msgs/moveit_task_constructor_msgs/msg/property.hpp
[4.276s] -- Up-to-date: /home/nghiaphanbk/WeldingRobot_ws/install/moveit_task_constructor_msgs/include/moveit_task_constructor_msgs/moveit_task_constructor_msgs/msg/solution.hpp
[4.276s] -- Up-to-date: /home/nghiaphanbk/WeldingRobot_ws/install/moveit_task_constructor_msgs/include/moveit_task_constructor_msgs/moveit_task_constructor_msgs/msg/stage_description.hpp
[4.277s] -- Up-to-date: /home/nghiaphanbk/WeldingRobot_ws/install/moveit_task_constructor_msgs/include/moveit_task_constructor_msgs/moveit_task_constructor_msgs/msg/detail
[4.277s] -- Up-to-date: /home/nghiaphanbk/WeldingRobot_ws/install/moveit_task_constructor_msgs/include/moveit_task_constructor_msgs/moveit_task_constructor_msgs/msg/detail/task_description__struct.hpp
[4.277s] -- Up-to-date: /home/nghiaphanbk/WeldingRobot_ws/install/moveit_task_constructor_msgs/include/moveit_task_constructor_msgs/moveit_task_constructor_msgs/msg/detail/sub_solution__traits.hpp
[4.277s] -- Up-to-date: /home/nghiaphanbk/WeldingRobot_ws/install/moveit_task_constructor_msgs/include/moveit_task_constructor_msgs/moveit_task_constructor_msgs/msg/detail/sub_solution__builder.hpp
[4.277s] -- Up-to-date: /home/nghiaphanbk/WeldingRobot_ws/install/moveit_task_constructor_msgs/include/moveit_task_constructor_msgs/moveit_task_constructor_msgs/msg/detail/solution_info__traits.hpp
[4.277s] -- Up-to-date: /home/nghiaphanbk/WeldingRobot_ws/install/moveit_task_constructor_msgs/include/moveit_task_constructor_msgs/moveit_task_constructor_msgs/msg/detail/task_statistics__builder.hpp
[4.277s] -- Up-to-date: /home/nghiaphanbk/WeldingRobot_ws/install/moveit_task_constructor_msgs/include/moveit_task_constructor_msgs/moveit_task_constructor_msgs/msg/detail/stage_statistics__builder.hpp
[4.277s] -- Up-to-date: /home/nghiaphanbk/WeldingRobot_ws/install/moveit_task_constructor_msgs/include/moveit_task_constructor_msgs/moveit_task_constructor_msgs/msg/detail/stage_description__struct.hpp
[4.277s] -- Up-to-date: /home/nghiaphanbk/WeldingRobot_ws/install/moveit_task_constructor_msgs/include/moveit_task_constructor_msgs/moveit_task_constructor_msgs/msg/detail/stage_description__traits.hpp
[4.277s] -- Up-to-date: /home/nghiaphanbk/WeldingRobot_ws/install/moveit_task_constructor_msgs/include/moveit_task_constructor_msgs/moveit_task_constructor_msgs/msg/detail/sub_solution__struct.hpp
[4.277s] -- Up-to-date: /home/nghiaphanbk/WeldingRobot_ws/install/moveit_task_constructor_msgs/include/moveit_task_constructor_msgs/moveit_task_constructor_msgs/msg/detail/task_statistics__traits.hpp
[4.277s] -- Up-to-date: /home/nghiaphanbk/WeldingRobot_ws/install/moveit_task_constructor_msgs/include/moveit_task_constructor_msgs/moveit_task_constructor_msgs/msg/detail/solution__builder.hpp
[4.277s] -- Up-to-date: /home/nghiaphanbk/WeldingRobot_ws/install/moveit_task_constructor_msgs/include/moveit_task_constructor_msgs/moveit_task_constructor_msgs/msg/detail/sub_trajectory__struct.hpp
[4.277s] -- Up-to-date: /home/nghiaphanbk/WeldingRobot_ws/install/moveit_task_constructor_msgs/include/moveit_task_constructor_msgs/moveit_task_constructor_msgs/msg/detail/task_description__builder.hpp
[4.277s] -- Up-to-date: /home/nghiaphanbk/WeldingRobot_ws/install/moveit_task_constructor_msgs/include/moveit_task_constructor_msgs/moveit_task_constructor_msgs/msg/detail/solution_info__struct.hpp
[4.277s] -- Up-to-date: /home/nghiaphanbk/WeldingRobot_ws/install/moveit_task_constructor_msgs/include/moveit_task_constructor_msgs/moveit_task_constructor_msgs/msg/detail/solution__struct.hpp
[4.277s] -- Up-to-date: /home/nghiaphanbk/WeldingRobot_ws/install/moveit_task_constructor_msgs/include/moveit_task_constructor_msgs/moveit_task_constructor_msgs/msg/detail/task_description__traits.hpp
[4.277s] -- Up-to-date: /home/nghiaphanbk/WeldingRobot_ws/install/moveit_task_constructor_msgs/include/moveit_task_constructor_msgs/moveit_task_constructor_msgs/msg/detail/stage_statistics__traits.hpp
[4.277s] -- Up-to-date: /home/nghiaphanbk/WeldingRobot_ws/install/moveit_task_constructor_msgs/include/moveit_task_constructor_msgs/moveit_task_constructor_msgs/msg/detail/task_statistics__struct.hpp
[4.277s] -- Up-to-date: /home/nghiaphanbk/WeldingRobot_ws/install/moveit_task_constructor_msgs/include/moveit_task_constructor_msgs/moveit_task_constructor_msgs/msg/detail/property__traits.hpp
[4.278s] -- Up-to-date: /home/nghiaphanbk/WeldingRobot_ws/install/moveit_task_constructor_msgs/include/moveit_task_constructor_msgs/moveit_task_constructor_msgs/msg/detail/stage_description__builder.hpp
[4.278s] -- Up-to-date: /home/nghiaphanbk/WeldingRobot_ws/install/moveit_task_constructor_msgs/include/moveit_task_constructor_msgs/moveit_task_constructor_msgs/msg/detail/stage_statistics__struct.hpp
[4.278s] -- Up-to-date: /home/nghiaphanbk/WeldingRobot_ws/install/moveit_task_constructor_msgs/include/moveit_task_constructor_msgs/moveit_task_constructor_msgs/msg/detail/solution_info__builder.hpp
[4.278s] -- Up-to-date: /home/nghiaphanbk/WeldingRobot_ws/install/moveit_task_constructor_msgs/include/moveit_task_constructor_msgs/moveit_task_constructor_msgs/msg/detail/sub_trajectory__traits.hpp
[4.278s] -- Up-to-date: /home/nghiaphanbk/WeldingRobot_ws/install/moveit_task_constructor_msgs/include/moveit_task_constructor_msgs/moveit_task_constructor_msgs/msg/detail/solution__traits.hpp
[4.278s] -- Up-to-date: /home/nghiaphanbk/WeldingRobot_ws/install/moveit_task_constructor_msgs/include/moveit_task_constructor_msgs/moveit_task_constructor_msgs/msg/detail/property__builder.hpp
[4.278s] -- Up-to-date: /home/nghiaphanbk/WeldingRobot_ws/install/moveit_task_constructor_msgs/include/moveit_task_constructor_msgs/moveit_task_constructor_msgs/msg/detail/sub_trajectory__builder.hpp
[4.278s] -- Up-to-date: /home/nghiaphanbk/WeldingRobot_ws/install/moveit_task_constructor_msgs/include/moveit_task_constructor_msgs/moveit_task_constructor_msgs/msg/detail/property__struct.hpp
[4.278s] -- Up-to-date: /home/nghiaphanbk/WeldingRobot_ws/install/moveit_task_constructor_msgs/include/moveit_task_constructor_msgs/moveit_task_constructor_msgs/msg/stage_statistics.hpp
[4.278s] -- Up-to-date: /home/nghiaphanbk/WeldingRobot_ws/install/moveit_task_constructor_msgs/include/moveit_task_constructor_msgs/moveit_task_constructor_msgs/msg/sub_solution.hpp
[4.278s] -- Up-to-date: /home/nghiaphanbk/WeldingRobot_ws/install/moveit_task_constructor_msgs/include/moveit_task_constructor_msgs/moveit_task_constructor_msgs/action
[4.278s] -- Up-to-date: /home/nghiaphanbk/WeldingRobot_ws/install/moveit_task_constructor_msgs/include/moveit_task_constructor_msgs/moveit_task_constructor_msgs/action/execute_task_solution.hpp
[4.278s] -- Up-to-date: /home/nghiaphanbk/WeldingRobot_ws/install/moveit_task_constructor_msgs/include/moveit_task_constructor_msgs/moveit_task_constructor_msgs/action/detail
[4.278s] -- Up-to-date: /home/nghiaphanbk/WeldingRobot_ws/install/moveit_task_constructor_msgs/include/moveit_task_constructor_msgs/moveit_task_constructor_msgs/action/detail/execute_task_solution__builder.hpp
[4.278s] -- Up-to-date: /home/nghiaphanbk/WeldingRobot_ws/install/moveit_task_constructor_msgs/include/moveit_task_constructor_msgs/moveit_task_constructor_msgs/action/detail/execute_task_solution__struct.hpp
[4.278s] -- Up-to-date: /home/nghiaphanbk/WeldingRobot_ws/install/moveit_task_constructor_msgs/include/moveit_task_constructor_msgs/moveit_task_constructor_msgs/action/detail/execute_task_solution__traits.hpp
[4.278s] -- Up-to-date: /home/nghiaphanbk/WeldingRobot_ws/install/moveit_task_constructor_msgs/include/moveit_task_constructor_msgs/moveit_task_constructor_msgs/srv
[4.279s] -- Up-to-date: /home/nghiaphanbk/WeldingRobot_ws/install/moveit_task_constructor_msgs/include/moveit_task_constructor_msgs/moveit_task_constructor_msgs/srv/detail
[4.279s] -- Up-to-date: /home/nghiaphanbk/WeldingRobot_ws/install/moveit_task_constructor_msgs/include/moveit_task_constructor_msgs/moveit_task_constructor_msgs/srv/detail/get_solution__struct.hpp
[4.279s] -- Up-to-date: /home/nghiaphanbk/WeldingRobot_ws/install/moveit_task_constructor_msgs/include/moveit_task_constructor_msgs/moveit_task_constructor_msgs/srv/detail/get_solution__traits.hpp
[4.279s] -- Up-to-date: /home/nghiaphanbk/WeldingRobot_ws/install/moveit_task_constructor_msgs/include/moveit_task_constructor_msgs/moveit_task_constructor_msgs/srv/detail/get_solution__builder.hpp
[4.279s] -- Up-to-date: /home/nghiaphanbk/WeldingRobot_ws/install/moveit_task_constructor_msgs/include/moveit_task_constructor_msgs/moveit_task_constructor_msgs/srv/get_solution.hpp
[4.279s] -- Up-to-date: /home/nghiaphanbk/WeldingRobot_ws/install/moveit_task_constructor_msgs/include/moveit_task_constructor_msgs/moveit_task_constructor_msgs
[4.279s] -- Up-to-date: /home/nghiaphanbk/WeldingRobot_ws/install/moveit_task_constructor_msgs/include/moveit_task_constructor_msgs/moveit_task_constructor_msgs/msg
[4.279s] -- Up-to-date: /home/nghiaphanbk/WeldingRobot_ws/install/moveit_task_constructor_msgs/include/moveit_task_constructor_msgs/moveit_task_constructor_msgs/msg/rosidl_typesupport_fastrtps_cpp__visibility_control.h
[4.279s] -- Up-to-date: /home/nghiaphanbk/WeldingRobot_ws/install/moveit_task_constructor_msgs/include/moveit_task_constructor_msgs/moveit_task_constructor_msgs/msg/detail
[4.279s] -- Up-to-date: /home/nghiaphanbk/WeldingRobot_ws/install/moveit_task_constructor_msgs/include/moveit_task_constructor_msgs/moveit_task_constructor_msgs/msg/detail/solution_info__rosidl_typesupport_fastrtps_cpp.hpp
[4.279s] -- Up-to-date: /home/nghiaphanbk/WeldingRobot_ws/install/moveit_task_constructor_msgs/include/moveit_task_constructor_msgs/moveit_task_constructor_msgs/msg/detail/sub_solution__rosidl_typesupport_fastrtps_cpp.hpp
[4.279s] -- Up-to-date: /home/nghiaphanbk/WeldingRobot_ws/install/moveit_task_constructor_msgs/include/moveit_task_constructor_msgs/moveit_task_constructor_msgs/msg/detail/sub_trajectory__rosidl_typesupport_fastrtps_cpp.hpp
[4.279s] -- Up-to-date: /home/nghiaphanbk/WeldingRobot_ws/install/moveit_task_constructor_msgs/include/moveit_task_constructor_msgs/moveit_task_constructor_msgs/msg/detail/solution__rosidl_typesupport_fastrtps_cpp.hpp
[4.279s] -- Up-to-date: /home/nghiaphanbk/WeldingRobot_ws/install/moveit_task_constructor_msgs/include/moveit_task_constructor_msgs/moveit_task_constructor_msgs/msg/detail/task_description__rosidl_typesupport_fastrtps_cpp.hpp
[4.279s] -- Up-to-date: /home/nghiaphanbk/WeldingRobot_ws/install/moveit_task_constructor_msgs/include/moveit_task_constructor_msgs/moveit_task_constructor_msgs/msg/detail/stage_description__rosidl_typesupport_fastrtps_cpp.hpp
[4.279s] -- Up-to-date: /home/nghiaphanbk/WeldingRobot_ws/install/moveit_task_constructor_msgs/include/moveit_task_constructor_msgs/moveit_task_constructor_msgs/msg/detail/task_statistics__rosidl_typesupport_fastrtps_cpp.hpp
[4.279s] -- Up-to-date: /home/nghiaphanbk/WeldingRobot_ws/install/moveit_task_constructor_msgs/include/moveit_task_constructor_msgs/moveit_task_constructor_msgs/msg/detail/dds_fastrtps
[4.279s] -- Up-to-date: /home/nghiaphanbk/WeldingRobot_ws/install/moveit_task_constructor_msgs/include/moveit_task_constructor_msgs/moveit_task_constructor_msgs/msg/detail/stage_statistics__rosidl_typesupport_fastrtps_cpp.hpp
[4.279s] -- Up-to-date: /home/nghiaphanbk/WeldingRobot_ws/install/moveit_task_constructor_msgs/include/moveit_task_constructor_msgs/moveit_task_constructor_msgs/msg/detail/property__rosidl_typesupport_fastrtps_cpp.hpp
[4.279s] -- Up-to-date: /home/nghiaphanbk/WeldingRobot_ws/install/moveit_task_constructor_msgs/include/moveit_task_constructor_msgs/moveit_task_constructor_msgs/action
[4.279s] -- Up-to-date: /home/nghiaphanbk/WeldingRobot_ws/install/moveit_task_constructor_msgs/include/moveit_task_constructor_msgs/moveit_task_constructor_msgs/action/detail
[4.280s] -- Up-to-date: /home/nghiaphanbk/WeldingRobot_ws/install/moveit_task_constructor_msgs/include/moveit_task_constructor_msgs/moveit_task_constructor_msgs/action/detail/dds_fastrtps
[4.280s] -- Up-to-date: /home/nghiaphanbk/WeldingRobot_ws/install/moveit_task_constructor_msgs/include/moveit_task_constructor_msgs/moveit_task_constructor_msgs/action/detail/execute_task_solution__rosidl_typesupport_fastrtps_cpp.hpp
[4.280s] -- Up-to-date: /home/nghiaphanbk/WeldingRobot_ws/install/moveit_task_constructor_msgs/include/moveit_task_constructor_msgs/moveit_task_constructor_msgs/srv
[4.280s] -- Up-to-date: /home/nghiaphanbk/WeldingRobot_ws/install/moveit_task_constructor_msgs/include/moveit_task_constructor_msgs/moveit_task_constructor_msgs/srv/detail
[4.280s] -- Up-to-date: /home/nghiaphanbk/WeldingRobot_ws/install/moveit_task_constructor_msgs/include/moveit_task_constructor_msgs/moveit_task_constructor_msgs/srv/detail/get_solution__rosidl_typesupport_fastrtps_cpp.hpp
[4.280s] -- Up-to-date: /home/nghiaphanbk/WeldingRobot_ws/install/moveit_task_constructor_msgs/include/moveit_task_constructor_msgs/moveit_task_constructor_msgs/srv/detail/dds_fastrtps
[4.280s] -- Up-to-date: /home/nghiaphanbk/WeldingRobot_ws/install/moveit_task_constructor_msgs/lib/libmoveit_task_constructor_msgs__rosidl_typesupport_fastrtps_cpp.so
[4.280s] -- Up-to-date: /home/nghiaphanbk/WeldingRobot_ws/install/moveit_task_constructor_msgs/include/moveit_task_constructor_msgs/moveit_task_constructor_msgs
[4.280s] -- Up-to-date: /home/nghiaphanbk/WeldingRobot_ws/install/moveit_task_constructor_msgs/include/moveit_task_constructor_msgs/moveit_task_constructor_msgs/msg
[4.280s] -- Up-to-date: /home/nghiaphanbk/WeldingRobot_ws/install/moveit_task_constructor_msgs/include/moveit_task_constructor_msgs/moveit_task_constructor_msgs/msg/rosidl_typesupport_introspection_c__visibility_control.h
[4.280s] -- Up-to-date: /home/nghiaphanbk/WeldingRobot_ws/install/moveit_task_constructor_msgs/include/moveit_task_constructor_msgs/moveit_task_constructor_msgs/msg/detail
[4.280s] -- Up-to-date: /home/nghiaphanbk/WeldingRobot_ws/install/moveit_task_constructor_msgs/include/moveit_task_constructor_msgs/moveit_task_constructor_msgs/msg/detail/stage_description__rosidl_typesupport_introspection_c.h
[4.280s] -- Up-to-date: /home/nghiaphanbk/WeldingRobot_ws/install/moveit_task_constructor_msgs/include/moveit_task_constructor_msgs/moveit_task_constructor_msgs/msg/detail/sub_solution__type_support.c
[4.280s] -- Up-to-date: /home/nghiaphanbk/WeldingRobot_ws/install/moveit_task_constructor_msgs/include/moveit_task_constructor_msgs/moveit_task_constructor_msgs/msg/detail/property__type_support.c
[4.280s] -- Up-to-date: /home/nghiaphanbk/WeldingRobot_ws/install/moveit_task_constructor_msgs/include/moveit_task_constructor_msgs/moveit_task_constructor_msgs/msg/detail/property__rosidl_typesupport_introspection_c.h
[4.280s] -- Up-to-date: /home/nghiaphanbk/WeldingRobot_ws/install/moveit_task_constructor_msgs/include/moveit_task_constructor_msgs/moveit_task_constructor_msgs/msg/detail/task_description__rosidl_typesupport_introspection_c.h
[4.280s] -- Up-to-date: /home/nghiaphanbk/WeldingRobot_ws/install/moveit_task_constructor_msgs/include/moveit_task_constructor_msgs/moveit_task_constructor_msgs/msg/detail/stage_statistics__rosidl_typesupport_introspection_c.h
[4.280s] -- Up-to-date: /home/nghiaphanbk/WeldingRobot_ws/install/moveit_task_constructor_msgs/include/moveit_task_constructor_msgs/moveit_task_constructor_msgs/msg/detail/sub_solution__rosidl_typesupport_introspection_c.h
[4.280s] -- Up-to-date: /home/nghiaphanbk/WeldingRobot_ws/install/moveit_task_constructor_msgs/include/moveit_task_constructor_msgs/moveit_task_constructor_msgs/msg/detail/sub_trajectory__rosidl_typesupport_introspection_c.h
[4.281s] -- Up-to-date: /home/nghiaphanbk/WeldingRobot_ws/install/moveit_task_constructor_msgs/include/moveit_task_constructor_msgs/moveit_task_constructor_msgs/msg/detail/solution_info__type_support.c
[4.281s] -- Up-to-date: /home/nghiaphanbk/WeldingRobot_ws/install/moveit_task_constructor_msgs/include/moveit_task_constructor_msgs/moveit_task_constructor_msgs/msg/detail/task_description__type_support.c
[4.281s] -- Up-to-date: /home/nghiaphanbk/WeldingRobot_ws/install/moveit_task_constructor_msgs/include/moveit_task_constructor_msgs/moveit_task_constructor_msgs/msg/detail/task_statistics__type_support.c
[4.281s] -- Up-to-date: /home/nghiaphanbk/WeldingRobot_ws/install/moveit_task_constructor_msgs/include/moveit_task_constructor_msgs/moveit_task_constructor_msgs/msg/detail/stage_description__type_support.c
[4.281s] -- Up-to-date: /home/nghiaphanbk/WeldingRobot_ws/install/moveit_task_constructor_msgs/include/moveit_task_constructor_msgs/moveit_task_constructor_msgs/msg/detail/sub_trajectory__type_support.c
[4.281s] -- Up-to-date: /home/nghiaphanbk/WeldingRobot_ws/install/moveit_task_constructor_msgs/include/moveit_task_constructor_msgs/moveit_task_constructor_msgs/msg/detail/task_statistics__rosidl_typesupport_introspection_c.h
[4.281s] -- Up-to-date: /home/nghiaphanbk/WeldingRobot_ws/install/moveit_task_constructor_msgs/include/moveit_task_constructor_msgs/moveit_task_constructor_msgs/msg/detail/stage_statistics__type_support.c
[4.281s] -- Up-to-date: /home/nghiaphanbk/WeldingRobot_ws/install/moveit_task_constructor_msgs/include/moveit_task_constructor_msgs/moveit_task_constructor_msgs/msg/detail/solution__type_support.c
[4.281s] -- Up-to-date: /home/nghiaphanbk/WeldingRobot_ws/install/moveit_task_constructor_msgs/include/moveit_task_constructor_msgs/moveit_task_constructor_msgs/msg/detail/solution__rosidl_typesupport_introspection_c.h
[4.281s] -- Up-to-date: /home/nghiaphanbk/WeldingRobot_ws/install/moveit_task_constructor_msgs/include/moveit_task_constructor_msgs/moveit_task_constructor_msgs/msg/detail/solution_info__rosidl_typesupport_introspection_c.h
[4.281s] -- Up-to-date: /home/nghiaphanbk/WeldingRobot_ws/install/moveit_task_constructor_msgs/include/moveit_task_constructor_msgs/moveit_task_constructor_msgs/action
[4.281s] -- Up-to-date: /home/nghiaphanbk/WeldingRobot_ws/install/moveit_task_constructor_msgs/include/moveit_task_constructor_msgs/moveit_task_constructor_msgs/action/detail
[4.281s] -- Up-to-date: /home/nghiaphanbk/WeldingRobot_ws/install/moveit_task_constructor_msgs/include/moveit_task_constructor_msgs/moveit_task_constructor_msgs/action/detail/execute_task_solution__rosidl_typesupport_introspection_c.h
[4.281s] -- Up-to-date: /home/nghiaphanbk/WeldingRobot_ws/install/moveit_task_constructor_msgs/include/moveit_task_constructor_msgs/moveit_task_constructor_msgs/action/detail/execute_task_solution__type_support.c
[4.281s] -- Up-to-date: /home/nghiaphanbk/WeldingRobot_ws/install/moveit_task_constructor_msgs/include/moveit_task_constructor_msgs/moveit_task_constructor_msgs/srv
[4.281s] -- Up-to-date: /home/nghiaphanbk/WeldingRobot_ws/install/moveit_task_constructor_msgs/include/moveit_task_constructor_msgs/moveit_task_constructor_msgs/srv/detail
[4.281s] -- Up-to-date: /home/nghiaphanbk/WeldingRobot_ws/install/moveit_task_constructor_msgs/include/moveit_task_constructor_msgs/moveit_task_constructor_msgs/srv/detail/get_solution__rosidl_typesupport_introspection_c.h
[4.281s] -- Up-to-date: /home/nghiaphanbk/WeldingRobot_ws/install/moveit_task_constructor_msgs/include/moveit_task_constructor_msgs/moveit_task_constructor_msgs/srv/detail/get_solution__type_support.c
[4.281s] -- Up-to-date: /home/nghiaphanbk/WeldingRobot_ws/install/moveit_task_constructor_msgs/lib/libmoveit_task_constructor_msgs__rosidl_typesupport_introspection_c.so
[4.281s] -- Up-to-date: /home/nghiaphanbk/WeldingRobot_ws/install/moveit_task_constructor_msgs/lib/libmoveit_task_constructor_msgs__rosidl_typesupport_c.so
[4.282s] -- Up-to-date: /home/nghiaphanbk/WeldingRobot_ws/install/moveit_task_constructor_msgs/include/moveit_task_constructor_msgs/moveit_task_constructor_msgs
[4.282s] -- Up-to-date: /home/nghiaphanbk/WeldingRobot_ws/install/moveit_task_constructor_msgs/include/moveit_task_constructor_msgs/moveit_task_constructor_msgs/msg
[4.282s] -- Up-to-date: /home/nghiaphanbk/WeldingRobot_ws/install/moveit_task_constructor_msgs/include/moveit_task_constructor_msgs/moveit_task_constructor_msgs/msg/detail
[4.282s] -- Up-to-date: /home/nghiaphanbk/WeldingRobot_ws/install/moveit_task_constructor_msgs/include/moveit_task_constructor_msgs/moveit_task_constructor_msgs/msg/detail/task_statistics__rosidl_typesupport_introspection_cpp.hpp
[4.282s] -- Up-to-date: /home/nghiaphanbk/WeldingRobot_ws/install/moveit_task_constructor_msgs/include/moveit_task_constructor_msgs/moveit_task_constructor_msgs/msg/detail/solution__type_support.cpp
[4.282s] -- Up-to-date: /home/nghiaphanbk/WeldingRobot_ws/install/moveit_task_constructor_msgs/include/moveit_task_constructor_msgs/moveit_task_constructor_msgs/msg/detail/sub_trajectory__type_support.cpp
[4.282s] -- Up-to-date: /home/nghiaphanbk/WeldingRobot_ws/install/moveit_task_constructor_msgs/include/moveit_task_constructor_msgs/moveit_task_constructor_msgs/msg/detail/sub_trajectory__rosidl_typesupport_introspection_cpp.hpp
[4.282s] -- Up-to-date: /home/nghiaphanbk/WeldingRobot_ws/install/moveit_task_constructor_msgs/include/moveit_task_constructor_msgs/moveit_task_constructor_msgs/msg/detail/property__rosidl_typesupport_introspection_cpp.hpp
[4.282s] -- Up-to-date: /home/nghiaphanbk/WeldingRobot_ws/install/moveit_task_constructor_msgs/include/moveit_task_constructor_msgs/moveit_task_constructor_msgs/msg/detail/sub_solution__rosidl_typesupport_introspection_cpp.hpp
[4.282s] -- Up-to-date: /home/nghiaphanbk/WeldingRobot_ws/install/moveit_task_constructor_msgs/include/moveit_task_constructor_msgs/moveit_task_constructor_msgs/msg/detail/stage_statistics__rosidl_typesupport_introspection_cpp.hpp
[4.282s] -- Up-to-date: /home/nghiaphanbk/WeldingRobot_ws/install/moveit_task_constructor_msgs/include/moveit_task_constructor_msgs/moveit_task_constructor_msgs/msg/detail/sub_solution__type_support.cpp
[4.282s] -- Up-to-date: /home/nghiaphanbk/WeldingRobot_ws/install/moveit_task_constructor_msgs/include/moveit_task_constructor_msgs/moveit_task_constructor_msgs/msg/detail/task_description__rosidl_typesupport_introspection_cpp.hpp
[4.282s] -- Up-to-date: /home/nghiaphanbk/WeldingRobot_ws/install/moveit_task_constructor_msgs/include/moveit_task_constructor_msgs/moveit_task_constructor_msgs/msg/detail/stage_description__rosidl_typesupport_introspection_cpp.hpp
[4.282s] -- Up-to-date: /home/nghiaphanbk/WeldingRobot_ws/install/moveit_task_constructor_msgs/include/moveit_task_constructor_msgs/moveit_task_constructor_msgs/msg/detail/solution_info__type_support.cpp
[4.282s] -- Up-to-date: /home/nghiaphanbk/WeldingRobot_ws/install/moveit_task_constructor_msgs/include/moveit_task_constructor_msgs/moveit_task_constructor_msgs/msg/detail/solution__rosidl_typesupport_introspection_cpp.hpp
[4.282s] -- Up-to-date: /home/nghiaphanbk/WeldingRobot_ws/install/moveit_task_constructor_msgs/include/moveit_task_constructor_msgs/moveit_task_constructor_msgs/msg/detail/stage_description__type_support.cpp
[4.282s] -- Up-to-date: /home/nghiaphanbk/WeldingRobot_ws/install/moveit_task_constructor_msgs/include/moveit_task_constructor_msgs/moveit_task_constructor_msgs/msg/detail/stage_statistics__type_support.cpp
[4.282s] -- Up-to-date: /home/nghiaphanbk/WeldingRobot_ws/install/moveit_task_constructor_msgs/include/moveit_task_constructor_msgs/moveit_task_constructor_msgs/msg/detail/property__type_support.cpp
[4.282s] -- Up-to-date: /home/nghiaphanbk/WeldingRobot_ws/install/moveit_task_constructor_msgs/include/moveit_task_constructor_msgs/moveit_task_constructor_msgs/msg/detail/solution_info__rosidl_typesupport_introspection_cpp.hpp
[4.282s] -- Up-to-date: /home/nghiaphanbk/WeldingRobot_ws/install/moveit_task_constructor_msgs/include/moveit_task_constructor_msgs/moveit_task_constructor_msgs/msg/detail/task_description__type_support.cpp
[4.282s] -- Up-to-date: /home/nghiaphanbk/WeldingRobot_ws/install/moveit_task_constructor_msgs/include/moveit_task_constructor_msgs/moveit_task_constructor_msgs/msg/detail/task_statistics__type_support.cpp
[4.283s] -- Up-to-date: /home/nghiaphanbk/WeldingRobot_ws/install/moveit_task_constructor_msgs/include/moveit_task_constructor_msgs/moveit_task_constructor_msgs/action
[4.283s] -- Up-to-date: /home/nghiaphanbk/WeldingRobot_ws/install/moveit_task_constructor_msgs/include/moveit_task_constructor_msgs/moveit_task_constructor_msgs/action/detail
[4.283s] -- Up-to-date: /home/nghiaphanbk/WeldingRobot_ws/install/moveit_task_constructor_msgs/include/moveit_task_constructor_msgs/moveit_task_constructor_msgs/action/detail/execute_task_solution__rosidl_typesupport_introspection_cpp.hpp
[4.283s] -- Up-to-date: /home/nghiaphanbk/WeldingRobot_ws/install/moveit_task_constructor_msgs/include/moveit_task_constructor_msgs/moveit_task_constructor_msgs/action/detail/execute_task_solution__type_support.cpp
[4.283s] -- Up-to-date: /home/nghiaphanbk/WeldingRobot_ws/install/moveit_task_constructor_msgs/include/moveit_task_constructor_msgs/moveit_task_constructor_msgs/srv
[4.283s] -- Up-to-date: /home/nghiaphanbk/WeldingRobot_ws/install/moveit_task_constructor_msgs/include/moveit_task_constructor_msgs/moveit_task_constructor_msgs/srv/detail
[4.283s] -- Up-to-date: /home/nghiaphanbk/WeldingRobot_ws/install/moveit_task_constructor_msgs/include/moveit_task_constructor_msgs/moveit_task_constructor_msgs/srv/detail/get_solution__rosidl_typesupport_introspection_cpp.hpp
[4.283s] -- Up-to-date: /home/nghiaphanbk/WeldingRobot_ws/install/moveit_task_constructor_msgs/include/moveit_task_constructor_msgs/moveit_task_constructor_msgs/srv/detail/get_solution__type_support.cpp
[4.283s] -- Up-to-date: /home/nghiaphanbk/WeldingRobot_ws/install/moveit_task_constructor_msgs/lib/libmoveit_task_constructor_msgs__rosidl_typesupport_introspection_cpp.so
[4.283s] -- Up-to-date: /home/nghiaphanbk/WeldingRobot_ws/install/moveit_task_constructor_msgs/lib/libmoveit_task_constructor_msgs__rosidl_typesupport_cpp.so
[4.283s] -- Up-to-date: /home/nghiaphanbk/WeldingRobot_ws/install/moveit_task_constructor_msgs/share/moveit_task_constructor_msgs/environment/pythonpath.sh
[4.283s] -- Installing: /home/nghiaphanbk/WeldingRobot_ws/install/moveit_task_constructor_msgs/share/moveit_task_constructor_msgs/environment/pythonpath.dsv
[4.283s] -- Up-to-date: /home/nghiaphanbk/WeldingRobot_ws/install/moveit_task_constructor_msgs/local/lib/python3.10/dist-packages/moveit_task_constructor_msgs-0.1.3-py3.10.egg-info
[4.283s] -- Installing: /home/nghiaphanbk/WeldingRobot_ws/install/moveit_task_constructor_msgs/local/lib/python3.10/dist-packages/moveit_task_constructor_msgs-0.1.3-py3.10.egg-info/PKG-INFO
[4.283s] -- Installing: /home/nghiaphanbk/WeldingRobot_ws/install/moveit_task_constructor_msgs/local/lib/python3.10/dist-packages/moveit_task_constructor_msgs-0.1.3-py3.10.egg-info/top_level.txt
[4.283s] -- Installing: /home/nghiaphanbk/WeldingRobot_ws/install/moveit_task_constructor_msgs/local/lib/python3.10/dist-packages/moveit_task_constructor_msgs-0.1.3-py3.10.egg-info/dependency_links.txt
[4.283s] -- Installing: /home/nghiaphanbk/WeldingRobot_ws/install/moveit_task_constructor_msgs/local/lib/python3.10/dist-packages/moveit_task_constructor_msgs-0.1.3-py3.10.egg-info/SOURCES.txt
[4.283s] -- Up-to-date: /home/nghiaphanbk/WeldingRobot_ws/install/moveit_task_constructor_msgs/local/lib/python3.10/dist-packages/moveit_task_constructor_msgs
[4.283s] -- Up-to-date: /home/nghiaphanbk/WeldingRobot_ws/install/moveit_task_constructor_msgs/local/lib/python3.10/dist-packages/moveit_task_constructor_msgs/_moveit_task_constructor_msgs_s.ep.rosidl_typesupport_introspection_c.c
[4.283s] -- Up-to-date: /home/nghiaphanbk/WeldingRobot_ws/install/moveit_task_constructor_msgs/local/lib/python3.10/dist-packages/moveit_task_constructor_msgs/libmoveit_task_constructor_msgs__rosidl_generator_py.so
[4.283s] -- Up-to-date: /home/nghiaphanbk/WeldingRobot_ws/install/moveit_task_constructor_msgs/local/lib/python3.10/dist-packages/moveit_task_constructor_msgs/moveit_task_constructor_msgs_s__rosidl_typesupport_c.cpython-310-x86_64-linux-gnu.so
[4.284s] -- Up-to-date: /home/nghiaphanbk/WeldingRobot_ws/install/moveit_task_constructor_msgs/local/lib/python3.10/dist-packages/moveit_task_constructor_msgs/msg
[4.284s] -- Up-to-date: /home/nghiaphanbk/WeldingRobot_ws/install/moveit_task_constructor_msgs/local/lib/python3.10/dist-packages/moveit_task_constructor_msgs/msg/_task_statistics.py
[4.284s] -- Up-to-date: /home/nghiaphanbk/WeldingRobot_ws/install/moveit_task_constructor_msgs/local/lib/python3.10/dist-packages/moveit_task_constructor_msgs/msg/_stage_statistics.py
[4.284s] -- Up-to-date: /home/nghiaphanbk/WeldingRobot_ws/install/moveit_task_constructor_msgs/local/lib/python3.10/dist-packages/moveit_task_constructor_msgs/msg/_sub_solution.py
[4.284s] -- Up-to-date: /home/nghiaphanbk/WeldingRobot_ws/install/moveit_task_constructor_msgs/local/lib/python3.10/dist-packages/moveit_task_constructor_msgs/msg/_solution_s.c
[4.284s] -- Up-to-date: /home/nghiaphanbk/WeldingRobot_ws/install/moveit_task_constructor_msgs/local/lib/python3.10/dist-packages/moveit_task_constructor_msgs/msg/_solution.py
[4.284s] -- Up-to-date: /home/nghiaphanbk/WeldingRobot_ws/install/moveit_task_constructor_msgs/local/lib/python3.10/dist-packages/moveit_task_constructor_msgs/msg/_stage_description.py
[4.284s] -- Up-to-date: /home/nghiaphanbk/WeldingRobot_ws/install/moveit_task_constructor_msgs/local/lib/python3.10/dist-packages/moveit_task_constructor_msgs/msg/_solution_info_s.c
[4.284s] -- Up-to-date: /home/nghiaphanbk/WeldingRobot_ws/install/moveit_task_constructor_msgs/local/lib/python3.10/dist-packages/moveit_task_constructor_msgs/msg/_sub_trajectory.py
[4.284s] -- Up-to-date: /home/nghiaphanbk/WeldingRobot_ws/install/moveit_task_constructor_msgs/local/lib/python3.10/dist-packages/moveit_task_constructor_msgs/msg/_task_description_s.c
[4.284s] -- Up-to-date: /home/nghiaphanbk/WeldingRobot_ws/install/moveit_task_constructor_msgs/local/lib/python3.10/dist-packages/moveit_task_constructor_msgs/msg/__init__.py
[4.284s] -- Up-to-date: /home/nghiaphanbk/WeldingRobot_ws/install/moveit_task_constructor_msgs/local/lib/python3.10/dist-packages/moveit_task_constructor_msgs/msg/_sub_trajectory_s.c
[4.284s] -- Up-to-date: /home/nghiaphanbk/WeldingRobot_ws/install/moveit_task_constructor_msgs/local/lib/python3.10/dist-packages/moveit_task_constructor_msgs/msg/_property.py
[4.284s] -- Up-to-date: /home/nghiaphanbk/WeldingRobot_ws/install/moveit_task_constructor_msgs/local/lib/python3.10/dist-packages/moveit_task_constructor_msgs/msg/_solution_info.py
[4.284s] -- Up-to-date: /home/nghiaphanbk/WeldingRobot_ws/install/moveit_task_constructor_msgs/local/lib/python3.10/dist-packages/moveit_task_constructor_msgs/msg/_stage_description_s.c
[4.284s] -- Up-to-date: /home/nghiaphanbk/WeldingRobot_ws/install/moveit_task_constructor_msgs/local/lib/python3.10/dist-packages/moveit_task_constructor_msgs/msg/_sub_solution_s.c
[4.284s] -- Up-to-date: /home/nghiaphanbk/WeldingRobot_ws/install/moveit_task_constructor_msgs/local/lib/python3.10/dist-packages/moveit_task_constructor_msgs/msg/_task_description.py
[4.284s] -- Up-to-date: /home/nghiaphanbk/WeldingRobot_ws/install/moveit_task_constructor_msgs/local/lib/python3.10/dist-packages/moveit_task_constructor_msgs/msg/_stage_statistics_s.c
[4.284s] -- Up-to-date: /home/nghiaphanbk/WeldingRobot_ws/install/moveit_task_constructor_msgs/local/lib/python3.10/dist-packages/moveit_task_constructor_msgs/msg/_task_statistics_s.c
[4.284s] -- Up-to-date: /home/nghiaphanbk/WeldingRobot_ws/install/moveit_task_constructor_msgs/local/lib/python3.10/dist-packages/moveit_task_constructor_msgs/msg/_property_s.c
[4.284s] -- Installing: /home/nghiaphanbk/WeldingRobot_ws/install/moveit_task_constructor_msgs/local/lib/python3.10/dist-packages/moveit_task_constructor_msgs/__init__.py
[4.284s] -- Up-to-date: /home/nghiaphanbk/WeldingRobot_ws/install/moveit_task_constructor_msgs/local/lib/python3.10/dist-packages/moveit_task_constructor_msgs/moveit_task_constructor_msgs_s__rosidl_typesupport_fastrtps_c.cpython-310-x86_64-linux-gnu.so
[4.284s] -- Up-to-date: /home/nghiaphanbk/WeldingRobot_ws/install/moveit_task_constructor_msgs/local/lib/python3.10/dist-packages/moveit_task_constructor_msgs/_moveit_task_constructor_msgs_s.ep.rosidl_typesupport_c.c
[4.285s] -- Up-to-date: /home/nghiaphanbk/WeldingRobot_ws/install/moveit_task_constructor_msgs/local/lib/python3.10/dist-packages/moveit_task_constructor_msgs/moveit_task_constructor_msgs_s__rosidl_typesupport_introspection_c.cpython-310-x86_64-linux-gnu.so
[4.285s] -- Up-to-date: /home/nghiaphanbk/WeldingRobot_ws/install/moveit_task_constructor_msgs/local/lib/python3.10/dist-packages/moveit_task_constructor_msgs/action
[4.285s] -- Up-to-date: /home/nghiaphanbk/WeldingRobot_ws/install/moveit_task_constructor_msgs/local/lib/python3.10/dist-packages/moveit_task_constructor_msgs/action/__init__.py
[4.285s] -- Up-to-date: /home/nghiaphanbk/WeldingRobot_ws/install/moveit_task_constructor_msgs/local/lib/python3.10/dist-packages/moveit_task_constructor_msgs/action/_execute_task_solution_s.c
[4.285s] -- Up-to-date: /home/nghiaphanbk/WeldingRobot_ws/install/moveit_task_constructor_msgs/local/lib/python3.10/dist-packages/moveit_task_constructor_msgs/action/_execute_task_solution.py
[4.285s] -- Up-to-date: /home/nghiaphanbk/WeldingRobot_ws/install/moveit_task_constructor_msgs/local/lib/python3.10/dist-packages/moveit_task_constructor_msgs/srv
[4.285s] -- Up-to-date: /home/nghiaphanbk/WeldingRobot_ws/install/moveit_task_constructor_msgs/local/lib/python3.10/dist-packages/moveit_task_constructor_msgs/srv/_get_solution_s.c
[4.285s] -- Up-to-date: /home/nghiaphanbk/WeldingRobot_ws/install/moveit_task_constructor_msgs/local/lib/python3.10/dist-packages/moveit_task_constructor_msgs/srv/__init__.py
[4.285s] -- Up-to-date: /home/nghiaphanbk/WeldingRobot_ws/install/moveit_task_constructor_msgs/local/lib/python3.10/dist-packages/moveit_task_constructor_msgs/srv/_get_solution.py
[4.285s] -- Up-to-date: /home/nghiaphanbk/WeldingRobot_ws/install/moveit_task_constructor_msgs/local/lib/python3.10/dist-packages/moveit_task_constructor_msgs/_moveit_task_constructor_msgs_s.ep.rosidl_typesupport_fastrtps_c.c
[4.310s] Listing '/home/nghiaphanbk/WeldingRobot_ws/install/moveit_task_constructor_msgs/local/lib/python3.10/dist-packages/moveit_task_constructor_msgs'...
[4.310s] Compiling '/home/nghiaphanbk/WeldingRobot_ws/install/moveit_task_constructor_msgs/local/lib/python3.10/dist-packages/moveit_task_constructor_msgs/__init__.py'...
[4.310s] Listing '/home/nghiaphanbk/WeldingRobot_ws/install/moveit_task_constructor_msgs/local/lib/python3.10/dist-packages/moveit_task_constructor_msgs/action'...
[4.310s] Listing '/home/nghiaphanbk/WeldingRobot_ws/install/moveit_task_constructor_msgs/local/lib/python3.10/dist-packages/moveit_task_constructor_msgs/msg'...
[4.310s] Listing '/home/nghiaphanbk/WeldingRobot_ws/install/moveit_task_constructor_msgs/local/lib/python3.10/dist-packages/moveit_task_constructor_msgs/srv'...
[4.314s] -- Up-to-date: /home/nghiaphanbk/WeldingRobot_ws/install/moveit_task_constructor_msgs/local/lib/python3.10/dist-packages/moveit_task_constructor_msgs/moveit_task_constructor_msgs_s__rosidl_typesupport_fastrtps_c.cpython-310-x86_64-linux-gnu.so
[4.314s] -- Up-to-date: /home/nghiaphanbk/WeldingRobot_ws/install/moveit_task_constructor_msgs/local/lib/python3.10/dist-packages/moveit_task_constructor_msgs/moveit_task_constructor_msgs_s__rosidl_typesupport_introspection_c.cpython-310-x86_64-linux-gnu.so
[4.315s] -- Up-to-date: /home/nghiaphanbk/WeldingRobot_ws/install/moveit_task_constructor_msgs/local/lib/python3.10/dist-packages/moveit_task_constructor_msgs/moveit_task_constructor_msgs_s__rosidl_typesupport_c.cpython-310-x86_64-linux-gnu.so
[4.315s] -- Up-to-date: /home/nghiaphanbk/WeldingRobot_ws/install/moveit_task_constructor_msgs/lib/libmoveit_task_constructor_msgs__rosidl_generator_py.so
[4.316s] -- Up-to-date: /home/nghiaphanbk/WeldingRobot_ws/install/moveit_task_constructor_msgs/share/moveit_task_constructor_msgs/msg/Property.idl
[4.316s] -- Up-to-date: /home/nghiaphanbk/WeldingRobot_ws/install/moveit_task_constructor_msgs/share/moveit_task_constructor_msgs/msg/Solution.idl
[4.316s] -- Up-to-date: /home/nghiaphanbk/WeldingRobot_ws/install/moveit_task_constructor_msgs/share/moveit_task_constructor_msgs/msg/SolutionInfo.idl
[4.316s] -- Up-to-date: /home/nghiaphanbk/WeldingRobot_ws/install/moveit_task_constructor_msgs/share/moveit_task_constructor_msgs/msg/StageDescription.idl
[4.316s] -- Up-to-date: /home/nghiaphanbk/WeldingRobot_ws/install/moveit_task_constructor_msgs/share/moveit_task_constructor_msgs/msg/StageStatistics.idl
[4.316s] -- Up-to-date: /home/nghiaphanbk/WeldingRobot_ws/install/moveit_task_constructor_msgs/share/moveit_task_constructor_msgs/msg/SubSolution.idl
[4.316s] -- Up-to-date: /home/nghiaphanbk/WeldingRobot_ws/install/moveit_task_constructor_msgs/share/moveit_task_constructor_msgs/msg/SubTrajectory.idl
[4.316s] -- Up-to-date: /home/nghiaphanbk/WeldingRobot_ws/install/moveit_task_constructor_msgs/share/moveit_task_constructor_msgs/msg/TaskDescription.idl
[4.316s] -- Up-to-date: /home/nghiaphanbk/WeldingRobot_ws/install/moveit_task_constructor_msgs/share/moveit_task_constructor_msgs/msg/TaskStatistics.idl
[4.316s] -- Up-to-date: /home/nghiaphanbk/WeldingRobot_ws/install/moveit_task_constructor_msgs/share/moveit_task_constructor_msgs/srv/GetSolution.idl
[4.317s] -- Up-to-date: /home/nghiaphanbk/WeldingRobot_ws/install/moveit_task_constructor_msgs/share/moveit_task_constructor_msgs/action/ExecuteTaskSolution.idl
[4.317s] -- Up-to-date: /home/nghiaphanbk/WeldingRobot_ws/install/moveit_task_constructor_msgs/share/moveit_task_constructor_msgs/msg/Property.msg
[4.317s] -- Up-to-date: /home/nghiaphanbk/WeldingRobot_ws/install/moveit_task_constructor_msgs/share/moveit_task_constructor_msgs/msg/Solution.msg
[4.317s] -- Up-to-date: /home/nghiaphanbk/WeldingRobot_ws/install/moveit_task_constructor_msgs/share/moveit_task_constructor_msgs/msg/SolutionInfo.msg
[4.317s] -- Up-to-date: /home/nghiaphanbk/WeldingRobot_ws/install/moveit_task_constructor_msgs/share/moveit_task_constructor_msgs/msg/StageDescription.msg
[4.317s] -- Up-to-date: /home/nghiaphanbk/WeldingRobot_ws/install/moveit_task_constructor_msgs/share/moveit_task_constructor_msgs/msg/StageStatistics.msg
[4.317s] -- Up-to-date: /home/nghiaphanbk/WeldingRobot_ws/install/moveit_task_constructor_msgs/share/moveit_task_constructor_msgs/msg/SubSolution.msg
[4.317s] -- Up-to-date: /home/nghiaphanbk/WeldingRobot_ws/install/moveit_task_constructor_msgs/share/moveit_task_constructor_msgs/msg/SubTrajectory.msg
[4.317s] -- Up-to-date: /home/nghiaphanbk/WeldingRobot_ws/install/moveit_task_constructor_msgs/share/moveit_task_constructor_msgs/msg/TaskDescription.msg
[4.317s] -- Up-to-date: /home/nghiaphanbk/WeldingRobot_ws/install/moveit_task_constructor_msgs/share/moveit_task_constructor_msgs/msg/TaskStatistics.msg
[4.317s] -- Up-to-date: /home/nghiaphanbk/WeldingRobot_ws/install/moveit_task_constructor_msgs/share/moveit_task_constructor_msgs/srv/GetSolution.srv
[4.317s] -- Up-to-date: /home/nghiaphanbk/WeldingRobot_ws/install/moveit_task_constructor_msgs/share/moveit_task_constructor_msgs/srv/GetSolution_Request.msg
[4.317s] -- Up-to-date: /home/nghiaphanbk/WeldingRobot_ws/install/moveit_task_constructor_msgs/share/moveit_task_constructor_msgs/srv/GetSolution_Response.msg
[4.317s] -- Up-to-date: /home/nghiaphanbk/WeldingRobot_ws/install/moveit_task_constructor_msgs/share/moveit_task_constructor_msgs/action/ExecuteTaskSolution.action
[4.317s] -- Up-to-date: /home/nghiaphanbk/WeldingRobot_ws/install/moveit_task_constructor_msgs/share/ament_index/resource_index/package_run_dependencies/moveit_task_constructor_msgs
[4.317s] -- Installing: /home/nghiaphanbk/WeldingRobot_ws/install/moveit_task_constructor_msgs/share/ament_index/resource_index/parent_prefix_path/moveit_task_constructor_msgs
[4.317s] -- Up-to-date: /home/nghiaphanbk/WeldingRobot_ws/install/moveit_task_constructor_msgs/share/moveit_task_constructor_msgs/environment/ament_prefix_path.sh
[4.317s] -- Installing: /home/nghiaphanbk/WeldingRobot_ws/install/moveit_task_constructor_msgs/share/moveit_task_constructor_msgs/environment/ament_prefix_path.dsv
[4.318s] -- Up-to-date: /home/nghiaphanbk/WeldingRobot_ws/install/moveit_task_constructor_msgs/share/moveit_task_constructor_msgs/environment/path.sh
[4.318s] -- Installing: /home/nghiaphanbk/WeldingRobot_ws/install/moveit_task_constructor_msgs/share/moveit_task_constructor_msgs/environment/path.dsv
[4.318s] -- Up-to-date: /home/nghiaphanbk/WeldingRobot_ws/install/moveit_task_constructor_msgs/share/moveit_task_constructor_msgs/local_setup.bash
[4.318s] -- Up-to-date: /home/nghiaphanbk/WeldingRobot_ws/install/moveit_task_constructor_msgs/share/moveit_task_constructor_msgs/local_setup.sh
[4.318s] -- Up-to-date: /home/nghiaphanbk/WeldingRobot_ws/install/moveit_task_constructor_msgs/share/moveit_task_constructor_msgs/local_setup.zsh
[4.318s] -- Installing: /home/nghiaphanbk/WeldingRobot_ws/install/moveit_task_constructor_msgs/share/moveit_task_constructor_msgs/local_setup.dsv
[4.318s] -- Installing: /home/nghiaphanbk/WeldingRobot_ws/install/moveit_task_constructor_msgs/share/moveit_task_constructor_msgs/package.dsv
[4.318s] -- Up-to-date: /home/nghiaphanbk/WeldingRobot_ws/install/moveit_task_constructor_msgs/share/ament_index/resource_index/packages/moveit_task_constructor_msgs
[4.318s] -- Up-to-date: /home/nghiaphanbk/WeldingRobot_ws/install/moveit_task_constructor_msgs/share/moveit_task_constructor_msgs/cmake/export_moveit_task_constructor_msgs__rosidl_generator_cExport.cmake
[4.318s] -- Up-to-date: /home/nghiaphanbk/WeldingRobot_ws/install/moveit_task_constructor_msgs/share/moveit_task_constructor_msgs/cmake/export_moveit_task_constructor_msgs__rosidl_generator_cExport-release.cmake
[4.318s] -- Up-to-date: /home/nghiaphanbk/WeldingRobot_ws/install/moveit_task_constructor_msgs/share/moveit_task_constructor_msgs/cmake/export_moveit_task_constructor_msgs__rosidl_typesupport_fastrtps_cExport.cmake
[4.318s] -- Up-to-date: /home/nghiaphanbk/WeldingRobot_ws/install/moveit_task_constructor_msgs/share/moveit_task_constructor_msgs/cmake/export_moveit_task_constructor_msgs__rosidl_typesupport_fastrtps_cExport-release.cmake
[4.318s] -- Up-to-date: /home/nghiaphanbk/WeldingRobot_ws/install/moveit_task_constructor_msgs/share/moveit_task_constructor_msgs/cmake/export_moveit_task_constructor_msgs__rosidl_generator_cppExport.cmake
[4.319s] -- Up-to-date: /home/nghiaphanbk/WeldingRobot_ws/install/moveit_task_constructor_msgs/share/moveit_task_constructor_msgs/cmake/export_moveit_task_constructor_msgs__rosidl_typesupport_fastrtps_cppExport.cmake
[4.319s] -- Up-to-date: /home/nghiaphanbk/WeldingRobot_ws/install/moveit_task_constructor_msgs/share/moveit_task_constructor_msgs/cmake/export_moveit_task_constructor_msgs__rosidl_typesupport_fastrtps_cppExport-release.cmake
[4.319s] -- Up-to-date: /home/nghiaphanbk/WeldingRobot_ws/install/moveit_task_constructor_msgs/share/moveit_task_constructor_msgs/cmake/moveit_task_constructor_msgs__rosidl_typesupport_introspection_cExport.cmake
[4.319s] -- Up-to-date: /home/nghiaphanbk/WeldingRobot_ws/install/moveit_task_constructor_msgs/share/moveit_task_constructor_msgs/cmake/moveit_task_constructor_msgs__rosidl_typesupport_introspection_cExport-release.cmake
[4.319s] -- Up-to-date: /home/nghiaphanbk/WeldingRobot_ws/install/moveit_task_constructor_msgs/share/moveit_task_constructor_msgs/cmake/moveit_task_constructor_msgs__rosidl_typesupport_cExport.cmake
[4.319s] -- Up-to-date: /home/nghiaphanbk/WeldingRobot_ws/install/moveit_task_constructor_msgs/share/moveit_task_constructor_msgs/cmake/moveit_task_constructor_msgs__rosidl_typesupport_cExport-release.cmake
[4.319s] -- Up-to-date: /home/nghiaphanbk/WeldingRobot_ws/install/moveit_task_constructor_msgs/share/moveit_task_constructor_msgs/cmake/moveit_task_constructor_msgs__rosidl_typesupport_introspection_cppExport.cmake
[4.319s] -- Up-to-date: /home/nghiaphanbk/WeldingRobot_ws/install/moveit_task_constructor_msgs/share/moveit_task_constructor_msgs/cmake/moveit_task_constructor_msgs__rosidl_typesupport_introspection_cppExport-release.cmake
[4.319s] -- Up-to-date: /home/nghiaphanbk/WeldingRobot_ws/install/moveit_task_constructor_msgs/share/moveit_task_constructor_msgs/cmake/moveit_task_constructor_msgs__rosidl_typesupport_cppExport.cmake
[4.320s] -- Up-to-date: /home/nghiaphanbk/WeldingRobot_ws/install/moveit_task_constructor_msgs/share/moveit_task_constructor_msgs/cmake/moveit_task_constructor_msgs__rosidl_typesupport_cppExport-release.cmake
[4.320s] -- Up-to-date: /home/nghiaphanbk/WeldingRobot_ws/install/moveit_task_constructor_msgs/share/moveit_task_constructor_msgs/cmake/export_moveit_task_constructor_msgs__rosidl_generator_pyExport.cmake
[4.320s] -- Up-to-date: /home/nghiaphanbk/WeldingRobot_ws/install/moveit_task_constructor_msgs/share/moveit_task_constructor_msgs/cmake/export_moveit_task_constructor_msgs__rosidl_generator_pyExport-release.cmake
[4.320s] -- Up-to-date: /home/nghiaphanbk/WeldingRobot_ws/install/moveit_task_constructor_msgs/share/moveit_task_constructor_msgs/cmake/rosidl_cmake-extras.cmake
[4.320s] -- Up-to-date: /home/nghiaphanbk/WeldingRobot_ws/install/moveit_task_constructor_msgs/share/moveit_task_constructor_msgs/cmake/ament_cmake_export_dependencies-extras.cmake
[4.320s] -- Up-to-date: /home/nghiaphanbk/WeldingRobot_ws/install/moveit_task_constructor_msgs/share/moveit_task_constructor_msgs/cmake/ament_cmake_export_include_directories-extras.cmake
[4.320s] -- Up-to-date: /home/nghiaphanbk/WeldingRobot_ws/install/moveit_task_constructor_msgs/share/moveit_task_constructor_msgs/cmake/ament_cmake_export_libraries-extras.cmake
[4.320s] -- Up-to-date: /home/nghiaphanbk/WeldingRobot_ws/install/moveit_task_constructor_msgs/share/moveit_task_constructor_msgs/cmake/ament_cmake_export_targets-extras.cmake
[4.320s] -- Up-to-date: /home/nghiaphanbk/WeldingRobot_ws/install/moveit_task_constructor_msgs/share/moveit_task_constructor_msgs/cmake/rosidl_cmake_export_typesupport_targets-extras.cmake
[4.320s] -- Up-to-date: /home/nghiaphanbk/WeldingRobot_ws/install/moveit_task_constructor_msgs/share/moveit_task_constructor_msgs/cmake/rosidl_cmake_export_typesupport_libraries-extras.cmake
[4.320s] -- Up-to-date: /home/nghiaphanbk/WeldingRobot_ws/install/moveit_task_constructor_msgs/share/moveit_task_constructor_msgs/cmake/moveit_task_constructor_msgsConfig.cmake
[4.320s] -- Up-to-date: /home/nghiaphanbk/WeldingRobot_ws/install/moveit_task_constructor_msgs/share/moveit_task_constructor_msgs/cmake/moveit_task_constructor_msgsConfig-version.cmake
[4.320s] -- Up-to-date: /home/nghiaphanbk/WeldingRobot_ws/install/moveit_task_constructor_msgs/share/moveit_task_constructor_msgs/package.xml
[4.322s] Invoked command in '/home/nghiaphanbk/WeldingRobot_ws/build/moveit_task_constructor_msgs' returned '0': CMAKE_PREFIX_PATH=${CMAKE_PREFIX_PATH}:/home/nghiaphanbk/WeldingRobot_ws/install/moveit_configs_utils:/home/nghiaphanbk/WeldingRobot_ws/install/launch_param_builder:/home/nghiaphanbk/WeldingRobot_ws/install/Model_Robot:/home/nghiaphanbk/ros2_ws/install/my_robot_controller:/opt/ros/humble /usr/bin/cmake --install /home/nghiaphanbk/WeldingRobot_ws/build/moveit_task_constructor_msgs
