[0.153s] Invoking command in '/home/nghiaphanbk/WeldingRobot_ws/build/chomp_motion_planner': AMENT_PREFIX_PATH=/home/nghiaphanbk/WeldingRobot_ws/install/moveit_core:/home/nghiaphanbk/WeldingRobot_ws/install/srdfdom:/home/nghiaphanbk/WeldingRobot_ws/install/moveit_common:${AMENT_PREFIX_PATH} CMAKE_PREFIX_PATH=/home/nghiaphanbk/WeldingRobot_ws/install/moveit_core:/home/nghiaphanbk/WeldingRobot_ws/install/srdfdom:/home/nghiaphanbk/WeldingRobot_ws/install/moveit_common:/home/nghiaphanbk/WeldingRobot_ws/install/Model_Robot:/home/nghiaphanbk/ros2_ws/install/my_robot_controller:/opt/ros/humble LD_LIBRARY_PATH=/home/nghiaphanbk/WeldingRobot_ws/install/moveit_core/lib:/home/nghiaphanbk/WeldingRobot_ws/install/srdfdom/lib:${LD_LIBRARY_PATH} PATH=/home/nghiaphanbk/WeldingRobot_ws/install/moveit_core/bin:${PATH} PYTHONPATH=/home/nghiaphanbk/WeldingRobot_ws/install/srdfdom/local/lib/python3.10/dist-packages:${PYTHONPATH} /usr/bin/cmake --build /home/nghiaphanbk/WeldingRobot_ws/build/chomp_motion_planner -- -j12 -l12
[0.188s] [35m[1mConsolidate compiler generated dependencies of target chomp_motion_planner[0m
[0.217s] [100%] Built target chomp_motion_planner
[0.226s] Invoked command in '/home/nghiaphanbk/WeldingRobot_ws/build/chomp_motion_planner' returned '0': AMENT_PREFIX_PATH=/home/nghiaphanbk/WeldingRobot_ws/install/moveit_core:/home/nghiaphanbk/WeldingRobot_ws/install/srdfdom:/home/nghiaphanbk/WeldingRobot_ws/install/moveit_common:${AMENT_PREFIX_PATH} CMAKE_PREFIX_PATH=/home/nghiaphanbk/WeldingRobot_ws/install/moveit_core:/home/nghiaphanbk/WeldingRobot_ws/install/srdfdom:/home/nghiaphanbk/WeldingRobot_ws/install/moveit_common:/home/nghiaphanbk/WeldingRobot_ws/install/Model_Robot:/home/nghiaphanbk/ros2_ws/install/my_robot_controller:/opt/ros/humble LD_LIBRARY_PATH=/home/nghiaphanbk/WeldingRobot_ws/install/moveit_core/lib:/home/nghiaphanbk/WeldingRobot_ws/install/srdfdom/lib:${LD_LIBRARY_PATH} PATH=/home/nghiaphanbk/WeldingRobot_ws/install/moveit_core/bin:${PATH} PYTHONPATH=/home/nghiaphanbk/WeldingRobot_ws/install/srdfdom/local/lib/python3.10/dist-packages:${PYTHONPATH} /usr/bin/cmake --build /home/nghiaphanbk/WeldingRobot_ws/build/chomp_motion_planner -- -j12 -l12
[0.298s] Invoking command in '/home/nghiaphanbk/WeldingRobot_ws/build/chomp_motion_planner': AMENT_PREFIX_PATH=/home/nghiaphanbk/WeldingRobot_ws/install/moveit_core:/home/nghiaphanbk/WeldingRobot_ws/install/srdfdom:/home/nghiaphanbk/WeldingRobot_ws/install/moveit_common:${AMENT_PREFIX_PATH} CMAKE_PREFIX_PATH=/home/nghiaphanbk/WeldingRobot_ws/install/moveit_core:/home/nghiaphanbk/WeldingRobot_ws/install/srdfdom:/home/nghiaphanbk/WeldingRobot_ws/install/moveit_common:/home/nghiaphanbk/WeldingRobot_ws/install/Model_Robot:/home/nghiaphanbk/ros2_ws/install/my_robot_controller:/opt/ros/humble LD_LIBRARY_PATH=/home/nghiaphanbk/WeldingRobot_ws/install/moveit_core/lib:/home/nghiaphanbk/WeldingRobot_ws/install/srdfdom/lib:${LD_LIBRARY_PATH} PATH=/home/nghiaphanbk/WeldingRobot_ws/install/moveit_core/bin:${PATH} PYTHONPATH=/home/nghiaphanbk/WeldingRobot_ws/install/srdfdom/local/lib/python3.10/dist-packages:${PYTHONPATH} /usr/bin/cmake --install /home/nghiaphanbk/WeldingRobot_ws/build/chomp_motion_planner
[0.304s] -- Install configuration: "Release"
[0.305s] -- Up-to-date: /home/nghiaphanbk/WeldingRobot_ws/install/chomp_motion_planner/lib/libchomp_motion_planner.so.2.5.5
[0.305s] -- Up-to-date: /home/nghiaphanbk/WeldingRobot_ws/install/chomp_motion_planner/lib/libchomp_motion_planner.so
[0.305s] -- Up-to-date: /home/nghiaphanbk/WeldingRobot_ws/install/chomp_motion_planner/include
[0.305s] -- Up-to-date: /home/nghiaphanbk/WeldingRobot_ws/install/chomp_motion_planner/include/chomp_motion_planner
[0.306s] -- Up-to-date: /home/nghiaphanbk/WeldingRobot_ws/install/chomp_motion_planner/include/chomp_motion_planner/chomp_parameters.h
[0.306s] -- Up-to-date: /home/nghiaphanbk/WeldingRobot_ws/install/chomp_motion_planner/include/chomp_motion_planner/chomp_planner.h
[0.306s] -- Up-to-date: /home/nghiaphanbk/WeldingRobot_ws/install/chomp_motion_planner/include/chomp_motion_planner/chomp_trajectory.h
[0.306s] -- Up-to-date: /home/nghiaphanbk/WeldingRobot_ws/install/chomp_motion_planner/include/chomp_motion_planner/chomp_cost.h
[0.306s] -- Up-to-date: /home/nghiaphanbk/WeldingRobot_ws/install/chomp_motion_planner/include/chomp_motion_planner/multivariate_gaussian.h
[0.306s] -- Up-to-date: /home/nghiaphanbk/WeldingRobot_ws/install/chomp_motion_planner/include/chomp_motion_planner/chomp_utils.h
[0.306s] -- Up-to-date: /home/nghiaphanbk/WeldingRobot_ws/install/chomp_motion_planner/include/chomp_motion_planner/chomp_optimizer.h
[0.307s] -- Up-to-date: /home/nghiaphanbk/WeldingRobot_ws/install/chomp_motion_planner/share/chomp_motion_planner/environment/library_path.sh
[0.307s] -- Up-to-date: /home/nghiaphanbk/WeldingRobot_ws/install/chomp_motion_planner/share/chomp_motion_planner/environment/library_path.dsv
[0.307s] -- Up-to-date: /home/nghiaphanbk/WeldingRobot_ws/install/chomp_motion_planner/share/ament_index/resource_index/package_run_dependencies/chomp_motion_planner
[0.308s] -- Up-to-date: /home/nghiaphanbk/WeldingRobot_ws/install/chomp_motion_planner/share/ament_index/resource_index/parent_prefix_path/chomp_motion_planner
[0.308s] -- Up-to-date: /home/nghiaphanbk/WeldingRobot_ws/install/chomp_motion_planner/share/chomp_motion_planner/environment/ament_prefix_path.sh
[0.308s] -- Up-to-date: /home/nghiaphanbk/WeldingRobot_ws/install/chomp_motion_planner/share/chomp_motion_planner/environment/ament_prefix_path.dsv
[0.308s] -- Up-to-date: /home/nghiaphanbk/WeldingRobot_ws/install/chomp_motion_planner/share/chomp_motion_planner/environment/path.sh
[0.308s] -- Up-to-date: /home/nghiaphanbk/WeldingRobot_ws/install/chomp_motion_planner/share/chomp_motion_planner/environment/path.dsv
[0.308s] -- Up-to-date: /home/nghiaphanbk/WeldingRobot_ws/install/chomp_motion_planner/share/chomp_motion_planner/local_setup.bash
[0.308s] -- Up-to-date: /home/nghiaphanbk/WeldingRobot_ws/install/chomp_motion_planner/share/chomp_motion_planner/local_setup.sh
[0.308s] -- Up-to-date: /home/nghiaphanbk/WeldingRobot_ws/install/chomp_motion_planner/share/chomp_motion_planner/local_setup.zsh
[0.309s] -- Up-to-date: /home/nghiaphanbk/WeldingRobot_ws/install/chomp_motion_planner/share/chomp_motion_planner/local_setup.dsv
[0.309s] -- Installing: /home/nghiaphanbk/WeldingRobot_ws/install/chomp_motion_planner/share/chomp_motion_planner/package.dsv
[0.309s] -- Up-to-date: /home/nghiaphanbk/WeldingRobot_ws/install/chomp_motion_planner/share/ament_index/resource_index/packages/chomp_motion_planner
[0.309s] -- Up-to-date: /home/nghiaphanbk/WeldingRobot_ws/install/chomp_motion_planner/share/chomp_motion_planner/cmake/chomp_motion_plannerTargetsExport.cmake
[0.309s] -- Up-to-date: /home/nghiaphanbk/WeldingRobot_ws/install/chomp_motion_planner/share/chomp_motion_planner/cmake/chomp_motion_plannerTargetsExport-release.cmake
[0.309s] -- Up-to-date: /home/nghiaphanbk/WeldingRobot_ws/install/chomp_motion_planner/share/chomp_motion_planner/cmake/ament_cmake_export_targets-extras.cmake
[0.309s] -- Up-to-date: /home/nghiaphanbk/WeldingRobot_ws/install/chomp_motion_planner/share/chomp_motion_planner/cmake/chomp_motion_plannerConfig.cmake
[0.309s] -- Up-to-date: /home/nghiaphanbk/WeldingRobot_ws/install/chomp_motion_planner/share/chomp_motion_planner/cmake/chomp_motion_plannerConfig-version.cmake
[0.309s] -- Up-to-date: /home/nghiaphanbk/WeldingRobot_ws/install/chomp_motion_planner/share/chomp_motion_planner/package.xml
[0.448s] Invoked command in '/home/nghiaphanbk/WeldingRobot_ws/build/chomp_motion_planner' returned '0': AMENT_PREFIX_PATH=/home/nghiaphanbk/WeldingRobot_ws/install/moveit_core:/home/nghiaphanbk/WeldingRobot_ws/install/srdfdom:/home/nghiaphanbk/WeldingRobot_ws/install/moveit_common:${AMENT_PREFIX_PATH} CMAKE_PREFIX_PATH=/home/nghiaphanbk/WeldingRobot_ws/install/moveit_core:/home/nghiaphanbk/WeldingRobot_ws/install/srdfdom:/home/nghiaphanbk/WeldingRobot_ws/install/moveit_common:/home/nghiaphanbk/WeldingRobot_ws/install/Model_Robot:/home/nghiaphanbk/ros2_ws/install/my_robot_controller:/opt/ros/humble LD_LIBRARY_PATH=/home/nghiaphanbk/WeldingRobot_ws/install/moveit_core/lib:/home/nghiaphanbk/WeldingRobot_ws/install/srdfdom/lib:${LD_LIBRARY_PATH} PATH=/home/nghiaphanbk/WeldingRobot_ws/install/moveit_core/bin:${PATH} PYTHONPATH=/home/nghiaphanbk/WeldingRobot_ws/install/srdfdom/local/lib/python3.10/dist-packages:${PYTHONPATH} /usr/bin/cmake --install /home/nghiaphanbk/WeldingRobot_ws/build/chomp_motion_planner
