[0.585s] Invoking command in '/home/nghiaphanbk/WeldingRobot_ws/src/Model_Robot': PYTHONPATH=/home/nghiaphanbk/WeldingRobot_ws/build/Model_Robot/prefix_override:/home/nghiaphanbk/WeldingRobot_ws/install/Model_Robot/lib/python3.10/site-packages:${PYTHONPATH} /usr/bin/python3 setup.py egg_info --egg-base ../../build/Model_Robot build --build-base /home/nghiaphanbk/WeldingRobot_ws/build/Model_Robot/build install --record /home/nghiaphanbk/WeldingRobot_ws/build/Model_Robot/install.log --single-version-externally-managed
[0.778s] running egg_info
[0.778s] writing ../../build/Model_Robot/Model_Robot.egg-info/PKG-INFO
[0.779s] writing dependency_links to ../../build/Model_Robot/Model_Robot.egg-info/dependency_links.txt
[0.779s] writing entry points to ../../build/Model_Robot/Model_Robot.egg-info/entry_points.txt
[0.779s] writing requirements to ../../build/Model_Robot/Model_Robot.egg-info/requires.txt
[0.779s] writing top-level names to ../../build/Model_Robot/Model_Robot.egg-info/top_level.txt
[0.780s] reading manifest file '../../build/Model_Robot/Model_Robot.egg-info/SOURCES.txt'
[0.781s] writing manifest file '../../build/Model_Robot/Model_Robot.egg-info/SOURCES.txt'
[0.781s] running build
[0.781s] running build_py
[0.781s] running install
[0.781s] running install_lib
[0.782s] running install_data
[0.782s] copying launch/gazebo.launch.py -> /home/nghiaphanbk/WeldingRobot_ws/install/Model_Robot/share/Model_Robot/launch
[0.783s] running install_egg_info
[0.784s] removing '/home/nghiaphanbk/WeldingRobot_ws/install/Model_Robot/lib/python3.10/site-packages/Model_Robot-0.0.0-py3.10.egg-info' (and everything under it)
[0.784s] Copying ../../build/Model_Robot/Model_Robot.egg-info to /home/nghiaphanbk/WeldingRobot_ws/install/Model_Robot/lib/python3.10/site-packages/Model_Robot-0.0.0-py3.10.egg-info
[0.785s] running install_scripts
[0.799s] writing list of installed files to '/home/nghiaphanbk/WeldingRobot_ws/build/Model_Robot/install.log'
[0.814s] Invoked command in '/home/nghiaphanbk/WeldingRobot_ws/src/Model_Robot' returned '0': PYTHONPATH=/home/nghiaphanbk/WeldingRobot_ws/build/Model_Robot/prefix_override:/home/nghiaphanbk/WeldingRobot_ws/install/Model_Robot/lib/python3.10/site-packages:${PYTHONPATH} /usr/bin/python3 setup.py egg_info --egg-base ../../build/Model_Robot build --build-base /home/nghiaphanbk/WeldingRobot_ws/build/Model_Robot/build install --record /home/nghiaphanbk/WeldingRobot_ws/build/Model_Robot/install.log --single-version-externally-managed
