[0.411s] Invoking command in '/home/nghiaphanbk/WeldingRobot_ws/build/moveit_ros_control_interface': AMENT_PREFIX_PATH=/home/nghiaphanbk/WeldingRobot_ws/install/moveit_simple_controller_manager:/home/nghiaphanbk/WeldingRobot_ws/install/moveit_core:/home/nghiaphanbk/WeldingRobot_ws/install/srdfdom:/home/nghiaphanbk/WeldingRobot_ws/install/moveit_common:${AMENT_PREFIX_PATH} CMAKE_PREFIX_PATH=/home/nghiaphanbk/WeldingRobot_ws/install/moveit_simple_controller_manager:/home/nghiaphanbk/WeldingRobot_ws/install/moveit_core:/home/nghiaphanbk/WeldingRobot_ws/install/srdfdom:/home/nghiaphanbk/WeldingRobot_ws/install/moveit_common:/home/nghiaphanbk/WeldingRobot_ws/install/Model_Robot:/home/nghiaphanbk/ros2_ws/install/my_robot_controller:/opt/ros/humble LD_LIBRARY_PATH=/home/nghiaphanbk/WeldingRobot_ws/install/moveit_simple_controller_manager/lib:/home/nghiaphanbk/WeldingRobot_ws/install/moveit_core/lib:/home/nghiaphanbk/WeldingRobot_ws/install/srdfdom/lib:${LD_LIBRARY_PATH} PATH=/home/nghiaphanbk/WeldingRobot_ws/install/moveit_core/bin:${PATH} PYTHONPATH=/home/nghiaphanbk/WeldingRobot_ws/install/srdfdom/local/lib/python3.10/dist-packages:${PYTHONPATH} /usr/bin/cmake --build /home/nghiaphanbk/WeldingRobot_ws/build/moveit_ros_control_interface -- -j12 -l12
[0.486s] [35m[1mConsolidate compiler generated dependencies of target moveit_ros_control_interface_plugin[0m
[0.486s] [ 25%] Built target moveit_ros_control_interface_plugin
[0.487s] [35m[1mConsolidate compiler generated dependencies of target moveit_ros_control_interface_empty_plugin[0m
[0.487s] [ 50%] Built target moveit_ros_control_interface_empty_plugin
[0.490s] [35m[1mConsolidate compiler generated dependencies of target moveit_ros_control_interface_gripper_plugin[0m
[0.504s] [ 75%] Built target moveit_ros_control_interface_gripper_plugin
[0.512s] [35m[1mConsolidate compiler generated dependencies of target moveit_ros_control_interface_trajectory_plugin[0m
[0.526s] [100%] Built target moveit_ros_control_interface_trajectory_plugin
[0.642s] Invoked command in '/home/nghiaphanbk/WeldingRobot_ws/build/moveit_ros_control_interface' returned '0': AMENT_PREFIX_PATH=/home/nghiaphanbk/WeldingRobot_ws/install/moveit_simple_controller_manager:/home/nghiaphanbk/WeldingRobot_ws/install/moveit_core:/home/nghiaphanbk/WeldingRobot_ws/install/srdfdom:/home/nghiaphanbk/WeldingRobot_ws/install/moveit_common:${AMENT_PREFIX_PATH} CMAKE_PREFIX_PATH=/home/nghiaphanbk/WeldingRobot_ws/install/moveit_simple_controller_manager:/home/nghiaphanbk/WeldingRobot_ws/install/moveit_core:/home/nghiaphanbk/WeldingRobot_ws/install/srdfdom:/home/nghiaphanbk/WeldingRobot_ws/install/moveit_common:/home/nghiaphanbk/WeldingRobot_ws/install/Model_Robot:/home/nghiaphanbk/ros2_ws/install/my_robot_controller:/opt/ros/humble LD_LIBRARY_PATH=/home/nghiaphanbk/WeldingRobot_ws/install/moveit_simple_controller_manager/lib:/home/nghiaphanbk/WeldingRobot_ws/install/moveit_core/lib:/home/nghiaphanbk/WeldingRobot_ws/install/srdfdom/lib:${LD_LIBRARY_PATH} PATH=/home/nghiaphanbk/WeldingRobot_ws/install/moveit_core/bin:${PATH} PYTHONPATH=/home/nghiaphanbk/WeldingRobot_ws/install/srdfdom/local/lib/python3.10/dist-packages:${PYTHONPATH} /usr/bin/cmake --build /home/nghiaphanbk/WeldingRobot_ws/build/moveit_ros_control_interface -- -j12 -l12
[0.709s] Invoking command in '/home/nghiaphanbk/WeldingRobot_ws/build/moveit_ros_control_interface': AMENT_PREFIX_PATH=/home/nghiaphanbk/WeldingRobot_ws/install/moveit_simple_controller_manager:/home/nghiaphanbk/WeldingRobot_ws/install/moveit_core:/home/nghiaphanbk/WeldingRobot_ws/install/srdfdom:/home/nghiaphanbk/WeldingRobot_ws/install/moveit_common:${AMENT_PREFIX_PATH} CMAKE_PREFIX_PATH=/home/nghiaphanbk/WeldingRobot_ws/install/moveit_simple_controller_manager:/home/nghiaphanbk/WeldingRobot_ws/install/moveit_core:/home/nghiaphanbk/WeldingRobot_ws/install/srdfdom:/home/nghiaphanbk/WeldingRobot_ws/install/moveit_common:/home/nghiaphanbk/WeldingRobot_ws/install/Model_Robot:/home/nghiaphanbk/ros2_ws/install/my_robot_controller:/opt/ros/humble LD_LIBRARY_PATH=/home/nghiaphanbk/WeldingRobot_ws/install/moveit_simple_controller_manager/lib:/home/nghiaphanbk/WeldingRobot_ws/install/moveit_core/lib:/home/nghiaphanbk/WeldingRobot_ws/install/srdfdom/lib:${LD_LIBRARY_PATH} PATH=/home/nghiaphanbk/WeldingRobot_ws/install/moveit_core/bin:${PATH} PYTHONPATH=/home/nghiaphanbk/WeldingRobot_ws/install/srdfdom/local/lib/python3.10/dist-packages:${PYTHONPATH} /usr/bin/cmake --install /home/nghiaphanbk/WeldingRobot_ws/build/moveit_ros_control_interface
[0.714s] -- Install configuration: "Release"
[0.714s] -- Up-to-date: /home/nghiaphanbk/WeldingRobot_ws/install/moveit_ros_control_interface/lib/libmoveit_ros_control_interface_plugin.so.2.5.5
[0.715s] -- Up-to-date: /home/nghiaphanbk/WeldingRobot_ws/install/moveit_ros_control_interface/lib/libmoveit_ros_control_interface_plugin.so
[0.715s] -- Up-to-date: /home/nghiaphanbk/WeldingRobot_ws/install/moveit_ros_control_interface/lib/libmoveit_ros_control_interface_trajectory_plugin.so.2.5.5
[0.715s] -- Up-to-date: /home/nghiaphanbk/WeldingRobot_ws/install/moveit_ros_control_interface/lib/libmoveit_ros_control_interface_trajectory_plugin.so
[0.716s] -- Up-to-date: /home/nghiaphanbk/WeldingRobot_ws/install/moveit_ros_control_interface/lib/libmoveit_ros_control_interface_gripper_plugin.so.2.5.5
[0.716s] -- Up-to-date: /home/nghiaphanbk/WeldingRobot_ws/install/moveit_ros_control_interface/lib/libmoveit_ros_control_interface_gripper_plugin.so
[0.716s] -- Up-to-date: /home/nghiaphanbk/WeldingRobot_ws/install/moveit_ros_control_interface/lib/libmoveit_ros_control_interface_empty_plugin.so.2.5.5
[0.717s] -- Up-to-date: /home/nghiaphanbk/WeldingRobot_ws/install/moveit_ros_control_interface/lib/libmoveit_ros_control_interface_empty_plugin.so
[0.717s] -- Up-to-date: /home/nghiaphanbk/WeldingRobot_ws/install/moveit_ros_control_interface/include
[0.717s] -- Up-to-date: /home/nghiaphanbk/WeldingRobot_ws/install/moveit_ros_control_interface/include/moveit_ros_control_interface
[0.717s] -- Up-to-date: /home/nghiaphanbk/WeldingRobot_ws/install/moveit_ros_control_interface/include/moveit_ros_control_interface/ControllerHandle.h
[0.717s] -- Up-to-date: /home/nghiaphanbk/WeldingRobot_ws/install/moveit_ros_control_interface/share/moveit_ros_control_interface/moveit_core_plugins.xml
[0.717s] -- Up-to-date: /home/nghiaphanbk/WeldingRobot_ws/install/moveit_ros_control_interface/share/moveit_ros_control_interface/moveit_ros_control_interface_plugins.xml
[0.717s] -- Up-to-date: /home/nghiaphanbk/WeldingRobot_ws/install/moveit_ros_control_interface/share/moveit_ros_control_interface/environment/library_path.sh
[0.717s] -- Up-to-date: /home/nghiaphanbk/WeldingRobot_ws/install/moveit_ros_control_interface/share/moveit_ros_control_interface/environment/library_path.dsv
[0.717s] -- Up-to-date: /home/nghiaphanbk/WeldingRobot_ws/install/moveit_ros_control_interface/share/ament_index/resource_index/package_run_dependencies/moveit_ros_control_interface
[0.717s] -- Up-to-date: /home/nghiaphanbk/WeldingRobot_ws/install/moveit_ros_control_interface/share/ament_index/resource_index/parent_prefix_path/moveit_ros_control_interface
[0.718s] -- Up-to-date: /home/nghiaphanbk/WeldingRobot_ws/install/moveit_ros_control_interface/share/moveit_ros_control_interface/environment/ament_prefix_path.sh
[0.718s] -- Up-to-date: /home/nghiaphanbk/WeldingRobot_ws/install/moveit_ros_control_interface/share/moveit_ros_control_interface/environment/ament_prefix_path.dsv
[0.718s] -- Up-to-date: /home/nghiaphanbk/WeldingRobot_ws/install/moveit_ros_control_interface/share/moveit_ros_control_interface/environment/path.sh
[0.718s] -- Up-to-date: /home/nghiaphanbk/WeldingRobot_ws/install/moveit_ros_control_interface/share/moveit_ros_control_interface/environment/path.dsv
[0.718s] -- Up-to-date: /home/nghiaphanbk/WeldingRobot_ws/install/moveit_ros_control_interface/share/moveit_ros_control_interface/local_setup.bash
[0.718s] -- Up-to-date: /home/nghiaphanbk/WeldingRobot_ws/install/moveit_ros_control_interface/share/moveit_ros_control_interface/local_setup.sh
[0.718s] -- Up-to-date: /home/nghiaphanbk/WeldingRobot_ws/install/moveit_ros_control_interface/share/moveit_ros_control_interface/local_setup.zsh
[0.718s] -- Up-to-date: /home/nghiaphanbk/WeldingRobot_ws/install/moveit_ros_control_interface/share/moveit_ros_control_interface/local_setup.dsv
[0.718s] -- Installing: /home/nghiaphanbk/WeldingRobot_ws/install/moveit_ros_control_interface/share/moveit_ros_control_interface/package.dsv
[0.718s] -- Up-to-date: /home/nghiaphanbk/WeldingRobot_ws/install/moveit_ros_control_interface/share/ament_index/resource_index/packages/moveit_ros_control_interface
[0.718s] -- Up-to-date: /home/nghiaphanbk/WeldingRobot_ws/install/moveit_ros_control_interface/share/ament_index/resource_index/moveit_core__pluginlib__plugin/moveit_ros_control_interface
[0.718s] -- Up-to-date: /home/nghiaphanbk/WeldingRobot_ws/install/moveit_ros_control_interface/share/ament_index/resource_index/moveit_ros_control_interface__pluginlib__plugin/moveit_ros_control_interface
[0.719s] -- Up-to-date: /home/nghiaphanbk/WeldingRobot_ws/install/moveit_ros_control_interface/share/moveit_ros_control_interface/cmake/export_moveit_ros_control_interfaceExport.cmake
[0.719s] -- Up-to-date: /home/nghiaphanbk/WeldingRobot_ws/install/moveit_ros_control_interface/share/moveit_ros_control_interface/cmake/export_moveit_ros_control_interfaceExport-release.cmake
[0.719s] -- Up-to-date: /home/nghiaphanbk/WeldingRobot_ws/install/moveit_ros_control_interface/share/moveit_ros_control_interface/cmake/ConfigExtras.cmake
[0.719s] -- Up-to-date: /home/nghiaphanbk/WeldingRobot_ws/install/moveit_ros_control_interface/share/moveit_ros_control_interface/cmake/ament_cmake_export_targets-extras.cmake
[0.719s] -- Up-to-date: /home/nghiaphanbk/WeldingRobot_ws/install/moveit_ros_control_interface/share/moveit_ros_control_interface/cmake/ament_cmake_export_dependencies-extras.cmake
[0.719s] -- Up-to-date: /home/nghiaphanbk/WeldingRobot_ws/install/moveit_ros_control_interface/share/moveit_ros_control_interface/cmake/moveit_ros_control_interfaceConfig.cmake
[0.719s] -- Up-to-date: /home/nghiaphanbk/WeldingRobot_ws/install/moveit_ros_control_interface/share/moveit_ros_control_interface/cmake/moveit_ros_control_interfaceConfig-version.cmake
[0.719s] -- Up-to-date: /home/nghiaphanbk/WeldingRobot_ws/install/moveit_ros_control_interface/share/moveit_ros_control_interface/package.xml
[0.791s] Invoked command in '/home/nghiaphanbk/WeldingRobot_ws/build/moveit_ros_control_interface' returned '0': AMENT_PREFIX_PATH=/home/nghiaphanbk/WeldingRobot_ws/install/moveit_simple_controller_manager:/home/nghiaphanbk/WeldingRobot_ws/install/moveit_core:/home/nghiaphanbk/WeldingRobot_ws/install/srdfdom:/home/nghiaphanbk/WeldingRobot_ws/install/moveit_common:${AMENT_PREFIX_PATH} CMAKE_PREFIX_PATH=/home/nghiaphanbk/WeldingRobot_ws/install/moveit_simple_controller_manager:/home/nghiaphanbk/WeldingRobot_ws/install/moveit_core:/home/nghiaphanbk/WeldingRobot_ws/install/srdfdom:/home/nghiaphanbk/WeldingRobot_ws/install/moveit_common:/home/nghiaphanbk/WeldingRobot_ws/install/Model_Robot:/home/nghiaphanbk/ros2_ws/install/my_robot_controller:/opt/ros/humble LD_LIBRARY_PATH=/home/nghiaphanbk/WeldingRobot_ws/install/moveit_simple_controller_manager/lib:/home/nghiaphanbk/WeldingRobot_ws/install/moveit_core/lib:/home/nghiaphanbk/WeldingRobot_ws/install/srdfdom/lib:${LD_LIBRARY_PATH} PATH=/home/nghiaphanbk/WeldingRobot_ws/install/moveit_core/bin:${PATH} PYTHONPATH=/home/nghiaphanbk/WeldingRobot_ws/install/srdfdom/local/lib/python3.10/dist-packages:${PYTHONPATH} /usr/bin/cmake --install /home/nghiaphanbk/WeldingRobot_ws/build/moveit_ros_control_interface
