[0.671s] Invoking command in '/home/nghiaphanbk/WeldingRobot_ws/src/Model_Robot': PYTHONPATH=/home/nghiaphanbk/WeldingRobot_ws/build/Model_Robot/prefix_override:/home/nghiaphanbk/WeldingRobot_ws/install/Model_Robot/lib/python3.10/site-packages:${PYTHONPATH} /usr/bin/python3 setup.py egg_info --egg-base ../../build/Model_Robot build --build-base /home/nghiaphanbk/WeldingRobot_ws/build/Model_Robot/build install --record /home/nghiaphanbk/WeldingRobot_ws/build/Model_Robot/install.log --single-version-externally-managed
[0.881s] running egg_info
[0.882s] writing ../../build/Model_Robot/Model_Robot.egg-info/PKG-INFO
[0.882s] writing dependency_links to ../../build/Model_Robot/Model_Robot.egg-info/dependency_links.txt
[0.882s] writing entry points to ../../build/Model_Robot/Model_Robot.egg-info/entry_points.txt
[0.882s] writing requirements to ../../build/Model_Robot/Model_Robot.egg-info/requires.txt
[0.882s] writing top-level names to ../../build/Model_Robot/Model_Robot.egg-info/top_level.txt
[0.883s] reading manifest file '../../build/Model_Robot/Model_Robot.egg-info/SOURCES.txt'
[0.884s] writing manifest file '../../build/Model_Robot/Model_Robot.egg-info/SOURCES.txt'
[0.884s] running build
[0.884s] running build_py
[0.884s] running install
[0.884s] running install_lib
[0.885s] running install_data
[0.886s] running install_egg_info
[0.887s] removing '/home/nghiaphanbk/WeldingRobot_ws/install/Model_Robot/lib/python3.10/site-packages/Model_Robot-0.0.0-py3.10.egg-info' (and everything under it)
[0.887s] Copying ../../build/Model_Robot/Model_Robot.egg-info to /home/nghiaphanbk/WeldingRobot_ws/install/Model_Robot/lib/python3.10/site-packages/Model_Robot-0.0.0-py3.10.egg-info
[0.888s] running install_scripts
[0.902s] writing list of installed files to '/home/nghiaphanbk/WeldingRobot_ws/build/Model_Robot/install.log'
[0.918s] Invoked command in '/home/nghiaphanbk/WeldingRobot_ws/src/Model_Robot' returned '0': PYTHONPATH=/home/nghiaphanbk/WeldingRobot_ws/build/Model_Robot/prefix_override:/home/nghiaphanbk/WeldingRobot_ws/install/Model_Robot/lib/python3.10/site-packages:${PYTHONPATH} /usr/bin/python3 setup.py egg_info --egg-base ../../build/Model_Robot build --build-base /home/nghiaphanbk/WeldingRobot_ws/build/Model_Robot/build install --record /home/nghiaphanbk/WeldingRobot_ws/build/Model_Robot/install.log --single-version-externally-managed
