[0.164s] Invoking command in '/home/nghiaphanbk/WeldingRobot_ws/build/moveit_ros_perception': CMAKE_PREFIX_PATH=/home/nghiaphanbk/WeldingRobot_ws/install/moveit_ros_planning:/home/nghiaphanbk/WeldingRobot_ws/install/moveit_ros_occupancy_map_monitor:/home/nghiaphanbk/WeldingRobot_ws/install/moveit_core:/home/nghiaphanbk/WeldingRobot_ws/install/srdfdom:/home/nghiaphanbk/WeldingRobot_ws/install/moveit_common:/home/nghiaphanbk/WeldingRobot_ws/install/pilz_industrial_motion_planner_testutils:/home/nghiaphanbk/WeldingRobot_ws/install/moveit_visual_tools:/home/nghiaphanbk/WeldingRobot_ws/install/moveit_ros_control_interface:/home/nghiaphanbk/WeldingRobot_ws/install/moveit_plugins:/home/nghiaphanbk/WeldingRobot_ws/install/moveit_simple_controller_manager:/home/nghiaphanbk/WeldingRobot_ws/install/moveit_ros_warehouse:/home/nghiaphanbk/WeldingRobot_ws/install/moveit_ros_robot_interaction:/home/nghiaphanbk/WeldingRobot_ws/install/moveit_ros_perception:/home/nghiaphanbk/WeldingRobot_ws/install/moveit_resources_prbt_ikfast_manipulator_plugin:/home/nghiaphanbk/WeldingRobot_ws/install/moveit_planners_chomp:/home/nghiaphanbk/WeldingRobot_ws/install/moveit_kinematics:/home/nghiaphanbk/WeldingRobot_ws/install/moveit_chomp_optimizer_adapter:/home/nghiaphanbk/WeldingRobot_ws/install/chomp_motion_planner:/home/nghiaphanbk/WeldingRobot_ws/install/rviz_marker_tools:/home/nghiaphanbk/WeldingRobot_ws/install/rosparam_shortcuts:/home/nghiaphanbk/WeldingRobot_ws/install/moveit_task_constructor_msgs:/home/nghiaphanbk/WeldingRobot_ws/install/moveit_resources_prbt_support:/home/nghiaphanbk/WeldingRobot_ws/install/moveit_resources:/home/nghiaphanbk/WeldingRobot_ws/install/moveit_resources_pr2_description:/home/nghiaphanbk/WeldingRobot_ws/install/moveit_resources_panda_moveit_config:/home/nghiaphanbk/WeldingRobot_ws/install/moveit_resources_panda_description:/home/nghiaphanbk/WeldingRobot_ws/install/moveit_resources_fanuc_moveit_config:/home/nghiaphanbk/WeldingRobot_ws/install/moveit_resources_fanuc_description:/home/nghiaphanbk/WeldingRobot_ws/install/moveit_configs_utils:/home/nghiaphanbk/WeldingRobot_ws/install/launch_param_builder:/home/nghiaphanbk/WeldingRobot_ws/install/Model_Robot:/home/nghiaphanbk/ros2_ws/install/my_robot_controller:/opt/ros/humble LD_LIBRARY_PATH=/home/nghiaphanbk/WeldingRobot_ws/install/moveit_ros_planning/lib:/home/nghiaphanbk/WeldingRobot_ws/install/moveit_ros_occupancy_map_monitor/lib:/home/nghiaphanbk/WeldingRobot_ws/install/moveit_core/lib:/home/nghiaphanbk/WeldingRobot_ws/install/srdfdom/lib:/home/nghiaphanbk/WeldingRobot_ws/install/pilz_industrial_motion_planner_testutils/lib:/home/nghiaphanbk/WeldingRobot_ws/install/moveit_visual_tools/lib:/home/nghiaphanbk/WeldingRobot_ws/install/moveit_ros_control_interface/lib:/home/nghiaphanbk/WeldingRobot_ws/install/moveit_simple_controller_manager/lib:/home/nghiaphanbk/WeldingRobot_ws/install/moveit_ros_warehouse/lib:/home/nghiaphanbk/WeldingRobot_ws/install/moveit_ros_robot_interaction/lib:/home/nghiaphanbk/WeldingRobot_ws/install/moveit_ros_perception/lib:/home/nghiaphanbk/WeldingRobot_ws/install/moveit_resources_prbt_ikfast_manipulator_plugin/lib:/home/nghiaphanbk/WeldingRobot_ws/install/moveit_planners_chomp/lib:/home/nghiaphanbk/WeldingRobot_ws/install/moveit_kinematics/lib:/home/nghiaphanbk/WeldingRobot_ws/install/moveit_chomp_optimizer_adapter/lib:/home/nghiaphanbk/WeldingRobot_ws/install/chomp_motion_planner/lib:/home/nghiaphanbk/WeldingRobot_ws/install/rviz_marker_tools/lib:/home/nghiaphanbk/WeldingRobot_ws/install/rosparam_shortcuts/lib:/home/nghiaphanbk/WeldingRobot_ws/install/moveit_task_constructor_msgs/lib:/opt/ros/humble/opt/rviz_ogre_vendor/lib:/opt/ros/humble/lib/x86_64-linux-gnu:/opt/ros/humble/lib /usr/bin/cmake /home/nghiaphanbk/WeldingRobot_ws/src/moveit2/moveit_ros/perception -DCMAKE_INSTALL_PREFIX=/home/nghiaphanbk/WeldingRobot_ws/install/moveit_ros_perception
[0.173s] -- Found moveit_common: 2.5.5 (/home/nghiaphanbk/WeldingRobot_ws/install/moveit_common/share/moveit_common/cmake)
[0.173s] -- Found ament_cmake: 1.3.5 (/opt/ros/humble/share/ament_cmake/cmake)
[0.395s] -- Could NOT find libbfd (missing: LIBBFD_LIBRARY LIBBFD_INCLUDE_DIR) 
[0.395s] -- BACKWARD_HAS_UNWIND=1
[0.395s] -- BACKWARD_HAS_BACKTRACE=0
[0.395s] -- BACKWARD_HAS_BACKTRACE_SYMBOL=0
[0.395s] -- BACKWARD_HAS_DW=1
[0.395s] -- BACKWARD_HAS_BFD=0
[0.396s] -- Found Backward: /opt/ros/humble/share/backward_ros/cmake  
[0.437s] -- Checking for module 'glut'
[0.440s] --   No package 'glut' found
[0.441s] -- Found cv_bridge: 3.2.1 (/opt/ros/humble/share/cv_bridge/cmake)
[0.470s] -- Found rosidl_generator_c: 3.1.5 (/opt/ros/humble/share/rosidl_generator_c/cmake)
[0.472s] -- Found rosidl_adapter: 3.1.5 (/opt/ros/humble/share/rosidl_adapter/cmake)
[0.477s] -- Found rosidl_generator_cpp: 3.1.5 (/opt/ros/humble/share/rosidl_generator_cpp/cmake)
[0.489s] -- Using all available rosidl_typesupport_c: rosidl_typesupport_fastrtps_c;rosidl_typesupport_introspection_c
[0.504s] -- Using all available rosidl_typesupport_cpp: rosidl_typesupport_fastrtps_cpp;rosidl_typesupport_introspection_cpp
[0.720s] -- Found moveit_core: 2.5.5 (/home/nghiaphanbk/WeldingRobot_ws/install/moveit_core/share/moveit_core/cmake)
[0.734s] -- Found Boost: /usr/lib/x86_64-linux-gnu/cmake/Boost-1.74.0/BoostConfig.cmake (found version "1.74.0") found components: chrono date_time filesystem iostreams program_options regex serialization system thread 
[0.755s] -- Found parameter_traits: 0.3.6 (/opt/ros/humble/share/parameter_traits/cmake)
[0.803s] -- Found rmw_implementation_cmake: 6.1.1 (/opt/ros/humble/share/rmw_implementation_cmake/cmake)
[0.805s] -- Found rmw_fastrtps_cpp: 6.2.4 (/opt/ros/humble/share/rmw_fastrtps_cpp/cmake)
[0.963s] -- Using RMW implementation 'rmw_fastrtps_cpp' as default
[1.215s] -- Found rclcpp_lifecycle: 16.0.6 (/opt/ros/humble/share/rclcpp_lifecycle/cmake)
[1.271s] -- Found Boost: /usr/lib/x86_64-linux-gnu/cmake/Boost-1.74.0/BoostConfig.cmake (found version "1.74.0") found components: filesystem 
[1.304s] -- library: /usr/lib/x86_64-linux-gnu/libcurl.so
[1.519s] -- Ensuring Eigen3 include directory is part of orocos-kdl CMake target
[2.723s] -- Found image_transport: 3.1.7 (/opt/ros/humble/share/image_transport/cmake)
[2.737s] -- Found moveit_ros_occupancy_map_monitor: 2.5.5 (/home/nghiaphanbk/WeldingRobot_ws/install/moveit_ros_occupancy_map_monitor/share/moveit_ros_occupancy_map_monitor/cmake)
[2.967s] -- Found Boost: /usr/lib/x86_64-linux-gnu/cmake/Boost-1.74.0/BoostConfig.cmake (found version "1.74.0") found components: thread 
[3.064s] -- Found ament_lint_auto: 0.12.8 (/opt/ros/humble/share/ament_lint_auto/cmake)
[3.082s] -- Added test 'cppcheck' to perform static code analysis on C / C++ code
[3.083s] -- Configured cppcheck include dirs: /home/nghiaphanbk/WeldingRobot_ws/src/moveit2/moveit_ros/perception/depth_image_octomap_updater/include;/home/nghiaphanbk/WeldingRobot_ws/src/moveit2/moveit_ros/perception/lazy_free_space_updater/include;/home/nghiaphanbk/WeldingRobot_ws/src/moveit2/moveit_ros/perception/mesh_filter/include;/home/nghiaphanbk/WeldingRobot_ws/src/moveit2/moveit_ros/perception/point_containment_filter/include;/home/nghiaphanbk/WeldingRobot_ws/src/moveit2/moveit_ros/perception/pointcloud_octomap_updater/include;/home/nghiaphanbk/WeldingRobot_ws/src/moveit2/moveit_ros/perception/semantic_world/include
[3.083s] -- Configured cppcheck exclude dirs and/or files: 
[3.085s] -- Added test 'lint_cmake' to check CMake code style
[3.087s] -- Added test 'xmllint' to check XML markup files
[3.089s] -- Configuring done
[3.227s] -- Generating done
[3.231s] -- Build files have been written to: /home/nghiaphanbk/WeldingRobot_ws/build/moveit_ros_perception
[3.287s] Invoked command in '/home/nghiaphanbk/WeldingRobot_ws/build/moveit_ros_perception' returned '0': CMAKE_PREFIX_PATH=/home/nghiaphanbk/WeldingRobot_ws/install/moveit_ros_planning:/home/nghiaphanbk/WeldingRobot_ws/install/moveit_ros_occupancy_map_monitor:/home/nghiaphanbk/WeldingRobot_ws/install/moveit_core:/home/nghiaphanbk/WeldingRobot_ws/install/srdfdom:/home/nghiaphanbk/WeldingRobot_ws/install/moveit_common:/home/nghiaphanbk/WeldingRobot_ws/install/pilz_industrial_motion_planner_testutils:/home/nghiaphanbk/WeldingRobot_ws/install/moveit_visual_tools:/home/nghiaphanbk/WeldingRobot_ws/install/moveit_ros_control_interface:/home/nghiaphanbk/WeldingRobot_ws/install/moveit_plugins:/home/nghiaphanbk/WeldingRobot_ws/install/moveit_simple_controller_manager:/home/nghiaphanbk/WeldingRobot_ws/install/moveit_ros_warehouse:/home/nghiaphanbk/WeldingRobot_ws/install/moveit_ros_robot_interaction:/home/nghiaphanbk/WeldingRobot_ws/install/moveit_ros_perception:/home/nghiaphanbk/WeldingRobot_ws/install/moveit_resources_prbt_ikfast_manipulator_plugin:/home/nghiaphanbk/WeldingRobot_ws/install/moveit_planners_chomp:/home/nghiaphanbk/WeldingRobot_ws/install/moveit_kinematics:/home/nghiaphanbk/WeldingRobot_ws/install/moveit_chomp_optimizer_adapter:/home/nghiaphanbk/WeldingRobot_ws/install/chomp_motion_planner:/home/nghiaphanbk/WeldingRobot_ws/install/rviz_marker_tools:/home/nghiaphanbk/WeldingRobot_ws/install/rosparam_shortcuts:/home/nghiaphanbk/WeldingRobot_ws/install/moveit_task_constructor_msgs:/home/nghiaphanbk/WeldingRobot_ws/install/moveit_resources_prbt_support:/home/nghiaphanbk/WeldingRobot_ws/install/moveit_resources:/home/nghiaphanbk/WeldingRobot_ws/install/moveit_resources_pr2_description:/home/nghiaphanbk/WeldingRobot_ws/install/moveit_resources_panda_moveit_config:/home/nghiaphanbk/WeldingRobot_ws/install/moveit_resources_panda_description:/home/nghiaphanbk/WeldingRobot_ws/install/moveit_resources_fanuc_moveit_config:/home/nghiaphanbk/WeldingRobot_ws/install/moveit_resources_fanuc_description:/home/nghiaphanbk/WeldingRobot_ws/install/moveit_configs_utils:/home/nghiaphanbk/WeldingRobot_ws/install/launch_param_builder:/home/nghiaphanbk/WeldingRobot_ws/install/Model_Robot:/home/nghiaphanbk/ros2_ws/install/my_robot_controller:/opt/ros/humble LD_LIBRARY_PATH=/home/nghiaphanbk/WeldingRobot_ws/install/moveit_ros_planning/lib:/home/nghiaphanbk/WeldingRobot_ws/install/moveit_ros_occupancy_map_monitor/lib:/home/nghiaphanbk/WeldingRobot_ws/install/moveit_core/lib:/home/nghiaphanbk/WeldingRobot_ws/install/srdfdom/lib:/home/nghiaphanbk/WeldingRobot_ws/install/pilz_industrial_motion_planner_testutils/lib:/home/nghiaphanbk/WeldingRobot_ws/install/moveit_visual_tools/lib:/home/nghiaphanbk/WeldingRobot_ws/install/moveit_ros_control_interface/lib:/home/nghiaphanbk/WeldingRobot_ws/install/moveit_simple_controller_manager/lib:/home/nghiaphanbk/WeldingRobot_ws/install/moveit_ros_warehouse/lib:/home/nghiaphanbk/WeldingRobot_ws/install/moveit_ros_robot_interaction/lib:/home/nghiaphanbk/WeldingRobot_ws/install/moveit_ros_perception/lib:/home/nghiaphanbk/WeldingRobot_ws/install/moveit_resources_prbt_ikfast_manipulator_plugin/lib:/home/nghiaphanbk/WeldingRobot_ws/install/moveit_planners_chomp/lib:/home/nghiaphanbk/WeldingRobot_ws/install/moveit_kinematics/lib:/home/nghiaphanbk/WeldingRobot_ws/install/moveit_chomp_optimizer_adapter/lib:/home/nghiaphanbk/WeldingRobot_ws/install/chomp_motion_planner/lib:/home/nghiaphanbk/WeldingRobot_ws/install/rviz_marker_tools/lib:/home/nghiaphanbk/WeldingRobot_ws/install/rosparam_shortcuts/lib:/home/nghiaphanbk/WeldingRobot_ws/install/moveit_task_constructor_msgs/lib:/opt/ros/humble/opt/rviz_ogre_vendor/lib:/opt/ros/humble/lib/x86_64-linux-gnu:/opt/ros/humble/lib /usr/bin/cmake /home/nghiaphanbk/WeldingRobot_ws/src/moveit2/moveit_ros/perception -DCMAKE_INSTALL_PREFIX=/home/nghiaphanbk/WeldingRobot_ws/install/moveit_ros_perception
[3.288s] Invoking command in '/home/nghiaphanbk/WeldingRobot_ws/build/moveit_ros_perception': CMAKE_PREFIX_PATH=/home/nghiaphanbk/WeldingRobot_ws/install/moveit_ros_planning:/home/nghiaphanbk/WeldingRobot_ws/install/moveit_ros_occupancy_map_monitor:/home/nghiaphanbk/WeldingRobot_ws/install/moveit_core:/home/nghiaphanbk/WeldingRobot_ws/install/srdfdom:/home/nghiaphanbk/WeldingRobot_ws/install/moveit_common:/home/nghiaphanbk/WeldingRobot_ws/install/pilz_industrial_motion_planner_testutils:/home/nghiaphanbk/WeldingRobot_ws/install/moveit_visual_tools:/home/nghiaphanbk/WeldingRobot_ws/install/moveit_ros_control_interface:/home/nghiaphanbk/WeldingRobot_ws/install/moveit_plugins:/home/nghiaphanbk/WeldingRobot_ws/install/moveit_simple_controller_manager:/home/nghiaphanbk/WeldingRobot_ws/install/moveit_ros_warehouse:/home/nghiaphanbk/WeldingRobot_ws/install/moveit_ros_robot_interaction:/home/nghiaphanbk/WeldingRobot_ws/install/moveit_ros_perception:/home/nghiaphanbk/WeldingRobot_ws/install/moveit_resources_prbt_ikfast_manipulator_plugin:/home/nghiaphanbk/WeldingRobot_ws/install/moveit_planners_chomp:/home/nghiaphanbk/WeldingRobot_ws/install/moveit_kinematics:/home/nghiaphanbk/WeldingRobot_ws/install/moveit_chomp_optimizer_adapter:/home/nghiaphanbk/WeldingRobot_ws/install/chomp_motion_planner:/home/nghiaphanbk/WeldingRobot_ws/install/rviz_marker_tools:/home/nghiaphanbk/WeldingRobot_ws/install/rosparam_shortcuts:/home/nghiaphanbk/WeldingRobot_ws/install/moveit_task_constructor_msgs:/home/nghiaphanbk/WeldingRobot_ws/install/moveit_resources_prbt_support:/home/nghiaphanbk/WeldingRobot_ws/install/moveit_resources:/home/nghiaphanbk/WeldingRobot_ws/install/moveit_resources_pr2_description:/home/nghiaphanbk/WeldingRobot_ws/install/moveit_resources_panda_moveit_config:/home/nghiaphanbk/WeldingRobot_ws/install/moveit_resources_panda_description:/home/nghiaphanbk/WeldingRobot_ws/install/moveit_resources_fanuc_moveit_config:/home/nghiaphanbk/WeldingRobot_ws/install/moveit_resources_fanuc_description:/home/nghiaphanbk/WeldingRobot_ws/install/moveit_configs_utils:/home/nghiaphanbk/WeldingRobot_ws/install/launch_param_builder:/home/nghiaphanbk/WeldingRobot_ws/install/Model_Robot:/home/nghiaphanbk/ros2_ws/install/my_robot_controller:/opt/ros/humble LD_LIBRARY_PATH=/home/nghiaphanbk/WeldingRobot_ws/install/moveit_ros_planning/lib:/home/nghiaphanbk/WeldingRobot_ws/install/moveit_ros_occupancy_map_monitor/lib:/home/nghiaphanbk/WeldingRobot_ws/install/moveit_core/lib:/home/nghiaphanbk/WeldingRobot_ws/install/srdfdom/lib:/home/nghiaphanbk/WeldingRobot_ws/install/pilz_industrial_motion_planner_testutils/lib:/home/nghiaphanbk/WeldingRobot_ws/install/moveit_visual_tools/lib:/home/nghiaphanbk/WeldingRobot_ws/install/moveit_ros_control_interface/lib:/home/nghiaphanbk/WeldingRobot_ws/install/moveit_simple_controller_manager/lib:/home/nghiaphanbk/WeldingRobot_ws/install/moveit_ros_warehouse/lib:/home/nghiaphanbk/WeldingRobot_ws/install/moveit_ros_robot_interaction/lib:/home/nghiaphanbk/WeldingRobot_ws/install/moveit_ros_perception/lib:/home/nghiaphanbk/WeldingRobot_ws/install/moveit_resources_prbt_ikfast_manipulator_plugin/lib:/home/nghiaphanbk/WeldingRobot_ws/install/moveit_planners_chomp/lib:/home/nghiaphanbk/WeldingRobot_ws/install/moveit_kinematics/lib:/home/nghiaphanbk/WeldingRobot_ws/install/moveit_chomp_optimizer_adapter/lib:/home/nghiaphanbk/WeldingRobot_ws/install/chomp_motion_planner/lib:/home/nghiaphanbk/WeldingRobot_ws/install/rviz_marker_tools/lib:/home/nghiaphanbk/WeldingRobot_ws/install/rosparam_shortcuts/lib:/home/nghiaphanbk/WeldingRobot_ws/install/moveit_task_constructor_msgs/lib:/opt/ros/humble/opt/rviz_ogre_vendor/lib:/opt/ros/humble/lib/x86_64-linux-gnu:/opt/ros/humble/lib /usr/bin/cmake --build /home/nghiaphanbk/WeldingRobot_ws/build/moveit_ros_perception -- -j12 -l12
[3.333s] [35m[1mConsolidate compiler generated dependencies of target moveit_lazy_free_space_updater[0m
[3.334s] [35m[1mConsolidate compiler generated dependencies of target moveit_point_containment_filter[0m
[3.335s] [35m[1mConsolidate compiler generated dependencies of target moveit_semantic_world[0m
[3.335s] [35m[1mConsolidate compiler generated dependencies of target moveit_mesh_filter[0m
[3.356s] [ 10%] Built target moveit_lazy_free_space_updater
[3.362s] [ 20%] Built target moveit_point_containment_filter
[3.366s] [ 50%] Built target moveit_mesh_filter
[3.367s] [ 60%] Built target moveit_semantic_world
[3.378s] [35m[1mConsolidate compiler generated dependencies of target moveit_pointcloud_octomap_updater_core[0m
[3.381s] [35m[1mConsolidate compiler generated dependencies of target moveit_depth_image_octomap_updater_core[0m
[3.401s] [ 70%] Built target moveit_pointcloud_octomap_updater_core
[3.408s] [ 80%] Built target moveit_depth_image_octomap_updater_core
[3.412s] [35m[1mConsolidate compiler generated dependencies of target moveit_pointcloud_octomap_updater[0m
[3.419s] [35m[1mConsolidate compiler generated dependencies of target moveit_depth_image_octomap_updater[0m
[3.440s] [ 90%] Built target moveit_pointcloud_octomap_updater
[3.449s] [100%] Built target moveit_depth_image_octomap_updater
[3.464s] Invoked command in '/home/nghiaphanbk/WeldingRobot_ws/build/moveit_ros_perception' returned '0': CMAKE_PREFIX_PATH=/home/nghiaphanbk/WeldingRobot_ws/install/moveit_ros_planning:/home/nghiaphanbk/WeldingRobot_ws/install/moveit_ros_occupancy_map_monitor:/home/nghiaphanbk/WeldingRobot_ws/install/moveit_core:/home/nghiaphanbk/WeldingRobot_ws/install/srdfdom:/home/nghiaphanbk/WeldingRobot_ws/install/moveit_common:/home/nghiaphanbk/WeldingRobot_ws/install/pilz_industrial_motion_planner_testutils:/home/nghiaphanbk/WeldingRobot_ws/install/moveit_visual_tools:/home/nghiaphanbk/WeldingRobot_ws/install/moveit_ros_control_interface:/home/nghiaphanbk/WeldingRobot_ws/install/moveit_plugins:/home/nghiaphanbk/WeldingRobot_ws/install/moveit_simple_controller_manager:/home/nghiaphanbk/WeldingRobot_ws/install/moveit_ros_warehouse:/home/nghiaphanbk/WeldingRobot_ws/install/moveit_ros_robot_interaction:/home/nghiaphanbk/WeldingRobot_ws/install/moveit_ros_perception:/home/nghiaphanbk/WeldingRobot_ws/install/moveit_resources_prbt_ikfast_manipulator_plugin:/home/nghiaphanbk/WeldingRobot_ws/install/moveit_planners_chomp:/home/nghiaphanbk/WeldingRobot_ws/install/moveit_kinematics:/home/nghiaphanbk/WeldingRobot_ws/install/moveit_chomp_optimizer_adapter:/home/nghiaphanbk/WeldingRobot_ws/install/chomp_motion_planner:/home/nghiaphanbk/WeldingRobot_ws/install/rviz_marker_tools:/home/nghiaphanbk/WeldingRobot_ws/install/rosparam_shortcuts:/home/nghiaphanbk/WeldingRobot_ws/install/moveit_task_constructor_msgs:/home/nghiaphanbk/WeldingRobot_ws/install/moveit_resources_prbt_support:/home/nghiaphanbk/WeldingRobot_ws/install/moveit_resources:/home/nghiaphanbk/WeldingRobot_ws/install/moveit_resources_pr2_description:/home/nghiaphanbk/WeldingRobot_ws/install/moveit_resources_panda_moveit_config:/home/nghiaphanbk/WeldingRobot_ws/install/moveit_resources_panda_description:/home/nghiaphanbk/WeldingRobot_ws/install/moveit_resources_fanuc_moveit_config:/home/nghiaphanbk/WeldingRobot_ws/install/moveit_resources_fanuc_description:/home/nghiaphanbk/WeldingRobot_ws/install/moveit_configs_utils:/home/nghiaphanbk/WeldingRobot_ws/install/launch_param_builder:/home/nghiaphanbk/WeldingRobot_ws/install/Model_Robot:/home/nghiaphanbk/ros2_ws/install/my_robot_controller:/opt/ros/humble LD_LIBRARY_PATH=/home/nghiaphanbk/WeldingRobot_ws/install/moveit_ros_planning/lib:/home/nghiaphanbk/WeldingRobot_ws/install/moveit_ros_occupancy_map_monitor/lib:/home/nghiaphanbk/WeldingRobot_ws/install/moveit_core/lib:/home/nghiaphanbk/WeldingRobot_ws/install/srdfdom/lib:/home/nghiaphanbk/WeldingRobot_ws/install/pilz_industrial_motion_planner_testutils/lib:/home/nghiaphanbk/WeldingRobot_ws/install/moveit_visual_tools/lib:/home/nghiaphanbk/WeldingRobot_ws/install/moveit_ros_control_interface/lib:/home/nghiaphanbk/WeldingRobot_ws/install/moveit_simple_controller_manager/lib:/home/nghiaphanbk/WeldingRobot_ws/install/moveit_ros_warehouse/lib:/home/nghiaphanbk/WeldingRobot_ws/install/moveit_ros_robot_interaction/lib:/home/nghiaphanbk/WeldingRobot_ws/install/moveit_ros_perception/lib:/home/nghiaphanbk/WeldingRobot_ws/install/moveit_resources_prbt_ikfast_manipulator_plugin/lib:/home/nghiaphanbk/WeldingRobot_ws/install/moveit_planners_chomp/lib:/home/nghiaphanbk/WeldingRobot_ws/install/moveit_kinematics/lib:/home/nghiaphanbk/WeldingRobot_ws/install/moveit_chomp_optimizer_adapter/lib:/home/nghiaphanbk/WeldingRobot_ws/install/chomp_motion_planner/lib:/home/nghiaphanbk/WeldingRobot_ws/install/rviz_marker_tools/lib:/home/nghiaphanbk/WeldingRobot_ws/install/rosparam_shortcuts/lib:/home/nghiaphanbk/WeldingRobot_ws/install/moveit_task_constructor_msgs/lib:/opt/ros/humble/opt/rviz_ogre_vendor/lib:/opt/ros/humble/lib/x86_64-linux-gnu:/opt/ros/humble/lib /usr/bin/cmake --build /home/nghiaphanbk/WeldingRobot_ws/build/moveit_ros_perception -- -j12 -l12
[3.496s] Invoking command in '/home/nghiaphanbk/WeldingRobot_ws/build/moveit_ros_perception': CMAKE_PREFIX_PATH=/home/nghiaphanbk/WeldingRobot_ws/install/moveit_ros_planning:/home/nghiaphanbk/WeldingRobot_ws/install/moveit_ros_occupancy_map_monitor:/home/nghiaphanbk/WeldingRobot_ws/install/moveit_core:/home/nghiaphanbk/WeldingRobot_ws/install/srdfdom:/home/nghiaphanbk/WeldingRobot_ws/install/moveit_common:/home/nghiaphanbk/WeldingRobot_ws/install/pilz_industrial_motion_planner_testutils:/home/nghiaphanbk/WeldingRobot_ws/install/moveit_visual_tools:/home/nghiaphanbk/WeldingRobot_ws/install/moveit_ros_control_interface:/home/nghiaphanbk/WeldingRobot_ws/install/moveit_plugins:/home/nghiaphanbk/WeldingRobot_ws/install/moveit_simple_controller_manager:/home/nghiaphanbk/WeldingRobot_ws/install/moveit_ros_warehouse:/home/nghiaphanbk/WeldingRobot_ws/install/moveit_ros_robot_interaction:/home/nghiaphanbk/WeldingRobot_ws/install/moveit_ros_perception:/home/nghiaphanbk/WeldingRobot_ws/install/moveit_resources_prbt_ikfast_manipulator_plugin:/home/nghiaphanbk/WeldingRobot_ws/install/moveit_planners_chomp:/home/nghiaphanbk/WeldingRobot_ws/install/moveit_kinematics:/home/nghiaphanbk/WeldingRobot_ws/install/moveit_chomp_optimizer_adapter:/home/nghiaphanbk/WeldingRobot_ws/install/chomp_motion_planner:/home/nghiaphanbk/WeldingRobot_ws/install/rviz_marker_tools:/home/nghiaphanbk/WeldingRobot_ws/install/rosparam_shortcuts:/home/nghiaphanbk/WeldingRobot_ws/install/moveit_task_constructor_msgs:/home/nghiaphanbk/WeldingRobot_ws/install/moveit_resources_prbt_support:/home/nghiaphanbk/WeldingRobot_ws/install/moveit_resources:/home/nghiaphanbk/WeldingRobot_ws/install/moveit_resources_pr2_description:/home/nghiaphanbk/WeldingRobot_ws/install/moveit_resources_panda_moveit_config:/home/nghiaphanbk/WeldingRobot_ws/install/moveit_resources_panda_description:/home/nghiaphanbk/WeldingRobot_ws/install/moveit_resources_fanuc_moveit_config:/home/nghiaphanbk/WeldingRobot_ws/install/moveit_resources_fanuc_description:/home/nghiaphanbk/WeldingRobot_ws/install/moveit_configs_utils:/home/nghiaphanbk/WeldingRobot_ws/install/launch_param_builder:/home/nghiaphanbk/WeldingRobot_ws/install/Model_Robot:/home/nghiaphanbk/ros2_ws/install/my_robot_controller:/opt/ros/humble LD_LIBRARY_PATH=/home/nghiaphanbk/WeldingRobot_ws/install/moveit_ros_planning/lib:/home/nghiaphanbk/WeldingRobot_ws/install/moveit_ros_occupancy_map_monitor/lib:/home/nghiaphanbk/WeldingRobot_ws/install/moveit_core/lib:/home/nghiaphanbk/WeldingRobot_ws/install/srdfdom/lib:/home/nghiaphanbk/WeldingRobot_ws/install/pilz_industrial_motion_planner_testutils/lib:/home/nghiaphanbk/WeldingRobot_ws/install/moveit_visual_tools/lib:/home/nghiaphanbk/WeldingRobot_ws/install/moveit_ros_control_interface/lib:/home/nghiaphanbk/WeldingRobot_ws/install/moveit_simple_controller_manager/lib:/home/nghiaphanbk/WeldingRobot_ws/install/moveit_ros_warehouse/lib:/home/nghiaphanbk/WeldingRobot_ws/install/moveit_ros_robot_interaction/lib:/home/nghiaphanbk/WeldingRobot_ws/install/moveit_ros_perception/lib:/home/nghiaphanbk/WeldingRobot_ws/install/moveit_resources_prbt_ikfast_manipulator_plugin/lib:/home/nghiaphanbk/WeldingRobot_ws/install/moveit_planners_chomp/lib:/home/nghiaphanbk/WeldingRobot_ws/install/moveit_kinematics/lib:/home/nghiaphanbk/WeldingRobot_ws/install/moveit_chomp_optimizer_adapter/lib:/home/nghiaphanbk/WeldingRobot_ws/install/chomp_motion_planner/lib:/home/nghiaphanbk/WeldingRobot_ws/install/rviz_marker_tools/lib:/home/nghiaphanbk/WeldingRobot_ws/install/rosparam_shortcuts/lib:/home/nghiaphanbk/WeldingRobot_ws/install/moveit_task_constructor_msgs/lib:/opt/ros/humble/opt/rviz_ogre_vendor/lib:/opt/ros/humble/lib/x86_64-linux-gnu:/opt/ros/humble/lib /usr/bin/cmake --install /home/nghiaphanbk/WeldingRobot_ws/build/moveit_ros_perception
[3.503s] -- Install configuration: "Release"
[3.503s] -- Up-to-date: /home/nghiaphanbk/WeldingRobot_ws/install/moveit_ros_perception/include
[3.503s] -- Up-to-date: /home/nghiaphanbk/WeldingRobot_ws/install/moveit_ros_perception/include/moveit
[3.503s] -- Up-to-date: /home/nghiaphanbk/WeldingRobot_ws/install/moveit_ros_perception/include/moveit/lazy_free_space_updater
[3.503s] -- Up-to-date: /home/nghiaphanbk/WeldingRobot_ws/install/moveit_ros_perception/include/moveit/lazy_free_space_updater/lazy_free_space_updater.h
[3.504s] -- Up-to-date: /home/nghiaphanbk/WeldingRobot_ws/install/moveit_ros_perception/include
[3.504s] -- Up-to-date: /home/nghiaphanbk/WeldingRobot_ws/install/moveit_ros_perception/include/moveit
[3.504s] -- Up-to-date: /home/nghiaphanbk/WeldingRobot_ws/install/moveit_ros_perception/include/moveit/point_containment_filter
[3.504s] -- Up-to-date: /home/nghiaphanbk/WeldingRobot_ws/install/moveit_ros_perception/include/moveit/point_containment_filter/shape_mask.h
[3.504s] -- Up-to-date: /home/nghiaphanbk/WeldingRobot_ws/install/moveit_ros_perception/include
[3.504s] -- Up-to-date: /home/nghiaphanbk/WeldingRobot_ws/install/moveit_ros_perception/include/moveit
[3.504s] -- Up-to-date: /home/nghiaphanbk/WeldingRobot_ws/install/moveit_ros_perception/include/moveit/pointcloud_octomap_updater
[3.504s] -- Up-to-date: /home/nghiaphanbk/WeldingRobot_ws/install/moveit_ros_perception/include/moveit/pointcloud_octomap_updater/pointcloud_octomap_updater.h
[3.504s] -- Up-to-date: /home/nghiaphanbk/WeldingRobot_ws/install/moveit_ros_perception/include
[3.504s] -- Up-to-date: /home/nghiaphanbk/WeldingRobot_ws/install/moveit_ros_perception/include/moveit
[3.505s] -- Up-to-date: /home/nghiaphanbk/WeldingRobot_ws/install/moveit_ros_perception/include/moveit/mesh_filter
[3.505s] -- Up-to-date: /home/nghiaphanbk/WeldingRobot_ws/install/moveit_ros_perception/include/moveit/mesh_filter/sensor_model.h
[3.505s] -- Up-to-date: /home/nghiaphanbk/WeldingRobot_ws/install/moveit_ros_perception/include/moveit/mesh_filter/filter_job.h
[3.505s] -- Up-to-date: /home/nghiaphanbk/WeldingRobot_ws/install/moveit_ros_perception/include/moveit/mesh_filter/stereo_camera_model.h
[3.505s] -- Up-to-date: /home/nghiaphanbk/WeldingRobot_ws/install/moveit_ros_perception/include/moveit/mesh_filter/transform_provider.h
[3.505s] -- Up-to-date: /home/nghiaphanbk/WeldingRobot_ws/install/moveit_ros_perception/include/moveit/mesh_filter/mesh_filter.h
[3.505s] -- Up-to-date: /home/nghiaphanbk/WeldingRobot_ws/install/moveit_ros_perception/include/moveit/mesh_filter/depth_self_filter_nodelet.h
[3.505s] -- Up-to-date: /home/nghiaphanbk/WeldingRobot_ws/install/moveit_ros_perception/include/moveit/mesh_filter/gl_renderer.h
[3.505s] -- Up-to-date: /home/nghiaphanbk/WeldingRobot_ws/install/moveit_ros_perception/include/moveit/mesh_filter/gl_mesh.h
[3.505s] -- Up-to-date: /home/nghiaphanbk/WeldingRobot_ws/install/moveit_ros_perception/include/moveit/mesh_filter/mesh_filter_base.h
[3.505s] -- Up-to-date: /home/nghiaphanbk/WeldingRobot_ws/install/moveit_ros_perception/include/moveit_mesh_filter_export.h
[3.505s] -- Up-to-date: /home/nghiaphanbk/WeldingRobot_ws/install/moveit_ros_perception/include
[3.506s] -- Up-to-date: /home/nghiaphanbk/WeldingRobot_ws/install/moveit_ros_perception/include/moveit
[3.506s] -- Up-to-date: /home/nghiaphanbk/WeldingRobot_ws/install/moveit_ros_perception/include/moveit/depth_image_octomap_updater
[3.506s] -- Up-to-date: /home/nghiaphanbk/WeldingRobot_ws/install/moveit_ros_perception/include/moveit/depth_image_octomap_updater/depth_image_octomap_updater.h
[3.506s] -- Up-to-date: /home/nghiaphanbk/WeldingRobot_ws/install/moveit_ros_perception/include
[3.506s] -- Up-to-date: /home/nghiaphanbk/WeldingRobot_ws/install/moveit_ros_perception/include/moveit
[3.506s] -- Up-to-date: /home/nghiaphanbk/WeldingRobot_ws/install/moveit_ros_perception/include/moveit/semantic_world
[3.506s] -- Up-to-date: /home/nghiaphanbk/WeldingRobot_ws/install/moveit_ros_perception/include/moveit/semantic_world/semantic_world.h
[3.506s] -- Up-to-date: /home/nghiaphanbk/WeldingRobot_ws/install/moveit_ros_perception/lib/libmoveit_depth_image_octomap_updater.so.2.5.5
[3.506s] -- Up-to-date: /home/nghiaphanbk/WeldingRobot_ws/install/moveit_ros_perception/lib/libmoveit_depth_image_octomap_updater.so
[3.507s] -- Up-to-date: /home/nghiaphanbk/WeldingRobot_ws/install/moveit_ros_perception/lib/libmoveit_depth_image_octomap_updater_core.so.2.5.5
[3.507s] -- Up-to-date: /home/nghiaphanbk/WeldingRobot_ws/install/moveit_ros_perception/lib/libmoveit_depth_image_octomap_updater_core.so
[3.507s] -- Up-to-date: /home/nghiaphanbk/WeldingRobot_ws/install/moveit_ros_perception/lib/libmoveit_lazy_free_space_updater.so.2.5.5
[3.507s] -- Up-to-date: /home/nghiaphanbk/WeldingRobot_ws/install/moveit_ros_perception/lib/libmoveit_lazy_free_space_updater.so
[3.508s] -- Up-to-date: /home/nghiaphanbk/WeldingRobot_ws/install/moveit_ros_perception/lib/libmoveit_mesh_filter.so.2.5.5
[3.508s] -- Up-to-date: /home/nghiaphanbk/WeldingRobot_ws/install/moveit_ros_perception/lib/libmoveit_mesh_filter.so
[3.508s] -- Up-to-date: /home/nghiaphanbk/WeldingRobot_ws/install/moveit_ros_perception/lib/libmoveit_point_containment_filter.so.2.5.5
[3.508s] -- Up-to-date: /home/nghiaphanbk/WeldingRobot_ws/install/moveit_ros_perception/lib/libmoveit_point_containment_filter.so
[3.509s] -- Up-to-date: /home/nghiaphanbk/WeldingRobot_ws/install/moveit_ros_perception/lib/libmoveit_pointcloud_octomap_updater.so.2.5.5
[3.509s] -- Up-to-date: /home/nghiaphanbk/WeldingRobot_ws/install/moveit_ros_perception/lib/libmoveit_pointcloud_octomap_updater.so
[3.509s] -- Up-to-date: /home/nghiaphanbk/WeldingRobot_ws/install/moveit_ros_perception/lib/libmoveit_pointcloud_octomap_updater_core.so.2.5.5
[3.510s] -- Up-to-date: /home/nghiaphanbk/WeldingRobot_ws/install/moveit_ros_perception/lib/libmoveit_pointcloud_octomap_updater_core.so
[3.510s] -- Up-to-date: /home/nghiaphanbk/WeldingRobot_ws/install/moveit_ros_perception/lib/libmoveit_semantic_world.so.2.5.5
[3.510s] -- Up-to-date: /home/nghiaphanbk/WeldingRobot_ws/install/moveit_ros_perception/lib/libmoveit_semantic_world.so
[3.510s] -- Up-to-date: /home/nghiaphanbk/WeldingRobot_ws/install/moveit_ros_perception/share/moveit_ros_perception/environment/library_path.sh
[3.511s] -- Installing: /home/nghiaphanbk/WeldingRobot_ws/install/moveit_ros_perception/share/moveit_ros_perception/environment/library_path.dsv
[3.511s] -- Up-to-date: /home/nghiaphanbk/WeldingRobot_ws/install/moveit_ros_perception/share/moveit_ros_perception/pointcloud_octomap_updater_plugin_description.xml
[3.511s] -- Up-to-date: /home/nghiaphanbk/WeldingRobot_ws/install/moveit_ros_perception/share/moveit_ros_perception/depth_image_octomap_updater_plugin_description.xml
[3.511s] -- Up-to-date: /home/nghiaphanbk/WeldingRobot_ws/install/moveit_ros_perception/share/ament_index/resource_index/package_run_dependencies/moveit_ros_perception
[3.511s] -- Installing: /home/nghiaphanbk/WeldingRobot_ws/install/moveit_ros_perception/share/ament_index/resource_index/parent_prefix_path/moveit_ros_perception
[3.512s] -- Up-to-date: /home/nghiaphanbk/WeldingRobot_ws/install/moveit_ros_perception/share/moveit_ros_perception/environment/ament_prefix_path.sh
[3.512s] -- Installing: /home/nghiaphanbk/WeldingRobot_ws/install/moveit_ros_perception/share/moveit_ros_perception/environment/ament_prefix_path.dsv
[3.512s] -- Up-to-date: /home/nghiaphanbk/WeldingRobot_ws/install/moveit_ros_perception/share/moveit_ros_perception/environment/path.sh
[3.512s] -- Installing: /home/nghiaphanbk/WeldingRobot_ws/install/moveit_ros_perception/share/moveit_ros_perception/environment/path.dsv
[3.512s] -- Up-to-date: /home/nghiaphanbk/WeldingRobot_ws/install/moveit_ros_perception/share/moveit_ros_perception/local_setup.bash
[3.512s] -- Up-to-date: /home/nghiaphanbk/WeldingRobot_ws/install/moveit_ros_perception/share/moveit_ros_perception/local_setup.sh
[3.512s] -- Up-to-date: /home/nghiaphanbk/WeldingRobot_ws/install/moveit_ros_perception/share/moveit_ros_perception/local_setup.zsh
[3.513s] -- Installing: /home/nghiaphanbk/WeldingRobot_ws/install/moveit_ros_perception/share/moveit_ros_perception/local_setup.dsv
[3.513s] -- Installing: /home/nghiaphanbk/WeldingRobot_ws/install/moveit_ros_perception/share/moveit_ros_perception/package.dsv
[3.513s] -- Up-to-date: /home/nghiaphanbk/WeldingRobot_ws/install/moveit_ros_perception/share/ament_index/resource_index/packages/moveit_ros_perception
[3.513s] -- Up-to-date: /home/nghiaphanbk/WeldingRobot_ws/install/moveit_ros_perception/share/ament_index/resource_index/moveit_ros_occupancy_map_monitor__pluginlib__plugin/moveit_ros_perception
[3.513s] -- Up-to-date: /home/nghiaphanbk/WeldingRobot_ws/install/moveit_ros_perception/share/moveit_ros_perception/cmake/export_moveit_ros_perceptionExport.cmake
[3.513s] -- Up-to-date: /home/nghiaphanbk/WeldingRobot_ws/install/moveit_ros_perception/share/moveit_ros_perception/cmake/export_moveit_ros_perceptionExport-release.cmake
[3.514s] -- Up-to-date: /home/nghiaphanbk/WeldingRobot_ws/install/moveit_ros_perception/share/moveit_ros_perception/cmake/ConfigExtras.cmake
[3.514s] -- Up-to-date: /home/nghiaphanbk/WeldingRobot_ws/install/moveit_ros_perception/share/moveit_ros_perception/cmake/ament_cmake_export_targets-extras.cmake
[3.514s] -- Up-to-date: /home/nghiaphanbk/WeldingRobot_ws/install/moveit_ros_perception/share/moveit_ros_perception/cmake/ament_cmake_export_dependencies-extras.cmake
[3.514s] -- Up-to-date: /home/nghiaphanbk/WeldingRobot_ws/install/moveit_ros_perception/share/moveit_ros_perception/cmake/moveit_ros_perceptionConfig.cmake
[3.514s] -- Up-to-date: /home/nghiaphanbk/WeldingRobot_ws/install/moveit_ros_perception/share/moveit_ros_perception/cmake/moveit_ros_perceptionConfig-version.cmake
[3.514s] -- Up-to-date: /home/nghiaphanbk/WeldingRobot_ws/install/moveit_ros_perception/share/moveit_ros_perception/package.xml
[3.522s] Invoked command in '/home/nghiaphanbk/WeldingRobot_ws/build/moveit_ros_perception' returned '0': CMAKE_PREFIX_PATH=/home/nghiaphanbk/WeldingRobot_ws/install/moveit_ros_planning:/home/nghiaphanbk/WeldingRobot_ws/install/moveit_ros_occupancy_map_monitor:/home/nghiaphanbk/WeldingRobot_ws/install/moveit_core:/home/nghiaphanbk/WeldingRobot_ws/install/srdfdom:/home/nghiaphanbk/WeldingRobot_ws/install/moveit_common:/home/nghiaphanbk/WeldingRobot_ws/install/pilz_industrial_motion_planner_testutils:/home/nghiaphanbk/WeldingRobot_ws/install/moveit_visual_tools:/home/nghiaphanbk/WeldingRobot_ws/install/moveit_ros_control_interface:/home/nghiaphanbk/WeldingRobot_ws/install/moveit_plugins:/home/nghiaphanbk/WeldingRobot_ws/install/moveit_simple_controller_manager:/home/nghiaphanbk/WeldingRobot_ws/install/moveit_ros_warehouse:/home/nghiaphanbk/WeldingRobot_ws/install/moveit_ros_robot_interaction:/home/nghiaphanbk/WeldingRobot_ws/install/moveit_ros_perception:/home/nghiaphanbk/WeldingRobot_ws/install/moveit_resources_prbt_ikfast_manipulator_plugin:/home/nghiaphanbk/WeldingRobot_ws/install/moveit_planners_chomp:/home/nghiaphanbk/WeldingRobot_ws/install/moveit_kinematics:/home/nghiaphanbk/WeldingRobot_ws/install/moveit_chomp_optimizer_adapter:/home/nghiaphanbk/WeldingRobot_ws/install/chomp_motion_planner:/home/nghiaphanbk/WeldingRobot_ws/install/rviz_marker_tools:/home/nghiaphanbk/WeldingRobot_ws/install/rosparam_shortcuts:/home/nghiaphanbk/WeldingRobot_ws/install/moveit_task_constructor_msgs:/home/nghiaphanbk/WeldingRobot_ws/install/moveit_resources_prbt_support:/home/nghiaphanbk/WeldingRobot_ws/install/moveit_resources:/home/nghiaphanbk/WeldingRobot_ws/install/moveit_resources_pr2_description:/home/nghiaphanbk/WeldingRobot_ws/install/moveit_resources_panda_moveit_config:/home/nghiaphanbk/WeldingRobot_ws/install/moveit_resources_panda_description:/home/nghiaphanbk/WeldingRobot_ws/install/moveit_resources_fanuc_moveit_config:/home/nghiaphanbk/WeldingRobot_ws/install/moveit_resources_fanuc_description:/home/nghiaphanbk/WeldingRobot_ws/install/moveit_configs_utils:/home/nghiaphanbk/WeldingRobot_ws/install/launch_param_builder:/home/nghiaphanbk/WeldingRobot_ws/install/Model_Robot:/home/nghiaphanbk/ros2_ws/install/my_robot_controller:/opt/ros/humble LD_LIBRARY_PATH=/home/nghiaphanbk/WeldingRobot_ws/install/moveit_ros_planning/lib:/home/nghiaphanbk/WeldingRobot_ws/install/moveit_ros_occupancy_map_monitor/lib:/home/nghiaphanbk/WeldingRobot_ws/install/moveit_core/lib:/home/nghiaphanbk/WeldingRobot_ws/install/srdfdom/lib:/home/nghiaphanbk/WeldingRobot_ws/install/pilz_industrial_motion_planner_testutils/lib:/home/nghiaphanbk/WeldingRobot_ws/install/moveit_visual_tools/lib:/home/nghiaphanbk/WeldingRobot_ws/install/moveit_ros_control_interface/lib:/home/nghiaphanbk/WeldingRobot_ws/install/moveit_simple_controller_manager/lib:/home/nghiaphanbk/WeldingRobot_ws/install/moveit_ros_warehouse/lib:/home/nghiaphanbk/WeldingRobot_ws/install/moveit_ros_robot_interaction/lib:/home/nghiaphanbk/WeldingRobot_ws/install/moveit_ros_perception/lib:/home/nghiaphanbk/WeldingRobot_ws/install/moveit_resources_prbt_ikfast_manipulator_plugin/lib:/home/nghiaphanbk/WeldingRobot_ws/install/moveit_planners_chomp/lib:/home/nghiaphanbk/WeldingRobot_ws/install/moveit_kinematics/lib:/home/nghiaphanbk/WeldingRobot_ws/install/moveit_chomp_optimizer_adapter/lib:/home/nghiaphanbk/WeldingRobot_ws/install/chomp_motion_planner/lib:/home/nghiaphanbk/WeldingRobot_ws/install/rviz_marker_tools/lib:/home/nghiaphanbk/WeldingRobot_ws/install/rosparam_shortcuts/lib:/home/nghiaphanbk/WeldingRobot_ws/install/moveit_task_constructor_msgs/lib:/opt/ros/humble/opt/rviz_ogre_vendor/lib:/opt/ros/humble/lib/x86_64-linux-gnu:/opt/ros/humble/lib /usr/bin/cmake --install /home/nghiaphanbk/WeldingRobot_ws/build/moveit_ros_perception
