[0.583s] Invoking command in '/home/nghiaphanbk/WeldingRobot_ws/src/Model_Robot': PYTHONPATH=/home/nghiaphanbk/WeldingRobot_ws/build/Model_Robot/prefix_override:/home/nghiaphanbk/WeldingRobot_ws/install/Model_Robot/lib/python3.10/site-packages:${PYTHONPATH} /usr/bin/python3 setup.py egg_info --egg-base ../../build/Model_Robot build --build-base /home/nghiaphanbk/WeldingRobot_ws/build/Model_Robot/build install --record /home/nghiaphanbk/WeldingRobot_ws/build/Model_Robot/install.log --single-version-externally-managed
[0.774s] running egg_info
[0.774s] writing ../../build/Model_Robot/Model_Robot.egg-info/PKG-INFO
[0.774s] writing dependency_links to ../../build/Model_Robot/Model_Robot.egg-info/dependency_links.txt
[0.774s] writing entry points to ../../build/Model_Robot/Model_Robot.egg-info/entry_points.txt
[0.774s] writing requirements to ../../build/Model_Robot/Model_Robot.egg-info/requires.txt
[0.774s] writing top-level names to ../../build/Model_Robot/Model_Robot.egg-info/top_level.txt
[0.775s] reading manifest file '../../build/Model_Robot/Model_Robot.egg-info/SOURCES.txt'
[0.776s] writing manifest file '../../build/Model_Robot/Model_Robot.egg-info/SOURCES.txt'
[0.776s] running build
[0.776s] running build_py
[0.776s] running install
[0.776s] running install_lib
[0.777s] running install_data
[0.777s] copying launch/display.launch.py -> /home/nghiaphanbk/WeldingRobot_ws/install/Model_Robot/share/Model_Robot/launch
[0.778s] running install_egg_info
[0.779s] removing '/home/nghiaphanbk/WeldingRobot_ws/install/Model_Robot/lib/python3.10/site-packages/Model_Robot-0.0.0-py3.10.egg-info' (and everything under it)
[0.779s] Copying ../../build/Model_Robot/Model_Robot.egg-info to /home/nghiaphanbk/WeldingRobot_ws/install/Model_Robot/lib/python3.10/site-packages/Model_Robot-0.0.0-py3.10.egg-info
[0.779s] running install_scripts
[0.794s] writing list of installed files to '/home/nghiaphanbk/WeldingRobot_ws/build/Model_Robot/install.log'
[0.810s] Invoked command in '/home/nghiaphanbk/WeldingRobot_ws/src/Model_Robot' returned '0': PYTHONPATH=/home/nghiaphanbk/WeldingRobot_ws/build/Model_Robot/prefix_override:/home/nghiaphanbk/WeldingRobot_ws/install/Model_Robot/lib/python3.10/site-packages:${PYTHONPATH} /usr/bin/python3 setup.py egg_info --egg-base ../../build/Model_Robot build --build-base /home/nghiaphanbk/WeldingRobot_ws/build/Model_Robot/build install --record /home/nghiaphanbk/WeldingRobot_ws/build/Model_Robot/install.log --single-version-externally-managed
