[0.701s] Invoking command in '/home/nghiaphanbk/WeldingRobot_ws/build/moveit_msgs': CMAKE_PREFIX_PATH=/home/nghiaphanbk/WeldingRobot_ws/install/Model_Robot:/home/nghiaphanbk/ros2_ws/install/my_robot_controller:/opt/ros/humble /usr/bin/cmake /home/nghiaphanbk/WeldingRobot_ws/src/moveit_msgs -DCMAKE_BUILD_TYPE=Release -DCMAKE_INSTALL_PREFIX=/home/nghiaphanbk/WeldingRobot_ws/install/moveit_msgs
[1.470s] -- The C compiler identification is GNU 11.4.0
[1.472s] -- The CXX compiler identification is GNU 11.4.0
[1.472s] -- Detecting C compiler ABI info
[1.472s] -- Detecting C compiler ABI info - done
[1.473s] -- Check for working C compiler: /usr/bin/cc - skipped
[1.474s] -- Detecting C compile features
[1.475s] -- Detecting C compile features - done
[1.475s] -- Detecting CXX compiler ABI info
[1.476s] -- Detecting CXX compiler ABI info - done
[1.476s] -- Check for working CXX compiler: /usr/bin/c++ - skipped
[1.476s] -- Detecting CXX compile features
[1.476s] -- Detecting CXX compile features - done
[1.476s] -- Found ament_cmake: 1.3.5 (/opt/ros/humble/share/ament_cmake/cmake)
[1.476s] -- Found Python3: /usr/bin/python3.10 (found version "3.10.12") found components: Interpreter 
[1.477s] -- Found rosidl_default_generators: 1.2.0 (/opt/ros/humble/share/rosidl_default_generators/cmake)
[1.477s] -- Using all available rosidl_typesupport_c: rosidl_typesupport_fastrtps_c;rosidl_typesupport_introspection_c
[1.477s] -- Found rosidl_adapter: 3.1.5 (/opt/ros/humble/share/rosidl_adapter/cmake)
[1.477s] -- Using all available rosidl_typesupport_cpp: rosidl_typesupport_fastrtps_cpp;rosidl_typesupport_introspection_cpp
[1.477s] -- Found action_msgs: 1.2.1 (/opt/ros/humble/share/action_msgs/cmake)
[1.477s] -- Found std_msgs: 4.2.3 (/opt/ros/humble/share/std_msgs/cmake)
[1.517s] -- Found geometry_msgs: 4.2.3 (/opt/ros/humble/share/geometry_msgs/cmake)
[1.598s] -- Found sensor_msgs: 4.2.3 (/opt/ros/humble/share/sensor_msgs/cmake)
[1.712s] -- Found shape_msgs: 4.2.3 (/opt/ros/humble/share/shape_msgs/cmake)
[1.774s] [31mCMake Error at CMakeLists.txt:24 (find_package):
[1.774s]   By not providing "Findobject_recognition_msgs.cmake" in CMAKE_MODULE_PATH
[1.774s]   this project has asked CMake to find a package configuration file provided
[1.774s]   by "object_recognition_msgs", but CMake did not find one.
[1.775s] 
[1.775s]   Could not find a package configuration file provided by
[1.775s]   "object_recognition_msgs" with any of the following names:
[1.775s] 
[1.775s]     object_recognition_msgsConfig.cmake
[1.775s]     object_recognition_msgs-config.cmake
[1.775s] 
[1.775s]   Add the installation prefix of "object_recognition_msgs" to
[1.775s]   CMAKE_PREFIX_PATH or set "object_recognition_msgs_DIR" to a directory
[1.775s]   containing one of the above files.  If "object_recognition_msgs" provides a
[1.775s]   separate development package or SDK, be sure it has been installed.
[1.775s] 
[1.775s] [0m
[1.775s] -- Configuring incomplete, errors occurred!
[1.775s] See also "/home/nghiaphanbk/WeldingRobot_ws/build/moveit_msgs/CMakeFiles/CMakeOutput.log".
[1.881s] Invoked command in '/home/nghiaphanbk/WeldingRobot_ws/build/moveit_msgs' returned '1': CMAKE_PREFIX_PATH=/home/nghiaphanbk/WeldingRobot_ws/install/Model_Robot:/home/nghiaphanbk/ros2_ws/install/my_robot_controller:/opt/ros/humble /usr/bin/cmake /home/nghiaphanbk/WeldingRobot_ws/src/moveit_msgs -DCMAKE_BUILD_TYPE=Release -DCMAKE_INSTALL_PREFIX=/home/nghiaphanbk/WeldingRobot_ws/install/moveit_msgs
