[0.269s] Invoking command in '/home/nghiaphanbk/WeldingRobot_ws/build/moveit_resources_panda_moveit_config': AMENT_PREFIX_PATH=/home/nghiaphanbk/WeldingRobot_ws/install/moveit_resources_panda_description:${AMENT_PREFIX_PATH} CMAKE_PREFIX_PATH=/home/nghiaphanbk/WeldingRobot_ws/install/moveit_resources_panda_description:/home/nghiaphanbk/WeldingRobot_ws/install/Model_Robot:/home/nghiaphanbk/ros2_ws/install/my_robot_controller:/opt/ros/humble /usr/bin/cmake /home/nghiaphanbk/WeldingRobot_ws/src/moveit_resources/panda_moveit_config -DCMAKE_BUILD_TYPE=Release -DCMAKE_INSTALL_PREFIX=/home/nghiaphanbk/WeldingRobot_ws/install/moveit_resources_panda_moveit_config
[0.365s] -- The C compiler identification is GNU 11.4.0
[0.406s] -- The CXX compiler identification is GNU 11.4.0
[0.415s] -- Detecting C compiler ABI info
[0.541s] -- Detecting C compiler ABI info - done
[0.557s] -- Check for working C compiler: /usr/bin/cc - skipped
[0.558s] -- Detecting C compile features
[0.559s] -- Detecting C compile features - done
[0.564s] -- Detecting CXX compiler ABI info
[0.653s] -- Detecting CXX compiler ABI info - done
[0.662s] -- Check for working CXX compiler: /usr/bin/c++ - skipped
[0.663s] -- Detecting CXX compile features
[0.663s] -- Detecting CXX compile features - done
[0.666s] -- Found ament_cmake: 1.3.5 (/opt/ros/humble/share/ament_cmake/cmake)
[0.879s] -- Found Python3: /usr/bin/python3.10 (found version "3.10.12") found components: Interpreter 
[1.042s] -- Configuring done
[1.045s] -- Generating done
[1.046s] -- Build files have been written to: /home/nghiaphanbk/WeldingRobot_ws/build/moveit_resources_panda_moveit_config
[1.052s] Invoked command in '/home/nghiaphanbk/WeldingRobot_ws/build/moveit_resources_panda_moveit_config' returned '0': AMENT_PREFIX_PATH=/home/nghiaphanbk/WeldingRobot_ws/install/moveit_resources_panda_description:${AMENT_PREFIX_PATH} CMAKE_PREFIX_PATH=/home/nghiaphanbk/WeldingRobot_ws/install/moveit_resources_panda_description:/home/nghiaphanbk/WeldingRobot_ws/install/Model_Robot:/home/nghiaphanbk/ros2_ws/install/my_robot_controller:/opt/ros/humble /usr/bin/cmake /home/nghiaphanbk/WeldingRobot_ws/src/moveit_resources/panda_moveit_config -DCMAKE_BUILD_TYPE=Release -DCMAKE_INSTALL_PREFIX=/home/nghiaphanbk/WeldingRobot_ws/install/moveit_resources_panda_moveit_config
[1.053s] Invoking command in '/home/nghiaphanbk/WeldingRobot_ws/build/moveit_resources_panda_moveit_config': AMENT_PREFIX_PATH=/home/nghiaphanbk/WeldingRobot_ws/install/moveit_resources_panda_description:${AMENT_PREFIX_PATH} CMAKE_PREFIX_PATH=/home/nghiaphanbk/WeldingRobot_ws/install/moveit_resources_panda_description:/home/nghiaphanbk/WeldingRobot_ws/install/Model_Robot:/home/nghiaphanbk/ros2_ws/install/my_robot_controller:/opt/ros/humble /usr/bin/cmake --build /home/nghiaphanbk/WeldingRobot_ws/build/moveit_resources_panda_moveit_config -- -j12 -l12
[1.098s] Invoked command in '/home/nghiaphanbk/WeldingRobot_ws/build/moveit_resources_panda_moveit_config' returned '0': AMENT_PREFIX_PATH=/home/nghiaphanbk/WeldingRobot_ws/install/moveit_resources_panda_description:${AMENT_PREFIX_PATH} CMAKE_PREFIX_PATH=/home/nghiaphanbk/WeldingRobot_ws/install/moveit_resources_panda_description:/home/nghiaphanbk/WeldingRobot_ws/install/Model_Robot:/home/nghiaphanbk/ros2_ws/install/my_robot_controller:/opt/ros/humble /usr/bin/cmake --build /home/nghiaphanbk/WeldingRobot_ws/build/moveit_resources_panda_moveit_config -- -j12 -l12
[1.119s] Invoking command in '/home/nghiaphanbk/WeldingRobot_ws/build/moveit_resources_panda_moveit_config': AMENT_PREFIX_PATH=/home/nghiaphanbk/WeldingRobot_ws/install/moveit_resources_panda_description:${AMENT_PREFIX_PATH} CMAKE_PREFIX_PATH=/home/nghiaphanbk/WeldingRobot_ws/install/moveit_resources_panda_description:/home/nghiaphanbk/WeldingRobot_ws/install/Model_Robot:/home/nghiaphanbk/ros2_ws/install/my_robot_controller:/opt/ros/humble /usr/bin/cmake --install /home/nghiaphanbk/WeldingRobot_ws/build/moveit_resources_panda_moveit_config
[1.127s] -- Install configuration: "Release"
[1.127s] -- Installing: /home/nghiaphanbk/WeldingRobot_ws/install/moveit_resources_panda_moveit_config/share/ament_index/resource_index/package_run_dependencies/moveit_resources_panda_moveit_config
[1.128s] -- Installing: /home/nghiaphanbk/WeldingRobot_ws/install/moveit_resources_panda_moveit_config/share/ament_index/resource_index/parent_prefix_path/moveit_resources_panda_moveit_config
[1.128s] -- Installing: /home/nghiaphanbk/WeldingRobot_ws/install/moveit_resources_panda_moveit_config/share/moveit_resources_panda_moveit_config/environment/ament_prefix_path.sh
[1.128s] -- Installing: /home/nghiaphanbk/WeldingRobot_ws/install/moveit_resources_panda_moveit_config/share/moveit_resources_panda_moveit_config/environment/ament_prefix_path.dsv
[1.128s] -- Installing: /home/nghiaphanbk/WeldingRobot_ws/install/moveit_resources_panda_moveit_config/share/moveit_resources_panda_moveit_config/environment/path.sh
[1.128s] -- Installing: /home/nghiaphanbk/WeldingRobot_ws/install/moveit_resources_panda_moveit_config/share/moveit_resources_panda_moveit_config/environment/path.dsv
[1.128s] -- Installing: /home/nghiaphanbk/WeldingRobot_ws/install/moveit_resources_panda_moveit_config/share/moveit_resources_panda_moveit_config/local_setup.bash
[1.128s] -- Installing: /home/nghiaphanbk/WeldingRobot_ws/install/moveit_resources_panda_moveit_config/share/moveit_resources_panda_moveit_config/local_setup.sh
[1.129s] -- Installing: /home/nghiaphanbk/WeldingRobot_ws/install/moveit_resources_panda_moveit_config/share/moveit_resources_panda_moveit_config/local_setup.zsh
[1.129s] -- Installing: /home/nghiaphanbk/WeldingRobot_ws/install/moveit_resources_panda_moveit_config/share/moveit_resources_panda_moveit_config/local_setup.dsv
[1.129s] -- Installing: /home/nghiaphanbk/WeldingRobot_ws/install/moveit_resources_panda_moveit_config/share/moveit_resources_panda_moveit_config/package.dsv
[1.129s] -- Installing: /home/nghiaphanbk/WeldingRobot_ws/install/moveit_resources_panda_moveit_config/share/ament_index/resource_index/packages/moveit_resources_panda_moveit_config
[1.129s] -- Installing: /home/nghiaphanbk/WeldingRobot_ws/install/moveit_resources_panda_moveit_config/share/moveit_resources_panda_moveit_config/cmake/moveit_resources_panda_moveit_configConfig.cmake
[1.129s] -- Installing: /home/nghiaphanbk/WeldingRobot_ws/install/moveit_resources_panda_moveit_config/share/moveit_resources_panda_moveit_config/cmake/moveit_resources_panda_moveit_configConfig-version.cmake
[1.129s] -- Installing: /home/nghiaphanbk/WeldingRobot_ws/install/moveit_resources_panda_moveit_config/share/moveit_resources_panda_moveit_config/package.xml
[1.130s] -- Installing: /home/nghiaphanbk/WeldingRobot_ws/install/moveit_resources_panda_moveit_config/share/moveit_resources_panda_moveit_config/launch
[1.130s] -- Installing: /home/nghiaphanbk/WeldingRobot_ws/install/moveit_resources_panda_moveit_config/share/moveit_resources_panda_moveit_config/launch/demo.launch.py
[1.130s] -- Installing: /home/nghiaphanbk/WeldingRobot_ws/install/moveit_resources_panda_moveit_config/share/moveit_resources_panda_moveit_config/launch/moveit_rviz.launch.py
[1.130s] -- Installing: /home/nghiaphanbk/WeldingRobot_ws/install/moveit_resources_panda_moveit_config/share/moveit_resources_panda_moveit_config/launch/moveit_empty.rviz
[1.130s] -- Installing: /home/nghiaphanbk/WeldingRobot_ws/install/moveit_resources_panda_moveit_config/share/moveit_resources_panda_moveit_config/launch/moveit.rviz
[1.130s] -- Installing: /home/nghiaphanbk/WeldingRobot_ws/install/moveit_resources_panda_moveit_config/share/moveit_resources_panda_moveit_config/config
[1.130s] -- Installing: /home/nghiaphanbk/WeldingRobot_ws/install/moveit_resources_panda_moveit_config/share/moveit_resources_panda_moveit_config/config/panda_hand.ros2_control.xacro
[1.131s] -- Installing: /home/nghiaphanbk/WeldingRobot_ws/install/moveit_resources_panda_moveit_config/share/moveit_resources_panda_moveit_config/config/chomp_planning.yaml
[1.131s] -- Installing: /home/nghiaphanbk/WeldingRobot_ws/install/moveit_resources_panda_moveit_config/share/moveit_resources_panda_moveit_config/config/pilz_cartesian_limits.yaml
[1.131s] -- Installing: /home/nghiaphanbk/WeldingRobot_ws/install/moveit_resources_panda_moveit_config/share/moveit_resources_panda_moveit_config/config/moveit_controllers.yaml
[1.131s] -- Installing: /home/nghiaphanbk/WeldingRobot_ws/install/moveit_resources_panda_moveit_config/share/moveit_resources_panda_moveit_config/config/gripper_moveit_controllers.yaml
[1.131s] -- Installing: /home/nghiaphanbk/WeldingRobot_ws/install/moveit_resources_panda_moveit_config/share/moveit_resources_panda_moveit_config/config/panda_arm.srdf.xacro
[1.131s] -- Installing: /home/nghiaphanbk/WeldingRobot_ws/install/moveit_resources_panda_moveit_config/share/moveit_resources_panda_moveit_config/config/pilz_industrial_motion_planner_planning.yaml
[1.131s] -- Installing: /home/nghiaphanbk/WeldingRobot_ws/install/moveit_resources_panda_moveit_config/share/moveit_resources_panda_moveit_config/config/ompl_planning.yaml
[1.131s] -- Installing: /home/nghiaphanbk/WeldingRobot_ws/install/moveit_resources_panda_moveit_config/share/moveit_resources_panda_moveit_config/config/hand.xacro
[1.132s] -- Installing: /home/nghiaphanbk/WeldingRobot_ws/install/moveit_resources_panda_moveit_config/share/moveit_resources_panda_moveit_config/config/panda.ros2_control.xacro
[1.132s] -- Installing: /home/nghiaphanbk/WeldingRobot_ws/install/moveit_resources_panda_moveit_config/share/moveit_resources_panda_moveit_config/config/panda_arm.xacro
[1.132s] -- Installing: /home/nghiaphanbk/WeldingRobot_ws/install/moveit_resources_panda_moveit_config/share/moveit_resources_panda_moveit_config/config/lerp_planning.yaml
[1.132s] -- Installing: /home/nghiaphanbk/WeldingRobot_ws/install/moveit_resources_panda_moveit_config/share/moveit_resources_panda_moveit_config/config/sensors_kinect_pointcloud.yaml
[1.132s] -- Installing: /home/nghiaphanbk/WeldingRobot_ws/install/moveit_resources_panda_moveit_config/share/moveit_resources_panda_moveit_config/config/panda.srdf
[1.132s] -- Installing: /home/nghiaphanbk/WeldingRobot_ws/install/moveit_resources_panda_moveit_config/share/moveit_resources_panda_moveit_config/config/trajopt_planning.yaml
[1.132s] -- Installing: /home/nghiaphanbk/WeldingRobot_ws/install/moveit_resources_panda_moveit_config/share/moveit_resources_panda_moveit_config/config/ros2_controllers.yaml
[1.132s] -- Installing: /home/nghiaphanbk/WeldingRobot_ws/install/moveit_resources_panda_moveit_config/share/moveit_resources_panda_moveit_config/config/initial_positions.yaml
[1.133s] -- Installing: /home/nghiaphanbk/WeldingRobot_ws/install/moveit_resources_panda_moveit_config/share/moveit_resources_panda_moveit_config/config/panda.urdf.xacro
[1.133s] -- Installing: /home/nghiaphanbk/WeldingRobot_ws/install/moveit_resources_panda_moveit_config/share/moveit_resources_panda_moveit_config/config/panda_arm_hand.srdf.xacro
[1.133s] -- Installing: /home/nghiaphanbk/WeldingRobot_ws/install/moveit_resources_panda_moveit_config/share/moveit_resources_panda_moveit_config/config/sensors_kinect_depthmap.yaml
[1.133s] -- Installing: /home/nghiaphanbk/WeldingRobot_ws/install/moveit_resources_panda_moveit_config/share/moveit_resources_panda_moveit_config/config/joint_limits.yaml
[1.133s] -- Installing: /home/nghiaphanbk/WeldingRobot_ws/install/moveit_resources_panda_moveit_config/share/moveit_resources_panda_moveit_config/config/kinematics.yaml
[1.133s] -- Installing: /home/nghiaphanbk/WeldingRobot_ws/install/moveit_resources_panda_moveit_config/share/moveit_resources_panda_moveit_config/.setup_assistant
[1.135s] Invoked command in '/home/nghiaphanbk/WeldingRobot_ws/build/moveit_resources_panda_moveit_config' returned '0': AMENT_PREFIX_PATH=/home/nghiaphanbk/WeldingRobot_ws/install/moveit_resources_panda_description:${AMENT_PREFIX_PATH} CMAKE_PREFIX_PATH=/home/nghiaphanbk/WeldingRobot_ws/install/moveit_resources_panda_description:/home/nghiaphanbk/WeldingRobot_ws/install/Model_Robot:/home/nghiaphanbk/ros2_ws/install/my_robot_controller:/opt/ros/humble /usr/bin/cmake --install /home/nghiaphanbk/WeldingRobot_ws/build/moveit_resources_panda_moveit_config
