[0.307s] Invoking command in '/home/nghiaphanbk/WeldingRobot_ws/build/moveit_planners_chomp': AMENT_PREFIX_PATH=/home/nghiaphanbk/WeldingRobot_ws/install/chomp_motion_planner:/home/nghiaphanbk/WeldingRobot_ws/install/moveit_core:/home/nghiaphanbk/WeldingRobot_ws/install/srdfdom:/home/nghiaphanbk/WeldingRobot_ws/install/moveit_common:${AMENT_PREFIX_PATH} CMAKE_PREFIX_PATH=/home/nghiaphanbk/WeldingRobot_ws/install/chomp_motion_planner:/home/nghiaphanbk/WeldingRobot_ws/install/moveit_core:/home/nghiaphanbk/WeldingRobot_ws/install/srdfdom:/home/nghiaphanbk/WeldingRobot_ws/install/moveit_common:/home/nghiaphanbk/WeldingRobot_ws/install/Model_Robot:/home/nghiaphanbk/ros2_ws/install/my_robot_controller:/opt/ros/humble LD_LIBRARY_PATH=/home/nghiaphanbk/WeldingRobot_ws/install/chomp_motion_planner/lib:/home/nghiaphanbk/WeldingRobot_ws/install/moveit_core/lib:/home/nghiaphanbk/WeldingRobot_ws/install/srdfdom/lib:${LD_LIBRARY_PATH} PATH=/home/nghiaphanbk/WeldingRobot_ws/install/moveit_core/bin:${PATH} PYTHONPATH=/home/nghiaphanbk/WeldingRobot_ws/install/srdfdom/local/lib/python3.10/dist-packages:${PYTHONPATH} /usr/bin/cmake --build /home/nghiaphanbk/WeldingRobot_ws/build/moveit_planners_chomp -- -j12 -l12
[0.338s] [35m[1mConsolidate compiler generated dependencies of target moveit_chomp_interface[0m
[0.357s] [ 60%] Built target moveit_chomp_interface
[0.367s] [35m[1mConsolidate compiler generated dependencies of target moveit_chomp_planner_plugin[0m
[0.386s] [100%] Built target moveit_chomp_planner_plugin
[0.525s] Invoked command in '/home/nghiaphanbk/WeldingRobot_ws/build/moveit_planners_chomp' returned '0': AMENT_PREFIX_PATH=/home/nghiaphanbk/WeldingRobot_ws/install/chomp_motion_planner:/home/nghiaphanbk/WeldingRobot_ws/install/moveit_core:/home/nghiaphanbk/WeldingRobot_ws/install/srdfdom:/home/nghiaphanbk/WeldingRobot_ws/install/moveit_common:${AMENT_PREFIX_PATH} CMAKE_PREFIX_PATH=/home/nghiaphanbk/WeldingRobot_ws/install/chomp_motion_planner:/home/nghiaphanbk/WeldingRobot_ws/install/moveit_core:/home/nghiaphanbk/WeldingRobot_ws/install/srdfdom:/home/nghiaphanbk/WeldingRobot_ws/install/moveit_common:/home/nghiaphanbk/WeldingRobot_ws/install/Model_Robot:/home/nghiaphanbk/ros2_ws/install/my_robot_controller:/opt/ros/humble LD_LIBRARY_PATH=/home/nghiaphanbk/WeldingRobot_ws/install/chomp_motion_planner/lib:/home/nghiaphanbk/WeldingRobot_ws/install/moveit_core/lib:/home/nghiaphanbk/WeldingRobot_ws/install/srdfdom/lib:${LD_LIBRARY_PATH} PATH=/home/nghiaphanbk/WeldingRobot_ws/install/moveit_core/bin:${PATH} PYTHONPATH=/home/nghiaphanbk/WeldingRobot_ws/install/srdfdom/local/lib/python3.10/dist-packages:${PYTHONPATH} /usr/bin/cmake --build /home/nghiaphanbk/WeldingRobot_ws/build/moveit_planners_chomp -- -j12 -l12
[0.597s] Invoking command in '/home/nghiaphanbk/WeldingRobot_ws/build/moveit_planners_chomp': AMENT_PREFIX_PATH=/home/nghiaphanbk/WeldingRobot_ws/install/chomp_motion_planner:/home/nghiaphanbk/WeldingRobot_ws/install/moveit_core:/home/nghiaphanbk/WeldingRobot_ws/install/srdfdom:/home/nghiaphanbk/WeldingRobot_ws/install/moveit_common:${AMENT_PREFIX_PATH} CMAKE_PREFIX_PATH=/home/nghiaphanbk/WeldingRobot_ws/install/chomp_motion_planner:/home/nghiaphanbk/WeldingRobot_ws/install/moveit_core:/home/nghiaphanbk/WeldingRobot_ws/install/srdfdom:/home/nghiaphanbk/WeldingRobot_ws/install/moveit_common:/home/nghiaphanbk/WeldingRobot_ws/install/Model_Robot:/home/nghiaphanbk/ros2_ws/install/my_robot_controller:/opt/ros/humble LD_LIBRARY_PATH=/home/nghiaphanbk/WeldingRobot_ws/install/chomp_motion_planner/lib:/home/nghiaphanbk/WeldingRobot_ws/install/moveit_core/lib:/home/nghiaphanbk/WeldingRobot_ws/install/srdfdom/lib:${LD_LIBRARY_PATH} PATH=/home/nghiaphanbk/WeldingRobot_ws/install/moveit_core/bin:${PATH} PYTHONPATH=/home/nghiaphanbk/WeldingRobot_ws/install/srdfdom/local/lib/python3.10/dist-packages:${PYTHONPATH} /usr/bin/cmake --install /home/nghiaphanbk/WeldingRobot_ws/build/moveit_planners_chomp
[0.674s] -- Install configuration: "Release"
[0.674s] -- Up-to-date: /home/nghiaphanbk/WeldingRobot_ws/install/moveit_planners_chomp/lib/libmoveit_chomp_interface.so.2.5.5
[0.674s] -- Up-to-date: /home/nghiaphanbk/WeldingRobot_ws/install/moveit_planners_chomp/lib/libmoveit_chomp_interface.so
[0.674s] -- Up-to-date: /home/nghiaphanbk/WeldingRobot_ws/install/moveit_planners_chomp/lib/libmoveit_chomp_planner_plugin.so
[0.675s] -- Up-to-date: /home/nghiaphanbk/WeldingRobot_ws/install/moveit_planners_chomp/share/moveit_planners_chomp/environment/library_path.sh
[0.675s] -- Up-to-date: /home/nghiaphanbk/WeldingRobot_ws/install/moveit_planners_chomp/share/moveit_planners_chomp/environment/library_path.dsv
[0.675s] -- Up-to-date: /home/nghiaphanbk/WeldingRobot_ws/install/moveit_planners_chomp/share/moveit_planners_chomp/chomp_interface_plugin_description.xml
[0.675s] -- Up-to-date: /home/nghiaphanbk/WeldingRobot_ws/install/moveit_planners_chomp/share/ament_index/resource_index/package_run_dependencies/moveit_planners_chomp
[0.675s] -- Up-to-date: /home/nghiaphanbk/WeldingRobot_ws/install/moveit_planners_chomp/share/ament_index/resource_index/parent_prefix_path/moveit_planners_chomp
[0.675s] -- Up-to-date: /home/nghiaphanbk/WeldingRobot_ws/install/moveit_planners_chomp/share/moveit_planners_chomp/environment/ament_prefix_path.sh
[0.675s] -- Up-to-date: /home/nghiaphanbk/WeldingRobot_ws/install/moveit_planners_chomp/share/moveit_planners_chomp/environment/ament_prefix_path.dsv
[0.675s] -- Up-to-date: /home/nghiaphanbk/WeldingRobot_ws/install/moveit_planners_chomp/share/moveit_planners_chomp/environment/path.sh
[0.675s] -- Up-to-date: /home/nghiaphanbk/WeldingRobot_ws/install/moveit_planners_chomp/share/moveit_planners_chomp/environment/path.dsv
[0.675s] -- Up-to-date: /home/nghiaphanbk/WeldingRobot_ws/install/moveit_planners_chomp/share/moveit_planners_chomp/local_setup.bash
[0.675s] -- Up-to-date: /home/nghiaphanbk/WeldingRobot_ws/install/moveit_planners_chomp/share/moveit_planners_chomp/local_setup.sh
[0.675s] -- Up-to-date: /home/nghiaphanbk/WeldingRobot_ws/install/moveit_planners_chomp/share/moveit_planners_chomp/local_setup.zsh
[0.675s] -- Up-to-date: /home/nghiaphanbk/WeldingRobot_ws/install/moveit_planners_chomp/share/moveit_planners_chomp/local_setup.dsv
[0.675s] -- Installing: /home/nghiaphanbk/WeldingRobot_ws/install/moveit_planners_chomp/share/moveit_planners_chomp/package.dsv
[0.675s] -- Up-to-date: /home/nghiaphanbk/WeldingRobot_ws/install/moveit_planners_chomp/share/ament_index/resource_index/packages/moveit_planners_chomp
[0.675s] -- Up-to-date: /home/nghiaphanbk/WeldingRobot_ws/install/moveit_planners_chomp/share/ament_index/resource_index/moveit_core__pluginlib__plugin/moveit_planners_chomp
[0.676s] -- Up-to-date: /home/nghiaphanbk/WeldingRobot_ws/install/moveit_planners_chomp/share/moveit_planners_chomp/cmake/moveit_planners_chompTargetsExport.cmake
[0.676s] -- Up-to-date: /home/nghiaphanbk/WeldingRobot_ws/install/moveit_planners_chomp/share/moveit_planners_chomp/cmake/moveit_planners_chompTargetsExport-release.cmake
[0.676s] -- Up-to-date: /home/nghiaphanbk/WeldingRobot_ws/install/moveit_planners_chomp/share/moveit_planners_chomp/cmake/ament_cmake_export_targets-extras.cmake
[0.676s] -- Up-to-date: /home/nghiaphanbk/WeldingRobot_ws/install/moveit_planners_chomp/share/moveit_planners_chomp/cmake/ament_cmake_export_dependencies-extras.cmake
[0.676s] -- Up-to-date: /home/nghiaphanbk/WeldingRobot_ws/install/moveit_planners_chomp/share/moveit_planners_chomp/cmake/moveit_planners_chompConfig.cmake
[0.676s] -- Up-to-date: /home/nghiaphanbk/WeldingRobot_ws/install/moveit_planners_chomp/share/moveit_planners_chomp/cmake/moveit_planners_chompConfig-version.cmake
[0.676s] -- Up-to-date: /home/nghiaphanbk/WeldingRobot_ws/install/moveit_planners_chomp/share/moveit_planners_chomp/package.xml
[0.753s] Invoked command in '/home/nghiaphanbk/WeldingRobot_ws/build/moveit_planners_chomp' returned '0': AMENT_PREFIX_PATH=/home/nghiaphanbk/WeldingRobot_ws/install/chomp_motion_planner:/home/nghiaphanbk/WeldingRobot_ws/install/moveit_core:/home/nghiaphanbk/WeldingRobot_ws/install/srdfdom:/home/nghiaphanbk/WeldingRobot_ws/install/moveit_common:${AMENT_PREFIX_PATH} CMAKE_PREFIX_PATH=/home/nghiaphanbk/WeldingRobot_ws/install/chomp_motion_planner:/home/nghiaphanbk/WeldingRobot_ws/install/moveit_core:/home/nghiaphanbk/WeldingRobot_ws/install/srdfdom:/home/nghiaphanbk/WeldingRobot_ws/install/moveit_common:/home/nghiaphanbk/WeldingRobot_ws/install/Model_Robot:/home/nghiaphanbk/ros2_ws/install/my_robot_controller:/opt/ros/humble LD_LIBRARY_PATH=/home/nghiaphanbk/WeldingRobot_ws/install/chomp_motion_planner/lib:/home/nghiaphanbk/WeldingRobot_ws/install/moveit_core/lib:/home/nghiaphanbk/WeldingRobot_ws/install/srdfdom/lib:${LD_LIBRARY_PATH} PATH=/home/nghiaphanbk/WeldingRobot_ws/install/moveit_core/bin:${PATH} PYTHONPATH=/home/nghiaphanbk/WeldingRobot_ws/install/srdfdom/local/lib/python3.10/dist-packages:${PYTHONPATH} /usr/bin/cmake --install /home/nghiaphanbk/WeldingRobot_ws/build/moveit_planners_chomp
