running egg_info
creating ../build/Model_Robot/Model_Robot.egg-info
writing ../build/Model_Robot/Model_Robot.egg-info/PKG-INFO
writing dependency_links to ../build/Model_Robot/Model_Robot.egg-info/dependency_links.txt
writing entry points to ../build/Model_Robot/Model_Robot.egg-info/entry_points.txt
writing requirements to ../build/Model_Robot/Model_Robot.egg-info/requires.txt
writing top-level names to ../build/Model_Robot/Model_Robot.egg-info/top_level.txt
writing manifest file '../build/Model_Robot/Model_Robot.egg-info/SOURCES.txt'
reading manifest file '../build/Model_Robot/Model_Robot.egg-info/SOURCES.txt'
writing manifest file '../build/Model_Robot/Model_Robot.egg-info/SOURCES.txt'
running build
running build_py
creating /home/nghiaphanbk/WeldingRobot_ws/src/build/Model_Robot/build
creating /home/nghiaphanbk/WeldingRobot_ws/src/build/Model_Robot/build/lib
creating /home/nghiaphanbk/WeldingRobot_ws/src/build/Model_Robot/build/lib/Model_Robot
copying Model_Robot/__init__.py -> /home/nghiaphanbk/WeldingRobot_ws/src/build/Model_Robot/build/lib/Model_Robot
running install
running install_lib
creating /home/nghiaphanbk/WeldingRobot_ws/src/install/Model_Robot/lib/python3.10/site-packages/Model_Robot
copying /home/nghiaphanbk/WeldingRobot_ws/src/build/Model_Robot/build/lib/Model_Robot/__init__.py -> /home/nghiaphanbk/WeldingRobot_ws/src/install/Model_Robot/lib/python3.10/site-packages/Model_Robot
byte-compiling /home/nghiaphanbk/WeldingRobot_ws/src/install/Model_Robot/lib/python3.10/site-packages/Model_Robot/__init__.py to __init__.cpython-310.pyc
running install_data
creating /home/nghiaphanbk/WeldingRobot_ws/src/install/Model_Robot/share/ament_index
creating /home/nghiaphanbk/WeldingRobot_ws/src/install/Model_Robot/share/ament_index/resource_index
creating /home/nghiaphanbk/WeldingRobot_ws/src/install/Model_Robot/share/ament_index/resource_index/packages
copying resource/Model_Robot -> /home/nghiaphanbk/WeldingRobot_ws/src/install/Model_Robot/share/ament_index/resource_index/packages
copying package.xml -> /home/nghiaphanbk/WeldingRobot_ws/src/install/Model_Robot/share/Model_Robot
creating /home/nghiaphanbk/WeldingRobot_ws/src/install/Model_Robot/share/Model_Robot/urdf
copying urdf/welding_robot.urdf -> /home/nghiaphanbk/WeldingRobot_ws/src/install/Model_Robot/share/Model_Robot/urdf
copying urdf/welding_robot1.urdf -> /home/nghiaphanbk/WeldingRobot_ws/src/install/Model_Robot/share/Model_Robot/urdf
creating /home/nghiaphanbk/WeldingRobot_ws/src/install/Model_Robot/share/Model_Robot/launch
copying launch/gazebo.launch.py -> /home/nghiaphanbk/WeldingRobot_ws/src/install/Model_Robot/share/Model_Robot/launch
copying launch/display.launch.py -> /home/nghiaphanbk/WeldingRobot_ws/src/install/Model_Robot/share/Model_Robot/launch
creating /home/nghiaphanbk/WeldingRobot_ws/src/install/Model_Robot/share/Model_Robot/meshes
copying meshes/link_6.STL -> /home/nghiaphanbk/WeldingRobot_ws/src/install/Model_Robot/share/Model_Robot/meshes
copying meshes/Gun_welding.STL -> /home/nghiaphanbk/WeldingRobot_ws/src/install/Model_Robot/share/Model_Robot/meshes
copying meshes/link_5.STL -> /home/nghiaphanbk/WeldingRobot_ws/src/install/Model_Robot/share/Model_Robot/meshes
copying meshes/link_4.STL -> /home/nghiaphanbk/WeldingRobot_ws/src/install/Model_Robot/share/Model_Robot/meshes
copying meshes/link_3.STL -> /home/nghiaphanbk/WeldingRobot_ws/src/install/Model_Robot/share/Model_Robot/meshes
copying meshes/link_1.STL -> /home/nghiaphanbk/WeldingRobot_ws/src/install/Model_Robot/share/Model_Robot/meshes
copying meshes/base_link.STL -> /home/nghiaphanbk/WeldingRobot_ws/src/install/Model_Robot/share/Model_Robot/meshes
copying meshes/link_2.STL -> /home/nghiaphanbk/WeldingRobot_ws/src/install/Model_Robot/share/Model_Robot/meshes
creating /home/nghiaphanbk/WeldingRobot_ws/src/install/Model_Robot/share/Model_Robot/worlds
running install_egg_info
Copying ../build/Model_Robot/Model_Robot.egg-info to /home/nghiaphanbk/WeldingRobot_ws/src/install/Model_Robot/lib/python3.10/site-packages/Model_Robot-0.0.0-py3.10.egg-info
running install_scripts
writing list of installed files to '/home/nghiaphanbk/WeldingRobot_ws/src/build/Model_Robot/install.log'
