[0.866s] Invoking command in '/home/nghiaphanbk/WeldingRobot_ws/src/Model_Robot': PYTHONPATH=/home/nghiaphanbk/WeldingRobot_ws/src/build/Model_Robot/prefix_override:/home/nghiaphanbk/WeldingRobot_ws/src/install/Model_Robot/lib/python3.10/site-packages:${PYTHONPATH} /usr/bin/python3 setup.py egg_info --egg-base ../build/Model_Robot build --build-base /home/nghiaphanbk/WeldingRobot_ws/src/build/Model_Robot/build install --record /home/nghiaphanbk/WeldingRobot_ws/src/build/Model_Robot/install.log --single-version-externally-managed
[1.097s] running egg_info
[1.098s] creating ../build/Model_Robot/Model_Robot.egg-info
[1.098s] writing ../build/Model_Robot/Model_Robot.egg-info/PKG-INFO
[1.098s] writing dependency_links to ../build/Model_Robot/Model_Robot.egg-info/dependency_links.txt
[1.098s] writing entry points to ../build/Model_Robot/Model_Robot.egg-info/entry_points.txt
[1.098s] writing requirements to ../build/Model_Robot/Model_Robot.egg-info/requires.txt
[1.099s] writing top-level names to ../build/Model_Robot/Model_Robot.egg-info/top_level.txt
[1.099s] writing manifest file '../build/Model_Robot/Model_Robot.egg-info/SOURCES.txt'
[1.100s] reading manifest file '../build/Model_Robot/Model_Robot.egg-info/SOURCES.txt'
[1.101s] writing manifest file '../build/Model_Robot/Model_Robot.egg-info/SOURCES.txt'
[1.101s] running build
[1.101s] running build_py
[1.101s] creating /home/nghiaphanbk/WeldingRobot_ws/src/build/Model_Robot/build
[1.101s] creating /home/nghiaphanbk/WeldingRobot_ws/src/build/Model_Robot/build/lib
[1.101s] creating /home/nghiaphanbk/WeldingRobot_ws/src/build/Model_Robot/build/lib/Model_Robot
[1.102s] copying Model_Robot/__init__.py -> /home/nghiaphanbk/WeldingRobot_ws/src/build/Model_Robot/build/lib/Model_Robot
[1.102s] running install
[1.102s] running install_lib
[1.102s] creating /home/nghiaphanbk/WeldingRobot_ws/src/install/Model_Robot/lib/python3.10/site-packages/Model_Robot
[1.102s] copying /home/nghiaphanbk/WeldingRobot_ws/src/build/Model_Robot/build/lib/Model_Robot/__init__.py -> /home/nghiaphanbk/WeldingRobot_ws/src/install/Model_Robot/lib/python3.10/site-packages/Model_Robot
[1.102s] byte-compiling /home/nghiaphanbk/WeldingRobot_ws/src/install/Model_Robot/lib/python3.10/site-packages/Model_Robot/__init__.py to __init__.cpython-310.pyc
[1.103s] running install_data
[1.103s] creating /home/nghiaphanbk/WeldingRobot_ws/src/install/Model_Robot/share/ament_index
[1.103s] creating /home/nghiaphanbk/WeldingRobot_ws/src/install/Model_Robot/share/ament_index/resource_index
[1.103s] creating /home/nghiaphanbk/WeldingRobot_ws/src/install/Model_Robot/share/ament_index/resource_index/packages
[1.103s] copying resource/Model_Robot -> /home/nghiaphanbk/WeldingRobot_ws/src/install/Model_Robot/share/ament_index/resource_index/packages
[1.103s] copying package.xml -> /home/nghiaphanbk/WeldingRobot_ws/src/install/Model_Robot/share/Model_Robot
[1.103s] creating /home/nghiaphanbk/WeldingRobot_ws/src/install/Model_Robot/share/Model_Robot/urdf
[1.103s] copying urdf/welding_robot.urdf -> /home/nghiaphanbk/WeldingRobot_ws/src/install/Model_Robot/share/Model_Robot/urdf
[1.103s] copying urdf/welding_robot1.urdf -> /home/nghiaphanbk/WeldingRobot_ws/src/install/Model_Robot/share/Model_Robot/urdf
[1.104s] creating /home/nghiaphanbk/WeldingRobot_ws/src/install/Model_Robot/share/Model_Robot/launch
[1.104s] copying launch/gazebo.launch.py -> /home/nghiaphanbk/WeldingRobot_ws/src/install/Model_Robot/share/Model_Robot/launch
[1.104s] copying launch/display.launch.py -> /home/nghiaphanbk/WeldingRobot_ws/src/install/Model_Robot/share/Model_Robot/launch
[1.104s] creating /home/nghiaphanbk/WeldingRobot_ws/src/install/Model_Robot/share/Model_Robot/meshes
[1.104s] copying meshes/link_6.STL -> /home/nghiaphanbk/WeldingRobot_ws/src/install/Model_Robot/share/Model_Robot/meshes
[1.104s] copying meshes/Gun_welding.STL -> /home/nghiaphanbk/WeldingRobot_ws/src/install/Model_Robot/share/Model_Robot/meshes
[1.105s] copying meshes/link_5.STL -> /home/nghiaphanbk/WeldingRobot_ws/src/install/Model_Robot/share/Model_Robot/meshes
[1.106s] copying meshes/link_4.STL -> /home/nghiaphanbk/WeldingRobot_ws/src/install/Model_Robot/share/Model_Robot/meshes
[1.106s] copying meshes/link_3.STL -> /home/nghiaphanbk/WeldingRobot_ws/src/install/Model_Robot/share/Model_Robot/meshes
[1.107s] copying meshes/link_1.STL -> /home/nghiaphanbk/WeldingRobot_ws/src/install/Model_Robot/share/Model_Robot/meshes
[1.108s] copying meshes/base_link.STL -> /home/nghiaphanbk/WeldingRobot_ws/src/install/Model_Robot/share/Model_Robot/meshes
[1.108s] copying meshes/link_2.STL -> /home/nghiaphanbk/WeldingRobot_ws/src/install/Model_Robot/share/Model_Robot/meshes
[1.109s] creating /home/nghiaphanbk/WeldingRobot_ws/src/install/Model_Robot/share/Model_Robot/worlds
[1.109s] running install_egg_info
[1.110s] Copying ../build/Model_Robot/Model_Robot.egg-info to /home/nghiaphanbk/WeldingRobot_ws/src/install/Model_Robot/lib/python3.10/site-packages/Model_Robot-0.0.0-py3.10.egg-info
[1.111s] running install_scripts
[1.127s] writing list of installed files to '/home/nghiaphanbk/WeldingRobot_ws/src/build/Model_Robot/install.log'
[1.156s] Invoked command in '/home/nghiaphanbk/WeldingRobot_ws/src/Model_Robot' returned '0': PYTHONPATH=/home/nghiaphanbk/WeldingRobot_ws/src/build/Model_Robot/prefix_override:/home/nghiaphanbk/WeldingRobot_ws/src/install/Model_Robot/lib/python3.10/site-packages:${PYTHONPATH} /usr/bin/python3 setup.py egg_info --egg-base ../build/Model_Robot build --build-base /home/nghiaphanbk/WeldingRobot_ws/src/build/Model_Robot/build install --record /home/nghiaphanbk/WeldingRobot_ws/src/build/Model_Robot/install.log --single-version-externally-managed
