[1.013s] DEBUG:colcon:Command line arguments: ['/usr/bin/colcon', 'build']
[1.013s] DEBUG:colcon:Parsed command line arguments: Namespace(log_base=None, log_level=None, verb_name='build', build_base='build', install_base='install', merge_install=False, symlink_install=False, test_result_base=None, continue_on_error=False, executor='parallel', parallel_workers=12, event_handlers=None, ignore_user_meta=False, metas=['./colcon.meta'], base_paths=['.'], packages_ignore=None, packages_ignore_regex=None, paths=None, packages_up_to=None, packages_up_to_regex=None, packages_above=None, packages_above_and_dependencies=None, packages_above_depth=None, packages_select_by_dep=None, packages_skip_by_dep=None, packages_skip_up_to=None, packages_select_build_failed=False, packages_skip_build_finished=False, packages_select_test_failures=False, packages_skip_test_passed=False, packages_select=None, packages_skip=None, packages_select_regex=None, packages_skip_regex=None, packages_start=None, packages_end=None, allow_overriding=[], cmake_args=None, cmake_target=None, cmake_target_skip_unavailable=False, cmake_clean_cache=False, cmake_clean_first=False, cmake_force_configure=False, ament_cmake_args=None, catkin_cmake_args=None, catkin_skip_building_tests=False, verb_parser=<colcon_defaults.argument_parser.defaults.DefaultArgumentsDecorator object at 0x7f7232224940>, verb_extension=<colcon_core.verb.build.BuildVerb object at 0x7f723266b580>, main=<bound method BuildVerb.main of <colcon_core.verb.build.BuildVerb object at 0x7f723266b580>>)
[1.070s] Level 1:colcon.colcon_core.package_discovery:discover_packages(colcon_meta) check parameters
[1.071s] Level 1:colcon.colcon_core.package_discovery:discover_packages(recursive) check parameters
[1.071s] Level 1:colcon.colcon_core.package_discovery:discover_packages(ignore) check parameters
[1.071s] Level 1:colcon.colcon_core.package_discovery:discover_packages(path) check parameters
[1.071s] Level 1:colcon.colcon_core.package_discovery:discover_packages(colcon_meta) discover
[1.071s] Level 1:colcon.colcon_core.package_discovery:discover_packages(recursive) discover
[1.071s] INFO:colcon.colcon_core.package_discovery:Crawling recursively for packages in '/home/nghiaphanbk/WeldingRobot_ws'
[1.071s] Level 1:colcon.colcon_core.package_identification:_identify(.) by extensions ['ignore', 'ignore_ament_install']
[1.071s] Level 1:colcon.colcon_core.package_identification:_identify(.) by extension 'ignore'
[1.071s] Level 1:colcon.colcon_core.package_identification:_identify(.) by extension 'ignore_ament_install'
[1.071s] Level 1:colcon.colcon_core.package_identification:_identify(.) by extensions ['colcon_pkg']
[1.071s] Level 1:colcon.colcon_core.package_identification:_identify(.) by extension 'colcon_pkg'
[1.071s] Level 1:colcon.colcon_core.package_identification:_identify(.) by extensions ['colcon_meta']
[1.071s] Level 1:colcon.colcon_core.package_identification:_identify(.) by extension 'colcon_meta'
[1.071s] Level 1:colcon.colcon_core.package_identification:_identify(.) by extensions ['ros']
[1.071s] Level 1:colcon.colcon_core.package_identification:_identify(.) by extension 'ros'
[1.080s] Level 1:colcon.colcon_core.package_identification:_identify(.) by extensions ['cmake', 'python']
[1.080s] Level 1:colcon.colcon_core.package_identification:_identify(.) by extension 'cmake'
[1.080s] Level 1:colcon.colcon_core.package_identification:_identify(.) by extension 'python'
[1.080s] Level 1:colcon.colcon_core.package_identification:_identify(.) by extensions ['python_setup_py']
[1.080s] Level 1:colcon.colcon_core.package_identification:_identify(.) by extension 'python_setup_py'
[1.080s] Level 1:colcon.colcon_core.package_identification:_identify(build) by extensions ['ignore', 'ignore_ament_install']
[1.080s] Level 1:colcon.colcon_core.package_identification:_identify(build) by extension 'ignore'
[1.080s] Level 1:colcon.colcon_core.package_identification:_identify(build) ignored
[1.081s] Level 1:colcon.colcon_core.package_identification:_identify(install) by extensions ['ignore', 'ignore_ament_install']
[1.081s] Level 1:colcon.colcon_core.package_identification:_identify(install) by extension 'ignore'
[1.081s] Level 1:colcon.colcon_core.package_identification:_identify(install) ignored
[1.081s] Level 1:colcon.colcon_core.package_identification:_identify(log) by extensions ['ignore', 'ignore_ament_install']
[1.081s] Level 1:colcon.colcon_core.package_identification:_identify(log) by extension 'ignore'
[1.081s] Level 1:colcon.colcon_core.package_identification:_identify(log) ignored
[1.081s] Level 1:colcon.colcon_core.package_identification:_identify(src) by extensions ['ignore', 'ignore_ament_install']
[1.081s] Level 1:colcon.colcon_core.package_identification:_identify(src) by extension 'ignore'
[1.081s] Level 1:colcon.colcon_core.package_identification:_identify(src) by extension 'ignore_ament_install'
[1.081s] Level 1:colcon.colcon_core.package_identification:_identify(src) by extensions ['colcon_pkg']
[1.082s] Level 1:colcon.colcon_core.package_identification:_identify(src) by extension 'colcon_pkg'
[1.082s] Level 1:colcon.colcon_core.package_identification:_identify(src) by extensions ['colcon_meta']
[1.082s] Level 1:colcon.colcon_core.package_identification:_identify(src) by extension 'colcon_meta'
[1.082s] Level 1:colcon.colcon_core.package_identification:_identify(src) by extensions ['ros']
[1.082s] Level 1:colcon.colcon_core.package_identification:_identify(src) by extension 'ros'
[1.082s] Level 1:colcon.colcon_core.package_identification:_identify(src) by extensions ['cmake', 'python']
[1.082s] Level 1:colcon.colcon_core.package_identification:_identify(src) by extension 'cmake'
[1.082s] Level 1:colcon.colcon_core.package_identification:_identify(src) by extension 'python'
[1.082s] Level 1:colcon.colcon_core.package_identification:_identify(src) by extensions ['python_setup_py']
[1.082s] Level 1:colcon.colcon_core.package_identification:_identify(src) by extension 'python_setup_py'
[1.082s] Level 1:colcon.colcon_core.package_identification:_identify(src/Model_Robot) by extensions ['ignore', 'ignore_ament_install']
[1.082s] Level 1:colcon.colcon_core.package_identification:_identify(src/Model_Robot) by extension 'ignore'
[1.082s] Level 1:colcon.colcon_core.package_identification:_identify(src/Model_Robot) by extension 'ignore_ament_install'
[1.082s] Level 1:colcon.colcon_core.package_identification:_identify(src/Model_Robot) by extensions ['colcon_pkg']
[1.082s] Level 1:colcon.colcon_core.package_identification:_identify(src/Model_Robot) by extension 'colcon_pkg'
[1.082s] Level 1:colcon.colcon_core.package_identification:_identify(src/Model_Robot) by extensions ['colcon_meta']
[1.082s] Level 1:colcon.colcon_core.package_identification:_identify(src/Model_Robot) by extension 'colcon_meta'
[1.082s] Level 1:colcon.colcon_core.package_identification:_identify(src/Model_Robot) by extensions ['ros']
[1.082s] Level 1:colcon.colcon_core.package_identification:_identify(src/Model_Robot) by extension 'ros'
[1.084s] DEBUG:colcon.colcon_core.package_identification:Package 'src/Model_Robot' with type 'ros.ament_python' and name 'Model_Robot'
[1.084s] Level 1:colcon.colcon_core.package_identification:_identify(src/Robot_ver2) by extensions ['ignore', 'ignore_ament_install']
[1.084s] Level 1:colcon.colcon_core.package_identification:_identify(src/Robot_ver2) by extension 'ignore'
[1.084s] Level 1:colcon.colcon_core.package_identification:_identify(src/Robot_ver2) by extension 'ignore_ament_install'
[1.084s] Level 1:colcon.colcon_core.package_identification:_identify(src/Robot_ver2) by extensions ['colcon_pkg']
[1.085s] Level 1:colcon.colcon_core.package_identification:_identify(src/Robot_ver2) by extension 'colcon_pkg'
[1.085s] Level 1:colcon.colcon_core.package_identification:_identify(src/Robot_ver2) by extensions ['colcon_meta']
[1.085s] Level 1:colcon.colcon_core.package_identification:_identify(src/Robot_ver2) by extension 'colcon_meta'
[1.085s] Level 1:colcon.colcon_core.package_identification:_identify(src/Robot_ver2) by extensions ['ros']
[1.085s] Level 1:colcon.colcon_core.package_identification:_identify(src/Robot_ver2) by extension 'ros'
[1.085s] DEBUG:colcon.colcon_core.package_identification:Package 'src/Robot_ver2' with type 'ros.ament_cmake' and name 'Robot_ver2'
[1.085s] Level 1:colcon.colcon_core.package_identification:_identify(src/build) by extensions ['ignore', 'ignore_ament_install']
[1.085s] Level 1:colcon.colcon_core.package_identification:_identify(src/build) by extension 'ignore'
[1.086s] Level 1:colcon.colcon_core.package_identification:_identify(src/build) ignored
[1.086s] Level 1:colcon.colcon_core.package_identification:_identify(src/install) by extensions ['ignore', 'ignore_ament_install']
[1.086s] Level 1:colcon.colcon_core.package_identification:_identify(src/install) by extension 'ignore'
[1.086s] Level 1:colcon.colcon_core.package_identification:_identify(src/install) ignored
[1.086s] Level 1:colcon.colcon_core.package_identification:_identify(src/log) by extensions ['ignore', 'ignore_ament_install']
[1.086s] Level 1:colcon.colcon_core.package_identification:_identify(src/log) by extension 'ignore'
[1.086s] Level 1:colcon.colcon_core.package_identification:_identify(src/log) ignored
[1.086s] Level 1:colcon.colcon_core.package_identification:_identify(src/moveit2_scripts) by extensions ['ignore', 'ignore_ament_install']
[1.086s] Level 1:colcon.colcon_core.package_identification:_identify(src/moveit2_scripts) by extension 'ignore'
[1.086s] Level 1:colcon.colcon_core.package_identification:_identify(src/moveit2_scripts) by extension 'ignore_ament_install'
[1.086s] Level 1:colcon.colcon_core.package_identification:_identify(src/moveit2_scripts) by extensions ['colcon_pkg']
[1.086s] Level 1:colcon.colcon_core.package_identification:_identify(src/moveit2_scripts) by extension 'colcon_pkg'
[1.086s] Level 1:colcon.colcon_core.package_identification:_identify(src/moveit2_scripts) by extensions ['colcon_meta']
[1.086s] Level 1:colcon.colcon_core.package_identification:_identify(src/moveit2_scripts) by extension 'colcon_meta'
[1.086s] Level 1:colcon.colcon_core.package_identification:_identify(src/moveit2_scripts) by extensions ['ros']
[1.086s] Level 1:colcon.colcon_core.package_identification:_identify(src/moveit2_scripts) by extension 'ros'
[1.087s] DEBUG:colcon.colcon_core.package_identification:Package 'src/moveit2_scripts' with type 'ros.ament_cmake' and name 'moveit2_scripts'
[1.087s] Level 1:colcon.colcon_core.package_identification:_identify(src/movelt_sim) by extensions ['ignore', 'ignore_ament_install']
[1.087s] Level 1:colcon.colcon_core.package_identification:_identify(src/movelt_sim) by extension 'ignore'
[1.087s] Level 1:colcon.colcon_core.package_identification:_identify(src/movelt_sim) by extension 'ignore_ament_install'
[1.088s] Level 1:colcon.colcon_core.package_identification:_identify(src/movelt_sim) by extensions ['colcon_pkg']
[1.088s] Level 1:colcon.colcon_core.package_identification:_identify(src/movelt_sim) by extension 'colcon_pkg'
[1.088s] Level 1:colcon.colcon_core.package_identification:_identify(src/movelt_sim) by extensions ['colcon_meta']
[1.088s] Level 1:colcon.colcon_core.package_identification:_identify(src/movelt_sim) by extension 'colcon_meta'
[1.088s] Level 1:colcon.colcon_core.package_identification:_identify(src/movelt_sim) by extensions ['ros']
[1.088s] Level 1:colcon.colcon_core.package_identification:_identify(src/movelt_sim) by extension 'ros'
[1.088s] DEBUG:colcon.colcon_core.package_identification:Package 'src/movelt_sim' with type 'ros.ament_cmake' and name 'movelt_sim'
[1.088s] Level 1:colcon.colcon_core.package_discovery:discover_packages(recursive) using defaults
[1.088s] Level 1:colcon.colcon_core.package_discovery:discover_packages(ignore) discover
[1.088s] Level 1:colcon.colcon_core.package_discovery:discover_packages(ignore) using defaults
[1.088s] Level 1:colcon.colcon_core.package_discovery:discover_packages(path) discover
[1.088s] Level 1:colcon.colcon_core.package_discovery:discover_packages(path) using defaults
[1.185s] Level 1:colcon.colcon_core.package_discovery:discover_packages(prefix_path) check parameters
[1.185s] Level 1:colcon.colcon_core.package_discovery:discover_packages(prefix_path) discover
[1.238s] DEBUG:colcon.colcon_installed_package_information.package_discovery:Found 37 installed packages in /home/nghiaphanbk/WeldingRobot_ws/install
[1.252s] DEBUG:colcon.colcon_installed_package_information.package_discovery:Found 1 installed packages in /home/nghiaphanbk/ros2_ws/install
[1.267s] DEBUG:colcon.colcon_installed_package_information.package_discovery:Found 343 installed packages in /opt/ros/humble
[1.269s] Level 1:colcon.colcon_core.package_discovery:discover_packages(prefix_path) using defaults
[1.347s] WARNING:colcon.colcon_core.package_selection:Some selected packages are already built in one or more underlay workspaces:
	'Model_Robot' is in: /home/nghiaphanbk/WeldingRobot_ws/install/Model_Robot
If a package in a merged underlay workspace is overridden and it installs headers, then all packages in the overlay must sort their include directories by workspace order. Failure to do so may result in build failures or undefined behavior at run time.
If the overridden package is used by another package in any underlay, then the overriding package in the overlay must be API and ABI compatible or undefined behavior at run time may occur.

If you understand the risks and want to override a package anyways, add the following to the command line:
	--allow-overriding Model_Robot

This may be promoted to an error in a future release of colcon-override-check.
[1.362s] Level 5:colcon.colcon_core.verb:set package 'Model_Robot' build argument 'cmake_args' from command line to 'None'
[1.362s] Level 5:colcon.colcon_core.verb:set package 'Model_Robot' build argument 'cmake_target' from command line to 'None'
[1.362s] Level 5:colcon.colcon_core.verb:set package 'Model_Robot' build argument 'cmake_target_skip_unavailable' from command line to 'False'
[1.362s] Level 5:colcon.colcon_core.verb:set package 'Model_Robot' build argument 'cmake_clean_cache' from command line to 'False'
[1.362s] Level 5:colcon.colcon_core.verb:set package 'Model_Robot' build argument 'cmake_clean_first' from command line to 'False'
[1.362s] Level 5:colcon.colcon_core.verb:set package 'Model_Robot' build argument 'cmake_force_configure' from command line to 'False'
[1.362s] Level 5:colcon.colcon_core.verb:set package 'Model_Robot' build argument 'ament_cmake_args' from command line to 'None'
[1.362s] Level 5:colcon.colcon_core.verb:set package 'Model_Robot' build argument 'catkin_cmake_args' from command line to 'None'
[1.362s] Level 5:colcon.colcon_core.verb:set package 'Model_Robot' build argument 'catkin_skip_building_tests' from command line to 'False'
[1.362s] DEBUG:colcon.colcon_core.verb:Building package 'Model_Robot' with the following arguments: {'ament_cmake_args': None, 'build_base': '/home/nghiaphanbk/WeldingRobot_ws/build/Model_Robot', 'catkin_cmake_args': None, 'catkin_skip_building_tests': False, 'cmake_args': None, 'cmake_clean_cache': False, 'cmake_clean_first': False, 'cmake_force_configure': False, 'cmake_target': None, 'cmake_target_skip_unavailable': False, 'install_base': '/home/nghiaphanbk/WeldingRobot_ws/install/Model_Robot', 'merge_install': False, 'path': '/home/nghiaphanbk/WeldingRobot_ws/src/Model_Robot', 'symlink_install': False, 'test_result_base': None}
[1.377s] Level 5:colcon.colcon_core.verb:set package 'moveit2_scripts' build argument 'cmake_args' from command line to 'None'
[1.377s] Level 5:colcon.colcon_core.verb:set package 'moveit2_scripts' build argument 'cmake_target' from command line to 'None'
[1.377s] Level 5:colcon.colcon_core.verb:set package 'moveit2_scripts' build argument 'cmake_target_skip_unavailable' from command line to 'False'
[1.377s] Level 5:colcon.colcon_core.verb:set package 'moveit2_scripts' build argument 'cmake_clean_cache' from command line to 'False'
[1.377s] Level 5:colcon.colcon_core.verb:set package 'moveit2_scripts' build argument 'cmake_clean_first' from command line to 'False'
[1.377s] Level 5:colcon.colcon_core.verb:set package 'moveit2_scripts' build argument 'cmake_force_configure' from command line to 'False'
[1.377s] Level 5:colcon.colcon_core.verb:set package 'moveit2_scripts' build argument 'ament_cmake_args' from command line to 'None'
[1.377s] Level 5:colcon.colcon_core.verb:set package 'moveit2_scripts' build argument 'catkin_cmake_args' from command line to 'None'
[1.377s] Level 5:colcon.colcon_core.verb:set package 'moveit2_scripts' build argument 'catkin_skip_building_tests' from command line to 'False'
[1.377s] DEBUG:colcon.colcon_core.verb:Building package 'moveit2_scripts' with the following arguments: {'ament_cmake_args': None, 'build_base': '/home/nghiaphanbk/WeldingRobot_ws/build/moveit2_scripts', 'catkin_cmake_args': None, 'catkin_skip_building_tests': False, 'cmake_args': None, 'cmake_clean_cache': False, 'cmake_clean_first': False, 'cmake_force_configure': False, 'cmake_target': None, 'cmake_target_skip_unavailable': False, 'install_base': '/home/nghiaphanbk/WeldingRobot_ws/install/moveit2_scripts', 'merge_install': False, 'path': '/home/nghiaphanbk/WeldingRobot_ws/src/moveit2_scripts', 'symlink_install': False, 'test_result_base': None}
[1.392s] Level 5:colcon.colcon_core.verb:set package 'Robot_ver2' build argument 'cmake_args' from command line to 'None'
[1.392s] Level 5:colcon.colcon_core.verb:set package 'Robot_ver2' build argument 'cmake_target' from command line to 'None'
[1.392s] Level 5:colcon.colcon_core.verb:set package 'Robot_ver2' build argument 'cmake_target_skip_unavailable' from command line to 'False'
[1.392s] Level 5:colcon.colcon_core.verb:set package 'Robot_ver2' build argument 'cmake_clean_cache' from command line to 'False'
[1.392s] Level 5:colcon.colcon_core.verb:set package 'Robot_ver2' build argument 'cmake_clean_first' from command line to 'False'
[1.392s] Level 5:colcon.colcon_core.verb:set package 'Robot_ver2' build argument 'cmake_force_configure' from command line to 'False'
[1.392s] Level 5:colcon.colcon_core.verb:set package 'Robot_ver2' build argument 'ament_cmake_args' from command line to 'None'
[1.392s] Level 5:colcon.colcon_core.verb:set package 'Robot_ver2' build argument 'catkin_cmake_args' from command line to 'None'
[1.392s] Level 5:colcon.colcon_core.verb:set package 'Robot_ver2' build argument 'catkin_skip_building_tests' from command line to 'False'
[1.392s] DEBUG:colcon.colcon_core.verb:Building package 'Robot_ver2' with the following arguments: {'ament_cmake_args': None, 'build_base': '/home/nghiaphanbk/WeldingRobot_ws/build/Robot_ver2', 'catkin_cmake_args': None, 'catkin_skip_building_tests': False, 'cmake_args': None, 'cmake_clean_cache': False, 'cmake_clean_first': False, 'cmake_force_configure': False, 'cmake_target': None, 'cmake_target_skip_unavailable': False, 'install_base': '/home/nghiaphanbk/WeldingRobot_ws/install/Robot_ver2', 'merge_install': False, 'path': '/home/nghiaphanbk/WeldingRobot_ws/src/Robot_ver2', 'symlink_install': False, 'test_result_base': None}
[1.407s] Level 5:colcon.colcon_core.verb:set package 'movelt_sim' build argument 'cmake_args' from command line to 'None'
[1.407s] Level 5:colcon.colcon_core.verb:set package 'movelt_sim' build argument 'cmake_target' from command line to 'None'
[1.407s] Level 5:colcon.colcon_core.verb:set package 'movelt_sim' build argument 'cmake_target_skip_unavailable' from command line to 'False'
[1.407s] Level 5:colcon.colcon_core.verb:set package 'movelt_sim' build argument 'cmake_clean_cache' from command line to 'False'
[1.407s] Level 5:colcon.colcon_core.verb:set package 'movelt_sim' build argument 'cmake_clean_first' from command line to 'False'
[1.407s] Level 5:colcon.colcon_core.verb:set package 'movelt_sim' build argument 'cmake_force_configure' from command line to 'False'
[1.407s] Level 5:colcon.colcon_core.verb:set package 'movelt_sim' build argument 'ament_cmake_args' from command line to 'None'
[1.407s] Level 5:colcon.colcon_core.verb:set package 'movelt_sim' build argument 'catkin_cmake_args' from command line to 'None'
[1.407s] Level 5:colcon.colcon_core.verb:set package 'movelt_sim' build argument 'catkin_skip_building_tests' from command line to 'False'
[1.407s] DEBUG:colcon.colcon_core.verb:Building package 'movelt_sim' with the following arguments: {'ament_cmake_args': None, 'build_base': '/home/nghiaphanbk/WeldingRobot_ws/build/movelt_sim', 'catkin_cmake_args': None, 'catkin_skip_building_tests': False, 'cmake_args': None, 'cmake_clean_cache': False, 'cmake_clean_first': False, 'cmake_force_configure': False, 'cmake_target': None, 'cmake_target_skip_unavailable': False, 'install_base': '/home/nghiaphanbk/WeldingRobot_ws/install/movelt_sim', 'merge_install': False, 'path': '/home/nghiaphanbk/WeldingRobot_ws/src/movelt_sim', 'symlink_install': False, 'test_result_base': None}
[1.421s] INFO:colcon.colcon_core.executor:Executing jobs using 'parallel' executor
[1.436s] DEBUG:colcon.colcon_parallel_executor.executor.parallel:run_until_complete
[1.436s] INFO:colcon.colcon_ros.task.ament_python.build:Building ROS package in '/home/nghiaphanbk/WeldingRobot_ws/src/Model_Robot' with build type 'ament_python'
[1.436s] Level 1:colcon.colcon_core.shell:create_environment_hook('Model_Robot', 'ament_prefix_path')
[1.463s] INFO:colcon.colcon_core.plugin_system:Skipping extension 'colcon_core.shell.bat': Not used on non-Windows systems
[1.463s] INFO:colcon.colcon_core.shell:Creating environment hook '/home/nghiaphanbk/WeldingRobot_ws/install/Model_Robot/share/Model_Robot/hook/ament_prefix_path.ps1'
[1.464s] INFO:colcon.colcon_core.shell:Creating environment descriptor '/home/nghiaphanbk/WeldingRobot_ws/install/Model_Robot/share/Model_Robot/hook/ament_prefix_path.dsv'
[1.465s] INFO:colcon.colcon_core.shell:Creating environment hook '/home/nghiaphanbk/WeldingRobot_ws/install/Model_Robot/share/Model_Robot/hook/ament_prefix_path.sh'
[1.487s] INFO:colcon.colcon_core.shell:Skip shell extension 'powershell' for command environment: Not usable outside of PowerShell
[1.487s] DEBUG:colcon.colcon_core.shell:Skip shell extension 'dsv' for command environment
[1.549s] INFO:colcon.colcon_ros.task.ament_cmake.build:Building ROS package in '/home/nghiaphanbk/WeldingRobot_ws/src/moveit2_scripts' with build type 'ament_cmake'
[1.549s] INFO:colcon.colcon_cmake.task.cmake.build:Building CMake package in '/home/nghiaphanbk/WeldingRobot_ws/src/moveit2_scripts'
[1.564s] INFO:colcon.colcon_core.shell:Skip shell extension 'powershell' for command environment: Not usable outside of PowerShell
[1.564s] DEBUG:colcon.colcon_core.shell:Skip shell extension 'dsv' for command environment
[1.883s] INFO:colcon.colcon_core.task.python.build:Building Python package in '/home/nghiaphanbk/WeldingRobot_ws/src/Model_Robot'
[1.897s] INFO:colcon.colcon_core.shell:Skip shell extension 'powershell' for command environment: Not usable outside of PowerShell
[1.898s] DEBUG:colcon.colcon_core.shell:Skip shell extension 'dsv' for command environment
[1.978s] DEBUG:colcon.colcon_core.event_handler.log_command:Invoking command in '/home/nghiaphanbk/WeldingRobot_ws/build/moveit2_scripts': CMAKE_PREFIX_PATH=${CMAKE_PREFIX_PATH}:/home/nghiaphanbk/WeldingRobot_ws/install/moveit_configs_utils:/home/nghiaphanbk/WeldingRobot_ws/install/launch_param_builder:/home/nghiaphanbk/WeldingRobot_ws/install/Model_Robot:/home/nghiaphanbk/ros2_ws/install/my_robot_controller:/opt/ros/humble /usr/bin/cmake --build /home/nghiaphanbk/WeldingRobot_ws/build/moveit2_scripts -- -j12 -l12
[2.104s] DEBUG:colcon.colcon_core.event_handler.log_command:Invoked command in '/home/nghiaphanbk/WeldingRobot_ws/build/moveit2_scripts' returned '0': CMAKE_PREFIX_PATH=${CMAKE_PREFIX_PATH}:/home/nghiaphanbk/WeldingRobot_ws/install/moveit_configs_utils:/home/nghiaphanbk/WeldingRobot_ws/install/launch_param_builder:/home/nghiaphanbk/WeldingRobot_ws/install/Model_Robot:/home/nghiaphanbk/ros2_ws/install/my_robot_controller:/opt/ros/humble /usr/bin/cmake --build /home/nghiaphanbk/WeldingRobot_ws/build/moveit2_scripts -- -j12 -l12
[2.135s] DEBUG:colcon.colcon_core.event_handler.log_command:Invoking command in '/home/nghiaphanbk/WeldingRobot_ws/build/moveit2_scripts': CMAKE_PREFIX_PATH=${CMAKE_PREFIX_PATH}:/home/nghiaphanbk/WeldingRobot_ws/install/moveit_configs_utils:/home/nghiaphanbk/WeldingRobot_ws/install/launch_param_builder:/home/nghiaphanbk/WeldingRobot_ws/install/Model_Robot:/home/nghiaphanbk/ros2_ws/install/my_robot_controller:/opt/ros/humble /usr/bin/cmake --install /home/nghiaphanbk/WeldingRobot_ws/build/moveit2_scripts
[2.144s] Level 1:colcon.colcon_core.environment:create_environment_scripts_only(moveit2_scripts)
[2.144s] DEBUG:colcon.colcon_core.event_handler.log_command:Invoked command in '/home/nghiaphanbk/WeldingRobot_ws/build/moveit2_scripts' returned '0': CMAKE_PREFIX_PATH=${CMAKE_PREFIX_PATH}:/home/nghiaphanbk/WeldingRobot_ws/install/moveit_configs_utils:/home/nghiaphanbk/WeldingRobot_ws/install/launch_param_builder:/home/nghiaphanbk/WeldingRobot_ws/install/Model_Robot:/home/nghiaphanbk/ros2_ws/install/my_robot_controller:/opt/ros/humble /usr/bin/cmake --install /home/nghiaphanbk/WeldingRobot_ws/build/moveit2_scripts
[2.163s] Level 1:colcon.colcon_core.environment:checking '/home/nghiaphanbk/WeldingRobot_ws/install/moveit2_scripts' for CMake module files
[2.164s] Level 1:colcon.colcon_core.environment:checking '/home/nghiaphanbk/WeldingRobot_ws/install/moveit2_scripts' for CMake config files
[2.164s] Level 1:colcon.colcon_core.shell:create_environment_hook('moveit2_scripts', 'cmake_prefix_path')
[2.180s] INFO:colcon.colcon_core.shell:Creating environment hook '/home/nghiaphanbk/WeldingRobot_ws/install/moveit2_scripts/share/moveit2_scripts/hook/cmake_prefix_path.ps1'
[2.181s] INFO:colcon.colcon_core.shell:Creating environment descriptor '/home/nghiaphanbk/WeldingRobot_ws/install/moveit2_scripts/share/moveit2_scripts/hook/cmake_prefix_path.dsv'
[2.181s] INFO:colcon.colcon_core.shell:Creating environment hook '/home/nghiaphanbk/WeldingRobot_ws/install/moveit2_scripts/share/moveit2_scripts/hook/cmake_prefix_path.sh'
[2.182s] Level 1:colcon.colcon_core.environment:checking '/home/nghiaphanbk/WeldingRobot_ws/install/moveit2_scripts/lib'
[2.182s] Level 1:colcon.colcon_core.environment:checking '/home/nghiaphanbk/WeldingRobot_ws/install/moveit2_scripts/bin'
[2.182s] Level 1:colcon.colcon_core.environment:checking '/home/nghiaphanbk/WeldingRobot_ws/install/moveit2_scripts/lib/pkgconfig/moveit2_scripts.pc'
[2.182s] Level 1:colcon.colcon_core.environment:checking '/home/nghiaphanbk/WeldingRobot_ws/install/moveit2_scripts/lib/python3.10/site-packages'
[2.182s] Level 1:colcon.colcon_core.environment:checking '/home/nghiaphanbk/WeldingRobot_ws/install/moveit2_scripts/bin'
[2.199s] INFO:colcon.colcon_core.shell:Creating package script '/home/nghiaphanbk/WeldingRobot_ws/install/moveit2_scripts/share/moveit2_scripts/package.ps1'
[2.200s] INFO:colcon.colcon_core.shell:Creating package descriptor '/home/nghiaphanbk/WeldingRobot_ws/install/moveit2_scripts/share/moveit2_scripts/package.dsv'
[2.200s] INFO:colcon.colcon_core.shell:Creating package script '/home/nghiaphanbk/WeldingRobot_ws/install/moveit2_scripts/share/moveit2_scripts/package.sh'
[2.201s] INFO:colcon.colcon_core.shell:Creating package script '/home/nghiaphanbk/WeldingRobot_ws/install/moveit2_scripts/share/moveit2_scripts/package.bash'
[2.202s] INFO:colcon.colcon_core.shell:Creating package script '/home/nghiaphanbk/WeldingRobot_ws/install/moveit2_scripts/share/moveit2_scripts/package.zsh'
[2.202s] Level 1:colcon.colcon_core.environment:create_file_with_runtime_dependencies(/home/nghiaphanbk/WeldingRobot_ws/install/moveit2_scripts/share/colcon-core/packages/moveit2_scripts)
[2.241s] Level 1:colcon.colcon_core.environment:create_environment_scripts_only(moveit2_scripts)
[2.257s] Level 1:colcon.colcon_core.environment:checking '/home/nghiaphanbk/WeldingRobot_ws/install/moveit2_scripts' for CMake module files
[2.257s] Level 1:colcon.colcon_core.environment:checking '/home/nghiaphanbk/WeldingRobot_ws/install/moveit2_scripts' for CMake config files
[2.257s] Level 1:colcon.colcon_core.shell:create_environment_hook('moveit2_scripts', 'cmake_prefix_path')
[2.273s] INFO:colcon.colcon_core.shell:Creating environment hook '/home/nghiaphanbk/WeldingRobot_ws/install/moveit2_scripts/share/moveit2_scripts/hook/cmake_prefix_path.ps1'
[2.274s] INFO:colcon.colcon_core.shell:Creating environment descriptor '/home/nghiaphanbk/WeldingRobot_ws/install/moveit2_scripts/share/moveit2_scripts/hook/cmake_prefix_path.dsv'
[2.274s] INFO:colcon.colcon_core.shell:Creating environment hook '/home/nghiaphanbk/WeldingRobot_ws/install/moveit2_scripts/share/moveit2_scripts/hook/cmake_prefix_path.sh'
[2.275s] Level 1:colcon.colcon_core.environment:checking '/home/nghiaphanbk/WeldingRobot_ws/install/moveit2_scripts/lib'
[2.275s] Level 1:colcon.colcon_core.environment:checking '/home/nghiaphanbk/WeldingRobot_ws/install/moveit2_scripts/bin'
[2.275s] Level 1:colcon.colcon_core.environment:checking '/home/nghiaphanbk/WeldingRobot_ws/install/moveit2_scripts/lib/pkgconfig/moveit2_scripts.pc'
[2.275s] Level 1:colcon.colcon_core.environment:checking '/home/nghiaphanbk/WeldingRobot_ws/install/moveit2_scripts/lib/python3.10/site-packages'
[2.276s] Level 1:colcon.colcon_core.environment:checking '/home/nghiaphanbk/WeldingRobot_ws/install/moveit2_scripts/bin'
[2.291s] INFO:colcon.colcon_core.shell:Creating package script '/home/nghiaphanbk/WeldingRobot_ws/install/moveit2_scripts/share/moveit2_scripts/package.ps1'
[2.292s] INFO:colcon.colcon_core.shell:Creating package descriptor '/home/nghiaphanbk/WeldingRobot_ws/install/moveit2_scripts/share/moveit2_scripts/package.dsv'
[2.293s] INFO:colcon.colcon_core.shell:Creating package script '/home/nghiaphanbk/WeldingRobot_ws/install/moveit2_scripts/share/moveit2_scripts/package.sh'
[2.293s] INFO:colcon.colcon_core.shell:Creating package script '/home/nghiaphanbk/WeldingRobot_ws/install/moveit2_scripts/share/moveit2_scripts/package.bash'
[2.293s] INFO:colcon.colcon_core.shell:Creating package script '/home/nghiaphanbk/WeldingRobot_ws/install/moveit2_scripts/share/moveit2_scripts/package.zsh'
[2.294s] Level 1:colcon.colcon_core.environment:create_file_with_runtime_dependencies(/home/nghiaphanbk/WeldingRobot_ws/install/moveit2_scripts/share/colcon-core/packages/moveit2_scripts)
[2.398s] DEBUG:colcon.colcon_core.event_handler.log_command:Invoking command in '/home/nghiaphanbk/WeldingRobot_ws/src/Model_Robot': PYTHONPATH=/home/nghiaphanbk/WeldingRobot_ws/build/Model_Robot/prefix_override:/home/nghiaphanbk/WeldingRobot_ws/install/Model_Robot/lib/python3.10/site-packages:${PYTHONPATH} /usr/bin/python3 setup.py egg_info --egg-base ../../build/Model_Robot build --build-base /home/nghiaphanbk/WeldingRobot_ws/build/Model_Robot/build install --record /home/nghiaphanbk/WeldingRobot_ws/build/Model_Robot/install.log --single-version-externally-managed
[2.658s] DEBUG:colcon.colcon_core.event_handler.log_command:Invoked command in '/home/nghiaphanbk/WeldingRobot_ws/src/Model_Robot' returned '0': PYTHONPATH=/home/nghiaphanbk/WeldingRobot_ws/build/Model_Robot/prefix_override:/home/nghiaphanbk/WeldingRobot_ws/install/Model_Robot/lib/python3.10/site-packages:${PYTHONPATH} /usr/bin/python3 setup.py egg_info --egg-base ../../build/Model_Robot build --build-base /home/nghiaphanbk/WeldingRobot_ws/build/Model_Robot/build install --record /home/nghiaphanbk/WeldingRobot_ws/build/Model_Robot/install.log --single-version-externally-managed
[2.672s] Level 1:colcon.colcon_core.environment:checking '/home/nghiaphanbk/WeldingRobot_ws/install/Model_Robot' for CMake module files
[2.672s] Level 1:colcon.colcon_core.environment:checking '/home/nghiaphanbk/WeldingRobot_ws/install/Model_Robot' for CMake config files
[2.673s] Level 1:colcon.colcon_core.environment:checking '/home/nghiaphanbk/WeldingRobot_ws/install/Model_Robot/lib'
[2.673s] Level 1:colcon.colcon_core.environment:checking '/home/nghiaphanbk/WeldingRobot_ws/install/Model_Robot/bin'
[2.673s] Level 1:colcon.colcon_core.environment:checking '/home/nghiaphanbk/WeldingRobot_ws/install/Model_Robot/lib/pkgconfig/Model_Robot.pc'
[2.673s] Level 1:colcon.colcon_core.environment:checking '/home/nghiaphanbk/WeldingRobot_ws/install/Model_Robot/lib/python3.10/site-packages'
[2.673s] Level 1:colcon.colcon_core.shell:create_environment_hook('Model_Robot', 'pythonpath')
[2.687s] INFO:colcon.colcon_core.shell:Creating environment hook '/home/nghiaphanbk/WeldingRobot_ws/install/Model_Robot/share/Model_Robot/hook/pythonpath.ps1'
[2.687s] INFO:colcon.colcon_core.shell:Creating environment descriptor '/home/nghiaphanbk/WeldingRobot_ws/install/Model_Robot/share/Model_Robot/hook/pythonpath.dsv'
[2.687s] INFO:colcon.colcon_core.shell:Creating environment hook '/home/nghiaphanbk/WeldingRobot_ws/install/Model_Robot/share/Model_Robot/hook/pythonpath.sh'
[2.688s] Level 1:colcon.colcon_core.environment:checking '/home/nghiaphanbk/WeldingRobot_ws/install/Model_Robot/bin'
[2.688s] Level 1:colcon.colcon_core.environment:create_environment_scripts_only(Model_Robot)
[2.702s] INFO:colcon.colcon_core.shell:Creating package script '/home/nghiaphanbk/WeldingRobot_ws/install/Model_Robot/share/Model_Robot/package.ps1'
[2.702s] INFO:colcon.colcon_core.shell:Creating package descriptor '/home/nghiaphanbk/WeldingRobot_ws/install/Model_Robot/share/Model_Robot/package.dsv'
[2.703s] INFO:colcon.colcon_core.shell:Creating package script '/home/nghiaphanbk/WeldingRobot_ws/install/Model_Robot/share/Model_Robot/package.sh'
[2.703s] INFO:colcon.colcon_core.shell:Creating package script '/home/nghiaphanbk/WeldingRobot_ws/install/Model_Robot/share/Model_Robot/package.bash'
[2.703s] INFO:colcon.colcon_core.shell:Creating package script '/home/nghiaphanbk/WeldingRobot_ws/install/Model_Robot/share/Model_Robot/package.zsh'
[2.704s] Level 1:colcon.colcon_core.environment:create_file_with_runtime_dependencies(/home/nghiaphanbk/WeldingRobot_ws/install/Model_Robot/share/colcon-core/packages/Model_Robot)
[2.704s] INFO:colcon.colcon_ros.task.ament_cmake.build:Building ROS package in '/home/nghiaphanbk/WeldingRobot_ws/src/Robot_ver2' with build type 'ament_cmake'
[2.704s] INFO:colcon.colcon_cmake.task.cmake.build:Building CMake package in '/home/nghiaphanbk/WeldingRobot_ws/src/Robot_ver2'
[2.719s] INFO:colcon.colcon_core.shell:Skip shell extension 'powershell' for command environment: Not usable outside of PowerShell
[2.719s] DEBUG:colcon.colcon_core.shell:Skip shell extension 'dsv' for command environment
[2.781s] INFO:colcon.colcon_ros.task.ament_cmake.build:Building ROS package in '/home/nghiaphanbk/WeldingRobot_ws/src/movelt_sim' with build type 'ament_cmake'
[2.781s] INFO:colcon.colcon_cmake.task.cmake.build:Building CMake package in '/home/nghiaphanbk/WeldingRobot_ws/src/movelt_sim'
[2.796s] INFO:colcon.colcon_core.shell:Skip shell extension 'powershell' for command environment: Not usable outside of PowerShell
[2.796s] DEBUG:colcon.colcon_core.shell:Skip shell extension 'dsv' for command environment
[2.861s] DEBUG:colcon.colcon_core.event_handler.log_command:Invoking command in '/home/nghiaphanbk/WeldingRobot_ws/build/Robot_ver2': AMENT_PREFIX_PATH=/home/nghiaphanbk/WeldingRobot_ws/install/Model_Robot:/home/nghiaphanbk/WeldingRobot_ws/install/pilz_industrial_motion_planner_testutils:/home/nghiaphanbk/WeldingRobot_ws/install/movelt_sim:/home/nghiaphanbk/WeldingRobot_ws/install/moveit_visual_tools:/home/nghiaphanbk/WeldingRobot_ws/install/moveit_ros_control_interface:/home/nghiaphanbk/WeldingRobot_ws/install/moveit_plugins:/home/nghiaphanbk/WeldingRobot_ws/install/Robot_ver2:/home/nghiaphanbk/WeldingRobot_ws/install/Moveit_sim:/home/nghiaphanbk/WeldingRobot_ws/install/moveit_simple_controller_manager:/home/nghiaphanbk/WeldingRobot_ws/install/moveit_ros_warehouse:/home/nghiaphanbk/WeldingRobot_ws/install/moveit_ros_robot_interaction:/home/nghiaphanbk/WeldingRobot_ws/install/moveit_ros_perception:/home/nghiaphanbk/WeldingRobot_ws/install/moveit2_scripts:/home/nghiaphanbk/WeldingRobot_ws/install/moveit_ros_planning:/home/nghiaphanbk/WeldingRobot_ws/install/moveit_ros_occupancy_map_monitor:/home/nghiaphanbk/WeldingRobot_ws/install/moveit_resources_prbt_ikfast_manipulator_plugin:/home/nghiaphanbk/WeldingRobot_ws/install/moveit_planners_chomp:/home/nghiaphanbk/WeldingRobot_ws/install/moveit_kinematics:/home/nghiaphanbk/WeldingRobot_ws/install/moveit_chomp_optimizer_adapter:/home/nghiaphanbk/WeldingRobot_ws/install/chomp_motion_planner:/home/nghiaphanbk/WeldingRobot_ws/install/moveit_core:/home/nghiaphanbk/WeldingRobot_ws/install/moveit_configs_utils:/home/nghiaphanbk/WeldingRobot_ws/install/srdfdom:/home/nghiaphanbk/WeldingRobot_ws/install/rviz_marker_tools:/home/nghiaphanbk/WeldingRobot_ws/install/rosparam_shortcuts:/home/nghiaphanbk/WeldingRobot_ws/install/moveit_task_constructor_msgs:/home/nghiaphanbk/WeldingRobot_ws/install/moveit_resources_prbt_support:/home/nghiaphanbk/WeldingRobot_ws/install/moveit_resources:/home/nghiaphanbk/WeldingRobot_ws/install/moveit_resources_pr2_description:/home/nghiaphanbk/WeldingRobot_ws/install/moveit_resources_panda_moveit_config:/home/nghiaphanbk/WeldingRobot_ws/install/moveit_resources_panda_description:/home/nghiaphanbk/WeldingRobot_ws/install/moveit_resources_fanuc_moveit_config:/home/nghiaphanbk/WeldingRobot_ws/install/moveit_resources_fanuc_description:/home/nghiaphanbk/WeldingRobot_ws/install/moveit_common:/home/nghiaphanbk/WeldingRobot_ws/install/launch_param_builder:/home/nghiaphanbk/ros2_ws/install/my_robot_controller:/opt/ros/humble CMAKE_PREFIX_PATH=${CMAKE_PREFIX_PATH}:/home/nghiaphanbk/WeldingRobot_ws/install/moveit_configs_utils:/home/nghiaphanbk/WeldingRobot_ws/install/launch_param_builder:/home/nghiaphanbk/WeldingRobot_ws/install/Model_Robot:/home/nghiaphanbk/ros2_ws/install/my_robot_controller:/opt/ros/humble PYTHONPATH=/home/nghiaphanbk/WeldingRobot_ws/install/Model_Robot/lib/python3.10/site-packages:/home/nghiaphanbk/WeldingRobot_ws/install/moveit_configs_utils/lib/python3.10/site-packages:/home/nghiaphanbk/WeldingRobot_ws/install/srdfdom/local/lib/python3.10/dist-packages:/home/nghiaphanbk/WeldingRobot_ws/install/moveit_task_constructor_msgs/local/lib/python3.10/dist-packages:/home/nghiaphanbk/WeldingRobot_ws/install/launch_param_builder/lib/python3.10/site-packages:/home/nghiaphanbk/ros2_ws/build/my_robot_controller:/home/nghiaphanbk/ros2_ws/install/my_robot_controller/lib/python3.10/site-packages:/opt/ros/humble/lib/python3.10/site-packages:/opt/ros/humble/local/lib/python3.10/dist-packages /usr/bin/cmake --build /home/nghiaphanbk/WeldingRobot_ws/build/Robot_ver2 -- -j12 -l12
[2.863s] DEBUG:colcon.colcon_core.event_handler.log_command:Invoking command in '/home/nghiaphanbk/WeldingRobot_ws/build/movelt_sim': AMENT_PREFIX_PATH=/home/nghiaphanbk/WeldingRobot_ws/install/Model_Robot:/home/nghiaphanbk/WeldingRobot_ws/install/pilz_industrial_motion_planner_testutils:/home/nghiaphanbk/WeldingRobot_ws/install/movelt_sim:/home/nghiaphanbk/WeldingRobot_ws/install/moveit_visual_tools:/home/nghiaphanbk/WeldingRobot_ws/install/moveit_ros_control_interface:/home/nghiaphanbk/WeldingRobot_ws/install/moveit_plugins:/home/nghiaphanbk/WeldingRobot_ws/install/Robot_ver2:/home/nghiaphanbk/WeldingRobot_ws/install/Moveit_sim:/home/nghiaphanbk/WeldingRobot_ws/install/moveit_simple_controller_manager:/home/nghiaphanbk/WeldingRobot_ws/install/moveit_ros_warehouse:/home/nghiaphanbk/WeldingRobot_ws/install/moveit_ros_robot_interaction:/home/nghiaphanbk/WeldingRobot_ws/install/moveit_ros_perception:/home/nghiaphanbk/WeldingRobot_ws/install/moveit2_scripts:/home/nghiaphanbk/WeldingRobot_ws/install/moveit_ros_planning:/home/nghiaphanbk/WeldingRobot_ws/install/moveit_ros_occupancy_map_monitor:/home/nghiaphanbk/WeldingRobot_ws/install/moveit_resources_prbt_ikfast_manipulator_plugin:/home/nghiaphanbk/WeldingRobot_ws/install/moveit_planners_chomp:/home/nghiaphanbk/WeldingRobot_ws/install/moveit_kinematics:/home/nghiaphanbk/WeldingRobot_ws/install/moveit_chomp_optimizer_adapter:/home/nghiaphanbk/WeldingRobot_ws/install/chomp_motion_planner:/home/nghiaphanbk/WeldingRobot_ws/install/moveit_core:/home/nghiaphanbk/WeldingRobot_ws/install/moveit_configs_utils:/home/nghiaphanbk/WeldingRobot_ws/install/srdfdom:/home/nghiaphanbk/WeldingRobot_ws/install/rviz_marker_tools:/home/nghiaphanbk/WeldingRobot_ws/install/rosparam_shortcuts:/home/nghiaphanbk/WeldingRobot_ws/install/moveit_task_constructor_msgs:/home/nghiaphanbk/WeldingRobot_ws/install/moveit_resources_prbt_support:/home/nghiaphanbk/WeldingRobot_ws/install/moveit_resources:/home/nghiaphanbk/WeldingRobot_ws/install/moveit_resources_pr2_description:/home/nghiaphanbk/WeldingRobot_ws/install/moveit_resources_panda_moveit_config:/home/nghiaphanbk/WeldingRobot_ws/install/moveit_resources_panda_description:/home/nghiaphanbk/WeldingRobot_ws/install/moveit_resources_fanuc_moveit_config:/home/nghiaphanbk/WeldingRobot_ws/install/moveit_resources_fanuc_description:/home/nghiaphanbk/WeldingRobot_ws/install/moveit_common:/home/nghiaphanbk/WeldingRobot_ws/install/launch_param_builder:/home/nghiaphanbk/ros2_ws/install/my_robot_controller:/opt/ros/humble CMAKE_PREFIX_PATH=${CMAKE_PREFIX_PATH}:/home/nghiaphanbk/WeldingRobot_ws/install/moveit_configs_utils:/home/nghiaphanbk/WeldingRobot_ws/install/launch_param_builder:/home/nghiaphanbk/WeldingRobot_ws/install/Model_Robot:/home/nghiaphanbk/ros2_ws/install/my_robot_controller:/opt/ros/humble PYTHONPATH=/home/nghiaphanbk/WeldingRobot_ws/install/Model_Robot/lib/python3.10/site-packages:/home/nghiaphanbk/WeldingRobot_ws/install/moveit_configs_utils/lib/python3.10/site-packages:/home/nghiaphanbk/WeldingRobot_ws/install/srdfdom/local/lib/python3.10/dist-packages:/home/nghiaphanbk/WeldingRobot_ws/install/moveit_task_constructor_msgs/local/lib/python3.10/dist-packages:/home/nghiaphanbk/WeldingRobot_ws/install/launch_param_builder/lib/python3.10/site-packages:/home/nghiaphanbk/ros2_ws/build/my_robot_controller:/home/nghiaphanbk/ros2_ws/install/my_robot_controller/lib/python3.10/site-packages:/opt/ros/humble/lib/python3.10/site-packages:/opt/ros/humble/local/lib/python3.10/dist-packages /usr/bin/cmake --build /home/nghiaphanbk/WeldingRobot_ws/build/movelt_sim -- -j12 -l12
[2.893s] DEBUG:colcon.colcon_core.event_handler.log_command:Invoked command in '/home/nghiaphanbk/WeldingRobot_ws/build/Robot_ver2' returned '0': AMENT_PREFIX_PATH=/home/nghiaphanbk/WeldingRobot_ws/install/Model_Robot:/home/nghiaphanbk/WeldingRobot_ws/install/pilz_industrial_motion_planner_testutils:/home/nghiaphanbk/WeldingRobot_ws/install/movelt_sim:/home/nghiaphanbk/WeldingRobot_ws/install/moveit_visual_tools:/home/nghiaphanbk/WeldingRobot_ws/install/moveit_ros_control_interface:/home/nghiaphanbk/WeldingRobot_ws/install/moveit_plugins:/home/nghiaphanbk/WeldingRobot_ws/install/Robot_ver2:/home/nghiaphanbk/WeldingRobot_ws/install/Moveit_sim:/home/nghiaphanbk/WeldingRobot_ws/install/moveit_simple_controller_manager:/home/nghiaphanbk/WeldingRobot_ws/install/moveit_ros_warehouse:/home/nghiaphanbk/WeldingRobot_ws/install/moveit_ros_robot_interaction:/home/nghiaphanbk/WeldingRobot_ws/install/moveit_ros_perception:/home/nghiaphanbk/WeldingRobot_ws/install/moveit2_scripts:/home/nghiaphanbk/WeldingRobot_ws/install/moveit_ros_planning:/home/nghiaphanbk/WeldingRobot_ws/install/moveit_ros_occupancy_map_monitor:/home/nghiaphanbk/WeldingRobot_ws/install/moveit_resources_prbt_ikfast_manipulator_plugin:/home/nghiaphanbk/WeldingRobot_ws/install/moveit_planners_chomp:/home/nghiaphanbk/WeldingRobot_ws/install/moveit_kinematics:/home/nghiaphanbk/WeldingRobot_ws/install/moveit_chomp_optimizer_adapter:/home/nghiaphanbk/WeldingRobot_ws/install/chomp_motion_planner:/home/nghiaphanbk/WeldingRobot_ws/install/moveit_core:/home/nghiaphanbk/WeldingRobot_ws/install/moveit_configs_utils:/home/nghiaphanbk/WeldingRobot_ws/install/srdfdom:/home/nghiaphanbk/WeldingRobot_ws/install/rviz_marker_tools:/home/nghiaphanbk/WeldingRobot_ws/install/rosparam_shortcuts:/home/nghiaphanbk/WeldingRobot_ws/install/moveit_task_constructor_msgs:/home/nghiaphanbk/WeldingRobot_ws/install/moveit_resources_prbt_support:/home/nghiaphanbk/WeldingRobot_ws/install/moveit_resources:/home/nghiaphanbk/WeldingRobot_ws/install/moveit_resources_pr2_description:/home/nghiaphanbk/WeldingRobot_ws/install/moveit_resources_panda_moveit_config:/home/nghiaphanbk/WeldingRobot_ws/install/moveit_resources_panda_description:/home/nghiaphanbk/WeldingRobot_ws/install/moveit_resources_fanuc_moveit_config:/home/nghiaphanbk/WeldingRobot_ws/install/moveit_resources_fanuc_description:/home/nghiaphanbk/WeldingRobot_ws/install/moveit_common:/home/nghiaphanbk/WeldingRobot_ws/install/launch_param_builder:/home/nghiaphanbk/ros2_ws/install/my_robot_controller:/opt/ros/humble CMAKE_PREFIX_PATH=${CMAKE_PREFIX_PATH}:/home/nghiaphanbk/WeldingRobot_ws/install/moveit_configs_utils:/home/nghiaphanbk/WeldingRobot_ws/install/launch_param_builder:/home/nghiaphanbk/WeldingRobot_ws/install/Model_Robot:/home/nghiaphanbk/ros2_ws/install/my_robot_controller:/opt/ros/humble PYTHONPATH=/home/nghiaphanbk/WeldingRobot_ws/install/Model_Robot/lib/python3.10/site-packages:/home/nghiaphanbk/WeldingRobot_ws/install/moveit_configs_utils/lib/python3.10/site-packages:/home/nghiaphanbk/WeldingRobot_ws/install/srdfdom/local/lib/python3.10/dist-packages:/home/nghiaphanbk/WeldingRobot_ws/install/moveit_task_constructor_msgs/local/lib/python3.10/dist-packages:/home/nghiaphanbk/WeldingRobot_ws/install/launch_param_builder/lib/python3.10/site-packages:/home/nghiaphanbk/ros2_ws/build/my_robot_controller:/home/nghiaphanbk/ros2_ws/install/my_robot_controller/lib/python3.10/site-packages:/opt/ros/humble/lib/python3.10/site-packages:/opt/ros/humble/local/lib/python3.10/dist-packages /usr/bin/cmake --build /home/nghiaphanbk/WeldingRobot_ws/build/Robot_ver2 -- -j12 -l12
[2.894s] DEBUG:colcon.colcon_core.event_handler.log_command:Invoked command in '/home/nghiaphanbk/WeldingRobot_ws/build/movelt_sim' returned '0': AMENT_PREFIX_PATH=/home/nghiaphanbk/WeldingRobot_ws/install/Model_Robot:/home/nghiaphanbk/WeldingRobot_ws/install/pilz_industrial_motion_planner_testutils:/home/nghiaphanbk/WeldingRobot_ws/install/movelt_sim:/home/nghiaphanbk/WeldingRobot_ws/install/moveit_visual_tools:/home/nghiaphanbk/WeldingRobot_ws/install/moveit_ros_control_interface:/home/nghiaphanbk/WeldingRobot_ws/install/moveit_plugins:/home/nghiaphanbk/WeldingRobot_ws/install/Robot_ver2:/home/nghiaphanbk/WeldingRobot_ws/install/Moveit_sim:/home/nghiaphanbk/WeldingRobot_ws/install/moveit_simple_controller_manager:/home/nghiaphanbk/WeldingRobot_ws/install/moveit_ros_warehouse:/home/nghiaphanbk/WeldingRobot_ws/install/moveit_ros_robot_interaction:/home/nghiaphanbk/WeldingRobot_ws/install/moveit_ros_perception:/home/nghiaphanbk/WeldingRobot_ws/install/moveit2_scripts:/home/nghiaphanbk/WeldingRobot_ws/install/moveit_ros_planning:/home/nghiaphanbk/WeldingRobot_ws/install/moveit_ros_occupancy_map_monitor:/home/nghiaphanbk/WeldingRobot_ws/install/moveit_resources_prbt_ikfast_manipulator_plugin:/home/nghiaphanbk/WeldingRobot_ws/install/moveit_planners_chomp:/home/nghiaphanbk/WeldingRobot_ws/install/moveit_kinematics:/home/nghiaphanbk/WeldingRobot_ws/install/moveit_chomp_optimizer_adapter:/home/nghiaphanbk/WeldingRobot_ws/install/chomp_motion_planner:/home/nghiaphanbk/WeldingRobot_ws/install/moveit_core:/home/nghiaphanbk/WeldingRobot_ws/install/moveit_configs_utils:/home/nghiaphanbk/WeldingRobot_ws/install/srdfdom:/home/nghiaphanbk/WeldingRobot_ws/install/rviz_marker_tools:/home/nghiaphanbk/WeldingRobot_ws/install/rosparam_shortcuts:/home/nghiaphanbk/WeldingRobot_ws/install/moveit_task_constructor_msgs:/home/nghiaphanbk/WeldingRobot_ws/install/moveit_resources_prbt_support:/home/nghiaphanbk/WeldingRobot_ws/install/moveit_resources:/home/nghiaphanbk/WeldingRobot_ws/install/moveit_resources_pr2_description:/home/nghiaphanbk/WeldingRobot_ws/install/moveit_resources_panda_moveit_config:/home/nghiaphanbk/WeldingRobot_ws/install/moveit_resources_panda_description:/home/nghiaphanbk/WeldingRobot_ws/install/moveit_resources_fanuc_moveit_config:/home/nghiaphanbk/WeldingRobot_ws/install/moveit_resources_fanuc_description:/home/nghiaphanbk/WeldingRobot_ws/install/moveit_common:/home/nghiaphanbk/WeldingRobot_ws/install/launch_param_builder:/home/nghiaphanbk/ros2_ws/install/my_robot_controller:/opt/ros/humble CMAKE_PREFIX_PATH=${CMAKE_PREFIX_PATH}:/home/nghiaphanbk/WeldingRobot_ws/install/moveit_configs_utils:/home/nghiaphanbk/WeldingRobot_ws/install/launch_param_builder:/home/nghiaphanbk/WeldingRobot_ws/install/Model_Robot:/home/nghiaphanbk/ros2_ws/install/my_robot_controller:/opt/ros/humble PYTHONPATH=/home/nghiaphanbk/WeldingRobot_ws/install/Model_Robot/lib/python3.10/site-packages:/home/nghiaphanbk/WeldingRobot_ws/install/moveit_configs_utils/lib/python3.10/site-packages:/home/nghiaphanbk/WeldingRobot_ws/install/srdfdom/local/lib/python3.10/dist-packages:/home/nghiaphanbk/WeldingRobot_ws/install/moveit_task_constructor_msgs/local/lib/python3.10/dist-packages:/home/nghiaphanbk/WeldingRobot_ws/install/launch_param_builder/lib/python3.10/site-packages:/home/nghiaphanbk/ros2_ws/build/my_robot_controller:/home/nghiaphanbk/ros2_ws/install/my_robot_controller/lib/python3.10/site-packages:/opt/ros/humble/lib/python3.10/site-packages:/opt/ros/humble/local/lib/python3.10/dist-packages /usr/bin/cmake --build /home/nghiaphanbk/WeldingRobot_ws/build/movelt_sim -- -j12 -l12
[2.912s] DEBUG:colcon.colcon_core.event_handler.log_command:Invoking command in '/home/nghiaphanbk/WeldingRobot_ws/build/Robot_ver2': AMENT_PREFIX_PATH=/home/nghiaphanbk/WeldingRobot_ws/install/Model_Robot:/home/nghiaphanbk/WeldingRobot_ws/install/pilz_industrial_motion_planner_testutils:/home/nghiaphanbk/WeldingRobot_ws/install/movelt_sim:/home/nghiaphanbk/WeldingRobot_ws/install/moveit_visual_tools:/home/nghiaphanbk/WeldingRobot_ws/install/moveit_ros_control_interface:/home/nghiaphanbk/WeldingRobot_ws/install/moveit_plugins:/home/nghiaphanbk/WeldingRobot_ws/install/Robot_ver2:/home/nghiaphanbk/WeldingRobot_ws/install/Moveit_sim:/home/nghiaphanbk/WeldingRobot_ws/install/moveit_simple_controller_manager:/home/nghiaphanbk/WeldingRobot_ws/install/moveit_ros_warehouse:/home/nghiaphanbk/WeldingRobot_ws/install/moveit_ros_robot_interaction:/home/nghiaphanbk/WeldingRobot_ws/install/moveit_ros_perception:/home/nghiaphanbk/WeldingRobot_ws/install/moveit2_scripts:/home/nghiaphanbk/WeldingRobot_ws/install/moveit_ros_planning:/home/nghiaphanbk/WeldingRobot_ws/install/moveit_ros_occupancy_map_monitor:/home/nghiaphanbk/WeldingRobot_ws/install/moveit_resources_prbt_ikfast_manipulator_plugin:/home/nghiaphanbk/WeldingRobot_ws/install/moveit_planners_chomp:/home/nghiaphanbk/WeldingRobot_ws/install/moveit_kinematics:/home/nghiaphanbk/WeldingRobot_ws/install/moveit_chomp_optimizer_adapter:/home/nghiaphanbk/WeldingRobot_ws/install/chomp_motion_planner:/home/nghiaphanbk/WeldingRobot_ws/install/moveit_core:/home/nghiaphanbk/WeldingRobot_ws/install/moveit_configs_utils:/home/nghiaphanbk/WeldingRobot_ws/install/srdfdom:/home/nghiaphanbk/WeldingRobot_ws/install/rviz_marker_tools:/home/nghiaphanbk/WeldingRobot_ws/install/rosparam_shortcuts:/home/nghiaphanbk/WeldingRobot_ws/install/moveit_task_constructor_msgs:/home/nghiaphanbk/WeldingRobot_ws/install/moveit_resources_prbt_support:/home/nghiaphanbk/WeldingRobot_ws/install/moveit_resources:/home/nghiaphanbk/WeldingRobot_ws/install/moveit_resources_pr2_description:/home/nghiaphanbk/WeldingRobot_ws/install/moveit_resources_panda_moveit_config:/home/nghiaphanbk/WeldingRobot_ws/install/moveit_resources_panda_description:/home/nghiaphanbk/WeldingRobot_ws/install/moveit_resources_fanuc_moveit_config:/home/nghiaphanbk/WeldingRobot_ws/install/moveit_resources_fanuc_description:/home/nghiaphanbk/WeldingRobot_ws/install/moveit_common:/home/nghiaphanbk/WeldingRobot_ws/install/launch_param_builder:/home/nghiaphanbk/ros2_ws/install/my_robot_controller:/opt/ros/humble CMAKE_PREFIX_PATH=${CMAKE_PREFIX_PATH}:/home/nghiaphanbk/WeldingRobot_ws/install/moveit_configs_utils:/home/nghiaphanbk/WeldingRobot_ws/install/launch_param_builder:/home/nghiaphanbk/WeldingRobot_ws/install/Model_Robot:/home/nghiaphanbk/ros2_ws/install/my_robot_controller:/opt/ros/humble PYTHONPATH=/home/nghiaphanbk/WeldingRobot_ws/install/Model_Robot/lib/python3.10/site-packages:/home/nghiaphanbk/WeldingRobot_ws/install/moveit_configs_utils/lib/python3.10/site-packages:/home/nghiaphanbk/WeldingRobot_ws/install/srdfdom/local/lib/python3.10/dist-packages:/home/nghiaphanbk/WeldingRobot_ws/install/moveit_task_constructor_msgs/local/lib/python3.10/dist-packages:/home/nghiaphanbk/WeldingRobot_ws/install/launch_param_builder/lib/python3.10/site-packages:/home/nghiaphanbk/ros2_ws/build/my_robot_controller:/home/nghiaphanbk/ros2_ws/install/my_robot_controller/lib/python3.10/site-packages:/opt/ros/humble/lib/python3.10/site-packages:/opt/ros/humble/local/lib/python3.10/dist-packages /usr/bin/cmake --install /home/nghiaphanbk/WeldingRobot_ws/build/Robot_ver2
[2.914s] DEBUG:colcon.colcon_core.event_handler.log_command:Invoking command in '/home/nghiaphanbk/WeldingRobot_ws/build/movelt_sim': AMENT_PREFIX_PATH=/home/nghiaphanbk/WeldingRobot_ws/install/Model_Robot:/home/nghiaphanbk/WeldingRobot_ws/install/pilz_industrial_motion_planner_testutils:/home/nghiaphanbk/WeldingRobot_ws/install/movelt_sim:/home/nghiaphanbk/WeldingRobot_ws/install/moveit_visual_tools:/home/nghiaphanbk/WeldingRobot_ws/install/moveit_ros_control_interface:/home/nghiaphanbk/WeldingRobot_ws/install/moveit_plugins:/home/nghiaphanbk/WeldingRobot_ws/install/Robot_ver2:/home/nghiaphanbk/WeldingRobot_ws/install/Moveit_sim:/home/nghiaphanbk/WeldingRobot_ws/install/moveit_simple_controller_manager:/home/nghiaphanbk/WeldingRobot_ws/install/moveit_ros_warehouse:/home/nghiaphanbk/WeldingRobot_ws/install/moveit_ros_robot_interaction:/home/nghiaphanbk/WeldingRobot_ws/install/moveit_ros_perception:/home/nghiaphanbk/WeldingRobot_ws/install/moveit2_scripts:/home/nghiaphanbk/WeldingRobot_ws/install/moveit_ros_planning:/home/nghiaphanbk/WeldingRobot_ws/install/moveit_ros_occupancy_map_monitor:/home/nghiaphanbk/WeldingRobot_ws/install/moveit_resources_prbt_ikfast_manipulator_plugin:/home/nghiaphanbk/WeldingRobot_ws/install/moveit_planners_chomp:/home/nghiaphanbk/WeldingRobot_ws/install/moveit_kinematics:/home/nghiaphanbk/WeldingRobot_ws/install/moveit_chomp_optimizer_adapter:/home/nghiaphanbk/WeldingRobot_ws/install/chomp_motion_planner:/home/nghiaphanbk/WeldingRobot_ws/install/moveit_core:/home/nghiaphanbk/WeldingRobot_ws/install/moveit_configs_utils:/home/nghiaphanbk/WeldingRobot_ws/install/srdfdom:/home/nghiaphanbk/WeldingRobot_ws/install/rviz_marker_tools:/home/nghiaphanbk/WeldingRobot_ws/install/rosparam_shortcuts:/home/nghiaphanbk/WeldingRobot_ws/install/moveit_task_constructor_msgs:/home/nghiaphanbk/WeldingRobot_ws/install/moveit_resources_prbt_support:/home/nghiaphanbk/WeldingRobot_ws/install/moveit_resources:/home/nghiaphanbk/WeldingRobot_ws/install/moveit_resources_pr2_description:/home/nghiaphanbk/WeldingRobot_ws/install/moveit_resources_panda_moveit_config:/home/nghiaphanbk/WeldingRobot_ws/install/moveit_resources_panda_description:/home/nghiaphanbk/WeldingRobot_ws/install/moveit_resources_fanuc_moveit_config:/home/nghiaphanbk/WeldingRobot_ws/install/moveit_resources_fanuc_description:/home/nghiaphanbk/WeldingRobot_ws/install/moveit_common:/home/nghiaphanbk/WeldingRobot_ws/install/launch_param_builder:/home/nghiaphanbk/ros2_ws/install/my_robot_controller:/opt/ros/humble CMAKE_PREFIX_PATH=${CMAKE_PREFIX_PATH}:/home/nghiaphanbk/WeldingRobot_ws/install/moveit_configs_utils:/home/nghiaphanbk/WeldingRobot_ws/install/launch_param_builder:/home/nghiaphanbk/WeldingRobot_ws/install/Model_Robot:/home/nghiaphanbk/ros2_ws/install/my_robot_controller:/opt/ros/humble PYTHONPATH=/home/nghiaphanbk/WeldingRobot_ws/install/Model_Robot/lib/python3.10/site-packages:/home/nghiaphanbk/WeldingRobot_ws/install/moveit_configs_utils/lib/python3.10/site-packages:/home/nghiaphanbk/WeldingRobot_ws/install/srdfdom/local/lib/python3.10/dist-packages:/home/nghiaphanbk/WeldingRobot_ws/install/moveit_task_constructor_msgs/local/lib/python3.10/dist-packages:/home/nghiaphanbk/WeldingRobot_ws/install/launch_param_builder/lib/python3.10/site-packages:/home/nghiaphanbk/ros2_ws/build/my_robot_controller:/home/nghiaphanbk/ros2_ws/install/my_robot_controller/lib/python3.10/site-packages:/opt/ros/humble/lib/python3.10/site-packages:/opt/ros/humble/local/lib/python3.10/dist-packages /usr/bin/cmake --install /home/nghiaphanbk/WeldingRobot_ws/build/movelt_sim
[2.922s] Level 1:colcon.colcon_core.environment:create_environment_scripts_only(Robot_ver2)
[2.929s] DEBUG:colcon.colcon_core.event_handler.log_command:Invoked command in '/home/nghiaphanbk/WeldingRobot_ws/build/Robot_ver2' returned '0': AMENT_PREFIX_PATH=/home/nghiaphanbk/WeldingRobot_ws/install/Model_Robot:/home/nghiaphanbk/WeldingRobot_ws/install/pilz_industrial_motion_planner_testutils:/home/nghiaphanbk/WeldingRobot_ws/install/movelt_sim:/home/nghiaphanbk/WeldingRobot_ws/install/moveit_visual_tools:/home/nghiaphanbk/WeldingRobot_ws/install/moveit_ros_control_interface:/home/nghiaphanbk/WeldingRobot_ws/install/moveit_plugins:/home/nghiaphanbk/WeldingRobot_ws/install/Robot_ver2:/home/nghiaphanbk/WeldingRobot_ws/install/Moveit_sim:/home/nghiaphanbk/WeldingRobot_ws/install/moveit_simple_controller_manager:/home/nghiaphanbk/WeldingRobot_ws/install/moveit_ros_warehouse:/home/nghiaphanbk/WeldingRobot_ws/install/moveit_ros_robot_interaction:/home/nghiaphanbk/WeldingRobot_ws/install/moveit_ros_perception:/home/nghiaphanbk/WeldingRobot_ws/install/moveit2_scripts:/home/nghiaphanbk/WeldingRobot_ws/install/moveit_ros_planning:/home/nghiaphanbk/WeldingRobot_ws/install/moveit_ros_occupancy_map_monitor:/home/nghiaphanbk/WeldingRobot_ws/install/moveit_resources_prbt_ikfast_manipulator_plugin:/home/nghiaphanbk/WeldingRobot_ws/install/moveit_planners_chomp:/home/nghiaphanbk/WeldingRobot_ws/install/moveit_kinematics:/home/nghiaphanbk/WeldingRobot_ws/install/moveit_chomp_optimizer_adapter:/home/nghiaphanbk/WeldingRobot_ws/install/chomp_motion_planner:/home/nghiaphanbk/WeldingRobot_ws/install/moveit_core:/home/nghiaphanbk/WeldingRobot_ws/install/moveit_configs_utils:/home/nghiaphanbk/WeldingRobot_ws/install/srdfdom:/home/nghiaphanbk/WeldingRobot_ws/install/rviz_marker_tools:/home/nghiaphanbk/WeldingRobot_ws/install/rosparam_shortcuts:/home/nghiaphanbk/WeldingRobot_ws/install/moveit_task_constructor_msgs:/home/nghiaphanbk/WeldingRobot_ws/install/moveit_resources_prbt_support:/home/nghiaphanbk/WeldingRobot_ws/install/moveit_resources:/home/nghiaphanbk/WeldingRobot_ws/install/moveit_resources_pr2_description:/home/nghiaphanbk/WeldingRobot_ws/install/moveit_resources_panda_moveit_config:/home/nghiaphanbk/WeldingRobot_ws/install/moveit_resources_panda_description:/home/nghiaphanbk/WeldingRobot_ws/install/moveit_resources_fanuc_moveit_config:/home/nghiaphanbk/WeldingRobot_ws/install/moveit_resources_fanuc_description:/home/nghiaphanbk/WeldingRobot_ws/install/moveit_common:/home/nghiaphanbk/WeldingRobot_ws/install/launch_param_builder:/home/nghiaphanbk/ros2_ws/install/my_robot_controller:/opt/ros/humble CMAKE_PREFIX_PATH=${CMAKE_PREFIX_PATH}:/home/nghiaphanbk/WeldingRobot_ws/install/moveit_configs_utils:/home/nghiaphanbk/WeldingRobot_ws/install/launch_param_builder:/home/nghiaphanbk/WeldingRobot_ws/install/Model_Robot:/home/nghiaphanbk/ros2_ws/install/my_robot_controller:/opt/ros/humble PYTHONPATH=/home/nghiaphanbk/WeldingRobot_ws/install/Model_Robot/lib/python3.10/site-packages:/home/nghiaphanbk/WeldingRobot_ws/install/moveit_configs_utils/lib/python3.10/site-packages:/home/nghiaphanbk/WeldingRobot_ws/install/srdfdom/local/lib/python3.10/dist-packages:/home/nghiaphanbk/WeldingRobot_ws/install/moveit_task_constructor_msgs/local/lib/python3.10/dist-packages:/home/nghiaphanbk/WeldingRobot_ws/install/launch_param_builder/lib/python3.10/site-packages:/home/nghiaphanbk/ros2_ws/build/my_robot_controller:/home/nghiaphanbk/ros2_ws/install/my_robot_controller/lib/python3.10/site-packages:/opt/ros/humble/lib/python3.10/site-packages:/opt/ros/humble/local/lib/python3.10/dist-packages /usr/bin/cmake --install /home/nghiaphanbk/WeldingRobot_ws/build/Robot_ver2
[2.941s] Level 1:colcon.colcon_core.environment:checking '/home/nghiaphanbk/WeldingRobot_ws/install/Robot_ver2' for CMake module files
[2.942s] Level 1:colcon.colcon_core.environment:checking '/home/nghiaphanbk/WeldingRobot_ws/install/Robot_ver2' for CMake config files
[2.942s] Level 1:colcon.colcon_core.shell:create_environment_hook('Robot_ver2', 'cmake_prefix_path')
[2.956s] INFO:colcon.colcon_core.shell:Creating environment hook '/home/nghiaphanbk/WeldingRobot_ws/install/Robot_ver2/share/Robot_ver2/hook/cmake_prefix_path.ps1'
[2.957s] INFO:colcon.colcon_core.shell:Creating environment descriptor '/home/nghiaphanbk/WeldingRobot_ws/install/Robot_ver2/share/Robot_ver2/hook/cmake_prefix_path.dsv'
[2.957s] INFO:colcon.colcon_core.shell:Creating environment hook '/home/nghiaphanbk/WeldingRobot_ws/install/Robot_ver2/share/Robot_ver2/hook/cmake_prefix_path.sh'
[2.957s] Level 1:colcon.colcon_core.environment:checking '/home/nghiaphanbk/WeldingRobot_ws/install/Robot_ver2/bin'
[2.957s] Level 1:colcon.colcon_core.environment:checking '/home/nghiaphanbk/WeldingRobot_ws/install/Robot_ver2/lib/pkgconfig/Robot_ver2.pc'
[2.958s] Level 1:colcon.colcon_core.environment:checking '/home/nghiaphanbk/WeldingRobot_ws/install/Robot_ver2/lib/python3.10/site-packages'
[2.958s] Level 1:colcon.colcon_core.environment:checking '/home/nghiaphanbk/WeldingRobot_ws/install/Robot_ver2/bin'
[2.973s] INFO:colcon.colcon_core.shell:Creating package script '/home/nghiaphanbk/WeldingRobot_ws/install/Robot_ver2/share/Robot_ver2/package.ps1'
[2.973s] INFO:colcon.colcon_core.shell:Creating package descriptor '/home/nghiaphanbk/WeldingRobot_ws/install/Robot_ver2/share/Robot_ver2/package.dsv'
[2.973s] INFO:colcon.colcon_core.shell:Creating package script '/home/nghiaphanbk/WeldingRobot_ws/install/Robot_ver2/share/Robot_ver2/package.sh'
[2.974s] INFO:colcon.colcon_core.shell:Creating package script '/home/nghiaphanbk/WeldingRobot_ws/install/Robot_ver2/share/Robot_ver2/package.bash'
[2.974s] INFO:colcon.colcon_core.shell:Creating package script '/home/nghiaphanbk/WeldingRobot_ws/install/Robot_ver2/share/Robot_ver2/package.zsh'
[2.974s] Level 1:colcon.colcon_core.environment:create_file_with_runtime_dependencies(/home/nghiaphanbk/WeldingRobot_ws/install/Robot_ver2/share/colcon-core/packages/Robot_ver2)
[2.976s] Level 1:colcon.colcon_core.environment:create_environment_scripts_only(movelt_sim)
[2.976s] DEBUG:colcon.colcon_core.event_handler.log_command:Invoked command in '/home/nghiaphanbk/WeldingRobot_ws/build/movelt_sim' returned '0': AMENT_PREFIX_PATH=/home/nghiaphanbk/WeldingRobot_ws/install/Model_Robot:/home/nghiaphanbk/WeldingRobot_ws/install/pilz_industrial_motion_planner_testutils:/home/nghiaphanbk/WeldingRobot_ws/install/movelt_sim:/home/nghiaphanbk/WeldingRobot_ws/install/moveit_visual_tools:/home/nghiaphanbk/WeldingRobot_ws/install/moveit_ros_control_interface:/home/nghiaphanbk/WeldingRobot_ws/install/moveit_plugins:/home/nghiaphanbk/WeldingRobot_ws/install/Robot_ver2:/home/nghiaphanbk/WeldingRobot_ws/install/Moveit_sim:/home/nghiaphanbk/WeldingRobot_ws/install/moveit_simple_controller_manager:/home/nghiaphanbk/WeldingRobot_ws/install/moveit_ros_warehouse:/home/nghiaphanbk/WeldingRobot_ws/install/moveit_ros_robot_interaction:/home/nghiaphanbk/WeldingRobot_ws/install/moveit_ros_perception:/home/nghiaphanbk/WeldingRobot_ws/install/moveit2_scripts:/home/nghiaphanbk/WeldingRobot_ws/install/moveit_ros_planning:/home/nghiaphanbk/WeldingRobot_ws/install/moveit_ros_occupancy_map_monitor:/home/nghiaphanbk/WeldingRobot_ws/install/moveit_resources_prbt_ikfast_manipulator_plugin:/home/nghiaphanbk/WeldingRobot_ws/install/moveit_planners_chomp:/home/nghiaphanbk/WeldingRobot_ws/install/moveit_kinematics:/home/nghiaphanbk/WeldingRobot_ws/install/moveit_chomp_optimizer_adapter:/home/nghiaphanbk/WeldingRobot_ws/install/chomp_motion_planner:/home/nghiaphanbk/WeldingRobot_ws/install/moveit_core:/home/nghiaphanbk/WeldingRobot_ws/install/moveit_configs_utils:/home/nghiaphanbk/WeldingRobot_ws/install/srdfdom:/home/nghiaphanbk/WeldingRobot_ws/install/rviz_marker_tools:/home/nghiaphanbk/WeldingRobot_ws/install/rosparam_shortcuts:/home/nghiaphanbk/WeldingRobot_ws/install/moveit_task_constructor_msgs:/home/nghiaphanbk/WeldingRobot_ws/install/moveit_resources_prbt_support:/home/nghiaphanbk/WeldingRobot_ws/install/moveit_resources:/home/nghiaphanbk/WeldingRobot_ws/install/moveit_resources_pr2_description:/home/nghiaphanbk/WeldingRobot_ws/install/moveit_resources_panda_moveit_config:/home/nghiaphanbk/WeldingRobot_ws/install/moveit_resources_panda_description:/home/nghiaphanbk/WeldingRobot_ws/install/moveit_resources_fanuc_moveit_config:/home/nghiaphanbk/WeldingRobot_ws/install/moveit_resources_fanuc_description:/home/nghiaphanbk/WeldingRobot_ws/install/moveit_common:/home/nghiaphanbk/WeldingRobot_ws/install/launch_param_builder:/home/nghiaphanbk/ros2_ws/install/my_robot_controller:/opt/ros/humble CMAKE_PREFIX_PATH=${CMAKE_PREFIX_PATH}:/home/nghiaphanbk/WeldingRobot_ws/install/moveit_configs_utils:/home/nghiaphanbk/WeldingRobot_ws/install/launch_param_builder:/home/nghiaphanbk/WeldingRobot_ws/install/Model_Robot:/home/nghiaphanbk/ros2_ws/install/my_robot_controller:/opt/ros/humble PYTHONPATH=/home/nghiaphanbk/WeldingRobot_ws/install/Model_Robot/lib/python3.10/site-packages:/home/nghiaphanbk/WeldingRobot_ws/install/moveit_configs_utils/lib/python3.10/site-packages:/home/nghiaphanbk/WeldingRobot_ws/install/srdfdom/local/lib/python3.10/dist-packages:/home/nghiaphanbk/WeldingRobot_ws/install/moveit_task_constructor_msgs/local/lib/python3.10/dist-packages:/home/nghiaphanbk/WeldingRobot_ws/install/launch_param_builder/lib/python3.10/site-packages:/home/nghiaphanbk/ros2_ws/build/my_robot_controller:/home/nghiaphanbk/ros2_ws/install/my_robot_controller/lib/python3.10/site-packages:/opt/ros/humble/lib/python3.10/site-packages:/opt/ros/humble/local/lib/python3.10/dist-packages /usr/bin/cmake --install /home/nghiaphanbk/WeldingRobot_ws/build/movelt_sim
[2.992s] Level 1:colcon.colcon_core.environment:checking '/home/nghiaphanbk/WeldingRobot_ws/install/movelt_sim' for CMake module files
[2.992s] Level 1:colcon.colcon_core.environment:checking '/home/nghiaphanbk/WeldingRobot_ws/install/movelt_sim' for CMake config files
[2.992s] Level 1:colcon.colcon_core.shell:create_environment_hook('movelt_sim', 'cmake_prefix_path')
[3.014s] INFO:colcon.colcon_core.shell:Creating environment hook '/home/nghiaphanbk/WeldingRobot_ws/install/movelt_sim/share/movelt_sim/hook/cmake_prefix_path.ps1'
[3.015s] INFO:colcon.colcon_core.shell:Creating environment descriptor '/home/nghiaphanbk/WeldingRobot_ws/install/movelt_sim/share/movelt_sim/hook/cmake_prefix_path.dsv'
[3.015s] INFO:colcon.colcon_core.shell:Creating environment hook '/home/nghiaphanbk/WeldingRobot_ws/install/movelt_sim/share/movelt_sim/hook/cmake_prefix_path.sh'
[3.016s] Level 1:colcon.colcon_core.environment:checking '/home/nghiaphanbk/WeldingRobot_ws/install/movelt_sim/bin'
[3.016s] Level 1:colcon.colcon_core.environment:checking '/home/nghiaphanbk/WeldingRobot_ws/install/movelt_sim/lib/pkgconfig/movelt_sim.pc'
[3.016s] Level 1:colcon.colcon_core.environment:checking '/home/nghiaphanbk/WeldingRobot_ws/install/movelt_sim/lib/python3.10/site-packages'
[3.016s] Level 1:colcon.colcon_core.environment:checking '/home/nghiaphanbk/WeldingRobot_ws/install/movelt_sim/bin'
[3.031s] INFO:colcon.colcon_core.shell:Creating package script '/home/nghiaphanbk/WeldingRobot_ws/install/movelt_sim/share/movelt_sim/package.ps1'
[3.031s] INFO:colcon.colcon_core.shell:Creating package descriptor '/home/nghiaphanbk/WeldingRobot_ws/install/movelt_sim/share/movelt_sim/package.dsv'
[3.032s] INFO:colcon.colcon_core.shell:Creating package script '/home/nghiaphanbk/WeldingRobot_ws/install/movelt_sim/share/movelt_sim/package.sh'
[3.032s] INFO:colcon.colcon_core.shell:Creating package script '/home/nghiaphanbk/WeldingRobot_ws/install/movelt_sim/share/movelt_sim/package.bash'
[3.032s] INFO:colcon.colcon_core.shell:Creating package script '/home/nghiaphanbk/WeldingRobot_ws/install/movelt_sim/share/movelt_sim/package.zsh'
[3.033s] Level 1:colcon.colcon_core.environment:create_file_with_runtime_dependencies(/home/nghiaphanbk/WeldingRobot_ws/install/movelt_sim/share/colcon-core/packages/movelt_sim)
[3.049s] Level 1:colcon.colcon_core.environment:create_environment_scripts_only(Robot_ver2)
[3.064s] Level 1:colcon.colcon_core.environment:checking '/home/nghiaphanbk/WeldingRobot_ws/install/Robot_ver2' for CMake module files
[3.064s] Level 1:colcon.colcon_core.environment:checking '/home/nghiaphanbk/WeldingRobot_ws/install/Robot_ver2' for CMake config files
[3.064s] Level 1:colcon.colcon_core.shell:create_environment_hook('Robot_ver2', 'cmake_prefix_path')
[3.079s] INFO:colcon.colcon_core.shell:Creating environment hook '/home/nghiaphanbk/WeldingRobot_ws/install/Robot_ver2/share/Robot_ver2/hook/cmake_prefix_path.ps1'
[3.079s] INFO:colcon.colcon_core.shell:Creating environment descriptor '/home/nghiaphanbk/WeldingRobot_ws/install/Robot_ver2/share/Robot_ver2/hook/cmake_prefix_path.dsv'
[3.079s] INFO:colcon.colcon_core.shell:Creating environment hook '/home/nghiaphanbk/WeldingRobot_ws/install/Robot_ver2/share/Robot_ver2/hook/cmake_prefix_path.sh'
[3.080s] Level 1:colcon.colcon_core.environment:checking '/home/nghiaphanbk/WeldingRobot_ws/install/Robot_ver2/bin'
[3.080s] Level 1:colcon.colcon_core.environment:checking '/home/nghiaphanbk/WeldingRobot_ws/install/Robot_ver2/lib/pkgconfig/Robot_ver2.pc'
[3.080s] Level 1:colcon.colcon_core.environment:checking '/home/nghiaphanbk/WeldingRobot_ws/install/Robot_ver2/lib/python3.10/site-packages'
[3.080s] Level 1:colcon.colcon_core.environment:checking '/home/nghiaphanbk/WeldingRobot_ws/install/Robot_ver2/bin'
[3.095s] INFO:colcon.colcon_core.shell:Creating package script '/home/nghiaphanbk/WeldingRobot_ws/install/Robot_ver2/share/Robot_ver2/package.ps1'
[3.095s] INFO:colcon.colcon_core.shell:Creating package descriptor '/home/nghiaphanbk/WeldingRobot_ws/install/Robot_ver2/share/Robot_ver2/package.dsv'
[3.096s] INFO:colcon.colcon_core.shell:Creating package script '/home/nghiaphanbk/WeldingRobot_ws/install/Robot_ver2/share/Robot_ver2/package.sh'
[3.096s] INFO:colcon.colcon_core.shell:Creating package script '/home/nghiaphanbk/WeldingRobot_ws/install/Robot_ver2/share/Robot_ver2/package.bash'
[3.097s] INFO:colcon.colcon_core.shell:Creating package script '/home/nghiaphanbk/WeldingRobot_ws/install/Robot_ver2/share/Robot_ver2/package.zsh'
[3.097s] Level 1:colcon.colcon_core.environment:create_file_with_runtime_dependencies(/home/nghiaphanbk/WeldingRobot_ws/install/Robot_ver2/share/colcon-core/packages/Robot_ver2)
[3.113s] Level 1:colcon.colcon_core.environment:create_environment_scripts_only(movelt_sim)
[3.127s] Level 1:colcon.colcon_core.environment:checking '/home/nghiaphanbk/WeldingRobot_ws/install/movelt_sim' for CMake module files
[3.128s] Level 1:colcon.colcon_core.environment:checking '/home/nghiaphanbk/WeldingRobot_ws/install/movelt_sim' for CMake config files
[3.128s] Level 1:colcon.colcon_core.shell:create_environment_hook('movelt_sim', 'cmake_prefix_path')
[3.143s] INFO:colcon.colcon_core.shell:Creating environment hook '/home/nghiaphanbk/WeldingRobot_ws/install/movelt_sim/share/movelt_sim/hook/cmake_prefix_path.ps1'
[3.143s] INFO:colcon.colcon_core.shell:Creating environment descriptor '/home/nghiaphanbk/WeldingRobot_ws/install/movelt_sim/share/movelt_sim/hook/cmake_prefix_path.dsv'
[3.144s] INFO:colcon.colcon_core.shell:Creating environment hook '/home/nghiaphanbk/WeldingRobot_ws/install/movelt_sim/share/movelt_sim/hook/cmake_prefix_path.sh'
[3.144s] Level 1:colcon.colcon_core.environment:checking '/home/nghiaphanbk/WeldingRobot_ws/install/movelt_sim/bin'
[3.144s] Level 1:colcon.colcon_core.environment:checking '/home/nghiaphanbk/WeldingRobot_ws/install/movelt_sim/lib/pkgconfig/movelt_sim.pc'
[3.144s] Level 1:colcon.colcon_core.environment:checking '/home/nghiaphanbk/WeldingRobot_ws/install/movelt_sim/lib/python3.10/site-packages'
[3.145s] Level 1:colcon.colcon_core.environment:checking '/home/nghiaphanbk/WeldingRobot_ws/install/movelt_sim/bin'
[3.159s] INFO:colcon.colcon_core.shell:Creating package script '/home/nghiaphanbk/WeldingRobot_ws/install/movelt_sim/share/movelt_sim/package.ps1'
[3.160s] INFO:colcon.colcon_core.shell:Creating package descriptor '/home/nghiaphanbk/WeldingRobot_ws/install/movelt_sim/share/movelt_sim/package.dsv'
[3.160s] INFO:colcon.colcon_core.shell:Creating package script '/home/nghiaphanbk/WeldingRobot_ws/install/movelt_sim/share/movelt_sim/package.sh'
[3.160s] INFO:colcon.colcon_core.shell:Creating package script '/home/nghiaphanbk/WeldingRobot_ws/install/movelt_sim/share/movelt_sim/package.bash'
[3.161s] INFO:colcon.colcon_core.shell:Creating package script '/home/nghiaphanbk/WeldingRobot_ws/install/movelt_sim/share/movelt_sim/package.zsh'
[3.161s] Level 1:colcon.colcon_core.environment:create_file_with_runtime_dependencies(/home/nghiaphanbk/WeldingRobot_ws/install/movelt_sim/share/colcon-core/packages/movelt_sim)
[3.161s] DEBUG:colcon.colcon_parallel_executor.executor.parallel:closing loop
[3.161s] DEBUG:colcon.colcon_parallel_executor.executor.parallel:loop closed
[3.161s] DEBUG:colcon.colcon_parallel_executor.executor.parallel:run_until_complete finished with '0'
[3.162s] DEBUG:colcon.colcon_core.event_reactor:joining thread
[3.182s] INFO:colcon.colcon_core.plugin_system:Skipping extension 'colcon_notification.desktop_notification.terminal_notifier': Not used on non-Darwin systems
[3.182s] INFO:colcon.colcon_core.plugin_system:Skipping extension 'colcon_notification.desktop_notification.win32': Not used on non-Windows systems
[3.182s] INFO:colcon.colcon_notification.desktop_notification:Sending desktop notification using 'notify2'
[3.197s] DEBUG:colcon.colcon_core.event_reactor:joined thread
[3.218s] INFO:colcon.colcon_core.shell:Creating prefix script '/home/nghiaphanbk/WeldingRobot_ws/install/local_setup.ps1'
[3.219s] INFO:colcon.colcon_core.shell:Creating prefix util module '/home/nghiaphanbk/WeldingRobot_ws/install/_local_setup_util_ps1.py'
[3.220s] INFO:colcon.colcon_core.shell:Creating prefix chain script '/home/nghiaphanbk/WeldingRobot_ws/install/setup.ps1'
[3.238s] INFO:colcon.colcon_core.shell:Creating prefix script '/home/nghiaphanbk/WeldingRobot_ws/install/local_setup.sh'
[3.239s] INFO:colcon.colcon_core.shell:Creating prefix util module '/home/nghiaphanbk/WeldingRobot_ws/install/_local_setup_util_sh.py'
[3.239s] INFO:colcon.colcon_core.shell:Creating prefix chain script '/home/nghiaphanbk/WeldingRobot_ws/install/setup.sh'
[3.256s] INFO:colcon.colcon_core.shell:Creating prefix script '/home/nghiaphanbk/WeldingRobot_ws/install/local_setup.bash'
[3.256s] INFO:colcon.colcon_core.shell:Creating prefix chain script '/home/nghiaphanbk/WeldingRobot_ws/install/setup.bash'
[3.273s] INFO:colcon.colcon_core.shell:Creating prefix script '/home/nghiaphanbk/WeldingRobot_ws/install/local_setup.zsh'
[3.274s] INFO:colcon.colcon_core.shell:Creating prefix chain script '/home/nghiaphanbk/WeldingRobot_ws/install/setup.zsh'
