[0.647s] Invoking command in '/home/nghiaphanbk/WeldingRobot_ws/build/srdfdom': CMAKE_PREFIX_PATH=/home/nghiaphanbk/WeldingRobot_ws/install/Model_Robot:/home/nghiaphanbk/ros2_ws/install/my_robot_controller:/opt/ros/humble /usr/bin/cmake /home/nghiaphanbk/WeldingRobot_ws/src/srdfdom -DCMAKE_BUILD_TYPE=Release -DCMAKE_INSTALL_PREFIX=/home/nghiaphanbk/WeldingRobot_ws/install/srdfdom
[1.309s] -- The CXX compiler identification is GNU 11.4.0
[1.309s] -- Detecting CXX compiler ABI info
[1.309s] -- Detecting CXX compiler ABI info - done
[1.310s] -- Check for working CXX compiler: /usr/bin/c++ - skipped
[1.310s] -- Detecting CXX compile features
[1.310s] -- Detecting CXX compile features - done
[1.310s] -- Found Boost: /usr/lib/x86_64-linux-gnu/cmake/Boost-1.74.0/BoostConfig.cmake (found version "1.74.0")  
[1.311s] -- Found ament_cmake: 1.3.5 (/opt/ros/humble/share/ament_cmake/cmake)
[1.311s] -- Found Python3: /usr/bin/python3.10 (found version "3.10.12") found components: Interpreter 
[1.311s] -- Found urdf: 2.6.0 (/opt/ros/humble/share/urdf/cmake)
[1.311s] -- Found TinyXML2: /usr/lib/x86_64-linux-gnu/libtinyxml2.so  
[1.312s] -- Found ament_cmake_gtest: 1.3.5 (/opt/ros/humble/share/ament_cmake_gtest/cmake)
[1.313s] -- Found ament_cmake_pytest: 1.3.5 (/opt/ros/humble/share/ament_cmake_pytest/cmake)
[1.472s] -- Found gtest sources under '/opt/ros/humble/src/gtest_vendor': C++ tests using 'Google Test' will be built
[1.493s] -- The C compiler identification is GNU 11.4.0
[1.501s] -- Detecting C compiler ABI info
[1.553s] -- Detecting C compiler ABI info - done
[1.561s] -- Check for working C compiler: /usr/bin/cc - skipped
[1.561s] -- Detecting C compile features
[1.562s] -- Detecting C compile features - done
[1.565s] -- Looking for C++ include pthread.h
[1.629s] -- Looking for C++ include pthread.h - found
[1.630s] -- Performing Test CMAKE_HAVE_LIBC_PTHREAD
[1.698s] -- Performing Test CMAKE_HAVE_LIBC_PTHREAD - Success
[1.699s] -- Found Threads: TRUE  
[1.704s] -- Found ament_lint_auto: 0.12.8 (/opt/ros/humble/share/ament_lint_auto/cmake)
[1.724s] -- Configuring done
[1.740s] -- Generating done
[1.742s] -- Build files have been written to: /home/nghiaphanbk/WeldingRobot_ws/build/srdfdom
[2.235s] Invoked command in '/home/nghiaphanbk/WeldingRobot_ws/build/srdfdom' returned '0': CMAKE_PREFIX_PATH=/home/nghiaphanbk/WeldingRobot_ws/install/Model_Robot:/home/nghiaphanbk/ros2_ws/install/my_robot_controller:/opt/ros/humble /usr/bin/cmake /home/nghiaphanbk/WeldingRobot_ws/src/srdfdom -DCMAKE_BUILD_TYPE=Release -DCMAKE_INSTALL_PREFIX=/home/nghiaphanbk/WeldingRobot_ws/install/srdfdom
[2.247s] Invoking command in '/home/nghiaphanbk/WeldingRobot_ws/build/srdfdom': CMAKE_PREFIX_PATH=/home/nghiaphanbk/WeldingRobot_ws/install/Model_Robot:/home/nghiaphanbk/ros2_ws/install/my_robot_controller:/opt/ros/humble /usr/bin/cmake --build /home/nghiaphanbk/WeldingRobot_ws/build/srdfdom -- -j12 -l12
[2.327s] [  9%] [32mBuilding CXX object gtest/CMakeFiles/gtest_main.dir/src/gtest_main.cc.o[0m
[2.327s] [ 18%] [32mBuilding CXX object CMakeFiles/srdfdom.dir/src/srdf_writer.cpp.o[0m
[2.327s] [ 27%] [32mBuilding CXX object CMakeFiles/srdfdom.dir/src/model.cpp.o[0m
[2.328s] [ 36%] [32mBuilding CXX object gtest/CMakeFiles/gtest.dir/src/gtest-all.cc.o[0m
[2.328s] [ 36%] Built target ament_cmake_python_copy_srdfdom
[2.690s] running egg_info
[2.690s] creating srdfdom.egg-info
[2.691s] writing srdfdom.egg-info/PKG-INFO
[2.691s] writing dependency_links to srdfdom.egg-info/dependency_links.txt
[2.691s] writing top-level names to srdfdom.egg-info/top_level.txt
[2.692s] writing manifest file 'srdfdom.egg-info/SOURCES.txt'
[2.694s] reading manifest file 'srdfdom.egg-info/SOURCES.txt'
[2.694s] writing manifest file 'srdfdom.egg-info/SOURCES.txt'
[2.746s] [ 36%] Built target ament_cmake_python_build_srdfdom_egg
[3.235s] [ 45%] [32m[1mLinking CXX static library libgtest_main.a[0m
[3.261s] [ 45%] Built target gtest_main
[7.122s] [ 54%] [32m[1mLinking CXX shared library libsrdfdom.so[0m
[7.277s] [ 54%] Built target srdfdom
[14.486s] [ 63%] [32m[1mLinking CXX static library libgtest.a[0m
[14.525s] [ 63%] Built target gtest
[14.542s] [ 72%] [32mBuilding CXX object CMakeFiles/test_cpp_C.dir/test/test_parser.cpp.o[0m
[14.547s] [ 81%] [32mBuilding CXX object CMakeFiles/test_cpp_nl_NL.UTF-8.dir/test/test_parser.cpp.o[0m
[16.761s] [ 90%] [32m[1mLinking CXX executable test_cpp_C[0m
[16.857s] [ 90%] Built target test_cpp_C
[17.465s] [100%] [32m[1mLinking CXX executable test_cpp_nl_NL.UTF-8[0m
[17.548s] [100%] Built target test_cpp_nl_NL.UTF-8
[17.708s] Invoked command in '/home/nghiaphanbk/WeldingRobot_ws/build/srdfdom' returned '0': CMAKE_PREFIX_PATH=/home/nghiaphanbk/WeldingRobot_ws/install/Model_Robot:/home/nghiaphanbk/ros2_ws/install/my_robot_controller:/opt/ros/humble /usr/bin/cmake --build /home/nghiaphanbk/WeldingRobot_ws/build/srdfdom -- -j12 -l12
[17.746s] Invoking command in '/home/nghiaphanbk/WeldingRobot_ws/build/srdfdom': CMAKE_PREFIX_PATH=/home/nghiaphanbk/WeldingRobot_ws/install/Model_Robot:/home/nghiaphanbk/ros2_ws/install/my_robot_controller:/opt/ros/humble /usr/bin/cmake --install /home/nghiaphanbk/WeldingRobot_ws/build/srdfdom
[17.752s] -- Install configuration: "Release"
[17.752s] -- Installing: /home/nghiaphanbk/WeldingRobot_ws/install/srdfdom/lib/libsrdfdom.so.2.0.4
[17.753s] -- Set runtime path of "/home/nghiaphanbk/WeldingRobot_ws/install/srdfdom/lib/libsrdfdom.so.2.0.4" to ""
[17.753s] -- Installing: /home/nghiaphanbk/WeldingRobot_ws/install/srdfdom/lib/libsrdfdom.so
[17.753s] -- Installing: /home/nghiaphanbk/WeldingRobot_ws/install/srdfdom/include/srdfdom
[17.753s] -- Installing: /home/nghiaphanbk/WeldingRobot_ws/install/srdfdom/include/srdfdom/srdf_writer.h
[17.753s] -- Installing: /home/nghiaphanbk/WeldingRobot_ws/install/srdfdom/include/srdfdom/visibility_control.h
[17.753s] -- Installing: /home/nghiaphanbk/WeldingRobot_ws/install/srdfdom/include/srdfdom/model.h
[17.754s] -- Installing: /home/nghiaphanbk/WeldingRobot_ws/install/srdfdom/lib/srdfdom/display_srdf
[17.754s] -- Installing: /home/nghiaphanbk/WeldingRobot_ws/install/srdfdom/share/srdfdom/environment/pythonpath.sh
[17.754s] -- Installing: /home/nghiaphanbk/WeldingRobot_ws/install/srdfdom/share/srdfdom/environment/pythonpath.dsv
[17.754s] -- Installing: /home/nghiaphanbk/WeldingRobot_ws/install/srdfdom/local/lib/python3.10/dist-packages/srdfdom-2.0.4-py3.10.egg-info
[17.754s] -- Installing: /home/nghiaphanbk/WeldingRobot_ws/install/srdfdom/local/lib/python3.10/dist-packages/srdfdom-2.0.4-py3.10.egg-info/PKG-INFO
[17.754s] -- Installing: /home/nghiaphanbk/WeldingRobot_ws/install/srdfdom/local/lib/python3.10/dist-packages/srdfdom-2.0.4-py3.10.egg-info/top_level.txt
[17.754s] -- Installing: /home/nghiaphanbk/WeldingRobot_ws/install/srdfdom/local/lib/python3.10/dist-packages/srdfdom-2.0.4-py3.10.egg-info/dependency_links.txt
[17.754s] -- Installing: /home/nghiaphanbk/WeldingRobot_ws/install/srdfdom/local/lib/python3.10/dist-packages/srdfdom-2.0.4-py3.10.egg-info/SOURCES.txt
[17.755s] -- Installing: /home/nghiaphanbk/WeldingRobot_ws/install/srdfdom/local/lib/python3.10/dist-packages/srdfdom
[17.755s] -- Installing: /home/nghiaphanbk/WeldingRobot_ws/install/srdfdom/local/lib/python3.10/dist-packages/srdfdom/srdf.py
[17.755s] -- Installing: /home/nghiaphanbk/WeldingRobot_ws/install/srdfdom/local/lib/python3.10/dist-packages/srdfdom/__init__.py
[17.876s] Listing '/home/nghiaphanbk/WeldingRobot_ws/install/srdfdom/local/lib/python3.10/dist-packages/srdfdom'...
[17.877s] Compiling '/home/nghiaphanbk/WeldingRobot_ws/install/srdfdom/local/lib/python3.10/dist-packages/srdfdom/__init__.py'...
[17.878s] Compiling '/home/nghiaphanbk/WeldingRobot_ws/install/srdfdom/local/lib/python3.10/dist-packages/srdfdom/srdf.py'...
[17.900s] -- Installing: /home/nghiaphanbk/WeldingRobot_ws/install/srdfdom/share/srdfdom/environment/library_path.sh
[17.901s] -- Installing: /home/nghiaphanbk/WeldingRobot_ws/install/srdfdom/share/srdfdom/environment/library_path.dsv
[17.901s] -- Installing: /home/nghiaphanbk/WeldingRobot_ws/install/srdfdom/share/ament_index/resource_index/package_run_dependencies/srdfdom
[17.902s] -- Installing: /home/nghiaphanbk/WeldingRobot_ws/install/srdfdom/share/ament_index/resource_index/parent_prefix_path/srdfdom
[17.903s] -- Installing: /home/nghiaphanbk/WeldingRobot_ws/install/srdfdom/share/srdfdom/environment/ament_prefix_path.sh
[17.903s] -- Installing: /home/nghiaphanbk/WeldingRobot_ws/install/srdfdom/share/srdfdom/environment/ament_prefix_path.dsv
[17.904s] -- Installing: /home/nghiaphanbk/WeldingRobot_ws/install/srdfdom/share/srdfdom/environment/path.sh
[17.905s] -- Installing: /home/nghiaphanbk/WeldingRobot_ws/install/srdfdom/share/srdfdom/environment/path.dsv
[17.906s] -- Installing: /home/nghiaphanbk/WeldingRobot_ws/install/srdfdom/share/srdfdom/local_setup.bash
[17.907s] -- Installing: /home/nghiaphanbk/WeldingRobot_ws/install/srdfdom/share/srdfdom/local_setup.sh
[17.907s] -- Installing: /home/nghiaphanbk/WeldingRobot_ws/install/srdfdom/share/srdfdom/local_setup.zsh
[17.908s] -- Installing: /home/nghiaphanbk/WeldingRobot_ws/install/srdfdom/share/srdfdom/local_setup.dsv
[17.909s] -- Installing: /home/nghiaphanbk/WeldingRobot_ws/install/srdfdom/share/srdfdom/package.dsv
[17.910s] -- Installing: /home/nghiaphanbk/WeldingRobot_ws/install/srdfdom/share/ament_index/resource_index/packages/srdfdom
[17.911s] -- Installing: /home/nghiaphanbk/WeldingRobot_ws/install/srdfdom/share/srdfdom/cmake/srdfdomTargetsExport.cmake
[17.911s] -- Installing: /home/nghiaphanbk/WeldingRobot_ws/install/srdfdom/share/srdfdom/cmake/srdfdomTargetsExport-release.cmake
[17.912s] -- Installing: /home/nghiaphanbk/WeldingRobot_ws/install/srdfdom/share/srdfdom/cmake/ament_cmake_export_targets-extras.cmake
[17.913s] -- Installing: /home/nghiaphanbk/WeldingRobot_ws/install/srdfdom/share/srdfdom/cmake/ament_cmake_export_dependencies-extras.cmake
[17.914s] -- Installing: /home/nghiaphanbk/WeldingRobot_ws/install/srdfdom/share/srdfdom/cmake/srdfdomConfig.cmake
[17.915s] -- Installing: /home/nghiaphanbk/WeldingRobot_ws/install/srdfdom/share/srdfdom/cmake/srdfdomConfig-version.cmake
[17.916s] -- Installing: /home/nghiaphanbk/WeldingRobot_ws/install/srdfdom/share/srdfdom/package.xml
[17.917s] Invoked command in '/home/nghiaphanbk/WeldingRobot_ws/build/srdfdom' returned '0': CMAKE_PREFIX_PATH=/home/nghiaphanbk/WeldingRobot_ws/install/Model_Robot:/home/nghiaphanbk/ros2_ws/install/my_robot_controller:/opt/ros/humble /usr/bin/cmake --install /home/nghiaphanbk/WeldingRobot_ws/build/srdfdom
