[0.683s] Invoking command in '/home/nghiaphanbk/WeldingRobot_ws/build/srdfdom': CMAKE_PREFIX_PATH=${CMAKE_PREFIX_PATH}:/home/nghiaphanbk/WeldingRobot_ws/install/moveit_configs_utils:/home/nghiaphanbk/WeldingRobot_ws/install/launch_param_builder:/home/nghiaphanbk/WeldingRobot_ws/install/Model_Robot:/home/nghiaphanbk/ros2_ws/install/my_robot_controller:/opt/ros/humble /usr/bin/cmake /home/nghiaphanbk/WeldingRobot_ws/src/srdfdom -DCMAKE_INSTALL_PREFIX=/home/nghiaphanbk/WeldingRobot_ws/install/srdfdom
[1.422s] -- Found ament_cmake: 1.3.5 (/opt/ros/humble/share/ament_cmake/cmake)
[1.422s] -- Found urdf: 2.6.0 (/opt/ros/humble/share/urdf/cmake)
[1.422s] -- Found ament_cmake_gtest: 1.3.5 (/opt/ros/humble/share/ament_cmake_gtest/cmake)
[1.423s] -- Found ament_cmake_pytest: 1.3.5 (/opt/ros/humble/share/ament_cmake_pytest/cmake)
[1.423s] -- Found gtest sources under '/opt/ros/humble/src/gtest_vendor': C++ tests using 'Google Test' will be built
[1.423s] -- Found ament_lint_auto: 0.12.8 (/opt/ros/humble/share/ament_lint_auto/cmake)
[1.423s] -- Configuring done
[1.423s] -- Generating done
[1.423s] -- Build files have been written to: /home/nghiaphanbk/WeldingRobot_ws/build/srdfdom
[1.436s] Invoked command in '/home/nghiaphanbk/WeldingRobot_ws/build/srdfdom' returned '0': CMAKE_PREFIX_PATH=${CMAKE_PREFIX_PATH}:/home/nghiaphanbk/WeldingRobot_ws/install/moveit_configs_utils:/home/nghiaphanbk/WeldingRobot_ws/install/launch_param_builder:/home/nghiaphanbk/WeldingRobot_ws/install/Model_Robot:/home/nghiaphanbk/ros2_ws/install/my_robot_controller:/opt/ros/humble /usr/bin/cmake /home/nghiaphanbk/WeldingRobot_ws/src/srdfdom -DCMAKE_INSTALL_PREFIX=/home/nghiaphanbk/WeldingRobot_ws/install/srdfdom
[1.437s] Invoking command in '/home/nghiaphanbk/WeldingRobot_ws/build/srdfdom': CMAKE_PREFIX_PATH=${CMAKE_PREFIX_PATH}:/home/nghiaphanbk/WeldingRobot_ws/install/moveit_configs_utils:/home/nghiaphanbk/WeldingRobot_ws/install/launch_param_builder:/home/nghiaphanbk/WeldingRobot_ws/install/Model_Robot:/home/nghiaphanbk/ros2_ws/install/my_robot_controller:/opt/ros/humble /usr/bin/cmake --build /home/nghiaphanbk/WeldingRobot_ws/build/srdfdom -- -j12 -l12
[1.484s] [35m[1mConsolidate compiler generated dependencies of target gtest[0m
[1.486s] [35m[1mConsolidate compiler generated dependencies of target srdfdom[0m
[1.493s] [35m[1mConsolidate compiler generated dependencies of target gtest_main[0m
[1.511s] [ 36%] Built target gtest
[1.512s] [ 36%] Built target gtest_main
[1.512s] [ 36%] Built target ament_cmake_python_copy_srdfdom
[1.522s] [ 63%] Built target srdfdom
[1.583s] [35m[1mConsolidate compiler generated dependencies of target test_cpp_nl_NL.UTF-8[0m
[1.591s] [35m[1mConsolidate compiler generated dependencies of target test_cpp_C[0m
[1.602s] [ 81%] Built target test_cpp_nl_NL.UTF-8
[1.602s] [100%] Built target test_cpp_C
[1.786s] running egg_info
[1.787s] writing srdfdom.egg-info/PKG-INFO
[1.787s] writing dependency_links to srdfdom.egg-info/dependency_links.txt
[1.787s] writing top-level names to srdfdom.egg-info/top_level.txt
[1.789s] reading manifest file 'srdfdom.egg-info/SOURCES.txt'
[1.790s] writing manifest file 'srdfdom.egg-info/SOURCES.txt'
[1.813s] [100%] Built target ament_cmake_python_build_srdfdom_egg
[1.982s] Invoked command in '/home/nghiaphanbk/WeldingRobot_ws/build/srdfdom' returned '0': CMAKE_PREFIX_PATH=${CMAKE_PREFIX_PATH}:/home/nghiaphanbk/WeldingRobot_ws/install/moveit_configs_utils:/home/nghiaphanbk/WeldingRobot_ws/install/launch_param_builder:/home/nghiaphanbk/WeldingRobot_ws/install/Model_Robot:/home/nghiaphanbk/ros2_ws/install/my_robot_controller:/opt/ros/humble /usr/bin/cmake --build /home/nghiaphanbk/WeldingRobot_ws/build/srdfdom -- -j12 -l12
[2.489s] Invoking command in '/home/nghiaphanbk/WeldingRobot_ws/build/srdfdom': CMAKE_PREFIX_PATH=${CMAKE_PREFIX_PATH}:/home/nghiaphanbk/WeldingRobot_ws/install/moveit_configs_utils:/home/nghiaphanbk/WeldingRobot_ws/install/launch_param_builder:/home/nghiaphanbk/WeldingRobot_ws/install/Model_Robot:/home/nghiaphanbk/ros2_ws/install/my_robot_controller:/opt/ros/humble /usr/bin/cmake --install /home/nghiaphanbk/WeldingRobot_ws/build/srdfdom
[2.496s] -- Install configuration: "Release"
[2.496s] -- Up-to-date: /home/nghiaphanbk/WeldingRobot_ws/install/srdfdom/lib/libsrdfdom.so.2.0.4
[2.496s] -- Up-to-date: /home/nghiaphanbk/WeldingRobot_ws/install/srdfdom/lib/libsrdfdom.so
[2.497s] -- Up-to-date: /home/nghiaphanbk/WeldingRobot_ws/install/srdfdom/include/srdfdom
[2.497s] -- Up-to-date: /home/nghiaphanbk/WeldingRobot_ws/install/srdfdom/include/srdfdom/srdf_writer.h
[2.497s] -- Up-to-date: /home/nghiaphanbk/WeldingRobot_ws/install/srdfdom/include/srdfdom/visibility_control.h
[2.498s] -- Up-to-date: /home/nghiaphanbk/WeldingRobot_ws/install/srdfdom/include/srdfdom/model.h
[2.498s] -- Up-to-date: /home/nghiaphanbk/WeldingRobot_ws/install/srdfdom/lib/srdfdom/display_srdf
[2.498s] -- Up-to-date: /home/nghiaphanbk/WeldingRobot_ws/install/srdfdom/share/srdfdom/environment/pythonpath.sh
[2.499s] -- Installing: /home/nghiaphanbk/WeldingRobot_ws/install/srdfdom/share/srdfdom/environment/pythonpath.dsv
[2.499s] -- Up-to-date: /home/nghiaphanbk/WeldingRobot_ws/install/srdfdom/local/lib/python3.10/dist-packages/srdfdom-2.0.4-py3.10.egg-info
[2.500s] -- Installing: /home/nghiaphanbk/WeldingRobot_ws/install/srdfdom/local/lib/python3.10/dist-packages/srdfdom-2.0.4-py3.10.egg-info/PKG-INFO
[2.500s] -- Installing: /home/nghiaphanbk/WeldingRobot_ws/install/srdfdom/local/lib/python3.10/dist-packages/srdfdom-2.0.4-py3.10.egg-info/top_level.txt
[2.501s] -- Installing: /home/nghiaphanbk/WeldingRobot_ws/install/srdfdom/local/lib/python3.10/dist-packages/srdfdom-2.0.4-py3.10.egg-info/dependency_links.txt
[2.501s] -- Installing: /home/nghiaphanbk/WeldingRobot_ws/install/srdfdom/local/lib/python3.10/dist-packages/srdfdom-2.0.4-py3.10.egg-info/SOURCES.txt
[2.501s] -- Up-to-date: /home/nghiaphanbk/WeldingRobot_ws/install/srdfdom/local/lib/python3.10/dist-packages/srdfdom
[2.502s] -- Up-to-date: /home/nghiaphanbk/WeldingRobot_ws/install/srdfdom/local/lib/python3.10/dist-packages/srdfdom/srdf.py
[2.502s] -- Up-to-date: /home/nghiaphanbk/WeldingRobot_ws/install/srdfdom/local/lib/python3.10/dist-packages/srdfdom/__init__.py
[2.525s] Listing '/home/nghiaphanbk/WeldingRobot_ws/install/srdfdom/local/lib/python3.10/dist-packages/srdfdom'...
[2.529s] -- Up-to-date: /home/nghiaphanbk/WeldingRobot_ws/install/srdfdom/share/srdfdom/environment/library_path.sh
[2.530s] -- Installing: /home/nghiaphanbk/WeldingRobot_ws/install/srdfdom/share/srdfdom/environment/library_path.dsv
[2.530s] -- Up-to-date: /home/nghiaphanbk/WeldingRobot_ws/install/srdfdom/share/ament_index/resource_index/package_run_dependencies/srdfdom
[2.530s] -- Installing: /home/nghiaphanbk/WeldingRobot_ws/install/srdfdom/share/ament_index/resource_index/parent_prefix_path/srdfdom
[2.531s] -- Up-to-date: /home/nghiaphanbk/WeldingRobot_ws/install/srdfdom/share/srdfdom/environment/ament_prefix_path.sh
[2.531s] -- Installing: /home/nghiaphanbk/WeldingRobot_ws/install/srdfdom/share/srdfdom/environment/ament_prefix_path.dsv
[2.531s] -- Up-to-date: /home/nghiaphanbk/WeldingRobot_ws/install/srdfdom/share/srdfdom/environment/path.sh
[2.531s] -- Installing: /home/nghiaphanbk/WeldingRobot_ws/install/srdfdom/share/srdfdom/environment/path.dsv
[2.531s] -- Up-to-date: /home/nghiaphanbk/WeldingRobot_ws/install/srdfdom/share/srdfdom/local_setup.bash
[2.532s] -- Up-to-date: /home/nghiaphanbk/WeldingRobot_ws/install/srdfdom/share/srdfdom/local_setup.sh
[2.532s] -- Up-to-date: /home/nghiaphanbk/WeldingRobot_ws/install/srdfdom/share/srdfdom/local_setup.zsh
[2.532s] -- Installing: /home/nghiaphanbk/WeldingRobot_ws/install/srdfdom/share/srdfdom/local_setup.dsv
[2.532s] -- Installing: /home/nghiaphanbk/WeldingRobot_ws/install/srdfdom/share/srdfdom/package.dsv
[2.532s] -- Up-to-date: /home/nghiaphanbk/WeldingRobot_ws/install/srdfdom/share/ament_index/resource_index/packages/srdfdom
[2.532s] -- Up-to-date: /home/nghiaphanbk/WeldingRobot_ws/install/srdfdom/share/srdfdom/cmake/srdfdomTargetsExport.cmake
[2.532s] -- Up-to-date: /home/nghiaphanbk/WeldingRobot_ws/install/srdfdom/share/srdfdom/cmake/srdfdomTargetsExport-release.cmake
[2.532s] -- Up-to-date: /home/nghiaphanbk/WeldingRobot_ws/install/srdfdom/share/srdfdom/cmake/ament_cmake_export_targets-extras.cmake
[2.532s] -- Up-to-date: /home/nghiaphanbk/WeldingRobot_ws/install/srdfdom/share/srdfdom/cmake/ament_cmake_export_dependencies-extras.cmake
[2.533s] -- Up-to-date: /home/nghiaphanbk/WeldingRobot_ws/install/srdfdom/share/srdfdom/cmake/srdfdomConfig.cmake
[2.533s] -- Up-to-date: /home/nghiaphanbk/WeldingRobot_ws/install/srdfdom/share/srdfdom/cmake/srdfdomConfig-version.cmake
[2.533s] -- Up-to-date: /home/nghiaphanbk/WeldingRobot_ws/install/srdfdom/share/srdfdom/package.xml
[2.558s] Invoked command in '/home/nghiaphanbk/WeldingRobot_ws/build/srdfdom' returned '0': CMAKE_PREFIX_PATH=${CMAKE_PREFIX_PATH}:/home/nghiaphanbk/WeldingRobot_ws/install/moveit_configs_utils:/home/nghiaphanbk/WeldingRobot_ws/install/launch_param_builder:/home/nghiaphanbk/WeldingRobot_ws/install/Model_Robot:/home/nghiaphanbk/ros2_ws/install/my_robot_controller:/opt/ros/humble /usr/bin/cmake --install /home/nghiaphanbk/WeldingRobot_ws/build/srdfdom
