[0.447s] Invoking command in '/home/nghiaphanbk/WeldingRobot_ws/build/moveit_kinematics': AMENT_PREFIX_PATH=/home/nghiaphanbk/WeldingRobot_ws/install/moveit_ros_planning:/home/nghiaphanbk/WeldingRobot_ws/install/moveit_ros_occupancy_map_monitor:/home/nghiaphanbk/WeldingRobot_ws/install/moveit_core:/home/nghiaphanbk/WeldingRobot_ws/install/moveit_resources_panda_moveit_config:/home/nghiaphanbk/WeldingRobot_ws/install/moveit_resources_fanuc_moveit_config:/home/nghiaphanbk/WeldingRobot_ws/install/moveit_configs_utils:/home/nghiaphanbk/WeldingRobot_ws/install/srdfdom:/home/nghiaphanbk/WeldingRobot_ws/install/moveit_resources_panda_description:/home/nghiaphanbk/WeldingRobot_ws/install/moveit_resources_fanuc_description:/home/nghiaphanbk/WeldingRobot_ws/install/moveit_common:/home/nghiaphanbk/WeldingRobot_ws/install/launch_param_builder:${AMENT_PREFIX_PATH} CMAKE_PREFIX_PATH=/home/nghiaphanbk/WeldingRobot_ws/install/moveit_ros_planning:/home/nghiaphanbk/WeldingRobot_ws/install/moveit_ros_occupancy_map_monitor:/home/nghiaphanbk/WeldingRobot_ws/install/moveit_core:/home/nghiaphanbk/WeldingRobot_ws/install/moveit_resources_panda_moveit_config:/home/nghiaphanbk/WeldingRobot_ws/install/moveit_resources_fanuc_moveit_config:/home/nghiaphanbk/WeldingRobot_ws/install/srdfdom:/home/nghiaphanbk/WeldingRobot_ws/install/moveit_resources_panda_description:/home/nghiaphanbk/WeldingRobot_ws/install/moveit_resources_fanuc_description:/home/nghiaphanbk/WeldingRobot_ws/install/moveit_common:/home/nghiaphanbk/WeldingRobot_ws/install/Model_Robot:/home/nghiaphanbk/ros2_ws/install/my_robot_controller:/opt/ros/humble LD_LIBRARY_PATH=/home/nghiaphanbk/WeldingRobot_ws/install/moveit_ros_planning/lib:/home/nghiaphanbk/WeldingRobot_ws/install/moveit_ros_occupancy_map_monitor/lib:/home/nghiaphanbk/WeldingRobot_ws/install/moveit_core/lib:/home/nghiaphanbk/WeldingRobot_ws/install/srdfdom/lib:${LD_LIBRARY_PATH} PATH=/home/nghiaphanbk/WeldingRobot_ws/install/moveit_core/bin:${PATH} PYTHONPATH=/home/nghiaphanbk/WeldingRobot_ws/install/moveit_configs_utils/lib/python3.10/site-packages:/home/nghiaphanbk/WeldingRobot_ws/install/srdfdom/local/lib/python3.10/dist-packages:/home/nghiaphanbk/WeldingRobot_ws/install/launch_param_builder/lib/python3.10/site-packages:${PYTHONPATH} /usr/bin/cmake --build /home/nghiaphanbk/WeldingRobot_ws/build/moveit_kinematics -- -j12 -l12
[0.489s] [  5%] [32mBuilding CXX object cached_ik_kinematics_plugin/CMakeFiles/moveit_cached_ik_kinematics_base.dir/src/ik_cache.cpp.o[0m
[9.105s] [ 10%] [32m[1mLinking CXX shared library libmoveit_cached_ik_kinematics_base.so[0m
[9.284s] [ 10%] Built target moveit_cached_ik_kinematics_base
[9.309s] [ 15%] [32mBuilding CXX object test/CMakeFiles/benchmark_ik.dir/benchmark_ik.cpp.o[0m
[18.875s] [ 21%] [32m[1mLinking CXX executable benchmark_ik[0m
[19.354s] [ 21%] Built target benchmark_ik
[19.380s] [35m[1mConsolidate compiler generated dependencies of target gtest_main[0m
[19.394s] [ 26%] [32mBuilding CXX object gtest/CMakeFiles/gtest.dir/src/gtest-all.cc.o[0m
[19.394s] [ 31%] [32mBuilding CXX object lma_kinematics_plugin/CMakeFiles/moveit_lma_kinematics_plugin.dir/src/lma_kinematics_plugin.cpp.o[0m
[19.397s] [ 42%] Built target gtest_main
[19.429s] [ 52%] [32mBuilding CXX object kdl_kinematics_plugin/CMakeFiles/moveit_kdl_kinematics_plugin.dir/src/chainiksolver_vel_mimic_svd.cpp.o[0m
[19.429s] [ 52%] [32mBuilding CXX object kdl_kinematics_plugin/CMakeFiles/moveit_kdl_kinematics_plugin.dir/src/kdl_kinematics_plugin.cpp.o[0m
[37.642s] [ 57%] [32m[1mLinking CXX static library libgtest.a[0m
[37.850s] [ 57%] Built target gtest
[38.755s] [ 63%] [32m[1mLinking CXX shared library libmoveit_lma_kinematics_plugin.so[0m
[39.326s] [ 63%] Built target moveit_lma_kinematics_plugin
[41.420s] [ 68%] [32m[1mLinking CXX shared library libmoveit_kdl_kinematics_plugin.so[0m
[41.606s] [ 68%] Built target moveit_kdl_kinematics_plugin
[41.632s] [ 73%] [32mBuilding CXX object srv_kinematics_plugin/CMakeFiles/moveit_srv_kinematics_plugin.dir/src/srv_kinematics_plugin.cpp.o[0m
[50.578s] [ 78%] [32m[1mLinking CXX shared library libmoveit_srv_kinematics_plugin.so[0m
[50.761s] [ 78%] Built target moveit_srv_kinematics_plugin
[50.788s] [ 84%] [32mBuilding CXX object test/CMakeFiles/test_kinematics_plugin.dir/test_kinematics_plugin.cpp.o[0m
[74.978s] [ 89%] [32m[1mLinking CXX executable test_kinematics_plugin[0m
[75.558s] [ 89%] Built target test_kinematics_plugin
[75.598s] [ 94%] [32mBuilding CXX object cached_ik_kinematics_plugin/CMakeFiles/moveit_cached_ik_kinematics_plugin.dir/src/cached_ik_kinematics_plugin.cpp.o[0m
[85.364s] [100%] [32m[1mLinking CXX shared library libmoveit_cached_ik_kinematics_plugin.so[0m
[85.561s] [100%] Built target moveit_cached_ik_kinematics_plugin
[85.573s] Invoked command in '/home/nghiaphanbk/WeldingRobot_ws/build/moveit_kinematics' returned '0': AMENT_PREFIX_PATH=/home/nghiaphanbk/WeldingRobot_ws/install/moveit_ros_planning:/home/nghiaphanbk/WeldingRobot_ws/install/moveit_ros_occupancy_map_monitor:/home/nghiaphanbk/WeldingRobot_ws/install/moveit_core:/home/nghiaphanbk/WeldingRobot_ws/install/moveit_resources_panda_moveit_config:/home/nghiaphanbk/WeldingRobot_ws/install/moveit_resources_fanuc_moveit_config:/home/nghiaphanbk/WeldingRobot_ws/install/moveit_configs_utils:/home/nghiaphanbk/WeldingRobot_ws/install/srdfdom:/home/nghiaphanbk/WeldingRobot_ws/install/moveit_resources_panda_description:/home/nghiaphanbk/WeldingRobot_ws/install/moveit_resources_fanuc_description:/home/nghiaphanbk/WeldingRobot_ws/install/moveit_common:/home/nghiaphanbk/WeldingRobot_ws/install/launch_param_builder:${AMENT_PREFIX_PATH} CMAKE_PREFIX_PATH=/home/nghiaphanbk/WeldingRobot_ws/install/moveit_ros_planning:/home/nghiaphanbk/WeldingRobot_ws/install/moveit_ros_occupancy_map_monitor:/home/nghiaphanbk/WeldingRobot_ws/install/moveit_core:/home/nghiaphanbk/WeldingRobot_ws/install/moveit_resources_panda_moveit_config:/home/nghiaphanbk/WeldingRobot_ws/install/moveit_resources_fanuc_moveit_config:/home/nghiaphanbk/WeldingRobot_ws/install/srdfdom:/home/nghiaphanbk/WeldingRobot_ws/install/moveit_resources_panda_description:/home/nghiaphanbk/WeldingRobot_ws/install/moveit_resources_fanuc_description:/home/nghiaphanbk/WeldingRobot_ws/install/moveit_common:/home/nghiaphanbk/WeldingRobot_ws/install/Model_Robot:/home/nghiaphanbk/ros2_ws/install/my_robot_controller:/opt/ros/humble LD_LIBRARY_PATH=/home/nghiaphanbk/WeldingRobot_ws/install/moveit_ros_planning/lib:/home/nghiaphanbk/WeldingRobot_ws/install/moveit_ros_occupancy_map_monitor/lib:/home/nghiaphanbk/WeldingRobot_ws/install/moveit_core/lib:/home/nghiaphanbk/WeldingRobot_ws/install/srdfdom/lib:${LD_LIBRARY_PATH} PATH=/home/nghiaphanbk/WeldingRobot_ws/install/moveit_core/bin:${PATH} PYTHONPATH=/home/nghiaphanbk/WeldingRobot_ws/install/moveit_configs_utils/lib/python3.10/site-packages:/home/nghiaphanbk/WeldingRobot_ws/install/srdfdom/local/lib/python3.10/dist-packages:/home/nghiaphanbk/WeldingRobot_ws/install/launch_param_builder/lib/python3.10/site-packages:${PYTHONPATH} /usr/bin/cmake --build /home/nghiaphanbk/WeldingRobot_ws/build/moveit_kinematics -- -j12 -l12
[85.598s] Invoking command in '/home/nghiaphanbk/WeldingRobot_ws/build/moveit_kinematics': AMENT_PREFIX_PATH=/home/nghiaphanbk/WeldingRobot_ws/install/moveit_ros_planning:/home/nghiaphanbk/WeldingRobot_ws/install/moveit_ros_occupancy_map_monitor:/home/nghiaphanbk/WeldingRobot_ws/install/moveit_core:/home/nghiaphanbk/WeldingRobot_ws/install/moveit_resources_panda_moveit_config:/home/nghiaphanbk/WeldingRobot_ws/install/moveit_resources_fanuc_moveit_config:/home/nghiaphanbk/WeldingRobot_ws/install/moveit_configs_utils:/home/nghiaphanbk/WeldingRobot_ws/install/srdfdom:/home/nghiaphanbk/WeldingRobot_ws/install/moveit_resources_panda_description:/home/nghiaphanbk/WeldingRobot_ws/install/moveit_resources_fanuc_description:/home/nghiaphanbk/WeldingRobot_ws/install/moveit_common:/home/nghiaphanbk/WeldingRobot_ws/install/launch_param_builder:${AMENT_PREFIX_PATH} CMAKE_PREFIX_PATH=/home/nghiaphanbk/WeldingRobot_ws/install/moveit_ros_planning:/home/nghiaphanbk/WeldingRobot_ws/install/moveit_ros_occupancy_map_monitor:/home/nghiaphanbk/WeldingRobot_ws/install/moveit_core:/home/nghiaphanbk/WeldingRobot_ws/install/moveit_resources_panda_moveit_config:/home/nghiaphanbk/WeldingRobot_ws/install/moveit_resources_fanuc_moveit_config:/home/nghiaphanbk/WeldingRobot_ws/install/srdfdom:/home/nghiaphanbk/WeldingRobot_ws/install/moveit_resources_panda_description:/home/nghiaphanbk/WeldingRobot_ws/install/moveit_resources_fanuc_description:/home/nghiaphanbk/WeldingRobot_ws/install/moveit_common:/home/nghiaphanbk/WeldingRobot_ws/install/Model_Robot:/home/nghiaphanbk/ros2_ws/install/my_robot_controller:/opt/ros/humble LD_LIBRARY_PATH=/home/nghiaphanbk/WeldingRobot_ws/install/moveit_ros_planning/lib:/home/nghiaphanbk/WeldingRobot_ws/install/moveit_ros_occupancy_map_monitor/lib:/home/nghiaphanbk/WeldingRobot_ws/install/moveit_core/lib:/home/nghiaphanbk/WeldingRobot_ws/install/srdfdom/lib:${LD_LIBRARY_PATH} PATH=/home/nghiaphanbk/WeldingRobot_ws/install/moveit_core/bin:${PATH} PYTHONPATH=/home/nghiaphanbk/WeldingRobot_ws/install/moveit_configs_utils/lib/python3.10/site-packages:/home/nghiaphanbk/WeldingRobot_ws/install/srdfdom/local/lib/python3.10/dist-packages:/home/nghiaphanbk/WeldingRobot_ws/install/launch_param_builder/lib/python3.10/site-packages:${PYTHONPATH} /usr/bin/cmake --install /home/nghiaphanbk/WeldingRobot_ws/build/moveit_kinematics
[85.606s] -- Install configuration: "Release"
[85.606s] -- Installing: /home/nghiaphanbk/WeldingRobot_ws/install/moveit_kinematics/share/moveit_kinematics/kdl_kinematics_plugin_description.xml
[85.606s] -- Installing: /home/nghiaphanbk/WeldingRobot_ws/install/moveit_kinematics/share/moveit_kinematics/lma_kinematics_plugin_description.xml
[85.606s] -- Installing: /home/nghiaphanbk/WeldingRobot_ws/install/moveit_kinematics/share/moveit_kinematics/srv_kinematics_plugin_description.xml
[85.606s] -- Installing: /home/nghiaphanbk/WeldingRobot_ws/install/moveit_kinematics/share/moveit_kinematics/cached_ik_kinematics_plugin_description.xml
[85.607s] -- Installing: /home/nghiaphanbk/WeldingRobot_ws/install/moveit_kinematics/include
[85.607s] -- Installing: /home/nghiaphanbk/WeldingRobot_ws/install/moveit_kinematics/include/moveit
[85.607s] -- Installing: /home/nghiaphanbk/WeldingRobot_ws/install/moveit_kinematics/include/moveit/cached_ik_kinematics_plugin
[85.607s] -- Installing: /home/nghiaphanbk/WeldingRobot_ws/install/moveit_kinematics/include/moveit/cached_ik_kinematics_plugin/cached_ik_kinematics_plugin.h
[85.607s] -- Installing: /home/nghiaphanbk/WeldingRobot_ws/install/moveit_kinematics/include/moveit/cached_ik_kinematics_plugin/cached_ik_kinematics_plugin-inl.h
[85.607s] -- Installing: /home/nghiaphanbk/WeldingRobot_ws/install/moveit_kinematics/include/moveit/cached_ik_kinematics_plugin/detail
[85.607s] -- Installing: /home/nghiaphanbk/WeldingRobot_ws/install/moveit_kinematics/include/moveit/cached_ik_kinematics_plugin/detail/GreedyKCenters.h
[85.607s] -- Installing: /home/nghiaphanbk/WeldingRobot_ws/install/moveit_kinematics/include/moveit/cached_ik_kinematics_plugin/detail/NearestNeighborsGNAT.h
[85.608s] -- Installing: /home/nghiaphanbk/WeldingRobot_ws/install/moveit_kinematics/include/moveit/cached_ik_kinematics_plugin/detail/NearestNeighbors.h
[85.608s] -- Installing: /home/nghiaphanbk/WeldingRobot_ws/install/moveit_kinematics/share/moveit_kinematics/launch
[85.608s] -- Installing: /home/nghiaphanbk/WeldingRobot_ws/install/moveit_kinematics/share/moveit_kinematics/launch/measure_ik_call_cost.launch
[85.608s] -- Installing: /home/nghiaphanbk/WeldingRobot_ws/install/moveit_kinematics/lib/moveit_kinematics/auto_create_ikfast_moveit_plugin.sh
[85.608s] -- Installing: /home/nghiaphanbk/WeldingRobot_ws/install/moveit_kinematics/lib/moveit_kinematics/create_ikfast_moveit_plugin.py
[85.608s] -- Installing: /home/nghiaphanbk/WeldingRobot_ws/install/moveit_kinematics/lib/moveit_kinematics/round_collada_numbers.py
[85.609s] -- Installing: /home/nghiaphanbk/WeldingRobot_ws/install/moveit_kinematics/share/moveit_kinematics/ikfast_kinematics_plugin/templates
[85.609s] -- Installing: /home/nghiaphanbk/WeldingRobot_ws/install/moveit_kinematics/share/moveit_kinematics/ikfast_kinematics_plugin/templates/ikfast.h
[85.609s] -- Installing: /home/nghiaphanbk/WeldingRobot_ws/install/moveit_kinematics/share/moveit_kinematics/ikfast_kinematics_plugin/templates/ikfast61_moveit_plugin_template.cpp
[85.609s] -- Installing: /home/nghiaphanbk/WeldingRobot_ws/install/moveit_kinematics/share/moveit_kinematics/ikfast_kinematics_plugin/templates/CMakeLists.txt
[85.610s] -- Up-to-date: /home/nghiaphanbk/WeldingRobot_ws/install/moveit_kinematics/include
[85.610s] -- Up-to-date: /home/nghiaphanbk/WeldingRobot_ws/install/moveit_kinematics/include/moveit
[85.610s] -- Installing: /home/nghiaphanbk/WeldingRobot_ws/install/moveit_kinematics/include/moveit/kdl_kinematics_plugin
[85.610s] -- Installing: /home/nghiaphanbk/WeldingRobot_ws/install/moveit_kinematics/include/moveit/kdl_kinematics_plugin/kdl_kinematics_plugin.h
[85.610s] -- Installing: /home/nghiaphanbk/WeldingRobot_ws/install/moveit_kinematics/include/moveit/kdl_kinematics_plugin/chainiksolver_vel_mimic_svd.hpp
[85.610s] -- Installing: /home/nghiaphanbk/WeldingRobot_ws/install/moveit_kinematics/include/moveit/kdl_kinematics_plugin/joint_mimic.hpp
[85.610s] -- Up-to-date: /home/nghiaphanbk/WeldingRobot_ws/install/moveit_kinematics/include
[85.610s] -- Up-to-date: /home/nghiaphanbk/WeldingRobot_ws/install/moveit_kinematics/include/moveit
[85.611s] -- Installing: /home/nghiaphanbk/WeldingRobot_ws/install/moveit_kinematics/include/moveit/lma_kinematics_plugin
[85.611s] -- Installing: /home/nghiaphanbk/WeldingRobot_ws/install/moveit_kinematics/include/moveit/lma_kinematics_plugin/lma_kinematics_plugin.h
[85.611s] -- Up-to-date: /home/nghiaphanbk/WeldingRobot_ws/install/moveit_kinematics/include
[85.611s] -- Up-to-date: /home/nghiaphanbk/WeldingRobot_ws/install/moveit_kinematics/include/moveit
[85.611s] -- Installing: /home/nghiaphanbk/WeldingRobot_ws/install/moveit_kinematics/include/moveit/srv_kinematics_plugin
[85.611s] -- Installing: /home/nghiaphanbk/WeldingRobot_ws/install/moveit_kinematics/include/moveit/srv_kinematics_plugin/srv_kinematics_plugin.h
[85.611s] -- Installing: /home/nghiaphanbk/WeldingRobot_ws/install/moveit_kinematics/share/moveit_kinematics/config
[85.611s] -- Installing: /home/nghiaphanbk/WeldingRobot_ws/install/moveit_kinematics/share/moveit_kinematics/config/fanuc-kdl-test.yaml
[85.612s] -- Installing: /home/nghiaphanbk/WeldingRobot_ws/install/moveit_kinematics/share/moveit_kinematics/config/fanuc-lma-singular-test.yaml
[85.612s] -- Installing: /home/nghiaphanbk/WeldingRobot_ws/install/moveit_kinematics/share/moveit_kinematics/config/panda-kdl-singular-test.yaml
[85.612s] -- Installing: /home/nghiaphanbk/WeldingRobot_ws/install/moveit_kinematics/share/moveit_kinematics/config/fanuc-lma-test.yaml
[85.612s] -- Installing: /home/nghiaphanbk/WeldingRobot_ws/install/moveit_kinematics/share/moveit_kinematics/config/panda-kdl-test.yaml
[85.612s] -- Installing: /home/nghiaphanbk/WeldingRobot_ws/install/moveit_kinematics/share/moveit_kinematics/config/fanuc-kdl-singular-test.yaml
[85.612s] -- Installing: /home/nghiaphanbk/WeldingRobot_ws/install/moveit_kinematics/share/moveit_kinematics/config/panda-lma-test.yaml
[85.613s] -- Installing: /home/nghiaphanbk/WeldingRobot_ws/install/moveit_kinematics/share/moveit_kinematics/config/panda-lma-singular-test.yaml
[85.613s] -- Up-to-date: /home/nghiaphanbk/WeldingRobot_ws/install/moveit_kinematics/share/moveit_kinematics/launch
[85.613s] -- Installing: /home/nghiaphanbk/WeldingRobot_ws/install/moveit_kinematics/share/moveit_kinematics/launch/panda-kdl.test.py
[85.613s] -- Installing: /home/nghiaphanbk/WeldingRobot_ws/install/moveit_kinematics/share/moveit_kinematics/launch/fanuc-kdl.test.py
[85.613s] -- Installing: /home/nghiaphanbk/WeldingRobot_ws/install/moveit_kinematics/share/moveit_kinematics/launch/fanuc-kdl-singular.test.py
[85.613s] -- Installing: /home/nghiaphanbk/WeldingRobot_ws/install/moveit_kinematics/share/moveit_kinematics/launch/panda-lma.test.py
[85.613s] -- Installing: /home/nghiaphanbk/WeldingRobot_ws/install/moveit_kinematics/share/moveit_kinematics/launch/panda-lma-singular.test.py
[85.613s] -- Installing: /home/nghiaphanbk/WeldingRobot_ws/install/moveit_kinematics/share/moveit_kinematics/launch/fanuc-lma.test.py
[85.614s] -- Installing: /home/nghiaphanbk/WeldingRobot_ws/install/moveit_kinematics/share/moveit_kinematics/launch/panda-kdl-singular.test.py
[85.614s] -- Installing: /home/nghiaphanbk/WeldingRobot_ws/install/moveit_kinematics/share/moveit_kinematics/launch/fanuc-lma-singular.test.py
[85.614s] -- Installing: /home/nghiaphanbk/WeldingRobot_ws/install/moveit_kinematics/lib/moveit_kinematics/benchmark_ik
[85.614s] -- Set runtime path of "/home/nghiaphanbk/WeldingRobot_ws/install/moveit_kinematics/lib/moveit_kinematics/benchmark_ik" to ""
[85.614s] -- Installing: /home/nghiaphanbk/WeldingRobot_ws/install/moveit_kinematics/lib/moveit_kinematics/test_kinematics_plugin
[85.616s] -- Set runtime path of "/home/nghiaphanbk/WeldingRobot_ws/install/moveit_kinematics/lib/moveit_kinematics/test_kinematics_plugin" to ""
[85.616s] -- Installing: /home/nghiaphanbk/WeldingRobot_ws/install/moveit_kinematics/lib/libmoveit_cached_ik_kinematics_base.so.2.5.5
[85.616s] -- Set runtime path of "/home/nghiaphanbk/WeldingRobot_ws/install/moveit_kinematics/lib/libmoveit_cached_ik_kinematics_base.so.2.5.5" to ""
[85.616s] -- Installing: /home/nghiaphanbk/WeldingRobot_ws/install/moveit_kinematics/lib/libmoveit_cached_ik_kinematics_base.so
[85.616s] -- Installing: /home/nghiaphanbk/WeldingRobot_ws/install/moveit_kinematics/lib/libmoveit_cached_ik_kinematics_plugin.so.2.5.5
[85.617s] -- Set runtime path of "/home/nghiaphanbk/WeldingRobot_ws/install/moveit_kinematics/lib/libmoveit_cached_ik_kinematics_plugin.so.2.5.5" to ""
[85.617s] -- Installing: /home/nghiaphanbk/WeldingRobot_ws/install/moveit_kinematics/lib/libmoveit_cached_ik_kinematics_plugin.so
[85.617s] -- Installing: /home/nghiaphanbk/WeldingRobot_ws/install/moveit_kinematics/lib/libmoveit_kdl_kinematics_plugin.so
[85.617s] -- Set runtime path of "/home/nghiaphanbk/WeldingRobot_ws/install/moveit_kinematics/lib/libmoveit_kdl_kinematics_plugin.so" to ""
[85.617s] -- Installing: /home/nghiaphanbk/WeldingRobot_ws/install/moveit_kinematics/lib/libmoveit_lma_kinematics_plugin.so.2.5.5
[85.618s] -- Set runtime path of "/home/nghiaphanbk/WeldingRobot_ws/install/moveit_kinematics/lib/libmoveit_lma_kinematics_plugin.so.2.5.5" to ""
[85.618s] -- Installing: /home/nghiaphanbk/WeldingRobot_ws/install/moveit_kinematics/lib/libmoveit_lma_kinematics_plugin.so
[85.618s] -- Installing: /home/nghiaphanbk/WeldingRobot_ws/install/moveit_kinematics/lib/libmoveit_srv_kinematics_plugin.so.2.5.5
[85.618s] -- Set runtime path of "/home/nghiaphanbk/WeldingRobot_ws/install/moveit_kinematics/lib/libmoveit_srv_kinematics_plugin.so.2.5.5" to ""
[85.618s] -- Installing: /home/nghiaphanbk/WeldingRobot_ws/install/moveit_kinematics/lib/libmoveit_srv_kinematics_plugin.so
[85.618s] -- Installing: /home/nghiaphanbk/WeldingRobot_ws/install/moveit_kinematics/share/moveit_kinematics/environment/library_path.sh
[85.618s] -- Installing: /home/nghiaphanbk/WeldingRobot_ws/install/moveit_kinematics/share/moveit_kinematics/environment/library_path.dsv
[85.619s] -- Installing: /home/nghiaphanbk/WeldingRobot_ws/install/moveit_kinematics/share/ament_index/resource_index/package_run_dependencies/moveit_kinematics
[85.619s] -- Installing: /home/nghiaphanbk/WeldingRobot_ws/install/moveit_kinematics/share/ament_index/resource_index/parent_prefix_path/moveit_kinematics
[85.619s] -- Installing: /home/nghiaphanbk/WeldingRobot_ws/install/moveit_kinematics/share/moveit_kinematics/environment/ament_prefix_path.sh
[85.619s] -- Installing: /home/nghiaphanbk/WeldingRobot_ws/install/moveit_kinematics/share/moveit_kinematics/environment/ament_prefix_path.dsv
[85.619s] -- Installing: /home/nghiaphanbk/WeldingRobot_ws/install/moveit_kinematics/share/moveit_kinematics/environment/path.sh
[85.619s] -- Installing: /home/nghiaphanbk/WeldingRobot_ws/install/moveit_kinematics/share/moveit_kinematics/environment/path.dsv
[85.620s] -- Installing: /home/nghiaphanbk/WeldingRobot_ws/install/moveit_kinematics/share/moveit_kinematics/local_setup.bash
[85.620s] -- Installing: /home/nghiaphanbk/WeldingRobot_ws/install/moveit_kinematics/share/moveit_kinematics/local_setup.sh
[85.620s] -- Installing: /home/nghiaphanbk/WeldingRobot_ws/install/moveit_kinematics/share/moveit_kinematics/local_setup.zsh
[85.620s] -- Installing: /home/nghiaphanbk/WeldingRobot_ws/install/moveit_kinematics/share/moveit_kinematics/local_setup.dsv
[85.620s] -- Installing: /home/nghiaphanbk/WeldingRobot_ws/install/moveit_kinematics/share/moveit_kinematics/package.dsv
[85.620s] -- Installing: /home/nghiaphanbk/WeldingRobot_ws/install/moveit_kinematics/share/ament_index/resource_index/packages/moveit_kinematics
[85.621s] -- Installing: /home/nghiaphanbk/WeldingRobot_ws/install/moveit_kinematics/share/ament_index/resource_index/moveit_core__pluginlib__plugin/moveit_kinematics
[85.621s] -- Installing: /home/nghiaphanbk/WeldingRobot_ws/install/moveit_kinematics/share/moveit_kinematics/cmake/export_moveit_kinematicsExport.cmake
[85.621s] -- Installing: /home/nghiaphanbk/WeldingRobot_ws/install/moveit_kinematics/share/moveit_kinematics/cmake/export_moveit_kinematicsExport-release.cmake
[85.622s] -- Installing: /home/nghiaphanbk/WeldingRobot_ws/install/moveit_kinematics/share/moveit_kinematics/cmake/ConfigExtras.cmake
[85.622s] -- Installing: /home/nghiaphanbk/WeldingRobot_ws/install/moveit_kinematics/share/moveit_kinematics/cmake/ament_cmake_export_targets-extras.cmake
[85.622s] -- Installing: /home/nghiaphanbk/WeldingRobot_ws/install/moveit_kinematics/share/moveit_kinematics/cmake/ament_cmake_export_dependencies-extras.cmake
[85.622s] -- Installing: /home/nghiaphanbk/WeldingRobot_ws/install/moveit_kinematics/share/moveit_kinematics/cmake/moveit_kinematicsConfig.cmake
[85.622s] -- Installing: /home/nghiaphanbk/WeldingRobot_ws/install/moveit_kinematics/share/moveit_kinematics/cmake/moveit_kinematicsConfig-version.cmake
[85.622s] -- Installing: /home/nghiaphanbk/WeldingRobot_ws/install/moveit_kinematics/share/moveit_kinematics/package.xml
[85.625s] Invoked command in '/home/nghiaphanbk/WeldingRobot_ws/build/moveit_kinematics' returned '0': AMENT_PREFIX_PATH=/home/nghiaphanbk/WeldingRobot_ws/install/moveit_ros_planning:/home/nghiaphanbk/WeldingRobot_ws/install/moveit_ros_occupancy_map_monitor:/home/nghiaphanbk/WeldingRobot_ws/install/moveit_core:/home/nghiaphanbk/WeldingRobot_ws/install/moveit_resources_panda_moveit_config:/home/nghiaphanbk/WeldingRobot_ws/install/moveit_resources_fanuc_moveit_config:/home/nghiaphanbk/WeldingRobot_ws/install/moveit_configs_utils:/home/nghiaphanbk/WeldingRobot_ws/install/srdfdom:/home/nghiaphanbk/WeldingRobot_ws/install/moveit_resources_panda_description:/home/nghiaphanbk/WeldingRobot_ws/install/moveit_resources_fanuc_description:/home/nghiaphanbk/WeldingRobot_ws/install/moveit_common:/home/nghiaphanbk/WeldingRobot_ws/install/launch_param_builder:${AMENT_PREFIX_PATH} CMAKE_PREFIX_PATH=/home/nghiaphanbk/WeldingRobot_ws/install/moveit_ros_planning:/home/nghiaphanbk/WeldingRobot_ws/install/moveit_ros_occupancy_map_monitor:/home/nghiaphanbk/WeldingRobot_ws/install/moveit_core:/home/nghiaphanbk/WeldingRobot_ws/install/moveit_resources_panda_moveit_config:/home/nghiaphanbk/WeldingRobot_ws/install/moveit_resources_fanuc_moveit_config:/home/nghiaphanbk/WeldingRobot_ws/install/srdfdom:/home/nghiaphanbk/WeldingRobot_ws/install/moveit_resources_panda_description:/home/nghiaphanbk/WeldingRobot_ws/install/moveit_resources_fanuc_description:/home/nghiaphanbk/WeldingRobot_ws/install/moveit_common:/home/nghiaphanbk/WeldingRobot_ws/install/Model_Robot:/home/nghiaphanbk/ros2_ws/install/my_robot_controller:/opt/ros/humble LD_LIBRARY_PATH=/home/nghiaphanbk/WeldingRobot_ws/install/moveit_ros_planning/lib:/home/nghiaphanbk/WeldingRobot_ws/install/moveit_ros_occupancy_map_monitor/lib:/home/nghiaphanbk/WeldingRobot_ws/install/moveit_core/lib:/home/nghiaphanbk/WeldingRobot_ws/install/srdfdom/lib:${LD_LIBRARY_PATH} PATH=/home/nghiaphanbk/WeldingRobot_ws/install/moveit_core/bin:${PATH} PYTHONPATH=/home/nghiaphanbk/WeldingRobot_ws/install/moveit_configs_utils/lib/python3.10/site-packages:/home/nghiaphanbk/WeldingRobot_ws/install/srdfdom/local/lib/python3.10/dist-packages:/home/nghiaphanbk/WeldingRobot_ws/install/launch_param_builder/lib/python3.10/site-packages:${PYTHONPATH} /usr/bin/cmake --install /home/nghiaphanbk/WeldingRobot_ws/build/moveit_kinematics
