[0.940s] DEBUG:colcon:Command line arguments: ['/usr/bin/colcon', 'build']
[0.940s] DEBUG:colcon:Parsed command line arguments: Namespace(log_base=None, log_level=None, verb_name='build', build_base='build', install_base='install', merge_install=False, symlink_install=False, test_result_base=None, continue_on_error=False, executor='parallel', parallel_workers=12, event_handlers=None, ignore_user_meta=False, metas=['./colcon.meta'], base_paths=['.'], packages_ignore=None, packages_ignore_regex=None, paths=None, packages_up_to=None, packages_up_to_regex=None, packages_above=None, packages_above_and_dependencies=None, packages_above_depth=None, packages_select_by_dep=None, packages_skip_by_dep=None, packages_skip_up_to=None, packages_select_build_failed=False, packages_skip_build_finished=False, packages_select_test_failures=False, packages_skip_test_passed=False, packages_select=None, packages_skip=None, packages_select_regex=None, packages_skip_regex=None, packages_start=None, packages_end=None, allow_overriding=[], cmake_args=None, cmake_target=None, cmake_target_skip_unavailable=False, cmake_clean_cache=False, cmake_clean_first=False, cmake_force_configure=False, ament_cmake_args=None, catkin_cmake_args=None, catkin_skip_building_tests=False, verb_parser=<colcon_defaults.argument_parser.defaults.DefaultArgumentsDecorator object at 0x7f8562c0f730>, verb_extension=<colcon_core.verb.build.BuildVerb object at 0x7f8563016d70>, main=<bound method BuildVerb.main of <colcon_core.verb.build.BuildVerb object at 0x7f8563016d70>>)
[0.980s] Level 1:colcon.colcon_core.package_discovery:discover_packages(colcon_meta) check parameters
[0.980s] Level 1:colcon.colcon_core.package_discovery:discover_packages(recursive) check parameters
[0.980s] Level 1:colcon.colcon_core.package_discovery:discover_packages(ignore) check parameters
[0.980s] Level 1:colcon.colcon_core.package_discovery:discover_packages(path) check parameters
[0.980s] Level 1:colcon.colcon_core.package_discovery:discover_packages(colcon_meta) discover
[0.980s] Level 1:colcon.colcon_core.package_discovery:discover_packages(recursive) discover
[0.980s] INFO:colcon.colcon_core.package_discovery:Crawling recursively for packages in '/home/nghiaphanbk/WeldingRobot_ws'
[0.980s] Level 1:colcon.colcon_core.package_identification:_identify(.) by extensions ['ignore', 'ignore_ament_install']
[0.981s] Level 1:colcon.colcon_core.package_identification:_identify(.) by extension 'ignore'
[0.981s] Level 1:colcon.colcon_core.package_identification:_identify(.) by extension 'ignore_ament_install'
[0.981s] Level 1:colcon.colcon_core.package_identification:_identify(.) by extensions ['colcon_pkg']
[0.981s] Level 1:colcon.colcon_core.package_identification:_identify(.) by extension 'colcon_pkg'
[0.981s] Level 1:colcon.colcon_core.package_identification:_identify(.) by extensions ['colcon_meta']
[0.981s] Level 1:colcon.colcon_core.package_identification:_identify(.) by extension 'colcon_meta'
[0.981s] Level 1:colcon.colcon_core.package_identification:_identify(.) by extensions ['ros']
[0.981s] Level 1:colcon.colcon_core.package_identification:_identify(.) by extension 'ros'
[0.989s] Level 1:colcon.colcon_core.package_identification:_identify(.) by extensions ['cmake', 'python']
[0.989s] Level 1:colcon.colcon_core.package_identification:_identify(.) by extension 'cmake'
[0.989s] Level 1:colcon.colcon_core.package_identification:_identify(.) by extension 'python'
[0.989s] Level 1:colcon.colcon_core.package_identification:_identify(.) by extensions ['python_setup_py']
[0.989s] Level 1:colcon.colcon_core.package_identification:_identify(.) by extension 'python_setup_py'
[0.990s] Level 1:colcon.colcon_core.package_identification:_identify(build) by extensions ['ignore', 'ignore_ament_install']
[0.990s] Level 1:colcon.colcon_core.package_identification:_identify(build) by extension 'ignore'
[0.990s] Level 1:colcon.colcon_core.package_identification:_identify(build) ignored
[0.990s] Level 1:colcon.colcon_core.package_identification:_identify(install) by extensions ['ignore', 'ignore_ament_install']
[0.990s] Level 1:colcon.colcon_core.package_identification:_identify(install) by extension 'ignore'
[0.990s] Level 1:colcon.colcon_core.package_identification:_identify(install) ignored
[0.990s] Level 1:colcon.colcon_core.package_identification:_identify(log) by extensions ['ignore', 'ignore_ament_install']
[0.990s] Level 1:colcon.colcon_core.package_identification:_identify(log) by extension 'ignore'
[0.991s] Level 1:colcon.colcon_core.package_identification:_identify(log) ignored
[0.991s] Level 1:colcon.colcon_core.package_identification:_identify(src) by extensions ['ignore', 'ignore_ament_install']
[0.991s] Level 1:colcon.colcon_core.package_identification:_identify(src) by extension 'ignore'
[0.991s] Level 1:colcon.colcon_core.package_identification:_identify(src) by extension 'ignore_ament_install'
[0.991s] Level 1:colcon.colcon_core.package_identification:_identify(src) by extensions ['colcon_pkg']
[0.991s] Level 1:colcon.colcon_core.package_identification:_identify(src) by extension 'colcon_pkg'
[0.991s] Level 1:colcon.colcon_core.package_identification:_identify(src) by extensions ['colcon_meta']
[0.991s] Level 1:colcon.colcon_core.package_identification:_identify(src) by extension 'colcon_meta'
[0.991s] Level 1:colcon.colcon_core.package_identification:_identify(src) by extensions ['ros']
[0.991s] Level 1:colcon.colcon_core.package_identification:_identify(src) by extension 'ros'
[0.991s] Level 1:colcon.colcon_core.package_identification:_identify(src) by extensions ['cmake', 'python']
[0.991s] Level 1:colcon.colcon_core.package_identification:_identify(src) by extension 'cmake'
[0.991s] Level 1:colcon.colcon_core.package_identification:_identify(src) by extension 'python'
[0.991s] Level 1:colcon.colcon_core.package_identification:_identify(src) by extensions ['python_setup_py']
[0.991s] Level 1:colcon.colcon_core.package_identification:_identify(src) by extension 'python_setup_py'
[0.991s] Level 1:colcon.colcon_core.package_identification:_identify(src/Model_Robot) by extensions ['ignore', 'ignore_ament_install']
[0.992s] Level 1:colcon.colcon_core.package_identification:_identify(src/Model_Robot) by extension 'ignore'
[0.992s] Level 1:colcon.colcon_core.package_identification:_identify(src/Model_Robot) by extension 'ignore_ament_install'
[0.992s] Level 1:colcon.colcon_core.package_identification:_identify(src/Model_Robot) by extensions ['colcon_pkg']
[0.992s] Level 1:colcon.colcon_core.package_identification:_identify(src/Model_Robot) by extension 'colcon_pkg'
[0.992s] Level 1:colcon.colcon_core.package_identification:_identify(src/Model_Robot) by extensions ['colcon_meta']
[0.992s] Level 1:colcon.colcon_core.package_identification:_identify(src/Model_Robot) by extension 'colcon_meta'
[0.992s] Level 1:colcon.colcon_core.package_identification:_identify(src/Model_Robot) by extensions ['ros']
[0.992s] Level 1:colcon.colcon_core.package_identification:_identify(src/Model_Robot) by extension 'ros'
[0.994s] DEBUG:colcon.colcon_core.package_identification:Package 'src/Model_Robot' with type 'ros.ament_python' and name 'Model_Robot'
[0.994s] Level 1:colcon.colcon_core.package_identification:_identify(src/Robot_ver2) by extensions ['ignore', 'ignore_ament_install']
[0.994s] Level 1:colcon.colcon_core.package_identification:_identify(src/Robot_ver2) by extension 'ignore'
[0.994s] Level 1:colcon.colcon_core.package_identification:_identify(src/Robot_ver2) by extension 'ignore_ament_install'
[0.994s] Level 1:colcon.colcon_core.package_identification:_identify(src/Robot_ver2) by extensions ['colcon_pkg']
[0.994s] Level 1:colcon.colcon_core.package_identification:_identify(src/Robot_ver2) by extension 'colcon_pkg'
[0.994s] Level 1:colcon.colcon_core.package_identification:_identify(src/Robot_ver2) by extensions ['colcon_meta']
[0.994s] Level 1:colcon.colcon_core.package_identification:_identify(src/Robot_ver2) by extension 'colcon_meta'
[0.994s] Level 1:colcon.colcon_core.package_identification:_identify(src/Robot_ver2) by extensions ['ros']
[0.994s] Level 1:colcon.colcon_core.package_identification:_identify(src/Robot_ver2) by extension 'ros'
[0.995s] DEBUG:colcon.colcon_core.package_identification:Package 'src/Robot_ver2' with type 'ros.ament_cmake' and name 'Robot_ver2'
[0.995s] Level 1:colcon.colcon_core.package_identification:_identify(src/movelt_sim) by extensions ['ignore', 'ignore_ament_install']
[0.995s] Level 1:colcon.colcon_core.package_identification:_identify(src/movelt_sim) by extension 'ignore'
[0.995s] Level 1:colcon.colcon_core.package_identification:_identify(src/movelt_sim) by extension 'ignore_ament_install'
[0.995s] Level 1:colcon.colcon_core.package_identification:_identify(src/movelt_sim) by extensions ['colcon_pkg']
[0.995s] Level 1:colcon.colcon_core.package_identification:_identify(src/movelt_sim) by extension 'colcon_pkg'
[0.995s] Level 1:colcon.colcon_core.package_identification:_identify(src/movelt_sim) by extensions ['colcon_meta']
[0.995s] Level 1:colcon.colcon_core.package_identification:_identify(src/movelt_sim) by extension 'colcon_meta'
[0.996s] Level 1:colcon.colcon_core.package_identification:_identify(src/movelt_sim) by extensions ['ros']
[0.996s] Level 1:colcon.colcon_core.package_identification:_identify(src/movelt_sim) by extension 'ros'
[0.996s] DEBUG:colcon.colcon_core.package_identification:Package 'src/movelt_sim' with type 'ros.ament_cmake' and name 'movelt_sim'
[0.996s] Level 1:colcon.colcon_core.package_discovery:discover_packages(recursive) using defaults
[0.996s] Level 1:colcon.colcon_core.package_discovery:discover_packages(ignore) discover
[0.996s] Level 1:colcon.colcon_core.package_discovery:discover_packages(ignore) using defaults
[0.996s] Level 1:colcon.colcon_core.package_discovery:discover_packages(path) discover
[0.996s] Level 1:colcon.colcon_core.package_discovery:discover_packages(path) using defaults
[1.083s] Level 1:colcon.colcon_core.package_discovery:discover_packages(prefix_path) check parameters
[1.083s] Level 1:colcon.colcon_core.package_discovery:discover_packages(prefix_path) discover
[1.114s] DEBUG:colcon.colcon_installed_package_information.package_discovery:Found 35 installed packages in /home/nghiaphanbk/WeldingRobot_ws/install
[1.136s] DEBUG:colcon.colcon_installed_package_information.package_discovery:Found 1 installed packages in /home/nghiaphanbk/ros2_ws/install
[1.152s] DEBUG:colcon.colcon_installed_package_information.package_discovery:Found 343 installed packages in /opt/ros/humble
[1.153s] Level 1:colcon.colcon_core.package_discovery:discover_packages(prefix_path) using defaults
[1.226s] WARNING:colcon.colcon_core.package_selection:Some selected packages are already built in one or more underlay workspaces:
	'Model_Robot' is in: /home/nghiaphanbk/WeldingRobot_ws/install/Model_Robot
If a package in a merged underlay workspace is overridden and it installs headers, then all packages in the overlay must sort their include directories by workspace order. Failure to do so may result in build failures or undefined behavior at run time.
If the overridden package is used by another package in any underlay, then the overriding package in the overlay must be API and ABI compatible or undefined behavior at run time may occur.

If you understand the risks and want to override a package anyways, add the following to the command line:
	--allow-overriding Model_Robot

This may be promoted to an error in a future release of colcon-override-check.
[1.240s] Level 5:colcon.colcon_core.verb:set package 'Model_Robot' build argument 'cmake_args' from command line to 'None'
[1.240s] Level 5:colcon.colcon_core.verb:set package 'Model_Robot' build argument 'cmake_target' from command line to 'None'
[1.240s] Level 5:colcon.colcon_core.verb:set package 'Model_Robot' build argument 'cmake_target_skip_unavailable' from command line to 'False'
[1.240s] Level 5:colcon.colcon_core.verb:set package 'Model_Robot' build argument 'cmake_clean_cache' from command line to 'False'
[1.240s] Level 5:colcon.colcon_core.verb:set package 'Model_Robot' build argument 'cmake_clean_first' from command line to 'False'
[1.241s] Level 5:colcon.colcon_core.verb:set package 'Model_Robot' build argument 'cmake_force_configure' from command line to 'False'
[1.241s] Level 5:colcon.colcon_core.verb:set package 'Model_Robot' build argument 'ament_cmake_args' from command line to 'None'
[1.241s] Level 5:colcon.colcon_core.verb:set package 'Model_Robot' build argument 'catkin_cmake_args' from command line to 'None'
[1.241s] Level 5:colcon.colcon_core.verb:set package 'Model_Robot' build argument 'catkin_skip_building_tests' from command line to 'False'
[1.241s] DEBUG:colcon.colcon_core.verb:Building package 'Model_Robot' with the following arguments: {'ament_cmake_args': None, 'build_base': '/home/nghiaphanbk/WeldingRobot_ws/build/Model_Robot', 'catkin_cmake_args': None, 'catkin_skip_building_tests': False, 'cmake_args': None, 'cmake_clean_cache': False, 'cmake_clean_first': False, 'cmake_force_configure': False, 'cmake_target': None, 'cmake_target_skip_unavailable': False, 'install_base': '/home/nghiaphanbk/WeldingRobot_ws/install/Model_Robot', 'merge_install': False, 'path': '/home/nghiaphanbk/WeldingRobot_ws/src/Model_Robot', 'symlink_install': False, 'test_result_base': None}
[1.255s] Level 5:colcon.colcon_core.verb:set package 'Robot_ver2' build argument 'cmake_args' from command line to 'None'
[1.255s] Level 5:colcon.colcon_core.verb:set package 'Robot_ver2' build argument 'cmake_target' from command line to 'None'
[1.255s] Level 5:colcon.colcon_core.verb:set package 'Robot_ver2' build argument 'cmake_target_skip_unavailable' from command line to 'False'
[1.256s] Level 5:colcon.colcon_core.verb:set package 'Robot_ver2' build argument 'cmake_clean_cache' from command line to 'False'
[1.256s] Level 5:colcon.colcon_core.verb:set package 'Robot_ver2' build argument 'cmake_clean_first' from command line to 'False'
[1.256s] Level 5:colcon.colcon_core.verb:set package 'Robot_ver2' build argument 'cmake_force_configure' from command line to 'False'
[1.256s] Level 5:colcon.colcon_core.verb:set package 'Robot_ver2' build argument 'ament_cmake_args' from command line to 'None'
[1.256s] Level 5:colcon.colcon_core.verb:set package 'Robot_ver2' build argument 'catkin_cmake_args' from command line to 'None'
[1.256s] Level 5:colcon.colcon_core.verb:set package 'Robot_ver2' build argument 'catkin_skip_building_tests' from command line to 'False'
[1.256s] DEBUG:colcon.colcon_core.verb:Building package 'Robot_ver2' with the following arguments: {'ament_cmake_args': None, 'build_base': '/home/nghiaphanbk/WeldingRobot_ws/build/Robot_ver2', 'catkin_cmake_args': None, 'catkin_skip_building_tests': False, 'cmake_args': None, 'cmake_clean_cache': False, 'cmake_clean_first': False, 'cmake_force_configure': False, 'cmake_target': None, 'cmake_target_skip_unavailable': False, 'install_base': '/home/nghiaphanbk/WeldingRobot_ws/install/Robot_ver2', 'merge_install': False, 'path': '/home/nghiaphanbk/WeldingRobot_ws/src/Robot_ver2', 'symlink_install': False, 'test_result_base': None}
[1.272s] Level 5:colcon.colcon_core.verb:set package 'movelt_sim' build argument 'cmake_args' from command line to 'None'
[1.272s] Level 5:colcon.colcon_core.verb:set package 'movelt_sim' build argument 'cmake_target' from command line to 'None'
[1.272s] Level 5:colcon.colcon_core.verb:set package 'movelt_sim' build argument 'cmake_target_skip_unavailable' from command line to 'False'
[1.272s] Level 5:colcon.colcon_core.verb:set package 'movelt_sim' build argument 'cmake_clean_cache' from command line to 'False'
[1.272s] Level 5:colcon.colcon_core.verb:set package 'movelt_sim' build argument 'cmake_clean_first' from command line to 'False'
[1.272s] Level 5:colcon.colcon_core.verb:set package 'movelt_sim' build argument 'cmake_force_configure' from command line to 'False'
[1.272s] Level 5:colcon.colcon_core.verb:set package 'movelt_sim' build argument 'ament_cmake_args' from command line to 'None'
[1.272s] Level 5:colcon.colcon_core.verb:set package 'movelt_sim' build argument 'catkin_cmake_args' from command line to 'None'
[1.272s] Level 5:colcon.colcon_core.verb:set package 'movelt_sim' build argument 'catkin_skip_building_tests' from command line to 'False'
[1.272s] DEBUG:colcon.colcon_core.verb:Building package 'movelt_sim' with the following arguments: {'ament_cmake_args': None, 'build_base': '/home/nghiaphanbk/WeldingRobot_ws/build/movelt_sim', 'catkin_cmake_args': None, 'catkin_skip_building_tests': False, 'cmake_args': None, 'cmake_clean_cache': False, 'cmake_clean_first': False, 'cmake_force_configure': False, 'cmake_target': None, 'cmake_target_skip_unavailable': False, 'install_base': '/home/nghiaphanbk/WeldingRobot_ws/install/movelt_sim', 'merge_install': False, 'path': '/home/nghiaphanbk/WeldingRobot_ws/src/movelt_sim', 'symlink_install': False, 'test_result_base': None}
[1.287s] INFO:colcon.colcon_core.executor:Executing jobs using 'parallel' executor
[1.302s] DEBUG:colcon.colcon_parallel_executor.executor.parallel:run_until_complete
[1.302s] INFO:colcon.colcon_ros.task.ament_python.build:Building ROS package in '/home/nghiaphanbk/WeldingRobot_ws/src/Model_Robot' with build type 'ament_python'
[1.302s] Level 1:colcon.colcon_core.shell:create_environment_hook('Model_Robot', 'ament_prefix_path')
[1.320s] INFO:colcon.colcon_core.plugin_system:Skipping extension 'colcon_core.shell.bat': Not used on non-Windows systems
[1.321s] INFO:colcon.colcon_core.shell:Creating environment hook '/home/nghiaphanbk/WeldingRobot_ws/install/Model_Robot/share/Model_Robot/hook/ament_prefix_path.ps1'
[1.321s] INFO:colcon.colcon_core.shell:Creating environment descriptor '/home/nghiaphanbk/WeldingRobot_ws/install/Model_Robot/share/Model_Robot/hook/ament_prefix_path.dsv'
[1.322s] INFO:colcon.colcon_core.shell:Creating environment hook '/home/nghiaphanbk/WeldingRobot_ws/install/Model_Robot/share/Model_Robot/hook/ament_prefix_path.sh'
[1.336s] INFO:colcon.colcon_core.shell:Skip shell extension 'powershell' for command environment: Not usable outside of PowerShell
[1.337s] DEBUG:colcon.colcon_core.shell:Skip shell extension 'dsv' for command environment
[1.679s] INFO:colcon.colcon_core.task.python.build:Building Python package in '/home/nghiaphanbk/WeldingRobot_ws/src/Model_Robot'
[1.696s] INFO:colcon.colcon_core.shell:Skip shell extension 'powershell' for command environment: Not usable outside of PowerShell
[1.696s] DEBUG:colcon.colcon_core.shell:Skip shell extension 'dsv' for command environment
[2.067s] DEBUG:colcon.colcon_core.event_handler.log_command:Invoking command in '/home/nghiaphanbk/WeldingRobot_ws/src/Model_Robot': PYTHONPATH=/home/nghiaphanbk/WeldingRobot_ws/build/Model_Robot/prefix_override:/home/nghiaphanbk/WeldingRobot_ws/install/Model_Robot/lib/python3.10/site-packages:${PYTHONPATH} /usr/bin/python3 setup.py egg_info --egg-base ../../build/Model_Robot build --build-base /home/nghiaphanbk/WeldingRobot_ws/build/Model_Robot/build install --record /home/nghiaphanbk/WeldingRobot_ws/build/Model_Robot/install.log --single-version-externally-managed
[2.327s] DEBUG:colcon.colcon_core.event_handler.log_command:Invoked command in '/home/nghiaphanbk/WeldingRobot_ws/src/Model_Robot' returned '0': PYTHONPATH=/home/nghiaphanbk/WeldingRobot_ws/build/Model_Robot/prefix_override:/home/nghiaphanbk/WeldingRobot_ws/install/Model_Robot/lib/python3.10/site-packages:${PYTHONPATH} /usr/bin/python3 setup.py egg_info --egg-base ../../build/Model_Robot build --build-base /home/nghiaphanbk/WeldingRobot_ws/build/Model_Robot/build install --record /home/nghiaphanbk/WeldingRobot_ws/build/Model_Robot/install.log --single-version-externally-managed
[2.344s] Level 1:colcon.colcon_core.environment:checking '/home/nghiaphanbk/WeldingRobot_ws/install/Model_Robot' for CMake module files
[2.345s] Level 1:colcon.colcon_core.environment:checking '/home/nghiaphanbk/WeldingRobot_ws/install/Model_Robot' for CMake config files
[2.345s] Level 1:colcon.colcon_core.environment:checking '/home/nghiaphanbk/WeldingRobot_ws/install/Model_Robot/lib'
[2.346s] Level 1:colcon.colcon_core.environment:checking '/home/nghiaphanbk/WeldingRobot_ws/install/Model_Robot/bin'
[2.346s] Level 1:colcon.colcon_core.environment:checking '/home/nghiaphanbk/WeldingRobot_ws/install/Model_Robot/lib/pkgconfig/Model_Robot.pc'
[2.346s] Level 1:colcon.colcon_core.environment:checking '/home/nghiaphanbk/WeldingRobot_ws/install/Model_Robot/lib/python3.10/site-packages'
[2.346s] Level 1:colcon.colcon_core.shell:create_environment_hook('Model_Robot', 'pythonpath')
[2.363s] INFO:colcon.colcon_core.shell:Creating environment hook '/home/nghiaphanbk/WeldingRobot_ws/install/Model_Robot/share/Model_Robot/hook/pythonpath.ps1'
[2.363s] INFO:colcon.colcon_core.shell:Creating environment descriptor '/home/nghiaphanbk/WeldingRobot_ws/install/Model_Robot/share/Model_Robot/hook/pythonpath.dsv'
[2.363s] INFO:colcon.colcon_core.shell:Creating environment hook '/home/nghiaphanbk/WeldingRobot_ws/install/Model_Robot/share/Model_Robot/hook/pythonpath.sh'
[2.364s] Level 1:colcon.colcon_core.environment:checking '/home/nghiaphanbk/WeldingRobot_ws/install/Model_Robot/bin'
[2.364s] Level 1:colcon.colcon_core.environment:create_environment_scripts_only(Model_Robot)
[2.379s] INFO:colcon.colcon_core.shell:Creating package script '/home/nghiaphanbk/WeldingRobot_ws/install/Model_Robot/share/Model_Robot/package.ps1'
[2.379s] INFO:colcon.colcon_core.shell:Creating package descriptor '/home/nghiaphanbk/WeldingRobot_ws/install/Model_Robot/share/Model_Robot/package.dsv'
[2.380s] INFO:colcon.colcon_core.shell:Creating package script '/home/nghiaphanbk/WeldingRobot_ws/install/Model_Robot/share/Model_Robot/package.sh'
[2.381s] INFO:colcon.colcon_core.shell:Creating package script '/home/nghiaphanbk/WeldingRobot_ws/install/Model_Robot/share/Model_Robot/package.bash'
[2.381s] INFO:colcon.colcon_core.shell:Creating package script '/home/nghiaphanbk/WeldingRobot_ws/install/Model_Robot/share/Model_Robot/package.zsh'
[2.382s] Level 1:colcon.colcon_core.environment:create_file_with_runtime_dependencies(/home/nghiaphanbk/WeldingRobot_ws/install/Model_Robot/share/colcon-core/packages/Model_Robot)
[2.382s] INFO:colcon.colcon_ros.task.ament_cmake.build:Building ROS package in '/home/nghiaphanbk/WeldingRobot_ws/src/Robot_ver2' with build type 'ament_cmake'
[2.382s] INFO:colcon.colcon_cmake.task.cmake.build:Building CMake package in '/home/nghiaphanbk/WeldingRobot_ws/src/Robot_ver2'
[2.398s] INFO:colcon.colcon_core.shell:Skip shell extension 'powershell' for command environment: Not usable outside of PowerShell
[2.398s] DEBUG:colcon.colcon_core.shell:Skip shell extension 'dsv' for command environment
[2.460s] INFO:colcon.colcon_ros.task.ament_cmake.build:Building ROS package in '/home/nghiaphanbk/WeldingRobot_ws/src/movelt_sim' with build type 'ament_cmake'
[2.460s] INFO:colcon.colcon_cmake.task.cmake.build:Building CMake package in '/home/nghiaphanbk/WeldingRobot_ws/src/movelt_sim'
[2.476s] INFO:colcon.colcon_core.shell:Skip shell extension 'powershell' for command environment: Not usable outside of PowerShell
[2.476s] DEBUG:colcon.colcon_core.shell:Skip shell extension 'dsv' for command environment
[2.548s] DEBUG:colcon.colcon_core.event_handler.log_command:Invoking command in '/home/nghiaphanbk/WeldingRobot_ws/build/Robot_ver2': AMENT_PREFIX_PATH=/home/nghiaphanbk/WeldingRobot_ws/install/Model_Robot:/home/nghiaphanbk/WeldingRobot_ws/install/pilz_industrial_motion_planner_testutils:/home/nghiaphanbk/WeldingRobot_ws/install/movelt_sim:/home/nghiaphanbk/WeldingRobot_ws/install/moveit_visual_tools:/home/nghiaphanbk/WeldingRobot_ws/install/moveit_ros_control_interface:/home/nghiaphanbk/WeldingRobot_ws/install/moveit_plugins:/home/nghiaphanbk/WeldingRobot_ws/install/Robot_ver2:/home/nghiaphanbk/WeldingRobot_ws/install/Moveit_sim:/home/nghiaphanbk/WeldingRobot_ws/install/moveit_simple_controller_manager:/home/nghiaphanbk/WeldingRobot_ws/install/moveit_ros_warehouse:/home/nghiaphanbk/WeldingRobot_ws/install/moveit_ros_robot_interaction:/home/nghiaphanbk/WeldingRobot_ws/install/moveit_ros_perception:/home/nghiaphanbk/WeldingRobot_ws/install/moveit_ros_planning:/home/nghiaphanbk/WeldingRobot_ws/install/moveit_ros_occupancy_map_monitor:/home/nghiaphanbk/WeldingRobot_ws/install/moveit_resources_prbt_ikfast_manipulator_plugin:/home/nghiaphanbk/WeldingRobot_ws/install/moveit_planners_chomp:/home/nghiaphanbk/WeldingRobot_ws/install/moveit_kinematics:/home/nghiaphanbk/WeldingRobot_ws/install/moveit_chomp_optimizer_adapter:/home/nghiaphanbk/WeldingRobot_ws/install/chomp_motion_planner:/home/nghiaphanbk/WeldingRobot_ws/install/moveit_core:/home/nghiaphanbk/WeldingRobot_ws/install/moveit_configs_utils:/home/nghiaphanbk/WeldingRobot_ws/install/srdfdom:/home/nghiaphanbk/WeldingRobot_ws/install/rviz_marker_tools:/home/nghiaphanbk/WeldingRobot_ws/install/rosparam_shortcuts:/home/nghiaphanbk/WeldingRobot_ws/install/moveit_task_constructor_msgs:/home/nghiaphanbk/WeldingRobot_ws/install/moveit_resources_prbt_support:/home/nghiaphanbk/WeldingRobot_ws/install/moveit_resources:/home/nghiaphanbk/WeldingRobot_ws/install/moveit_resources_pr2_description:/home/nghiaphanbk/WeldingRobot_ws/install/moveit_resources_panda_moveit_config:/home/nghiaphanbk/WeldingRobot_ws/install/moveit_resources_panda_description:/home/nghiaphanbk/WeldingRobot_ws/install/moveit_resources_fanuc_moveit_config:/home/nghiaphanbk/WeldingRobot_ws/install/moveit_resources_fanuc_description:/home/nghiaphanbk/WeldingRobot_ws/install/moveit_common:/home/nghiaphanbk/WeldingRobot_ws/install/launch_param_builder:/home/nghiaphanbk/ros2_ws/install/my_robot_controller:/opt/ros/humble CMAKE_PREFIX_PATH=${CMAKE_PREFIX_PATH}:/home/nghiaphanbk/WeldingRobot_ws/install/moveit_configs_utils:/home/nghiaphanbk/WeldingRobot_ws/install/launch_param_builder:/home/nghiaphanbk/WeldingRobot_ws/install/Model_Robot:/home/nghiaphanbk/ros2_ws/install/my_robot_controller:/opt/ros/humble PYTHONPATH=/home/nghiaphanbk/WeldingRobot_ws/install/Model_Robot/lib/python3.10/site-packages:/home/nghiaphanbk/WeldingRobot_ws/install/moveit_configs_utils/lib/python3.10/site-packages:/home/nghiaphanbk/WeldingRobot_ws/install/srdfdom/local/lib/python3.10/dist-packages:/home/nghiaphanbk/WeldingRobot_ws/install/moveit_task_constructor_msgs/local/lib/python3.10/dist-packages:/home/nghiaphanbk/WeldingRobot_ws/install/launch_param_builder/lib/python3.10/site-packages:/home/nghiaphanbk/ros2_ws/build/my_robot_controller:/home/nghiaphanbk/ros2_ws/install/my_robot_controller/lib/python3.10/site-packages:/opt/ros/humble/lib/python3.10/site-packages:/opt/ros/humble/local/lib/python3.10/dist-packages /usr/bin/cmake --build /home/nghiaphanbk/WeldingRobot_ws/build/Robot_ver2 -- -j12 -l12
[2.551s] DEBUG:colcon.colcon_core.event_handler.log_command:Invoking command in '/home/nghiaphanbk/WeldingRobot_ws/build/movelt_sim': AMENT_PREFIX_PATH=/home/nghiaphanbk/WeldingRobot_ws/install/Model_Robot:/home/nghiaphanbk/WeldingRobot_ws/install/pilz_industrial_motion_planner_testutils:/home/nghiaphanbk/WeldingRobot_ws/install/movelt_sim:/home/nghiaphanbk/WeldingRobot_ws/install/moveit_visual_tools:/home/nghiaphanbk/WeldingRobot_ws/install/moveit_ros_control_interface:/home/nghiaphanbk/WeldingRobot_ws/install/moveit_plugins:/home/nghiaphanbk/WeldingRobot_ws/install/Robot_ver2:/home/nghiaphanbk/WeldingRobot_ws/install/Moveit_sim:/home/nghiaphanbk/WeldingRobot_ws/install/moveit_simple_controller_manager:/home/nghiaphanbk/WeldingRobot_ws/install/moveit_ros_warehouse:/home/nghiaphanbk/WeldingRobot_ws/install/moveit_ros_robot_interaction:/home/nghiaphanbk/WeldingRobot_ws/install/moveit_ros_perception:/home/nghiaphanbk/WeldingRobot_ws/install/moveit_ros_planning:/home/nghiaphanbk/WeldingRobot_ws/install/moveit_ros_occupancy_map_monitor:/home/nghiaphanbk/WeldingRobot_ws/install/moveit_resources_prbt_ikfast_manipulator_plugin:/home/nghiaphanbk/WeldingRobot_ws/install/moveit_planners_chomp:/home/nghiaphanbk/WeldingRobot_ws/install/moveit_kinematics:/home/nghiaphanbk/WeldingRobot_ws/install/moveit_chomp_optimizer_adapter:/home/nghiaphanbk/WeldingRobot_ws/install/chomp_motion_planner:/home/nghiaphanbk/WeldingRobot_ws/install/moveit_core:/home/nghiaphanbk/WeldingRobot_ws/install/moveit_configs_utils:/home/nghiaphanbk/WeldingRobot_ws/install/srdfdom:/home/nghiaphanbk/WeldingRobot_ws/install/rviz_marker_tools:/home/nghiaphanbk/WeldingRobot_ws/install/rosparam_shortcuts:/home/nghiaphanbk/WeldingRobot_ws/install/moveit_task_constructor_msgs:/home/nghiaphanbk/WeldingRobot_ws/install/moveit_resources_prbt_support:/home/nghiaphanbk/WeldingRobot_ws/install/moveit_resources:/home/nghiaphanbk/WeldingRobot_ws/install/moveit_resources_pr2_description:/home/nghiaphanbk/WeldingRobot_ws/install/moveit_resources_panda_moveit_config:/home/nghiaphanbk/WeldingRobot_ws/install/moveit_resources_panda_description:/home/nghiaphanbk/WeldingRobot_ws/install/moveit_resources_fanuc_moveit_config:/home/nghiaphanbk/WeldingRobot_ws/install/moveit_resources_fanuc_description:/home/nghiaphanbk/WeldingRobot_ws/install/moveit_common:/home/nghiaphanbk/WeldingRobot_ws/install/launch_param_builder:/home/nghiaphanbk/ros2_ws/install/my_robot_controller:/opt/ros/humble CMAKE_PREFIX_PATH=${CMAKE_PREFIX_PATH}:/home/nghiaphanbk/WeldingRobot_ws/install/moveit_configs_utils:/home/nghiaphanbk/WeldingRobot_ws/install/launch_param_builder:/home/nghiaphanbk/WeldingRobot_ws/install/Model_Robot:/home/nghiaphanbk/ros2_ws/install/my_robot_controller:/opt/ros/humble PYTHONPATH=/home/nghiaphanbk/WeldingRobot_ws/install/Model_Robot/lib/python3.10/site-packages:/home/nghiaphanbk/WeldingRobot_ws/install/moveit_configs_utils/lib/python3.10/site-packages:/home/nghiaphanbk/WeldingRobot_ws/install/srdfdom/local/lib/python3.10/dist-packages:/home/nghiaphanbk/WeldingRobot_ws/install/moveit_task_constructor_msgs/local/lib/python3.10/dist-packages:/home/nghiaphanbk/WeldingRobot_ws/install/launch_param_builder/lib/python3.10/site-packages:/home/nghiaphanbk/ros2_ws/build/my_robot_controller:/home/nghiaphanbk/ros2_ws/install/my_robot_controller/lib/python3.10/site-packages:/opt/ros/humble/lib/python3.10/site-packages:/opt/ros/humble/local/lib/python3.10/dist-packages /usr/bin/cmake --build /home/nghiaphanbk/WeldingRobot_ws/build/movelt_sim -- -j12 -l12
[2.581s] DEBUG:colcon.colcon_core.event_handler.log_command:Invoked command in '/home/nghiaphanbk/WeldingRobot_ws/build/Robot_ver2' returned '0': AMENT_PREFIX_PATH=/home/nghiaphanbk/WeldingRobot_ws/install/Model_Robot:/home/nghiaphanbk/WeldingRobot_ws/install/pilz_industrial_motion_planner_testutils:/home/nghiaphanbk/WeldingRobot_ws/install/movelt_sim:/home/nghiaphanbk/WeldingRobot_ws/install/moveit_visual_tools:/home/nghiaphanbk/WeldingRobot_ws/install/moveit_ros_control_interface:/home/nghiaphanbk/WeldingRobot_ws/install/moveit_plugins:/home/nghiaphanbk/WeldingRobot_ws/install/Robot_ver2:/home/nghiaphanbk/WeldingRobot_ws/install/Moveit_sim:/home/nghiaphanbk/WeldingRobot_ws/install/moveit_simple_controller_manager:/home/nghiaphanbk/WeldingRobot_ws/install/moveit_ros_warehouse:/home/nghiaphanbk/WeldingRobot_ws/install/moveit_ros_robot_interaction:/home/nghiaphanbk/WeldingRobot_ws/install/moveit_ros_perception:/home/nghiaphanbk/WeldingRobot_ws/install/moveit_ros_planning:/home/nghiaphanbk/WeldingRobot_ws/install/moveit_ros_occupancy_map_monitor:/home/nghiaphanbk/WeldingRobot_ws/install/moveit_resources_prbt_ikfast_manipulator_plugin:/home/nghiaphanbk/WeldingRobot_ws/install/moveit_planners_chomp:/home/nghiaphanbk/WeldingRobot_ws/install/moveit_kinematics:/home/nghiaphanbk/WeldingRobot_ws/install/moveit_chomp_optimizer_adapter:/home/nghiaphanbk/WeldingRobot_ws/install/chomp_motion_planner:/home/nghiaphanbk/WeldingRobot_ws/install/moveit_core:/home/nghiaphanbk/WeldingRobot_ws/install/moveit_configs_utils:/home/nghiaphanbk/WeldingRobot_ws/install/srdfdom:/home/nghiaphanbk/WeldingRobot_ws/install/rviz_marker_tools:/home/nghiaphanbk/WeldingRobot_ws/install/rosparam_shortcuts:/home/nghiaphanbk/WeldingRobot_ws/install/moveit_task_constructor_msgs:/home/nghiaphanbk/WeldingRobot_ws/install/moveit_resources_prbt_support:/home/nghiaphanbk/WeldingRobot_ws/install/moveit_resources:/home/nghiaphanbk/WeldingRobot_ws/install/moveit_resources_pr2_description:/home/nghiaphanbk/WeldingRobot_ws/install/moveit_resources_panda_moveit_config:/home/nghiaphanbk/WeldingRobot_ws/install/moveit_resources_panda_description:/home/nghiaphanbk/WeldingRobot_ws/install/moveit_resources_fanuc_moveit_config:/home/nghiaphanbk/WeldingRobot_ws/install/moveit_resources_fanuc_description:/home/nghiaphanbk/WeldingRobot_ws/install/moveit_common:/home/nghiaphanbk/WeldingRobot_ws/install/launch_param_builder:/home/nghiaphanbk/ros2_ws/install/my_robot_controller:/opt/ros/humble CMAKE_PREFIX_PATH=${CMAKE_PREFIX_PATH}:/home/nghiaphanbk/WeldingRobot_ws/install/moveit_configs_utils:/home/nghiaphanbk/WeldingRobot_ws/install/launch_param_builder:/home/nghiaphanbk/WeldingRobot_ws/install/Model_Robot:/home/nghiaphanbk/ros2_ws/install/my_robot_controller:/opt/ros/humble PYTHONPATH=/home/nghiaphanbk/WeldingRobot_ws/install/Model_Robot/lib/python3.10/site-packages:/home/nghiaphanbk/WeldingRobot_ws/install/moveit_configs_utils/lib/python3.10/site-packages:/home/nghiaphanbk/WeldingRobot_ws/install/srdfdom/local/lib/python3.10/dist-packages:/home/nghiaphanbk/WeldingRobot_ws/install/moveit_task_constructor_msgs/local/lib/python3.10/dist-packages:/home/nghiaphanbk/WeldingRobot_ws/install/launch_param_builder/lib/python3.10/site-packages:/home/nghiaphanbk/ros2_ws/build/my_robot_controller:/home/nghiaphanbk/ros2_ws/install/my_robot_controller/lib/python3.10/site-packages:/opt/ros/humble/lib/python3.10/site-packages:/opt/ros/humble/local/lib/python3.10/dist-packages /usr/bin/cmake --build /home/nghiaphanbk/WeldingRobot_ws/build/Robot_ver2 -- -j12 -l12
[2.583s] DEBUG:colcon.colcon_core.event_handler.log_command:Invoked command in '/home/nghiaphanbk/WeldingRobot_ws/build/movelt_sim' returned '0': AMENT_PREFIX_PATH=/home/nghiaphanbk/WeldingRobot_ws/install/Model_Robot:/home/nghiaphanbk/WeldingRobot_ws/install/pilz_industrial_motion_planner_testutils:/home/nghiaphanbk/WeldingRobot_ws/install/movelt_sim:/home/nghiaphanbk/WeldingRobot_ws/install/moveit_visual_tools:/home/nghiaphanbk/WeldingRobot_ws/install/moveit_ros_control_interface:/home/nghiaphanbk/WeldingRobot_ws/install/moveit_plugins:/home/nghiaphanbk/WeldingRobot_ws/install/Robot_ver2:/home/nghiaphanbk/WeldingRobot_ws/install/Moveit_sim:/home/nghiaphanbk/WeldingRobot_ws/install/moveit_simple_controller_manager:/home/nghiaphanbk/WeldingRobot_ws/install/moveit_ros_warehouse:/home/nghiaphanbk/WeldingRobot_ws/install/moveit_ros_robot_interaction:/home/nghiaphanbk/WeldingRobot_ws/install/moveit_ros_perception:/home/nghiaphanbk/WeldingRobot_ws/install/moveit_ros_planning:/home/nghiaphanbk/WeldingRobot_ws/install/moveit_ros_occupancy_map_monitor:/home/nghiaphanbk/WeldingRobot_ws/install/moveit_resources_prbt_ikfast_manipulator_plugin:/home/nghiaphanbk/WeldingRobot_ws/install/moveit_planners_chomp:/home/nghiaphanbk/WeldingRobot_ws/install/moveit_kinematics:/home/nghiaphanbk/WeldingRobot_ws/install/moveit_chomp_optimizer_adapter:/home/nghiaphanbk/WeldingRobot_ws/install/chomp_motion_planner:/home/nghiaphanbk/WeldingRobot_ws/install/moveit_core:/home/nghiaphanbk/WeldingRobot_ws/install/moveit_configs_utils:/home/nghiaphanbk/WeldingRobot_ws/install/srdfdom:/home/nghiaphanbk/WeldingRobot_ws/install/rviz_marker_tools:/home/nghiaphanbk/WeldingRobot_ws/install/rosparam_shortcuts:/home/nghiaphanbk/WeldingRobot_ws/install/moveit_task_constructor_msgs:/home/nghiaphanbk/WeldingRobot_ws/install/moveit_resources_prbt_support:/home/nghiaphanbk/WeldingRobot_ws/install/moveit_resources:/home/nghiaphanbk/WeldingRobot_ws/install/moveit_resources_pr2_description:/home/nghiaphanbk/WeldingRobot_ws/install/moveit_resources_panda_moveit_config:/home/nghiaphanbk/WeldingRobot_ws/install/moveit_resources_panda_description:/home/nghiaphanbk/WeldingRobot_ws/install/moveit_resources_fanuc_moveit_config:/home/nghiaphanbk/WeldingRobot_ws/install/moveit_resources_fanuc_description:/home/nghiaphanbk/WeldingRobot_ws/install/moveit_common:/home/nghiaphanbk/WeldingRobot_ws/install/launch_param_builder:/home/nghiaphanbk/ros2_ws/install/my_robot_controller:/opt/ros/humble CMAKE_PREFIX_PATH=${CMAKE_PREFIX_PATH}:/home/nghiaphanbk/WeldingRobot_ws/install/moveit_configs_utils:/home/nghiaphanbk/WeldingRobot_ws/install/launch_param_builder:/home/nghiaphanbk/WeldingRobot_ws/install/Model_Robot:/home/nghiaphanbk/ros2_ws/install/my_robot_controller:/opt/ros/humble PYTHONPATH=/home/nghiaphanbk/WeldingRobot_ws/install/Model_Robot/lib/python3.10/site-packages:/home/nghiaphanbk/WeldingRobot_ws/install/moveit_configs_utils/lib/python3.10/site-packages:/home/nghiaphanbk/WeldingRobot_ws/install/srdfdom/local/lib/python3.10/dist-packages:/home/nghiaphanbk/WeldingRobot_ws/install/moveit_task_constructor_msgs/local/lib/python3.10/dist-packages:/home/nghiaphanbk/WeldingRobot_ws/install/launch_param_builder/lib/python3.10/site-packages:/home/nghiaphanbk/ros2_ws/build/my_robot_controller:/home/nghiaphanbk/ros2_ws/install/my_robot_controller/lib/python3.10/site-packages:/opt/ros/humble/lib/python3.10/site-packages:/opt/ros/humble/local/lib/python3.10/dist-packages /usr/bin/cmake --build /home/nghiaphanbk/WeldingRobot_ws/build/movelt_sim -- -j12 -l12
[2.613s] DEBUG:colcon.colcon_core.event_handler.log_command:Invoking command in '/home/nghiaphanbk/WeldingRobot_ws/build/Robot_ver2': AMENT_PREFIX_PATH=/home/nghiaphanbk/WeldingRobot_ws/install/Model_Robot:/home/nghiaphanbk/WeldingRobot_ws/install/pilz_industrial_motion_planner_testutils:/home/nghiaphanbk/WeldingRobot_ws/install/movelt_sim:/home/nghiaphanbk/WeldingRobot_ws/install/moveit_visual_tools:/home/nghiaphanbk/WeldingRobot_ws/install/moveit_ros_control_interface:/home/nghiaphanbk/WeldingRobot_ws/install/moveit_plugins:/home/nghiaphanbk/WeldingRobot_ws/install/Robot_ver2:/home/nghiaphanbk/WeldingRobot_ws/install/Moveit_sim:/home/nghiaphanbk/WeldingRobot_ws/install/moveit_simple_controller_manager:/home/nghiaphanbk/WeldingRobot_ws/install/moveit_ros_warehouse:/home/nghiaphanbk/WeldingRobot_ws/install/moveit_ros_robot_interaction:/home/nghiaphanbk/WeldingRobot_ws/install/moveit_ros_perception:/home/nghiaphanbk/WeldingRobot_ws/install/moveit_ros_planning:/home/nghiaphanbk/WeldingRobot_ws/install/moveit_ros_occupancy_map_monitor:/home/nghiaphanbk/WeldingRobot_ws/install/moveit_resources_prbt_ikfast_manipulator_plugin:/home/nghiaphanbk/WeldingRobot_ws/install/moveit_planners_chomp:/home/nghiaphanbk/WeldingRobot_ws/install/moveit_kinematics:/home/nghiaphanbk/WeldingRobot_ws/install/moveit_chomp_optimizer_adapter:/home/nghiaphanbk/WeldingRobot_ws/install/chomp_motion_planner:/home/nghiaphanbk/WeldingRobot_ws/install/moveit_core:/home/nghiaphanbk/WeldingRobot_ws/install/moveit_configs_utils:/home/nghiaphanbk/WeldingRobot_ws/install/srdfdom:/home/nghiaphanbk/WeldingRobot_ws/install/rviz_marker_tools:/home/nghiaphanbk/WeldingRobot_ws/install/rosparam_shortcuts:/home/nghiaphanbk/WeldingRobot_ws/install/moveit_task_constructor_msgs:/home/nghiaphanbk/WeldingRobot_ws/install/moveit_resources_prbt_support:/home/nghiaphanbk/WeldingRobot_ws/install/moveit_resources:/home/nghiaphanbk/WeldingRobot_ws/install/moveit_resources_pr2_description:/home/nghiaphanbk/WeldingRobot_ws/install/moveit_resources_panda_moveit_config:/home/nghiaphanbk/WeldingRobot_ws/install/moveit_resources_panda_description:/home/nghiaphanbk/WeldingRobot_ws/install/moveit_resources_fanuc_moveit_config:/home/nghiaphanbk/WeldingRobot_ws/install/moveit_resources_fanuc_description:/home/nghiaphanbk/WeldingRobot_ws/install/moveit_common:/home/nghiaphanbk/WeldingRobot_ws/install/launch_param_builder:/home/nghiaphanbk/ros2_ws/install/my_robot_controller:/opt/ros/humble CMAKE_PREFIX_PATH=${CMAKE_PREFIX_PATH}:/home/nghiaphanbk/WeldingRobot_ws/install/moveit_configs_utils:/home/nghiaphanbk/WeldingRobot_ws/install/launch_param_builder:/home/nghiaphanbk/WeldingRobot_ws/install/Model_Robot:/home/nghiaphanbk/ros2_ws/install/my_robot_controller:/opt/ros/humble PYTHONPATH=/home/nghiaphanbk/WeldingRobot_ws/install/Model_Robot/lib/python3.10/site-packages:/home/nghiaphanbk/WeldingRobot_ws/install/moveit_configs_utils/lib/python3.10/site-packages:/home/nghiaphanbk/WeldingRobot_ws/install/srdfdom/local/lib/python3.10/dist-packages:/home/nghiaphanbk/WeldingRobot_ws/install/moveit_task_constructor_msgs/local/lib/python3.10/dist-packages:/home/nghiaphanbk/WeldingRobot_ws/install/launch_param_builder/lib/python3.10/site-packages:/home/nghiaphanbk/ros2_ws/build/my_robot_controller:/home/nghiaphanbk/ros2_ws/install/my_robot_controller/lib/python3.10/site-packages:/opt/ros/humble/lib/python3.10/site-packages:/opt/ros/humble/local/lib/python3.10/dist-packages /usr/bin/cmake --install /home/nghiaphanbk/WeldingRobot_ws/build/Robot_ver2
[2.616s] DEBUG:colcon.colcon_core.event_handler.log_command:Invoking command in '/home/nghiaphanbk/WeldingRobot_ws/build/movelt_sim': AMENT_PREFIX_PATH=/home/nghiaphanbk/WeldingRobot_ws/install/Model_Robot:/home/nghiaphanbk/WeldingRobot_ws/install/pilz_industrial_motion_planner_testutils:/home/nghiaphanbk/WeldingRobot_ws/install/movelt_sim:/home/nghiaphanbk/WeldingRobot_ws/install/moveit_visual_tools:/home/nghiaphanbk/WeldingRobot_ws/install/moveit_ros_control_interface:/home/nghiaphanbk/WeldingRobot_ws/install/moveit_plugins:/home/nghiaphanbk/WeldingRobot_ws/install/Robot_ver2:/home/nghiaphanbk/WeldingRobot_ws/install/Moveit_sim:/home/nghiaphanbk/WeldingRobot_ws/install/moveit_simple_controller_manager:/home/nghiaphanbk/WeldingRobot_ws/install/moveit_ros_warehouse:/home/nghiaphanbk/WeldingRobot_ws/install/moveit_ros_robot_interaction:/home/nghiaphanbk/WeldingRobot_ws/install/moveit_ros_perception:/home/nghiaphanbk/WeldingRobot_ws/install/moveit_ros_planning:/home/nghiaphanbk/WeldingRobot_ws/install/moveit_ros_occupancy_map_monitor:/home/nghiaphanbk/WeldingRobot_ws/install/moveit_resources_prbt_ikfast_manipulator_plugin:/home/nghiaphanbk/WeldingRobot_ws/install/moveit_planners_chomp:/home/nghiaphanbk/WeldingRobot_ws/install/moveit_kinematics:/home/nghiaphanbk/WeldingRobot_ws/install/moveit_chomp_optimizer_adapter:/home/nghiaphanbk/WeldingRobot_ws/install/chomp_motion_planner:/home/nghiaphanbk/WeldingRobot_ws/install/moveit_core:/home/nghiaphanbk/WeldingRobot_ws/install/moveit_configs_utils:/home/nghiaphanbk/WeldingRobot_ws/install/srdfdom:/home/nghiaphanbk/WeldingRobot_ws/install/rviz_marker_tools:/home/nghiaphanbk/WeldingRobot_ws/install/rosparam_shortcuts:/home/nghiaphanbk/WeldingRobot_ws/install/moveit_task_constructor_msgs:/home/nghiaphanbk/WeldingRobot_ws/install/moveit_resources_prbt_support:/home/nghiaphanbk/WeldingRobot_ws/install/moveit_resources:/home/nghiaphanbk/WeldingRobot_ws/install/moveit_resources_pr2_description:/home/nghiaphanbk/WeldingRobot_ws/install/moveit_resources_panda_moveit_config:/home/nghiaphanbk/WeldingRobot_ws/install/moveit_resources_panda_description:/home/nghiaphanbk/WeldingRobot_ws/install/moveit_resources_fanuc_moveit_config:/home/nghiaphanbk/WeldingRobot_ws/install/moveit_resources_fanuc_description:/home/nghiaphanbk/WeldingRobot_ws/install/moveit_common:/home/nghiaphanbk/WeldingRobot_ws/install/launch_param_builder:/home/nghiaphanbk/ros2_ws/install/my_robot_controller:/opt/ros/humble CMAKE_PREFIX_PATH=${CMAKE_PREFIX_PATH}:/home/nghiaphanbk/WeldingRobot_ws/install/moveit_configs_utils:/home/nghiaphanbk/WeldingRobot_ws/install/launch_param_builder:/home/nghiaphanbk/WeldingRobot_ws/install/Model_Robot:/home/nghiaphanbk/ros2_ws/install/my_robot_controller:/opt/ros/humble PYTHONPATH=/home/nghiaphanbk/WeldingRobot_ws/install/Model_Robot/lib/python3.10/site-packages:/home/nghiaphanbk/WeldingRobot_ws/install/moveit_configs_utils/lib/python3.10/site-packages:/home/nghiaphanbk/WeldingRobot_ws/install/srdfdom/local/lib/python3.10/dist-packages:/home/nghiaphanbk/WeldingRobot_ws/install/moveit_task_constructor_msgs/local/lib/python3.10/dist-packages:/home/nghiaphanbk/WeldingRobot_ws/install/launch_param_builder/lib/python3.10/site-packages:/home/nghiaphanbk/ros2_ws/build/my_robot_controller:/home/nghiaphanbk/ros2_ws/install/my_robot_controller/lib/python3.10/site-packages:/opt/ros/humble/lib/python3.10/site-packages:/opt/ros/humble/local/lib/python3.10/dist-packages /usr/bin/cmake --install /home/nghiaphanbk/WeldingRobot_ws/build/movelt_sim
[2.624s] Level 1:colcon.colcon_core.environment:create_environment_scripts_only(Robot_ver2)
[2.636s] DEBUG:colcon.colcon_core.event_handler.log_command:Invoked command in '/home/nghiaphanbk/WeldingRobot_ws/build/Robot_ver2' returned '0': AMENT_PREFIX_PATH=/home/nghiaphanbk/WeldingRobot_ws/install/Model_Robot:/home/nghiaphanbk/WeldingRobot_ws/install/pilz_industrial_motion_planner_testutils:/home/nghiaphanbk/WeldingRobot_ws/install/movelt_sim:/home/nghiaphanbk/WeldingRobot_ws/install/moveit_visual_tools:/home/nghiaphanbk/WeldingRobot_ws/install/moveit_ros_control_interface:/home/nghiaphanbk/WeldingRobot_ws/install/moveit_plugins:/home/nghiaphanbk/WeldingRobot_ws/install/Robot_ver2:/home/nghiaphanbk/WeldingRobot_ws/install/Moveit_sim:/home/nghiaphanbk/WeldingRobot_ws/install/moveit_simple_controller_manager:/home/nghiaphanbk/WeldingRobot_ws/install/moveit_ros_warehouse:/home/nghiaphanbk/WeldingRobot_ws/install/moveit_ros_robot_interaction:/home/nghiaphanbk/WeldingRobot_ws/install/moveit_ros_perception:/home/nghiaphanbk/WeldingRobot_ws/install/moveit_ros_planning:/home/nghiaphanbk/WeldingRobot_ws/install/moveit_ros_occupancy_map_monitor:/home/nghiaphanbk/WeldingRobot_ws/install/moveit_resources_prbt_ikfast_manipulator_plugin:/home/nghiaphanbk/WeldingRobot_ws/install/moveit_planners_chomp:/home/nghiaphanbk/WeldingRobot_ws/install/moveit_kinematics:/home/nghiaphanbk/WeldingRobot_ws/install/moveit_chomp_optimizer_adapter:/home/nghiaphanbk/WeldingRobot_ws/install/chomp_motion_planner:/home/nghiaphanbk/WeldingRobot_ws/install/moveit_core:/home/nghiaphanbk/WeldingRobot_ws/install/moveit_configs_utils:/home/nghiaphanbk/WeldingRobot_ws/install/srdfdom:/home/nghiaphanbk/WeldingRobot_ws/install/rviz_marker_tools:/home/nghiaphanbk/WeldingRobot_ws/install/rosparam_shortcuts:/home/nghiaphanbk/WeldingRobot_ws/install/moveit_task_constructor_msgs:/home/nghiaphanbk/WeldingRobot_ws/install/moveit_resources_prbt_support:/home/nghiaphanbk/WeldingRobot_ws/install/moveit_resources:/home/nghiaphanbk/WeldingRobot_ws/install/moveit_resources_pr2_description:/home/nghiaphanbk/WeldingRobot_ws/install/moveit_resources_panda_moveit_config:/home/nghiaphanbk/WeldingRobot_ws/install/moveit_resources_panda_description:/home/nghiaphanbk/WeldingRobot_ws/install/moveit_resources_fanuc_moveit_config:/home/nghiaphanbk/WeldingRobot_ws/install/moveit_resources_fanuc_description:/home/nghiaphanbk/WeldingRobot_ws/install/moveit_common:/home/nghiaphanbk/WeldingRobot_ws/install/launch_param_builder:/home/nghiaphanbk/ros2_ws/install/my_robot_controller:/opt/ros/humble CMAKE_PREFIX_PATH=${CMAKE_PREFIX_PATH}:/home/nghiaphanbk/WeldingRobot_ws/install/moveit_configs_utils:/home/nghiaphanbk/WeldingRobot_ws/install/launch_param_builder:/home/nghiaphanbk/WeldingRobot_ws/install/Model_Robot:/home/nghiaphanbk/ros2_ws/install/my_robot_controller:/opt/ros/humble PYTHONPATH=/home/nghiaphanbk/WeldingRobot_ws/install/Model_Robot/lib/python3.10/site-packages:/home/nghiaphanbk/WeldingRobot_ws/install/moveit_configs_utils/lib/python3.10/site-packages:/home/nghiaphanbk/WeldingRobot_ws/install/srdfdom/local/lib/python3.10/dist-packages:/home/nghiaphanbk/WeldingRobot_ws/install/moveit_task_constructor_msgs/local/lib/python3.10/dist-packages:/home/nghiaphanbk/WeldingRobot_ws/install/launch_param_builder/lib/python3.10/site-packages:/home/nghiaphanbk/ros2_ws/build/my_robot_controller:/home/nghiaphanbk/ros2_ws/install/my_robot_controller/lib/python3.10/site-packages:/opt/ros/humble/lib/python3.10/site-packages:/opt/ros/humble/local/lib/python3.10/dist-packages /usr/bin/cmake --install /home/nghiaphanbk/WeldingRobot_ws/build/Robot_ver2
[2.651s] Level 1:colcon.colcon_core.environment:checking '/home/nghiaphanbk/WeldingRobot_ws/install/Robot_ver2' for CMake module files
[2.652s] Level 1:colcon.colcon_core.environment:checking '/home/nghiaphanbk/WeldingRobot_ws/install/Robot_ver2' for CMake config files
[2.652s] Level 1:colcon.colcon_core.shell:create_environment_hook('Robot_ver2', 'cmake_prefix_path')
[2.666s] INFO:colcon.colcon_core.shell:Creating environment hook '/home/nghiaphanbk/WeldingRobot_ws/install/Robot_ver2/share/Robot_ver2/hook/cmake_prefix_path.ps1'
[2.666s] INFO:colcon.colcon_core.shell:Creating environment descriptor '/home/nghiaphanbk/WeldingRobot_ws/install/Robot_ver2/share/Robot_ver2/hook/cmake_prefix_path.dsv'
[2.667s] INFO:colcon.colcon_core.shell:Creating environment hook '/home/nghiaphanbk/WeldingRobot_ws/install/Robot_ver2/share/Robot_ver2/hook/cmake_prefix_path.sh'
[2.667s] Level 1:colcon.colcon_core.environment:checking '/home/nghiaphanbk/WeldingRobot_ws/install/Robot_ver2/bin'
[2.667s] Level 1:colcon.colcon_core.environment:checking '/home/nghiaphanbk/WeldingRobot_ws/install/Robot_ver2/lib/pkgconfig/Robot_ver2.pc'
[2.667s] Level 1:colcon.colcon_core.environment:checking '/home/nghiaphanbk/WeldingRobot_ws/install/Robot_ver2/lib/python3.10/site-packages'
[2.668s] Level 1:colcon.colcon_core.environment:checking '/home/nghiaphanbk/WeldingRobot_ws/install/Robot_ver2/bin'
[2.682s] INFO:colcon.colcon_core.shell:Creating package script '/home/nghiaphanbk/WeldingRobot_ws/install/Robot_ver2/share/Robot_ver2/package.ps1'
[2.683s] INFO:colcon.colcon_core.shell:Creating package descriptor '/home/nghiaphanbk/WeldingRobot_ws/install/Robot_ver2/share/Robot_ver2/package.dsv'
[2.683s] INFO:colcon.colcon_core.shell:Creating package script '/home/nghiaphanbk/WeldingRobot_ws/install/Robot_ver2/share/Robot_ver2/package.sh'
[2.683s] INFO:colcon.colcon_core.shell:Creating package script '/home/nghiaphanbk/WeldingRobot_ws/install/Robot_ver2/share/Robot_ver2/package.bash'
[2.684s] INFO:colcon.colcon_core.shell:Creating package script '/home/nghiaphanbk/WeldingRobot_ws/install/Robot_ver2/share/Robot_ver2/package.zsh'
[2.684s] Level 1:colcon.colcon_core.environment:create_file_with_runtime_dependencies(/home/nghiaphanbk/WeldingRobot_ws/install/Robot_ver2/share/colcon-core/packages/Robot_ver2)
[2.685s] Level 1:colcon.colcon_core.environment:create_environment_scripts_only(movelt_sim)
[2.686s] DEBUG:colcon.colcon_core.event_handler.log_command:Invoked command in '/home/nghiaphanbk/WeldingRobot_ws/build/movelt_sim' returned '0': AMENT_PREFIX_PATH=/home/nghiaphanbk/WeldingRobot_ws/install/Model_Robot:/home/nghiaphanbk/WeldingRobot_ws/install/pilz_industrial_motion_planner_testutils:/home/nghiaphanbk/WeldingRobot_ws/install/movelt_sim:/home/nghiaphanbk/WeldingRobot_ws/install/moveit_visual_tools:/home/nghiaphanbk/WeldingRobot_ws/install/moveit_ros_control_interface:/home/nghiaphanbk/WeldingRobot_ws/install/moveit_plugins:/home/nghiaphanbk/WeldingRobot_ws/install/Robot_ver2:/home/nghiaphanbk/WeldingRobot_ws/install/Moveit_sim:/home/nghiaphanbk/WeldingRobot_ws/install/moveit_simple_controller_manager:/home/nghiaphanbk/WeldingRobot_ws/install/moveit_ros_warehouse:/home/nghiaphanbk/WeldingRobot_ws/install/moveit_ros_robot_interaction:/home/nghiaphanbk/WeldingRobot_ws/install/moveit_ros_perception:/home/nghiaphanbk/WeldingRobot_ws/install/moveit_ros_planning:/home/nghiaphanbk/WeldingRobot_ws/install/moveit_ros_occupancy_map_monitor:/home/nghiaphanbk/WeldingRobot_ws/install/moveit_resources_prbt_ikfast_manipulator_plugin:/home/nghiaphanbk/WeldingRobot_ws/install/moveit_planners_chomp:/home/nghiaphanbk/WeldingRobot_ws/install/moveit_kinematics:/home/nghiaphanbk/WeldingRobot_ws/install/moveit_chomp_optimizer_adapter:/home/nghiaphanbk/WeldingRobot_ws/install/chomp_motion_planner:/home/nghiaphanbk/WeldingRobot_ws/install/moveit_core:/home/nghiaphanbk/WeldingRobot_ws/install/moveit_configs_utils:/home/nghiaphanbk/WeldingRobot_ws/install/srdfdom:/home/nghiaphanbk/WeldingRobot_ws/install/rviz_marker_tools:/home/nghiaphanbk/WeldingRobot_ws/install/rosparam_shortcuts:/home/nghiaphanbk/WeldingRobot_ws/install/moveit_task_constructor_msgs:/home/nghiaphanbk/WeldingRobot_ws/install/moveit_resources_prbt_support:/home/nghiaphanbk/WeldingRobot_ws/install/moveit_resources:/home/nghiaphanbk/WeldingRobot_ws/install/moveit_resources_pr2_description:/home/nghiaphanbk/WeldingRobot_ws/install/moveit_resources_panda_moveit_config:/home/nghiaphanbk/WeldingRobot_ws/install/moveit_resources_panda_description:/home/nghiaphanbk/WeldingRobot_ws/install/moveit_resources_fanuc_moveit_config:/home/nghiaphanbk/WeldingRobot_ws/install/moveit_resources_fanuc_description:/home/nghiaphanbk/WeldingRobot_ws/install/moveit_common:/home/nghiaphanbk/WeldingRobot_ws/install/launch_param_builder:/home/nghiaphanbk/ros2_ws/install/my_robot_controller:/opt/ros/humble CMAKE_PREFIX_PATH=${CMAKE_PREFIX_PATH}:/home/nghiaphanbk/WeldingRobot_ws/install/moveit_configs_utils:/home/nghiaphanbk/WeldingRobot_ws/install/launch_param_builder:/home/nghiaphanbk/WeldingRobot_ws/install/Model_Robot:/home/nghiaphanbk/ros2_ws/install/my_robot_controller:/opt/ros/humble PYTHONPATH=/home/nghiaphanbk/WeldingRobot_ws/install/Model_Robot/lib/python3.10/site-packages:/home/nghiaphanbk/WeldingRobot_ws/install/moveit_configs_utils/lib/python3.10/site-packages:/home/nghiaphanbk/WeldingRobot_ws/install/srdfdom/local/lib/python3.10/dist-packages:/home/nghiaphanbk/WeldingRobot_ws/install/moveit_task_constructor_msgs/local/lib/python3.10/dist-packages:/home/nghiaphanbk/WeldingRobot_ws/install/launch_param_builder/lib/python3.10/site-packages:/home/nghiaphanbk/ros2_ws/build/my_robot_controller:/home/nghiaphanbk/ros2_ws/install/my_robot_controller/lib/python3.10/site-packages:/opt/ros/humble/lib/python3.10/site-packages:/opt/ros/humble/local/lib/python3.10/dist-packages /usr/bin/cmake --install /home/nghiaphanbk/WeldingRobot_ws/build/movelt_sim
[2.704s] Level 1:colcon.colcon_core.environment:checking '/home/nghiaphanbk/WeldingRobot_ws/install/movelt_sim' for CMake module files
[2.705s] Level 1:colcon.colcon_core.environment:checking '/home/nghiaphanbk/WeldingRobot_ws/install/movelt_sim' for CMake config files
[2.705s] Level 1:colcon.colcon_core.shell:create_environment_hook('movelt_sim', 'cmake_prefix_path')
[2.722s] INFO:colcon.colcon_core.shell:Creating environment hook '/home/nghiaphanbk/WeldingRobot_ws/install/movelt_sim/share/movelt_sim/hook/cmake_prefix_path.ps1'
[2.722s] INFO:colcon.colcon_core.shell:Creating environment descriptor '/home/nghiaphanbk/WeldingRobot_ws/install/movelt_sim/share/movelt_sim/hook/cmake_prefix_path.dsv'
[2.722s] INFO:colcon.colcon_core.shell:Creating environment hook '/home/nghiaphanbk/WeldingRobot_ws/install/movelt_sim/share/movelt_sim/hook/cmake_prefix_path.sh'
[2.723s] Level 1:colcon.colcon_core.environment:checking '/home/nghiaphanbk/WeldingRobot_ws/install/movelt_sim/bin'
[2.723s] Level 1:colcon.colcon_core.environment:checking '/home/nghiaphanbk/WeldingRobot_ws/install/movelt_sim/lib/pkgconfig/movelt_sim.pc'
[2.723s] Level 1:colcon.colcon_core.environment:checking '/home/nghiaphanbk/WeldingRobot_ws/install/movelt_sim/lib/python3.10/site-packages'
[2.723s] Level 1:colcon.colcon_core.environment:checking '/home/nghiaphanbk/WeldingRobot_ws/install/movelt_sim/bin'
[2.740s] INFO:colcon.colcon_core.shell:Creating package script '/home/nghiaphanbk/WeldingRobot_ws/install/movelt_sim/share/movelt_sim/package.ps1'
[2.740s] INFO:colcon.colcon_core.shell:Creating package descriptor '/home/nghiaphanbk/WeldingRobot_ws/install/movelt_sim/share/movelt_sim/package.dsv'
[2.741s] INFO:colcon.colcon_core.shell:Creating package script '/home/nghiaphanbk/WeldingRobot_ws/install/movelt_sim/share/movelt_sim/package.sh'
[2.741s] INFO:colcon.colcon_core.shell:Creating package script '/home/nghiaphanbk/WeldingRobot_ws/install/movelt_sim/share/movelt_sim/package.bash'
[2.741s] INFO:colcon.colcon_core.shell:Creating package script '/home/nghiaphanbk/WeldingRobot_ws/install/movelt_sim/share/movelt_sim/package.zsh'
[2.742s] Level 1:colcon.colcon_core.environment:create_file_with_runtime_dependencies(/home/nghiaphanbk/WeldingRobot_ws/install/movelt_sim/share/colcon-core/packages/movelt_sim)
[2.761s] Level 1:colcon.colcon_core.environment:create_environment_scripts_only(Robot_ver2)
[2.776s] Level 1:colcon.colcon_core.environment:checking '/home/nghiaphanbk/WeldingRobot_ws/install/Robot_ver2' for CMake module files
[2.776s] Level 1:colcon.colcon_core.environment:checking '/home/nghiaphanbk/WeldingRobot_ws/install/Robot_ver2' for CMake config files
[2.777s] Level 1:colcon.colcon_core.shell:create_environment_hook('Robot_ver2', 'cmake_prefix_path')
[2.801s] INFO:colcon.colcon_core.shell:Creating environment hook '/home/nghiaphanbk/WeldingRobot_ws/install/Robot_ver2/share/Robot_ver2/hook/cmake_prefix_path.ps1'
[2.801s] INFO:colcon.colcon_core.shell:Creating environment descriptor '/home/nghiaphanbk/WeldingRobot_ws/install/Robot_ver2/share/Robot_ver2/hook/cmake_prefix_path.dsv'
[2.801s] INFO:colcon.colcon_core.shell:Creating environment hook '/home/nghiaphanbk/WeldingRobot_ws/install/Robot_ver2/share/Robot_ver2/hook/cmake_prefix_path.sh'
[2.802s] Level 1:colcon.colcon_core.environment:checking '/home/nghiaphanbk/WeldingRobot_ws/install/Robot_ver2/bin'
[2.802s] Level 1:colcon.colcon_core.environment:checking '/home/nghiaphanbk/WeldingRobot_ws/install/Robot_ver2/lib/pkgconfig/Robot_ver2.pc'
[2.802s] Level 1:colcon.colcon_core.environment:checking '/home/nghiaphanbk/WeldingRobot_ws/install/Robot_ver2/lib/python3.10/site-packages'
[2.803s] Level 1:colcon.colcon_core.environment:checking '/home/nghiaphanbk/WeldingRobot_ws/install/Robot_ver2/bin'
[2.821s] INFO:colcon.colcon_core.shell:Creating package script '/home/nghiaphanbk/WeldingRobot_ws/install/Robot_ver2/share/Robot_ver2/package.ps1'
[2.822s] INFO:colcon.colcon_core.shell:Creating package descriptor '/home/nghiaphanbk/WeldingRobot_ws/install/Robot_ver2/share/Robot_ver2/package.dsv'
[2.823s] INFO:colcon.colcon_core.shell:Creating package script '/home/nghiaphanbk/WeldingRobot_ws/install/Robot_ver2/share/Robot_ver2/package.sh'
[2.823s] INFO:colcon.colcon_core.shell:Creating package script '/home/nghiaphanbk/WeldingRobot_ws/install/Robot_ver2/share/Robot_ver2/package.bash'
[2.823s] INFO:colcon.colcon_core.shell:Creating package script '/home/nghiaphanbk/WeldingRobot_ws/install/Robot_ver2/share/Robot_ver2/package.zsh'
[2.824s] Level 1:colcon.colcon_core.environment:create_file_with_runtime_dependencies(/home/nghiaphanbk/WeldingRobot_ws/install/Robot_ver2/share/colcon-core/packages/Robot_ver2)
[2.842s] Level 1:colcon.colcon_core.environment:create_environment_scripts_only(movelt_sim)
[2.857s] Level 1:colcon.colcon_core.environment:checking '/home/nghiaphanbk/WeldingRobot_ws/install/movelt_sim' for CMake module files
[2.858s] Level 1:colcon.colcon_core.environment:checking '/home/nghiaphanbk/WeldingRobot_ws/install/movelt_sim' for CMake config files
[2.858s] Level 1:colcon.colcon_core.shell:create_environment_hook('movelt_sim', 'cmake_prefix_path')
[2.872s] INFO:colcon.colcon_core.shell:Creating environment hook '/home/nghiaphanbk/WeldingRobot_ws/install/movelt_sim/share/movelt_sim/hook/cmake_prefix_path.ps1'
[2.872s] INFO:colcon.colcon_core.shell:Creating environment descriptor '/home/nghiaphanbk/WeldingRobot_ws/install/movelt_sim/share/movelt_sim/hook/cmake_prefix_path.dsv'
[2.873s] INFO:colcon.colcon_core.shell:Creating environment hook '/home/nghiaphanbk/WeldingRobot_ws/install/movelt_sim/share/movelt_sim/hook/cmake_prefix_path.sh'
[2.873s] Level 1:colcon.colcon_core.environment:checking '/home/nghiaphanbk/WeldingRobot_ws/install/movelt_sim/bin'
[2.873s] Level 1:colcon.colcon_core.environment:checking '/home/nghiaphanbk/WeldingRobot_ws/install/movelt_sim/lib/pkgconfig/movelt_sim.pc'
[2.874s] Level 1:colcon.colcon_core.environment:checking '/home/nghiaphanbk/WeldingRobot_ws/install/movelt_sim/lib/python3.10/site-packages'
[2.874s] Level 1:colcon.colcon_core.environment:checking '/home/nghiaphanbk/WeldingRobot_ws/install/movelt_sim/bin'
[2.889s] INFO:colcon.colcon_core.shell:Creating package script '/home/nghiaphanbk/WeldingRobot_ws/install/movelt_sim/share/movelt_sim/package.ps1'
[2.889s] INFO:colcon.colcon_core.shell:Creating package descriptor '/home/nghiaphanbk/WeldingRobot_ws/install/movelt_sim/share/movelt_sim/package.dsv'
[2.890s] INFO:colcon.colcon_core.shell:Creating package script '/home/nghiaphanbk/WeldingRobot_ws/install/movelt_sim/share/movelt_sim/package.sh'
[2.890s] INFO:colcon.colcon_core.shell:Creating package script '/home/nghiaphanbk/WeldingRobot_ws/install/movelt_sim/share/movelt_sim/package.bash'
[2.891s] INFO:colcon.colcon_core.shell:Creating package script '/home/nghiaphanbk/WeldingRobot_ws/install/movelt_sim/share/movelt_sim/package.zsh'
[2.891s] Level 1:colcon.colcon_core.environment:create_file_with_runtime_dependencies(/home/nghiaphanbk/WeldingRobot_ws/install/movelt_sim/share/colcon-core/packages/movelt_sim)
[2.891s] DEBUG:colcon.colcon_parallel_executor.executor.parallel:closing loop
[2.891s] DEBUG:colcon.colcon_parallel_executor.executor.parallel:loop closed
[2.891s] DEBUG:colcon.colcon_parallel_executor.executor.parallel:run_until_complete finished with '0'
[2.892s] DEBUG:colcon.colcon_core.event_reactor:joining thread
[2.911s] INFO:colcon.colcon_core.plugin_system:Skipping extension 'colcon_notification.desktop_notification.terminal_notifier': Not used on non-Darwin systems
[2.911s] INFO:colcon.colcon_core.plugin_system:Skipping extension 'colcon_notification.desktop_notification.win32': Not used on non-Windows systems
[2.911s] INFO:colcon.colcon_notification.desktop_notification:Sending desktop notification using 'notify2'
[2.921s] DEBUG:colcon.colcon_core.event_reactor:joined thread
[2.942s] INFO:colcon.colcon_core.shell:Creating prefix script '/home/nghiaphanbk/WeldingRobot_ws/install/local_setup.ps1'
[2.943s] INFO:colcon.colcon_core.shell:Creating prefix util module '/home/nghiaphanbk/WeldingRobot_ws/install/_local_setup_util_ps1.py'
[2.945s] INFO:colcon.colcon_core.shell:Creating prefix chain script '/home/nghiaphanbk/WeldingRobot_ws/install/setup.ps1'
[2.963s] INFO:colcon.colcon_core.shell:Creating prefix script '/home/nghiaphanbk/WeldingRobot_ws/install/local_setup.sh'
[2.964s] INFO:colcon.colcon_core.shell:Creating prefix util module '/home/nghiaphanbk/WeldingRobot_ws/install/_local_setup_util_sh.py'
[2.965s] INFO:colcon.colcon_core.shell:Creating prefix chain script '/home/nghiaphanbk/WeldingRobot_ws/install/setup.sh'
[2.989s] INFO:colcon.colcon_core.shell:Creating prefix script '/home/nghiaphanbk/WeldingRobot_ws/install/local_setup.bash'
[2.989s] INFO:colcon.colcon_core.shell:Creating prefix chain script '/home/nghiaphanbk/WeldingRobot_ws/install/setup.bash'
[3.006s] INFO:colcon.colcon_core.shell:Creating prefix script '/home/nghiaphanbk/WeldingRobot_ws/install/local_setup.zsh'
[3.006s] INFO:colcon.colcon_core.shell:Creating prefix chain script '/home/nghiaphanbk/WeldingRobot_ws/install/setup.zsh'
