[0.689s] Invoking command in '/home/nghiaphanbk/WeldingRobot_ws/src/Model_Robot': PYTHONPATH=/home/nghiaphanbk/WeldingRobot_ws/build/Model_Robot/prefix_override:/home/nghiaphanbk/WeldingRobot_ws/install/Model_Robot/lib/python3.10/site-packages:${PYTHONPATH} /usr/bin/python3 setup.py egg_info --egg-base ../../build/Model_Robot build --build-base /home/nghiaphanbk/WeldingRobot_ws/build/Model_Robot/build install --record /home/nghiaphanbk/WeldingRobot_ws/build/Model_Robot/install.log --single-version-externally-managed
[0.902s] running egg_info
[0.902s] writing ../../build/Model_Robot/Model_Robot.egg-info/PKG-INFO
[0.903s] writing dependency_links to ../../build/Model_Robot/Model_Robot.egg-info/dependency_links.txt
[0.903s] writing entry points to ../../build/Model_Robot/Model_Robot.egg-info/entry_points.txt
[0.903s] writing requirements to ../../build/Model_Robot/Model_Robot.egg-info/requires.txt
[0.903s] writing top-level names to ../../build/Model_Robot/Model_Robot.egg-info/top_level.txt
[0.904s] reading manifest file '../../build/Model_Robot/Model_Robot.egg-info/SOURCES.txt'
[0.905s] writing manifest file '../../build/Model_Robot/Model_Robot.egg-info/SOURCES.txt'
[0.905s] running build
[0.905s] running build_py
[0.905s] running install
[0.905s] running install_lib
[0.906s] running install_data
[0.907s] running install_egg_info
[0.908s] removing '/home/nghiaphanbk/WeldingRobot_ws/install/Model_Robot/lib/python3.10/site-packages/Model_Robot-0.0.0-py3.10.egg-info' (and everything under it)
[0.908s] Copying ../../build/Model_Robot/Model_Robot.egg-info to /home/nghiaphanbk/WeldingRobot_ws/install/Model_Robot/lib/python3.10/site-packages/Model_Robot-0.0.0-py3.10.egg-info
[0.909s] running install_scripts
[0.923s] writing list of installed files to '/home/nghiaphanbk/WeldingRobot_ws/build/Model_Robot/install.log'
[0.940s] Invoked command in '/home/nghiaphanbk/WeldingRobot_ws/src/Model_Robot' returned '0': PYTHONPATH=/home/nghiaphanbk/WeldingRobot_ws/build/Model_Robot/prefix_override:/home/nghiaphanbk/WeldingRobot_ws/install/Model_Robot/lib/python3.10/site-packages:${PYTHONPATH} /usr/bin/python3 setup.py egg_info --egg-base ../../build/Model_Robot build --build-base /home/nghiaphanbk/WeldingRobot_ws/build/Model_Robot/build install --record /home/nghiaphanbk/WeldingRobot_ws/build/Model_Robot/install.log --single-version-externally-managed
