[0.169s] Invoking command in '/home/nghiaphanbk/WeldingRobot_ws/build/moveit_ros_perception': AMENT_PREFIX_PATH=/home/nghiaphanbk/WeldingRobot_ws/install/moveit_ros_planning:/home/nghiaphanbk/WeldingRobot_ws/install/moveit_ros_occupancy_map_monitor:/home/nghiaphanbk/WeldingRobot_ws/install/moveit_core:/home/nghiaphanbk/WeldingRobot_ws/install/srdfdom:/home/nghiaphanbk/WeldingRobot_ws/install/moveit_common:${AMENT_PREFIX_PATH} CMAKE_PREFIX_PATH=/home/nghiaphanbk/WeldingRobot_ws/install/moveit_ros_planning:/home/nghiaphanbk/WeldingRobot_ws/install/moveit_ros_occupancy_map_monitor:/home/nghiaphanbk/WeldingRobot_ws/install/moveit_core:/home/nghiaphanbk/WeldingRobot_ws/install/srdfdom:/home/nghiaphanbk/WeldingRobot_ws/install/moveit_common:/home/nghiaphanbk/WeldingRobot_ws/install/Model_Robot:/home/nghiaphanbk/ros2_ws/install/my_robot_controller:/opt/ros/humble LD_LIBRARY_PATH=/home/nghiaphanbk/WeldingRobot_ws/install/moveit_ros_planning/lib:/home/nghiaphanbk/WeldingRobot_ws/install/moveit_ros_occupancy_map_monitor/lib:/home/nghiaphanbk/WeldingRobot_ws/install/moveit_core/lib:/home/nghiaphanbk/WeldingRobot_ws/install/srdfdom/lib:${LD_LIBRARY_PATH} PATH=/home/nghiaphanbk/WeldingRobot_ws/install/moveit_core/bin:${PATH} PYTHONPATH=/home/nghiaphanbk/WeldingRobot_ws/install/srdfdom/local/lib/python3.10/dist-packages:${PYTHONPATH} /usr/bin/cmake --build /home/nghiaphanbk/WeldingRobot_ws/build/moveit_ros_perception -- -j12 -l12
[0.202s] [35m[1mConsolidate compiler generated dependencies of target moveit_lazy_free_space_updater[0m
[0.215s] [  5%] [32m[1mLinking CXX shared library libmoveit_lazy_free_space_updater.so[0m
[0.451s] [ 10%] Built target moveit_lazy_free_space_updater
[0.468s] [ 15%] [32mBuilding CXX object semantic_world/CMakeFiles/moveit_semantic_world.dir/src/semantic_world.cpp.o[0m
[21.521s] [ 20%] [32m[1mLinking CXX shared library libmoveit_semantic_world.so[0m
[22.499s] [ 20%] Built target moveit_semantic_world
[22.581s] [35m[1mConsolidate compiler generated dependencies of target moveit_mesh_filter[0m
[22.685s] [ 25%] [32mBuilding CXX object mesh_filter/CMakeFiles/moveit_mesh_filter.dir/src/mesh_filter_base.cpp.o[0m
[22.689s] [ 30%] [32mBuilding CXX object point_containment_filter/CMakeFiles/moveit_point_containment_filter.dir/src/shape_mask.cpp.o[0m
[29.717s] [ 35%] [32m[1mLinking CXX shared library libmoveit_point_containment_filter.so[0m
[30.256s] [ 35%] Built target moveit_point_containment_filter
[32.163s] [ 40%] [32m[1mLinking CXX shared library libmoveit_mesh_filter.so[0m
[32.959s] [ 60%] Built target moveit_mesh_filter
[33.109s] [ 65%] [32mBuilding CXX object pointcloud_octomap_updater/CMakeFiles/moveit_pointcloud_octomap_updater_core.dir/src/pointcloud_octomap_updater.cpp.o[0m
[52.793s] [ 70%] [32m[1mLinking CXX shared library libmoveit_pointcloud_octomap_updater_core.so[0m
[53.072s] [ 70%] Built target moveit_pointcloud_octomap_updater_core
[53.102s] [ 75%] [32mBuilding CXX object depth_image_octomap_updater/CMakeFiles/moveit_depth_image_octomap_updater_core.dir/src/depth_image_octomap_updater.cpp.o[0m
[59.739s] [ 80%] [32m[1mLinking CXX shared library libmoveit_depth_image_octomap_updater_core.so[0m
[59.950s] [ 80%] Built target moveit_depth_image_octomap_updater_core
[59.978s] [ 85%] [32mBuilding CXX object depth_image_octomap_updater/CMakeFiles/moveit_depth_image_octomap_updater.dir/src/updater_plugin.cpp.o[0m
[59.986s] [ 90%] [32mBuilding CXX object pointcloud_octomap_updater/CMakeFiles/moveit_pointcloud_octomap_updater.dir/src/plugin_init.cpp.o[0m
[64.620s] [ 95%] [32m[1mLinking CXX shared library libmoveit_depth_image_octomap_updater.so[0m
[64.785s] [ 95%] Built target moveit_depth_image_octomap_updater
[66.563s] [100%] [32m[1mLinking CXX shared library libmoveit_pointcloud_octomap_updater.so[0m
[66.938s] [100%] Built target moveit_pointcloud_octomap_updater
[67.000s] Invoked command in '/home/nghiaphanbk/WeldingRobot_ws/build/moveit_ros_perception' returned '0': AMENT_PREFIX_PATH=/home/nghiaphanbk/WeldingRobot_ws/install/moveit_ros_planning:/home/nghiaphanbk/WeldingRobot_ws/install/moveit_ros_occupancy_map_monitor:/home/nghiaphanbk/WeldingRobot_ws/install/moveit_core:/home/nghiaphanbk/WeldingRobot_ws/install/srdfdom:/home/nghiaphanbk/WeldingRobot_ws/install/moveit_common:${AMENT_PREFIX_PATH} CMAKE_PREFIX_PATH=/home/nghiaphanbk/WeldingRobot_ws/install/moveit_ros_planning:/home/nghiaphanbk/WeldingRobot_ws/install/moveit_ros_occupancy_map_monitor:/home/nghiaphanbk/WeldingRobot_ws/install/moveit_core:/home/nghiaphanbk/WeldingRobot_ws/install/srdfdom:/home/nghiaphanbk/WeldingRobot_ws/install/moveit_common:/home/nghiaphanbk/WeldingRobot_ws/install/Model_Robot:/home/nghiaphanbk/ros2_ws/install/my_robot_controller:/opt/ros/humble LD_LIBRARY_PATH=/home/nghiaphanbk/WeldingRobot_ws/install/moveit_ros_planning/lib:/home/nghiaphanbk/WeldingRobot_ws/install/moveit_ros_occupancy_map_monitor/lib:/home/nghiaphanbk/WeldingRobot_ws/install/moveit_core/lib:/home/nghiaphanbk/WeldingRobot_ws/install/srdfdom/lib:${LD_LIBRARY_PATH} PATH=/home/nghiaphanbk/WeldingRobot_ws/install/moveit_core/bin:${PATH} PYTHONPATH=/home/nghiaphanbk/WeldingRobot_ws/install/srdfdom/local/lib/python3.10/dist-packages:${PYTHONPATH} /usr/bin/cmake --build /home/nghiaphanbk/WeldingRobot_ws/build/moveit_ros_perception -- -j12 -l12
[67.346s] Invoking command in '/home/nghiaphanbk/WeldingRobot_ws/build/moveit_ros_perception': AMENT_PREFIX_PATH=/home/nghiaphanbk/WeldingRobot_ws/install/moveit_ros_planning:/home/nghiaphanbk/WeldingRobot_ws/install/moveit_ros_occupancy_map_monitor:/home/nghiaphanbk/WeldingRobot_ws/install/moveit_core:/home/nghiaphanbk/WeldingRobot_ws/install/srdfdom:/home/nghiaphanbk/WeldingRobot_ws/install/moveit_common:${AMENT_PREFIX_PATH} CMAKE_PREFIX_PATH=/home/nghiaphanbk/WeldingRobot_ws/install/moveit_ros_planning:/home/nghiaphanbk/WeldingRobot_ws/install/moveit_ros_occupancy_map_monitor:/home/nghiaphanbk/WeldingRobot_ws/install/moveit_core:/home/nghiaphanbk/WeldingRobot_ws/install/srdfdom:/home/nghiaphanbk/WeldingRobot_ws/install/moveit_common:/home/nghiaphanbk/WeldingRobot_ws/install/Model_Robot:/home/nghiaphanbk/ros2_ws/install/my_robot_controller:/opt/ros/humble LD_LIBRARY_PATH=/home/nghiaphanbk/WeldingRobot_ws/install/moveit_ros_planning/lib:/home/nghiaphanbk/WeldingRobot_ws/install/moveit_ros_occupancy_map_monitor/lib:/home/nghiaphanbk/WeldingRobot_ws/install/moveit_core/lib:/home/nghiaphanbk/WeldingRobot_ws/install/srdfdom/lib:${LD_LIBRARY_PATH} PATH=/home/nghiaphanbk/WeldingRobot_ws/install/moveit_core/bin:${PATH} PYTHONPATH=/home/nghiaphanbk/WeldingRobot_ws/install/srdfdom/local/lib/python3.10/dist-packages:${PYTHONPATH} /usr/bin/cmake --install /home/nghiaphanbk/WeldingRobot_ws/build/moveit_ros_perception
[67.374s] -- Install configuration: "Release"
[67.375s] -- Installing: /home/nghiaphanbk/WeldingRobot_ws/install/moveit_ros_perception/include
[67.375s] -- Installing: /home/nghiaphanbk/WeldingRobot_ws/install/moveit_ros_perception/include/moveit
[67.375s] -- Installing: /home/nghiaphanbk/WeldingRobot_ws/install/moveit_ros_perception/include/moveit/lazy_free_space_updater
[67.375s] -- Installing: /home/nghiaphanbk/WeldingRobot_ws/install/moveit_ros_perception/include/moveit/lazy_free_space_updater/lazy_free_space_updater.h
[67.375s] -- Up-to-date: /home/nghiaphanbk/WeldingRobot_ws/install/moveit_ros_perception/include
[67.375s] -- Up-to-date: /home/nghiaphanbk/WeldingRobot_ws/install/moveit_ros_perception/include/moveit
[67.376s] -- Installing: /home/nghiaphanbk/WeldingRobot_ws/install/moveit_ros_perception/include/moveit/point_containment_filter
[67.376s] -- Installing: /home/nghiaphanbk/WeldingRobot_ws/install/moveit_ros_perception/include/moveit/point_containment_filter/shape_mask.h
[67.376s] -- Up-to-date: /home/nghiaphanbk/WeldingRobot_ws/install/moveit_ros_perception/include
[67.376s] -- Up-to-date: /home/nghiaphanbk/WeldingRobot_ws/install/moveit_ros_perception/include/moveit
[67.376s] -- Installing: /home/nghiaphanbk/WeldingRobot_ws/install/moveit_ros_perception/include/moveit/pointcloud_octomap_updater
[67.376s] -- Installing: /home/nghiaphanbk/WeldingRobot_ws/install/moveit_ros_perception/include/moveit/pointcloud_octomap_updater/pointcloud_octomap_updater.h
[67.376s] -- Up-to-date: /home/nghiaphanbk/WeldingRobot_ws/install/moveit_ros_perception/include
[67.377s] -- Up-to-date: /home/nghiaphanbk/WeldingRobot_ws/install/moveit_ros_perception/include/moveit
[67.377s] -- Installing: /home/nghiaphanbk/WeldingRobot_ws/install/moveit_ros_perception/include/moveit/mesh_filter
[67.377s] -- Installing: /home/nghiaphanbk/WeldingRobot_ws/install/moveit_ros_perception/include/moveit/mesh_filter/sensor_model.h
[67.377s] -- Installing: /home/nghiaphanbk/WeldingRobot_ws/install/moveit_ros_perception/include/moveit/mesh_filter/filter_job.h
[67.377s] -- Installing: /home/nghiaphanbk/WeldingRobot_ws/install/moveit_ros_perception/include/moveit/mesh_filter/stereo_camera_model.h
[67.377s] -- Installing: /home/nghiaphanbk/WeldingRobot_ws/install/moveit_ros_perception/include/moveit/mesh_filter/transform_provider.h
[67.387s] -- Installing: /home/nghiaphanbk/WeldingRobot_ws/install/moveit_ros_perception/include/moveit/mesh_filter/mesh_filter.h
[67.387s] -- Installing: /home/nghiaphanbk/WeldingRobot_ws/install/moveit_ros_perception/include/moveit/mesh_filter/depth_self_filter_nodelet.h
[67.387s] -- Installing: /home/nghiaphanbk/WeldingRobot_ws/install/moveit_ros_perception/include/moveit/mesh_filter/gl_renderer.h
[67.387s] -- Installing: /home/nghiaphanbk/WeldingRobot_ws/install/moveit_ros_perception/include/moveit/mesh_filter/gl_mesh.h
[67.387s] -- Installing: /home/nghiaphanbk/WeldingRobot_ws/install/moveit_ros_perception/include/moveit/mesh_filter/mesh_filter_base.h
[67.387s] -- Installing: /home/nghiaphanbk/WeldingRobot_ws/install/moveit_ros_perception/include/moveit_mesh_filter_export.h
[67.388s] -- Up-to-date: /home/nghiaphanbk/WeldingRobot_ws/install/moveit_ros_perception/include
[67.388s] -- Up-to-date: /home/nghiaphanbk/WeldingRobot_ws/install/moveit_ros_perception/include/moveit
[67.388s] -- Installing: /home/nghiaphanbk/WeldingRobot_ws/install/moveit_ros_perception/include/moveit/depth_image_octomap_updater
[67.388s] -- Installing: /home/nghiaphanbk/WeldingRobot_ws/install/moveit_ros_perception/include/moveit/depth_image_octomap_updater/depth_image_octomap_updater.h
[67.388s] -- Up-to-date: /home/nghiaphanbk/WeldingRobot_ws/install/moveit_ros_perception/include
[67.389s] -- Up-to-date: /home/nghiaphanbk/WeldingRobot_ws/install/moveit_ros_perception/include/moveit
[67.389s] -- Installing: /home/nghiaphanbk/WeldingRobot_ws/install/moveit_ros_perception/include/moveit/semantic_world
[67.389s] -- Installing: /home/nghiaphanbk/WeldingRobot_ws/install/moveit_ros_perception/include/moveit/semantic_world/semantic_world.h
[67.389s] -- Installing: /home/nghiaphanbk/WeldingRobot_ws/install/moveit_ros_perception/lib/libmoveit_depth_image_octomap_updater.so.2.5.5
[67.389s] -- Set runtime path of "/home/nghiaphanbk/WeldingRobot_ws/install/moveit_ros_perception/lib/libmoveit_depth_image_octomap_updater.so.2.5.5" to ""
[67.390s] -- Installing: /home/nghiaphanbk/WeldingRobot_ws/install/moveit_ros_perception/lib/libmoveit_depth_image_octomap_updater.so
[67.390s] -- Installing: /home/nghiaphanbk/WeldingRobot_ws/install/moveit_ros_perception/lib/libmoveit_depth_image_octomap_updater_core.so.2.5.5
[67.390s] -- Set runtime path of "/home/nghiaphanbk/WeldingRobot_ws/install/moveit_ros_perception/lib/libmoveit_depth_image_octomap_updater_core.so.2.5.5" to ""
[67.390s] -- Installing: /home/nghiaphanbk/WeldingRobot_ws/install/moveit_ros_perception/lib/libmoveit_depth_image_octomap_updater_core.so
[67.391s] -- Installing: /home/nghiaphanbk/WeldingRobot_ws/install/moveit_ros_perception/lib/libmoveit_lazy_free_space_updater.so.2.5.5
[67.391s] -- Set runtime path of "/home/nghiaphanbk/WeldingRobot_ws/install/moveit_ros_perception/lib/libmoveit_lazy_free_space_updater.so.2.5.5" to ""
[67.392s] -- Installing: /home/nghiaphanbk/WeldingRobot_ws/install/moveit_ros_perception/lib/libmoveit_lazy_free_space_updater.so
[67.392s] -- Installing: /home/nghiaphanbk/WeldingRobot_ws/install/moveit_ros_perception/lib/libmoveit_mesh_filter.so.2.5.5
[67.392s] -- Set runtime path of "/home/nghiaphanbk/WeldingRobot_ws/install/moveit_ros_perception/lib/libmoveit_mesh_filter.so.2.5.5" to ""
[67.392s] -- Installing: /home/nghiaphanbk/WeldingRobot_ws/install/moveit_ros_perception/lib/libmoveit_mesh_filter.so
[67.392s] -- Installing: /home/nghiaphanbk/WeldingRobot_ws/install/moveit_ros_perception/lib/libmoveit_point_containment_filter.so.2.5.5
[67.393s] -- Set runtime path of "/home/nghiaphanbk/WeldingRobot_ws/install/moveit_ros_perception/lib/libmoveit_point_containment_filter.so.2.5.5" to ""
[67.393s] -- Installing: /home/nghiaphanbk/WeldingRobot_ws/install/moveit_ros_perception/lib/libmoveit_point_containment_filter.so
[67.393s] -- Installing: /home/nghiaphanbk/WeldingRobot_ws/install/moveit_ros_perception/lib/libmoveit_pointcloud_octomap_updater.so.2.5.5
[67.393s] -- Set runtime path of "/home/nghiaphanbk/WeldingRobot_ws/install/moveit_ros_perception/lib/libmoveit_pointcloud_octomap_updater.so.2.5.5" to ""
[67.393s] -- Installing: /home/nghiaphanbk/WeldingRobot_ws/install/moveit_ros_perception/lib/libmoveit_pointcloud_octomap_updater.so
[67.394s] -- Installing: /home/nghiaphanbk/WeldingRobot_ws/install/moveit_ros_perception/lib/libmoveit_pointcloud_octomap_updater_core.so.2.5.5
[67.395s] -- Set runtime path of "/home/nghiaphanbk/WeldingRobot_ws/install/moveit_ros_perception/lib/libmoveit_pointcloud_octomap_updater_core.so.2.5.5" to ""
[67.396s] -- Installing: /home/nghiaphanbk/WeldingRobot_ws/install/moveit_ros_perception/lib/libmoveit_pointcloud_octomap_updater_core.so
[67.396s] -- Installing: /home/nghiaphanbk/WeldingRobot_ws/install/moveit_ros_perception/lib/libmoveit_semantic_world.so.2.5.5
[67.398s] -- Set runtime path of "/home/nghiaphanbk/WeldingRobot_ws/install/moveit_ros_perception/lib/libmoveit_semantic_world.so.2.5.5" to ""
[67.398s] -- Installing: /home/nghiaphanbk/WeldingRobot_ws/install/moveit_ros_perception/lib/libmoveit_semantic_world.so
[67.398s] -- Installing: /home/nghiaphanbk/WeldingRobot_ws/install/moveit_ros_perception/share/moveit_ros_perception/environment/library_path.sh
[67.398s] -- Installing: /home/nghiaphanbk/WeldingRobot_ws/install/moveit_ros_perception/share/moveit_ros_perception/environment/library_path.dsv
[67.399s] -- Installing: /home/nghiaphanbk/WeldingRobot_ws/install/moveit_ros_perception/share/moveit_ros_perception/pointcloud_octomap_updater_plugin_description.xml
[67.411s] -- Installing: /home/nghiaphanbk/WeldingRobot_ws/install/moveit_ros_perception/share/moveit_ros_perception/depth_image_octomap_updater_plugin_description.xml
[67.411s] -- Installing: /home/nghiaphanbk/WeldingRobot_ws/install/moveit_ros_perception/share/ament_index/resource_index/package_run_dependencies/moveit_ros_perception
[67.412s] -- Installing: /home/nghiaphanbk/WeldingRobot_ws/install/moveit_ros_perception/share/ament_index/resource_index/parent_prefix_path/moveit_ros_perception
[67.412s] -- Installing: /home/nghiaphanbk/WeldingRobot_ws/install/moveit_ros_perception/share/moveit_ros_perception/environment/ament_prefix_path.sh
[67.412s] -- Installing: /home/nghiaphanbk/WeldingRobot_ws/install/moveit_ros_perception/share/moveit_ros_perception/environment/ament_prefix_path.dsv
[67.412s] -- Installing: /home/nghiaphanbk/WeldingRobot_ws/install/moveit_ros_perception/share/moveit_ros_perception/environment/path.sh
[67.413s] -- Installing: /home/nghiaphanbk/WeldingRobot_ws/install/moveit_ros_perception/share/moveit_ros_perception/environment/path.dsv
[67.413s] -- Installing: /home/nghiaphanbk/WeldingRobot_ws/install/moveit_ros_perception/share/moveit_ros_perception/local_setup.bash
[67.423s] -- Installing: /home/nghiaphanbk/WeldingRobot_ws/install/moveit_ros_perception/share/moveit_ros_perception/local_setup.sh
[67.423s] -- Installing: /home/nghiaphanbk/WeldingRobot_ws/install/moveit_ros_perception/share/moveit_ros_perception/local_setup.zsh
[67.423s] -- Installing: /home/nghiaphanbk/WeldingRobot_ws/install/moveit_ros_perception/share/moveit_ros_perception/local_setup.dsv
[67.423s] -- Installing: /home/nghiaphanbk/WeldingRobot_ws/install/moveit_ros_perception/share/moveit_ros_perception/package.dsv
[67.424s] -- Installing: /home/nghiaphanbk/WeldingRobot_ws/install/moveit_ros_perception/share/ament_index/resource_index/packages/moveit_ros_perception
[67.424s] -- Installing: /home/nghiaphanbk/WeldingRobot_ws/install/moveit_ros_perception/share/ament_index/resource_index/moveit_ros_occupancy_map_monitor__pluginlib__plugin/moveit_ros_perception
[67.425s] -- Installing: /home/nghiaphanbk/WeldingRobot_ws/install/moveit_ros_perception/share/moveit_ros_perception/cmake/export_moveit_ros_perceptionExport.cmake
[67.425s] -- Installing: /home/nghiaphanbk/WeldingRobot_ws/install/moveit_ros_perception/share/moveit_ros_perception/cmake/export_moveit_ros_perceptionExport-release.cmake
[67.426s] -- Installing: /home/nghiaphanbk/WeldingRobot_ws/install/moveit_ros_perception/share/moveit_ros_perception/cmake/ConfigExtras.cmake
[67.426s] -- Installing: /home/nghiaphanbk/WeldingRobot_ws/install/moveit_ros_perception/share/moveit_ros_perception/cmake/ament_cmake_export_targets-extras.cmake
[67.426s] -- Installing: /home/nghiaphanbk/WeldingRobot_ws/install/moveit_ros_perception/share/moveit_ros_perception/cmake/ament_cmake_export_dependencies-extras.cmake
[67.427s] -- Installing: /home/nghiaphanbk/WeldingRobot_ws/install/moveit_ros_perception/share/moveit_ros_perception/cmake/moveit_ros_perceptionConfig.cmake
[67.427s] -- Installing: /home/nghiaphanbk/WeldingRobot_ws/install/moveit_ros_perception/share/moveit_ros_perception/cmake/moveit_ros_perceptionConfig-version.cmake
[67.427s] -- Installing: /home/nghiaphanbk/WeldingRobot_ws/install/moveit_ros_perception/share/moveit_ros_perception/package.xml
[67.439s] Invoked command in '/home/nghiaphanbk/WeldingRobot_ws/build/moveit_ros_perception' returned '0': AMENT_PREFIX_PATH=/home/nghiaphanbk/WeldingRobot_ws/install/moveit_ros_planning:/home/nghiaphanbk/WeldingRobot_ws/install/moveit_ros_occupancy_map_monitor:/home/nghiaphanbk/WeldingRobot_ws/install/moveit_core:/home/nghiaphanbk/WeldingRobot_ws/install/srdfdom:/home/nghiaphanbk/WeldingRobot_ws/install/moveit_common:${AMENT_PREFIX_PATH} CMAKE_PREFIX_PATH=/home/nghiaphanbk/WeldingRobot_ws/install/moveit_ros_planning:/home/nghiaphanbk/WeldingRobot_ws/install/moveit_ros_occupancy_map_monitor:/home/nghiaphanbk/WeldingRobot_ws/install/moveit_core:/home/nghiaphanbk/WeldingRobot_ws/install/srdfdom:/home/nghiaphanbk/WeldingRobot_ws/install/moveit_common:/home/nghiaphanbk/WeldingRobot_ws/install/Model_Robot:/home/nghiaphanbk/ros2_ws/install/my_robot_controller:/opt/ros/humble LD_LIBRARY_PATH=/home/nghiaphanbk/WeldingRobot_ws/install/moveit_ros_planning/lib:/home/nghiaphanbk/WeldingRobot_ws/install/moveit_ros_occupancy_map_monitor/lib:/home/nghiaphanbk/WeldingRobot_ws/install/moveit_core/lib:/home/nghiaphanbk/WeldingRobot_ws/install/srdfdom/lib:${LD_LIBRARY_PATH} PATH=/home/nghiaphanbk/WeldingRobot_ws/install/moveit_core/bin:${PATH} PYTHONPATH=/home/nghiaphanbk/WeldingRobot_ws/install/srdfdom/local/lib/python3.10/dist-packages:${PYTHONPATH} /usr/bin/cmake --install /home/nghiaphanbk/WeldingRobot_ws/build/moveit_ros_perception
